{"/Users/ananthk/tmp/istanbul/lib/register-plugins.js":{"path":"/Users/ananthk/tmp/istanbul/lib/register-plugins.js","s":{"1":1,"2":1,"3":1,"4":1},"b":{},"f":{},"fnMap":{},"statementMap":{"1":{"start":{"line":6,"column":0},"end":{"line":8,"column":35}},"2":{"start":{"line":10,"column":0},"end":{"line":10,"column":16}},"3":{"start":{"line":11,"column":0},"end":{"line":11,"column":17}},"4":{"start":{"line":12,"column":0},"end":{"line":12,"column":18}}},"branchMap":{}},"/Users/ananthk/tmp/istanbul/lib/store/index.js":{"path":"/Users/ananthk/tmp/istanbul/lib/store/index.js","s":{"1":1,"2":1,"3":1,"4":1,"5":1,"6":1,"7":1,"8":1,"9":57,"10":29,"11":1},"b":{},"f":{"1":14,"2":1,"3":1,"4":1,"5":1,"6":1,"7":57,"8":29},"fnMap":{"1":{"name":"Store","line":42,"loc":{"start":{"line":42,"column":0},"end":{"line":42,"column":24}}},"2":{"name":"(anonymous_2)","line":73,"loc":{"start":{"line":73,"column":9},"end":{"line":73,"column":34}}},"3":{"name":"(anonymous_3)","line":81,"loc":{"start":{"line":81,"column":9},"end":{"line":81,"column":24}}},"4":{"name":"(anonymous_4)","line":87,"loc":{"start":{"line":87,"column":10},"end":{"line":87,"column":22}}},"5":{"name":"(anonymous_5)","line":94,"loc":{"start":{"line":94,"column":12},"end":{"line":94,"column":27}}},"6":{"name":"(anonymous_6)","line":99,"loc":{"start":{"line":99,"column":13},"end":{"line":99,"column":25}}},"7":{"name":"(anonymous_7)","line":107,"loc":{"start":{"line":107,"column":15},"end":{"line":107,"column":30}}},"8":{"name":"(anonymous_8)","line":116,"loc":{"start":{"line":116,"column":15},"end":{"line":116,"column":38}}}},"statementMap":{"1":{"start":{"line":7,"column":0},"end":{"line":8,"column":53}},"2":{"start":{"line":42,"column":0},"end":{"line":42,"column":26}},"3":{"start":{"line":45,"column":0},"end":{"line":45,"column":32}},"4":{"start":{"line":63,"column":0},"end":{"line":119,"column":2}},"5":{"start":{"line":73,"column":36},"end":{"line":73,"column":79}},"6":{"start":{"line":81,"column":26},"end":{"line":81,"column":69}},"7":{"start":{"line":87,"column":24},"end":{"line":87,"column":68}},"8":{"start":{"line":94,"column":29},"end":{"line":94,"column":75}},"9":{"start":{"line":108,"column":8},"end":{"line":108,"column":41}},"10":{"start":{"line":117,"column":8},"end":{"line":117,"column":53}},"11":{"start":{"line":121,"column":0},"end":{"line":121,"column":23}}},"branchMap":{}},"/Users/ananthk/tmp/istanbul/lib/util/factory.js":{"path":"/Users/ananthk/tmp/istanbul/lib/util/factory.js","s":{"1":1,"2":1,"3":3,"4":3,"5":3,"6":3,"7":3,"8":1,"9":11,"10":11,"11":11,"12":37,"13":1,"14":37,"15":15,"16":15,"17":1,"18":14,"19":14,"20":43,"21":43,"22":43,"23":4,"24":39,"25":3,"26":3,"27":20,"28":12,"29":12,"30":0,"31":0,"32":0,"33":3,"34":3,"35":3,"36":3,"37":3,"38":3,"39":3,"40":1,"41":1,"42":12,"43":39,"44":1},"b":{"1":[1,36],"2":[1,14],"3":[33,10],"4":[40,3],"5":[4,39],"6":[12,8],"7":[20,17],"8":[1,2]},"f":{"1":3,"2":11,"3":37,"4":15,"5":43,"6":3,"7":20,"8":3,"9":12,"10":39},"fnMap":{"1":{"name":"Factory","line":11,"loc":{"start":{"line":11,"column":0},"end":{"line":11,"column":48}}},"2":{"name":"(anonymous_2)","line":21,"loc":{"start":{"line":21,"column":16},"end":{"line":21,"column":28}}},"3":{"name":"(anonymous_3)","line":27,"loc":{"start":{"line":27,"column":13},"end":{"line":27,"column":40}}},"4":{"name":"(anonymous_4)","line":34,"loc":{"start":{"line":34,"column":14},"end":{"line":34,"column":37}}},"5":{"name":"(anonymous_5)","line":41,"loc":{"start":{"line":41,"column":12},"end":{"line":41,"column":34}}},"6":{"name":"(anonymous_6)","line":51,"loc":{"start":{"line":51,"column":18},"end":{"line":51,"column":33}}},"7":{"name":"(anonymous_7)","line":53,"loc":{"start":{"line":53,"column":36},"end":{"line":53,"column":52}}},"8":{"name":"(anonymous_8)","line":66,"loc":{"start":{"line":66,"column":22},"end":{"line":66,"column":38}}},"9":{"name":"(anonymous_9)","line":81,"loc":{"start":{"line":81,"column":14},"end":{"line":81,"column":37}}},"10":{"name":"(anonymous_10)","line":82,"loc":{"start":{"line":82,"column":31},"end":{"line":82,"column":46}}}},"statementMap":{"1":{"start":{"line":6,"column":0},"end":{"line":9,"column":31}},"2":{"start":{"line":11,"column":0},"end":{"line":17,"column":1}},"3":{"start":{"line":12,"column":4},"end":{"line":12,"column":21}},"4":{"start":{"line":13,"column":4},"end":{"line":13,"column":19}},"5":{"start":{"line":14,"column":4},"end":{"line":14,"column":49}},"6":{"start":{"line":15,"column":4},"end":{"line":15,"column":23}},"7":{"start":{"line":16,"column":4},"end":{"line":16,"column":30}},"8":{"start":{"line":19,"column":0},"end":{"line":79,"column":2}},"9":{"start":{"line":22,"column":8},"end":{"line":22,"column":46}},"10":{"start":{"line":23,"column":8},"end":{"line":23,"column":20}},"11":{"start":{"line":24,"column":8},"end":{"line":24,"column":20}},"12":{"start":{"line":28,"column":8},"end":{"line":30,"column":9}},"13":{"start":{"line":29,"column":12},"end":{"line":29,"column":59}},"14":{"start":{"line":31,"column":8},"end":{"line":31,"column":51}},"15":{"start":{"line":35,"column":8},"end":{"line":35,"column":36}},"16":{"start":{"line":36,"column":8},"end":{"line":36,"column":140}},"17":{"start":{"line":36,"column":21},"end":{"line":36,"column":138}},"18":{"start":{"line":37,"column":8},"end":{"line":37,"column":42}},"19":{"start":{"line":38,"column":8},"end":{"line":38,"column":34}},"20":{"start":{"line":42,"column":8},"end":{"line":44,"column":17}},"21":{"start":{"line":46,"column":8},"end":{"line":46,"column":57}},"22":{"start":{"line":47,"column":8},"end":{"line":47,"column":135}},"23":{"start":{"line":47,"column":21},"end":{"line":47,"column":133}},"24":{"start":{"line":48,"column":8},"end":{"line":48,"column":30}},"25":{"start":{"line":52,"column":8},"end":{"line":52,"column":24}},"26":{"start":{"line":53,"column":8},"end":{"line":63,"column":11}},"27":{"start":{"line":54,"column":12},"end":{"line":62,"column":13}},"28":{"start":{"line":55,"column":16},"end":{"line":61,"column":17}},"29":{"start":{"line":56,"column":20},"end":{"line":56,"column":68}},"30":{"start":{"line":58,"column":20},"end":{"line":58,"column":46}},"31":{"start":{"line":59,"column":20},"end":{"line":59,"column":44}},"32":{"start":{"line":60,"column":20},"end":{"line":60,"column":94}},"33":{"start":{"line":67,"column":8},"end":{"line":68,"column":50}},"34":{"start":{"line":70,"column":8},"end":{"line":70,"column":31}},"35":{"start":{"line":71,"column":8},"end":{"line":71,"column":49}},"36":{"start":{"line":72,"column":8},"end":{"line":72,"column":45}},"37":{"start":{"line":73,"column":8},"end":{"line":73,"column":62}},"38":{"start":{"line":74,"column":8},"end":{"line":74,"column":68}},"39":{"start":{"line":75,"column":8},"end":{"line":77,"column":9}},"40":{"start":{"line":76,"column":12},"end":{"line":76,"column":73}},"41":{"start":{"line":81,"column":0},"end":{"line":85,"column":2}},"42":{"start":{"line":82,"column":4},"end":{"line":84,"column":7}},"43":{"start":{"line":83,"column":8},"end":{"line":83,"column":41}},"44":{"start":{"line":87,"column":0},"end":{"line":87,"column":25}}},"branchMap":{"1":{"line":28,"type":"if","locations":[{"start":{"line":28,"column":8},"end":{"line":28,"column":8}},{"start":{"line":28,"column":8},"end":{"line":28,"column":8}}]},"2":{"line":36,"type":"if","locations":[{"start":{"line":36,"column":8},"end":{"line":36,"column":8}},{"start":{"line":36,"column":8},"end":{"line":36,"column":8}}]},"3":{"line":43,"type":"cond-expr","locations":[{"start":{"line":43,"column":37},"end":{"line":43,"column":55}},{"start":{"line":43,"column":58},"end":{"line":43,"column":62}}]},"4":{"line":46,"type":"cond-expr","locations":[{"start":{"line":46,"column":26},"end":{"line":46,"column":49}},{"start":{"line":46,"column":52},"end":{"line":46,"column":56}}]},"5":{"line":47,"type":"if","locations":[{"start":{"line":47,"column":8},"end":{"line":47,"column":8}},{"start":{"line":47,"column":8},"end":{"line":47,"column":8}}]},"6":{"line":54,"type":"if","locations":[{"start":{"line":54,"column":12},"end":{"line":54,"column":12}},{"start":{"line":54,"column":12},"end":{"line":54,"column":12}}]},"7":{"line":54,"type":"binary-expr","locations":[{"start":{"line":54,"column":16},"end":{"line":54,"column":35}},{"start":{"line":54,"column":39},"end":{"line":54,"column":78}}]},"8":{"line":75,"type":"if","locations":[{"start":{"line":75,"column":8},"end":{"line":75,"column":8}},{"start":{"line":75,"column":8},"end":{"line":75,"column":8}}]}}},"/Users/ananthk/tmp/istanbul/lib/report/index.js":{"path":"/Users/ananthk/tmp/istanbul/lib/report/index.js","s":{"1":1,"2":1,"3":1,"4":1,"5":1,"6":1},"b":{},"f":{"1":8,"2":1},"fnMap":{"1":{"name":"Report","line":27,"loc":{"start":{"line":27,"column":0},"end":{"line":27,"column":25}}},"2":{"name":"(anonymous_2)","line":54,"loc":{"start":{"line":54,"column":17},"end":{"line":54,"column":44}}}},"statementMap":{"1":{"start":{"line":7,"column":0},"end":{"line":8,"column":54}},"2":{"start":{"line":27,"column":0},"end":{"line":27,"column":27}},"3":{"start":{"line":29,"column":0},"end":{"line":29,"column":33}},"4":{"start":{"line":47,"column":0},"end":{"line":57,"column":2}},"5":{"start":{"line":55,"column":8},"end":{"line":55,"column":59}},"6":{"start":{"line":59,"column":0},"end":{"line":59,"column":24}}},"branchMap":{}},"/Users/ananthk/tmp/istanbul/lib/command/index.js":{"path":"/Users/ananthk/tmp/istanbul/lib/command/index.js","s":{"1":1,"2":1,"3":1,"4":1,"5":16,"6":12,"7":0,"8":0,"9":0,"10":1},"b":{},"f":{"1":30,"2":16,"3":12,"4":0,"5":0,"6":0},"fnMap":{"1":{"name":"Command","line":10,"loc":{"start":{"line":10,"column":0},"end":{"line":10,"column":19}}},"2":{"name":"(anonymous_2)","line":15,"loc":{"start":{"line":15,"column":14},"end":{"line":15,"column":26}}},"3":{"name":"(anonymous_3)","line":19,"loc":{"start":{"line":19,"column":10},"end":{"line":19,"column":22}}},"4":{"name":"(anonymous_4)","line":22,"loc":{"start":{"line":22,"column":14},"end":{"line":22,"column":26}}},"5":{"name":"(anonymous_5)","line":25,"loc":{"start":{"line":25,"column":11},"end":{"line":25,"column":23}}},"6":{"name":"(anonymous_6)","line":28,"loc":{"start":{"line":28,"column":9},"end":{"line":28,"column":25}}}},"statementMap":{"1":{"start":{"line":7,"column":0},"end":{"line":8,"column":54}},"2":{"start":{"line":10,"column":0},"end":{"line":10,"column":21}},"3":{"start":{"line":12,"column":0},"end":{"line":12,"column":34}},"4":{"start":{"line":14,"column":0},"end":{"line":31,"column":2}},"5":{"start":{"line":16,"column":8},"end":{"line":16,"column":44}},"6":{"start":{"line":20,"column":8},"end":{"line":20,"column":37}},"7":{"start":{"line":23,"column":8},"end":{"line":23,"column":101}},"8":{"start":{"line":26,"column":8},"end":{"line":26,"column":100}},"9":{"start":{"line":29,"column":8},"end":{"line":29,"column":87}},"10":{"start":{"line":33,"column":0},"end":{"line":33,"column":25}}},"branchMap":{}},"/Users/ananthk/tmp/istanbul/lib/store/fslookup.js":{"path":"/Users/ananthk/tmp/istanbul/lib/store/fslookup.js","s":{"1":1,"2":1,"3":5,"4":1,"5":1,"6":1,"7":1,"8":19,"9":5,"10":5,"11":5,"12":3,"13":2,"14":2,"15":1,"16":1,"17":1},"b":{"1":[1,1]},"f":{"1":5,"2":1,"3":19,"4":5,"5":2},"fnMap":{"1":{"name":"LookupStore","line":27,"loc":{"start":{"line":27,"column":0},"end":{"line":27,"column":27}}},"2":{"name":"(anonymous_2)","line":35,"loc":{"start":{"line":35,"column":10},"end":{"line":35,"column":22}}},"3":{"name":"(anonymous_3)","line":38,"loc":{"start":{"line":38,"column":9},"end":{"line":38,"column":24}}},"4":{"name":"(anonymous_4)","line":41,"loc":{"start":{"line":41,"column":12},"end":{"line":41,"column":27}}},"5":{"name":"(anonymous_5)","line":50,"loc":{"start":{"line":50,"column":9},"end":{"line":50,"column":34}}}},"statementMap":{"1":{"start":{"line":6,"column":0},"end":{"line":8,"column":31}},"2":{"start":{"line":27,"column":0},"end":{"line":29,"column":1}},"3":{"start":{"line":28,"column":4},"end":{"line":28,"column":27}},"4":{"start":{"line":31,"column":0},"end":{"line":31,"column":30}},"5":{"start":{"line":32,"column":0},"end":{"line":32,"column":34}},"6":{"start":{"line":34,"column":0},"end":{"line":56,"column":3}},"7":{"start":{"line":36,"column":8},"end":{"line":36,"column":18}},"8":{"start":{"line":39,"column":8},"end":{"line":39,"column":44}},"9":{"start":{"line":42,"column":8},"end":{"line":42,"column":18}},"10":{"start":{"line":43,"column":8},"end":{"line":48,"column":9}},"11":{"start":{"line":44,"column":12},"end":{"line":44,"column":37}},"12":{"start":{"line":45,"column":12},"end":{"line":45,"column":34}},"13":{"start":{"line":47,"column":12},"end":{"line":47,"column":25}},"14":{"start":{"line":51,"column":8},"end":{"line":53,"column":9}},"15":{"start":{"line":52,"column":12},"end":{"line":52,"column":111}},"16":{"start":{"line":54,"column":8},"end":{"line":54,"column":19}},"17":{"start":{"line":59,"column":0},"end":{"line":59,"column":29}}},"branchMap":{"1":{"line":51,"type":"if","locations":[{"start":{"line":51,"column":8},"end":{"line":51,"column":8}},{"start":{"line":51,"column":8},"end":{"line":51,"column":8}}]}}},"/Users/ananthk/tmp/istanbul/lib/store/memory.js":{"path":"/Users/ananthk/tmp/istanbul/lib/store/memory.js","s":{"1":1,"2":1,"3":9,"4":9,"5":1,"6":1,"7":1,"8":31,"9":60,"10":1,"11":59,"12":92,"13":16,"14":3,"15":1},"b":{"1":[1,59]},"f":{"1":9,"2":31,"3":60,"4":92,"5":16,"6":3},"fnMap":{"1":{"name":"MemoryStore","line":22,"loc":{"start":{"line":22,"column":0},"end":{"line":22,"column":23}}},"2":{"name":"(anonymous_2)","line":31,"loc":{"start":{"line":31,"column":9},"end":{"line":31,"column":34}}},"3":{"name":"(anonymous_3)","line":35,"loc":{"start":{"line":35,"column":9},"end":{"line":35,"column":24}}},"4":{"name":"(anonymous_4)","line":42,"loc":{"start":{"line":42,"column":12},"end":{"line":42,"column":27}}},"5":{"name":"(anonymous_5)","line":46,"loc":{"start":{"line":46,"column":10},"end":{"line":46,"column":22}}},"6":{"name":"(anonymous_6)","line":50,"loc":{"start":{"line":50,"column":13},"end":{"line":50,"column":25}}}},"statementMap":{"1":{"start":{"line":6,"column":0},"end":{"line":7,"column":31}},"2":{"start":{"line":22,"column":0},"end":{"line":25,"column":1}},"3":{"start":{"line":23,"column":4},"end":{"line":23,"column":21}},"4":{"start":{"line":24,"column":4},"end":{"line":24,"column":18}},"5":{"start":{"line":27,"column":0},"end":{"line":27,"column":28}},"6":{"start":{"line":28,"column":0},"end":{"line":28,"column":34}},"7":{"start":{"line":30,"column":0},"end":{"line":53,"column":3}},"8":{"start":{"line":32,"column":8},"end":{"line":32,"column":33}},"9":{"start":{"line":36,"column":8},"end":{"line":38,"column":9}},"10":{"start":{"line":37,"column":12},"end":{"line":37,"column":70}},"11":{"start":{"line":39,"column":8},"end":{"line":39,"column":29}},"12":{"start":{"line":43,"column":8},"end":{"line":43,"column":44}},"13":{"start":{"line":47,"column":8},"end":{"line":47,"column":37}},"14":{"start":{"line":51,"column":8},"end":{"line":51,"column":22}},"15":{"start":{"line":55,"column":0},"end":{"line":55,"column":29}}},"branchMap":{"1":{"line":36,"type":"if","locations":[{"start":{"line":36,"column":8},"end":{"line":36,"column":8}},{"start":{"line":36,"column":8},"end":{"line":36,"column":8}}]}}},"/Users/ananthk/tmp/istanbul/lib/store/tmp.js":{"path":"/Users/ananthk/tmp/istanbul/lib/store/tmp.js","s":{"1":1,"2":1,"3":1,"4":1,"5":1,"6":1,"7":1,"8":1,"9":1,"10":1,"11":1,"12":1,"13":1,"14":1,"15":2,"16":2,"17":2,"18":2,"19":2,"20":3,"21":3,"22":1,"23":2,"24":3,"25":4,"26":1,"27":1,"28":2,"29":1,"30":1},"b":{"1":[0,1],"2":[1,0],"3":[1,1],"4":[1,1],"5":[1,2]},"f":{"1":1,"2":1,"3":2,"4":2,"5":3,"6":3,"7":4,"8":1,"9":2},"fnMap":{"1":{"name":"makeTempDir","line":13,"loc":{"start":{"line":13,"column":0},"end":{"line":13,"column":23}}},"2":{"name":"TmpStore","line":34,"loc":{"start":{"line":34,"column":0},"end":{"line":34,"column":24}}},"3":{"name":"(anonymous_3)","line":46,"loc":{"start":{"line":46,"column":25},"end":{"line":46,"column":37}}},"4":{"name":"(anonymous_4)","line":51,"loc":{"start":{"line":51,"column":9},"end":{"line":51,"column":34}}},"5":{"name":"(anonymous_5)","line":57,"loc":{"start":{"line":57,"column":9},"end":{"line":57,"column":24}}},"6":{"name":"(anonymous_6)","line":63,"loc":{"start":{"line":63,"column":12},"end":{"line":63,"column":27}}},"7":{"name":"(anonymous_7)","line":67,"loc":{"start":{"line":67,"column":10},"end":{"line":67,"column":22}}},"8":{"name":"(anonymous_8)","line":71,"loc":{"start":{"line":71,"column":13},"end":{"line":71,"column":25}}},"9":{"name":"(anonymous_9)","line":73,"loc":{"start":{"line":73,"column":33},"end":{"line":73,"column":48}}}},"statementMap":{"1":{"start":{"line":6,"column":0},"end":{"line":11,"column":31}},"2":{"start":{"line":13,"column":0},"end":{"line":17,"column":1}},"3":{"start":{"line":14,"column":4},"end":{"line":14,"column":111}},"4":{"start":{"line":15,"column":4},"end":{"line":15,"column":21}},"5":{"start":{"line":16,"column":4},"end":{"line":16,"column":15}},"6":{"start":{"line":34,"column":0},"end":{"line":40,"column":1}},"7":{"start":{"line":35,"column":4},"end":{"line":35,"column":22}},"8":{"start":{"line":36,"column":4},"end":{"line":36,"column":41}},"9":{"start":{"line":37,"column":4},"end":{"line":37,"column":18}},"10":{"start":{"line":38,"column":4},"end":{"line":38,"column":17}},"11":{"start":{"line":39,"column":4},"end":{"line":39,"column":51}},"12":{"start":{"line":42,"column":0},"end":{"line":42,"column":22}},"13":{"start":{"line":43,"column":0},"end":{"line":43,"column":31}},"14":{"start":{"line":45,"column":0},"end":{"line":78,"column":3}},"15":{"start":{"line":47,"column":8},"end":{"line":47,"column":22}},"16":{"start":{"line":48,"column":8},"end":{"line":48,"column":47}},"17":{"start":{"line":52,"column":8},"end":{"line":52,"column":49}},"18":{"start":{"line":53,"column":8},"end":{"line":53,"column":52}},"19":{"start":{"line":54,"column":8},"end":{"line":54,"column":32}},"20":{"start":{"line":58,"column":8},"end":{"line":58,"column":36}},"21":{"start":{"line":59,"column":8},"end":{"line":59,"column":92}},"22":{"start":{"line":59,"column":24},"end":{"line":59,"column":90}},"23":{"start":{"line":60,"column":8},"end":{"line":60,"column":48}},"24":{"start":{"line":64,"column":8},"end":{"line":64,"column":31}},"25":{"start":{"line":68,"column":8},"end":{"line":68,"column":37}},"26":{"start":{"line":72,"column":8},"end":{"line":72,"column":27}},"27":{"start":{"line":73,"column":8},"end":{"line":75,"column":11}},"28":{"start":{"line":74,"column":12},"end":{"line":74,"column":36}},"29":{"start":{"line":76,"column":8},"end":{"line":76,"column":22}},"30":{"start":{"line":80,"column":0},"end":{"line":80,"column":26}}},"branchMap":{"1":{"line":14,"type":"cond-expr","locations":[{"start":{"line":14,"column":36},"end":{"line":14,"column":47}},{"start":{"line":14,"column":50},"end":{"line":14,"column":80}}]},"2":{"line":14,"type":"binary-expr","locations":[{"start":{"line":14,"column":51},"end":{"line":14,"column":69}},{"start":{"line":14,"column":73},"end":{"line":14,"column":79}}]},"3":{"line":35,"type":"binary-expr","locations":[{"start":{"line":35,"column":11},"end":{"line":35,"column":15}},{"start":{"line":35,"column":19},"end":{"line":35,"column":21}}]},"4":{"line":36,"type":"binary-expr","locations":[{"start":{"line":36,"column":15},"end":{"line":36,"column":23}},{"start":{"line":36,"column":27},"end":{"line":36,"column":40}}]},"5":{"line":59,"type":"if","locations":[{"start":{"line":59,"column":8},"end":{"line":59,"column":8}},{"start":{"line":59,"column":8},"end":{"line":59,"column":8}}]}}},"/Users/ananthk/tmp/istanbul/lib/report/html.js":{"path":"/Users/ananthk/tmp/istanbul/lib/report/html.js","s":{"1":1,"2":2,"3":1,"4":28,"5":28,"6":28,"7":12,"8":28,"9":28,"10":28,"11":0,"12":1,"13":16,"14":16,"15":0,"16":16,"17":56,"18":56,"19":16,"20":188,"21":132,"22":1,"23":16,"24":16,"25":56,"26":56,"27":16,"28":4,"29":4,"30":16,"31":16,"32":1,"33":16,"34":16,"35":0,"36":16,"37":20,"38":20,"39":8,"40":0,"41":0,"42":8,"43":8,"44":1,"45":16,"46":16,"47":0,"48":16,"49":12,"50":24,"51":12,"52":8,"53":16,"54":16,"55":16,"56":16,"57":16,"58":16,"59":16,"60":16,"61":16,"62":16,"63":0,"64":0,"65":0,"66":0,"67":0,"68":0,"69":0,"70":1,"71":172,"72":172,"73":1,"74":144,"75":144,"76":144,"77":0,"78":1,"79":4,"80":4,"81":4,"82":4,"83":1,"84":1,"85":1,"86":32,"87":32,"88":44,"89":44,"90":32,"91":44,"92":32,"93":32,"94":16,"95":172,"96":172,"97":16,"98":16,"99":16,"100":16,"101":16,"102":16,"103":16,"104":16,"105":16,"106":16,"107":16,"108":16,"109":172,"110":172,"111":172,"112":172,"113":16,"114":16,"115":16,"116":16,"117":12,"118":16,"119":16,"120":16,"121":16,"122":16,"123":16,"124":28,"125":28,"126":16,"127":16,"128":16,"129":16,"130":16,"131":16,"132":4,"133":16,"134":16,"135":16,"136":28,"137":12,"138":16,"139":16,"140":4,"141":16,"142":16,"143":16,"144":4,"145":28,"146":28,"147":0,"148":0,"149":0,"150":0,"151":0,"152":0,"153":28,"154":44,"155":44,"156":60,"157":60,"158":60,"159":36,"160":60,"161":44,"162":4,"163":16,"164":4,"165":4,"166":1},"b":{"1":[1,1],"2":[28,0],"3":[12,16],"4":[0,16],"5":[40,16],"6":[132,56],"7":[40,16],"8":[16,40],"9":[4,12],"10":[16,0],"11":[0,16],"12":[12,8],"13":[8,12],"14":[0,8],"15":[8,0],"16":[0,16],"17":[8,4],"18":[16,0],"19":[0,16],"20":[0,0],"21":[0,0],"22":[0,0],"23":[0,0],"24":[144,0],"25":[68,76],"26":[56,20],"27":[4,1],"28":[4,1],"29":[4,4],"30":[44,28],"31":[28,4],"32":[172,0],"33":[172,132],"34":[12,0],"35":[16,4],"36":[4,12],"37":[12,16],"38":[4,12],"39":[0,28],"40":[0,0],"41":[12,16]},"f":{"1":2,"2":28,"3":16,"4":56,"5":188,"6":16,"7":56,"8":16,"9":20,"10":16,"11":12,"12":24,"13":172,"14":144,"15":4,"16":32,"17":16,"18":172,"19":172,"20":16,"21":12,"22":28,"23":16,"24":16,"25":28,"26":16,"27":4,"28":28,"29":44,"30":16},"fnMap":{"1":{"name":"(anonymous_1)","line":19,"loc":{"start":{"line":19,"column":18},"end":{"line":19,"column":34}}},"2":{"name":"(anonymous_2)","line":77,"loc":{"start":{"line":77,"column":37},"end":{"line":77,"column":53}}},"3":{"name":"annotateLines","line":94,"loc":{"start":{"line":94,"column":0},"end":{"line":94,"column":53}}},"4":{"name":"(anonymous_4)","line":97,"loc":{"start":{"line":97,"column":35},"end":{"line":97,"column":57}}},"5":{"name":"(anonymous_5)","line":101,"loc":{"start":{"line":101,"column":27},"end":{"line":101,"column":43}}},"6":{"name":"annotateStatements","line":108,"loc":{"start":{"line":108,"column":0},"end":{"line":108,"column":58}}},"7":{"name":"(anonymous_7)","line":111,"loc":{"start":{"line":111,"column":40},"end":{"line":111,"column":58}}},"8":{"name":"annotateFunctions","line":137,"loc":{"start":{"line":137,"column":0},"end":{"line":137,"column":57}}},"9":{"name":"(anonymous_9)","line":142,"loc":{"start":{"line":142,"column":33},"end":{"line":142,"column":50}}},"10":{"name":"annotateBranches","line":168,"loc":{"start":{"line":168,"column":0},"end":{"line":168,"column":56}}},"11":{"name":"(anonymous_11)","line":173,"loc":{"start":{"line":173,"column":37},"end":{"line":173,"column":59}}},"12":{"name":"(anonymous_12)","line":175,"loc":{"start":{"line":175,"column":42},"end":{"line":175,"column":58}}},"13":{"name":"customEscape","line":221,"loc":{"start":{"line":221,"column":0},"end":{"line":221,"column":28}}},"14":{"name":"getReportClass","line":230,"loc":{"start":{"line":230,"column":0},"end":{"line":230,"column":31}}},"15":{"name":"HtmlReport","line":255,"loc":{"start":{"line":255,"column":0},"end":{"line":255,"column":26}}},"16":{"name":"(anonymous_16)","line":267,"loc":{"start":{"line":267,"column":17},"end":{"line":267,"column":45}}},"17":{"name":"(anonymous_17)","line":287,"loc":{"start":{"line":287,"column":21},"end":{"line":287,"column":94}}},"18":{"name":"(anonymous_18)","line":293,"loc":{"start":{"line":293,"column":34},"end":{"line":293,"column":49}}},"19":{"name":"(anonymous_19)","line":312,"loc":{"start":{"line":312,"column":27},"end":{"line":312,"column":43}}},"20":{"name":"(anonymous_20)","line":322,"loc":{"start":{"line":322,"column":20},"end":{"line":322,"column":70}}},"21":{"name":"(anonymous_21)","line":325,"loc":{"start":{"line":325,"column":22},"end":{"line":325,"column":38}}},"22":{"name":"(anonymous_22)","line":335,"loc":{"start":{"line":335,"column":25},"end":{"line":335,"column":42}}},"23":{"name":"(anonymous_23)","line":355,"loc":{"start":{"line":355,"column":16},"end":{"line":355,"column":82}}},"24":{"name":"(anonymous_24)","line":362,"loc":{"start":{"line":362,"column":36},"end":{"line":362,"column":48}}},"25":{"name":"(anonymous_25)","line":365,"loc":{"start":{"line":365,"column":30},"end":{"line":365,"column":47}}},"26":{"name":"(anonymous_26)","line":372,"loc":{"start":{"line":372,"column":44},"end":{"line":372,"column":56}}},"27":{"name":"(anonymous_27)","line":379,"loc":{"start":{"line":379,"column":17},"end":{"line":379,"column":44}}},"28":{"name":"(anonymous_28)","line":385,"loc":{"start":{"line":385,"column":28},"end":{"line":385,"column":44}}},"29":{"name":"(anonymous_29)","line":402,"loc":{"start":{"line":402,"column":26},"end":{"line":402,"column":47}}},"30":{"name":"(anonymous_30)","line":422,"loc":{"start":{"line":422,"column":34},"end":{"line":422,"column":49}}}},"statementMap":{"1":{"start":{"line":7,"column":0},"end":{"line":75,"column":22}},"2":{"start":{"line":19,"column":36},"end":{"line":19,"column":140}},"3":{"start":{"line":77,"column":0},"end":{"line":92,"column":3}},"4":{"start":{"line":78,"column":4},"end":{"line":80,"column":17}},"5":{"start":{"line":81,"column":4},"end":{"line":91,"column":5}},"6":{"start":{"line":82,"column":8},"end":{"line":84,"column":9}},"7":{"start":{"line":83,"column":12},"end":{"line":83,"column":32}},"8":{"start":{"line":85,"column":8},"end":{"line":85,"column":30}},"9":{"start":{"line":86,"column":8},"end":{"line":86,"column":25}},"10":{"start":{"line":87,"column":8},"end":{"line":88,"column":80}},"11":{"start":{"line":90,"column":8},"end":{"line":90,"column":18}},"12":{"start":{"line":94,"column":0},"end":{"line":106,"column":1}},"13":{"start":{"line":95,"column":4},"end":{"line":95,"column":35}},"14":{"start":{"line":96,"column":4},"end":{"line":96,"column":31}},"15":{"start":{"line":96,"column":22},"end":{"line":96,"column":29}},"16":{"start":{"line":97,"column":4},"end":{"line":100,"column":7}},"17":{"start":{"line":98,"column":8},"end":{"line":98,"column":42}},"18":{"start":{"line":99,"column":8},"end":{"line":99,"column":70}},"19":{"start":{"line":101,"column":4},"end":{"line":105,"column":7}},"20":{"start":{"line":102,"column":8},"end":{"line":104,"column":9}},"21":{"start":{"line":103,"column":12},"end":{"line":103,"column":37}},"22":{"start":{"line":108,"column":0},"end":{"line":135,"column":1}},"23":{"start":{"line":109,"column":4},"end":{"line":110,"column":50}},"24":{"start":{"line":111,"column":4},"end":{"line":134,"column":7}},"25":{"start":{"line":112,"column":8},"end":{"line":121,"column":17}},"26":{"start":{"line":123,"column":8},"end":{"line":133,"column":9}},"27":{"start":{"line":124,"column":12},"end":{"line":127,"column":13}},"28":{"start":{"line":125,"column":16},"end":{"line":125,"column":36}},"29":{"start":{"line":126,"column":16},"end":{"line":126,"column":73}},"30":{"start":{"line":128,"column":12},"end":{"line":128,"column":50}},"31":{"start":{"line":129,"column":12},"end":{"line":132,"column":27}},"32":{"start":{"line":137,"column":0},"end":{"line":166,"column":1}},"33":{"start":{"line":139,"column":4},"end":{"line":140,"column":36}},"34":{"start":{"line":141,"column":4},"end":{"line":141,"column":29}},"35":{"start":{"line":141,"column":20},"end":{"line":141,"column":27}},"36":{"start":{"line":142,"column":4},"end":{"line":165,"column":7}},"37":{"start":{"line":143,"column":8},"end":{"line":152,"column":17}},"38":{"start":{"line":154,"column":8},"end":{"line":164,"column":9}},"39":{"start":{"line":155,"column":12},"end":{"line":158,"column":13}},"40":{"start":{"line":156,"column":16},"end":{"line":156,"column":36}},"41":{"start":{"line":157,"column":16},"end":{"line":157,"column":73}},"42":{"start":{"line":159,"column":12},"end":{"line":159,"column":50}},"43":{"start":{"line":160,"column":12},"end":{"line":163,"column":27}},"44":{"start":{"line":168,"column":0},"end":{"line":219,"column":1}},"45":{"start":{"line":169,"column":4},"end":{"line":170,"column":44}},"46":{"start":{"line":171,"column":4},"end":{"line":171,"column":33}},"47":{"start":{"line":171,"column":24},"end":{"line":171,"column":31}},"48":{"start":{"line":173,"column":4},"end":{"line":218,"column":7}},"49":{"start":{"line":174,"column":8},"end":{"line":187,"column":17}},"50":{"start":{"line":175,"column":60},"end":{"line":175,"column":73}},"51":{"start":{"line":189,"column":8},"end":{"line":217,"column":9}},"52":{"start":{"line":190,"column":12},"end":{"line":216,"column":13}},"53":{"start":{"line":191,"column":16},"end":{"line":191,"column":39}},"54":{"start":{"line":192,"column":16},"end":{"line":192,"column":36}},"55":{"start":{"line":193,"column":16},"end":{"line":193,"column":48}},"56":{"start":{"line":194,"column":16},"end":{"line":194,"column":45}},"57":{"start":{"line":195,"column":16},"end":{"line":195,"column":45}},"58":{"start":{"line":196,"column":16},"end":{"line":196,"column":44}},"59":{"start":{"line":197,"column":16},"end":{"line":197,"column":40}},"60":{"start":{"line":198,"column":16},"end":{"line":198,"column":90}},"61":{"start":{"line":199,"column":16},"end":{"line":199,"column":46}},"62":{"start":{"line":201,"column":16},"end":{"line":215,"column":17}},"63":{"start":{"line":202,"column":20},"end":{"line":205,"column":21}},"64":{"start":{"line":203,"column":24},"end":{"line":203,"column":44}},"65":{"start":{"line":204,"column":24},"end":{"line":204,"column":81}},"66":{"start":{"line":206,"column":20},"end":{"line":206,"column":58}},"67":{"start":{"line":207,"column":20},"end":{"line":214,"column":21}},"68":{"start":{"line":208,"column":24},"end":{"line":208,"column":150}},"69":{"start":{"line":210,"column":24},"end":{"line":213,"column":39}},"70":{"start":{"line":221,"column":0},"end":{"line":228,"column":1}},"71":{"start":{"line":222,"column":4},"end":{"line":222,"column":27}},"72":{"start":{"line":223,"column":4},"end":{"line":227,"column":29}},"73":{"start":{"line":230,"column":0},"end":{"line":238,"column":1}},"74":{"start":{"line":231,"column":4},"end":{"line":232,"column":22}},"75":{"start":{"line":233,"column":4},"end":{"line":237,"column":5}},"76":{"start":{"line":234,"column":8},"end":{"line":234,"column":81}},"77":{"start":{"line":236,"column":8},"end":{"line":236,"column":18}},"78":{"start":{"line":255,"column":0},"end":{"line":260,"column":1}},"79":{"start":{"line":256,"column":4},"end":{"line":256,"column":22}},"80":{"start":{"line":257,"column":4},"end":{"line":257,"column":27}},"81":{"start":{"line":258,"column":4},"end":{"line":258,"column":80}},"82":{"start":{"line":259,"column":4},"end":{"line":259,"column":78}},"83":{"start":{"line":262,"column":0},"end":{"line":262,"column":25}},"84":{"start":{"line":263,"column":0},"end":{"line":263,"column":34}},"85":{"start":{"line":265,"column":0},"end":{"line":429,"column":3}},"86":{"start":{"line":268,"column":8},"end":{"line":271,"column":14}},"87":{"start":{"line":273,"column":8},"end":{"line":276,"column":9}},"88":{"start":{"line":274,"column":12},"end":{"line":274,"column":34}},"89":{"start":{"line":275,"column":12},"end":{"line":275,"column":35}},"90":{"start":{"line":278,"column":8},"end":{"line":281,"column":9}},"91":{"start":{"line":279,"column":12},"end":{"line":280,"column":70}},"92":{"start":{"line":282,"column":8},"end":{"line":282,"column":27}},"93":{"start":{"line":283,"column":8},"end":{"line":284,"column":43}},"94":{"start":{"line":288,"column":8},"end":{"line":294,"column":24}},"95":{"start":{"line":293,"column":51},"end":{"line":293,"column":62}},"96":{"start":{"line":293,"column":63},"end":{"line":293,"column":137}},"97":{"start":{"line":296,"column":8},"end":{"line":296,"column":84}},"98":{"start":{"line":298,"column":8},"end":{"line":298,"column":39}},"99":{"start":{"line":299,"column":8},"end":{"line":299,"column":83}},"100":{"start":{"line":300,"column":8},"end":{"line":300,"column":91}},"101":{"start":{"line":301,"column":8},"end":{"line":301,"column":51}},"102":{"start":{"line":302,"column":8},"end":{"line":302,"column":56}},"103":{"start":{"line":304,"column":8},"end":{"line":304,"column":48}},"104":{"start":{"line":307,"column":8},"end":{"line":307,"column":51}},"105":{"start":{"line":308,"column":8},"end":{"line":308,"column":52}},"106":{"start":{"line":309,"column":8},"end":{"line":309,"column":53}},"107":{"start":{"line":311,"column":8},"end":{"line":311,"column":27}},"108":{"start":{"line":312,"column":8},"end":{"line":317,"column":11}},"109":{"start":{"line":313,"column":12},"end":{"line":313,"column":25}},"110":{"start":{"line":314,"column":12},"end":{"line":314,"column":90}},"111":{"start":{"line":315,"column":12},"end":{"line":315,"column":48}},"112":{"start":{"line":316,"column":12},"end":{"line":316,"column":47}},"113":{"start":{"line":318,"column":8},"end":{"line":318,"column":41}},"114":{"start":{"line":319,"column":8},"end":{"line":319,"column":51}},"115":{"start":{"line":323,"column":8},"end":{"line":323,"column":66}},"116":{"start":{"line":325,"column":8},"end":{"line":327,"column":11}},"117":{"start":{"line":326,"column":12},"end":{"line":326,"column":44}},"118":{"start":{"line":329,"column":8},"end":{"line":329,"column":44}},"119":{"start":{"line":330,"column":8},"end":{"line":330,"column":75}},"120":{"start":{"line":331,"column":8},"end":{"line":331,"column":91}},"121":{"start":{"line":333,"column":8},"end":{"line":333,"column":51}},"122":{"start":{"line":334,"column":8},"end":{"line":334,"column":41}},"123":{"start":{"line":335,"column":8},"end":{"line":350,"column":11}},"124":{"start":{"line":336,"column":12},"end":{"line":348,"column":18}},"125":{"start":{"line":349,"column":12},"end":{"line":349,"column":59}},"126":{"start":{"line":351,"column":8},"end":{"line":351,"column":41}},"127":{"start":{"line":352,"column":8},"end":{"line":352,"column":51}},"128":{"start":{"line":356,"column":8},"end":{"line":358,"column":22}},"129":{"start":{"line":359,"column":8},"end":{"line":359,"column":25}},"130":{"start":{"line":360,"column":8},"end":{"line":360,"column":55}},"131":{"start":{"line":361,"column":8},"end":{"line":361,"column":73}},"132":{"start":{"line":361,"column":33},"end":{"line":361,"column":71}},"133":{"start":{"line":362,"column":8},"end":{"line":364,"column":11}},"134":{"start":{"line":363,"column":12},"end":{"line":363,"column":72}},"135":{"start":{"line":365,"column":8},"end":{"line":376,"column":11}},"136":{"start":{"line":366,"column":12},"end":{"line":375,"column":13}},"137":{"start":{"line":367,"column":16},"end":{"line":367,"column":123}},"138":{"start":{"line":369,"column":16},"end":{"line":369,"column":76}},"139":{"start":{"line":370,"column":16},"end":{"line":370,"column":81}},"140":{"start":{"line":370,"column":41},"end":{"line":370,"column":79}},"141":{"start":{"line":371,"column":16},"end":{"line":371,"column":49}},"142":{"start":{"line":372,"column":16},"end":{"line":374,"column":19}},"143":{"start":{"line":373,"column":20},"end":{"line":373,"column":142}},"144":{"start":{"line":380,"column":8},"end":{"line":420,"column":17}},"145":{"start":{"line":386,"column":20},"end":{"line":388,"column":27}},"146":{"start":{"line":389,"column":20},"end":{"line":399,"column":21}},"147":{"start":{"line":390,"column":24},"end":{"line":390,"column":42}},"148":{"start":{"line":391,"column":24},"end":{"line":398,"column":25}},"149":{"start":{"line":392,"column":28},"end":{"line":392,"column":61}},"150":{"start":{"line":393,"column":28},"end":{"line":397,"column":29}},"151":{"start":{"line":394,"column":32},"end":{"line":394,"column":52}},"152":{"start":{"line":396,"column":32},"end":{"line":396,"column":51}},"153":{"start":{"line":400,"column":20},"end":{"line":400,"column":102}},"154":{"start":{"line":403,"column":20},"end":{"line":407,"column":26}},"155":{"start":{"line":408,"column":20},"end":{"line":415,"column":21}},"156":{"start":{"line":409,"column":24},"end":{"line":409,"column":65}},"157":{"start":{"line":410,"column":24},"end":{"line":410,"column":54}},"158":{"start":{"line":411,"column":24},"end":{"line":413,"column":25}},"159":{"start":{"line":412,"column":28},"end":{"line":412,"column":42}},"160":{"start":{"line":414,"column":24},"end":{"line":414,"column":43}},"161":{"start":{"line":416,"column":20},"end":{"line":416,"column":47}},"162":{"start":{"line":422,"column":8},"end":{"line":424,"column":11}},"163":{"start":{"line":423,"column":12},"end":{"line":423,"column":112}},"164":{"start":{"line":425,"column":8},"end":{"line":425,"column":43}},"165":{"start":{"line":427,"column":8},"end":{"line":427,"column":89}},"166":{"start":{"line":431,"column":0},"end":{"line":431,"column":28}}},"branchMap":{"1":{"line":9,"type":"binary-expr","locations":[{"start":{"line":9,"column":10},"end":{"line":9,"column":18}},{"start":{"line":9,"column":22},"end":{"line":9,"column":25}}]},"2":{"line":81,"type":"if","locations":[{"start":{"line":81,"column":4},"end":{"line":81,"column":4}},{"start":{"line":81,"column":4},"end":{"line":81,"column":4}}]},"3":{"line":82,"type":"if","locations":[{"start":{"line":82,"column":8},"end":{"line":82,"column":8}},{"start":{"line":82,"column":8},"end":{"line":82,"column":8}}]},"4":{"line":96,"type":"if","locations":[{"start":{"line":96,"column":4},"end":{"line":96,"column":4}},{"start":{"line":96,"column":4},"end":{"line":96,"column":4}}]},"5":{"line":99,"type":"cond-expr","locations":[{"start":{"line":99,"column":57},"end":{"line":99,"column":62}},{"start":{"line":99,"column":65},"end":{"line":99,"column":69}}]},"6":{"line":102,"type":"if","locations":[{"start":{"line":102,"column":8},"end":{"line":102,"column":8}},{"start":{"line":102,"column":8},"end":{"line":102,"column":8}}]},"7":{"line":114,"type":"cond-expr","locations":[{"start":{"line":114,"column":31},"end":{"line":114,"column":36}},{"start":{"line":114,"column":39},"end":{"line":114,"column":43}}]},"8":{"line":123,"type":"if","locations":[{"start":{"line":123,"column":8},"end":{"line":123,"column":8}},{"start":{"line":123,"column":8},"end":{"line":123,"column":8}}]},"9":{"line":124,"type":"if","locations":[{"start":{"line":124,"column":12},"end":{"line":124,"column":12}},{"start":{"line":124,"column":12},"end":{"line":124,"column":12}}]},"10":{"line":131,"type":"cond-expr","locations":[{"start":{"line":131,"column":40},"end":{"line":131,"column":46}},{"start":{"line":131,"column":49},"end":{"line":131,"column":70}}]},"11":{"line":141,"type":"if","locations":[{"start":{"line":141,"column":4},"end":{"line":141,"column":4}},{"start":{"line":141,"column":4},"end":{"line":141,"column":4}}]},"12":{"line":145,"type":"cond-expr","locations":[{"start":{"line":145,"column":31},"end":{"line":145,"column":36}},{"start":{"line":145,"column":39},"end":{"line":145,"column":43}}]},"13":{"line":154,"type":"if","locations":[{"start":{"line":154,"column":8},"end":{"line":154,"column":8}},{"start":{"line":154,"column":8},"end":{"line":154,"column":8}}]},"14":{"line":155,"type":"if","locations":[{"start":{"line":155,"column":12},"end":{"line":155,"column":12}},{"start":{"line":155,"column":12},"end":{"line":155,"column":12}}]},"15":{"line":162,"type":"cond-expr","locations":[{"start":{"line":162,"column":40},"end":{"line":162,"column":46}},{"start":{"line":162,"column":49},"end":{"line":162,"column":70}}]},"16":{"line":171,"type":"if","locations":[{"start":{"line":171,"column":4},"end":{"line":171,"column":4}},{"start":{"line":171,"column":4},"end":{"line":171,"column":4}}]},"17":{"line":189,"type":"if","locations":[{"start":{"line":189,"column":8},"end":{"line":189,"column":8}},{"start":{"line":189,"column":8},"end":{"line":189,"column":8}}]},"18":{"line":193,"type":"cond-expr","locations":[{"start":{"line":193,"column":35},"end":{"line":193,"column":40}},{"start":{"line":193,"column":43},"end":{"line":193,"column":47}}]},"19":{"line":201,"type":"if","locations":[{"start":{"line":201,"column":16},"end":{"line":201,"column":16}},{"start":{"line":201,"column":16},"end":{"line":201,"column":16}}]},"20":{"line":202,"type":"if","locations":[{"start":{"line":202,"column":20},"end":{"line":202,"column":20}},{"start":{"line":202,"column":20},"end":{"line":202,"column":20}}]},"21":{"line":207,"type":"if","locations":[{"start":{"line":207,"column":20},"end":{"line":207,"column":20}},{"start":{"line":207,"column":20},"end":{"line":207,"column":20}}]},"22":{"line":208,"type":"cond-expr","locations":[{"start":{"line":208,"column":104},"end":{"line":208,"column":107}},{"start":{"line":208,"column":110},"end":{"line":208,"column":113}}]},"23":{"line":212,"type":"cond-expr","locations":[{"start":{"line":212,"column":52},"end":{"line":212,"column":58}},{"start":{"line":212,"column":61},"end":{"line":212,"column":82}}]},"24":{"line":233,"type":"if","locations":[{"start":{"line":233,"column":4},"end":{"line":233,"column":4}},{"start":{"line":233,"column":4},"end":{"line":233,"column":4}}]},"25":{"line":234,"type":"cond-expr","locations":[{"start":{"line":234,"column":35},"end":{"line":234,"column":41}},{"start":{"line":234,"column":44},"end":{"line":234,"column":80}}]},"26":{"line":234,"type":"cond-expr","locations":[{"start":{"line":234,"column":64},"end":{"line":234,"column":72}},{"start":{"line":234,"column":75},"end":{"line":234,"column":80}}]},"27":{"line":257,"type":"binary-expr","locations":[{"start":{"line":257,"column":16},"end":{"line":257,"column":20}},{"start":{"line":257,"column":24},"end":{"line":257,"column":26}}]},"28":{"line":258,"type":"binary-expr","locations":[{"start":{"line":258,"column":20},"end":{"line":258,"column":33}},{"start":{"line":258,"column":37},"end":{"line":258,"column":79}}]},"29":{"line":259,"type":"binary-expr","locations":[{"start":{"line":259,"column":28},"end":{"line":259,"column":49}},{"start":{"line":259,"column":53},"end":{"line":259,"column":77}}]},"30":{"line":280,"type":"binary-expr","locations":[{"start":{"line":280,"column":19},"end":{"line":280,"column":43}},{"start":{"line":280,"column":47},"end":{"line":280,"column":58}}]},"31":{"line":283,"type":"cond-expr","locations":[{"start":{"line":283,"column":37},"end":{"line":284,"column":37}},{"start":{"line":284,"column":40},"end":{"line":284,"column":42}}]},"32":{"line":314,"type":"cond-expr","locations":[{"start":{"line":314,"column":51},"end":{"line":314,"column":82}},{"start":{"line":314,"column":85},"end":{"line":314,"column":89}}]},"33":{"line":314,"type":"binary-expr","locations":[{"start":{"line":314,"column":51},"end":{"line":314,"column":74}},{"start":{"line":314,"column":78},"end":{"line":314,"column":82}}]},"34":{"line":326,"type":"cond-expr","locations":[{"start":{"line":326,"column":37},"end":{"line":326,"column":39}},{"start":{"line":326,"column":42},"end":{"line":326,"column":43}}]},"35":{"line":360,"type":"binary-expr","locations":[{"start":{"line":360,"column":30},"end":{"line":360,"column":39}},{"start":{"line":360,"column":43},"end":{"line":360,"column":54}}]},"36":{"line":361,"type":"if","locations":[{"start":{"line":361,"column":8},"end":{"line":361,"column":8}},{"start":{"line":361,"column":8},"end":{"line":361,"column":8}}]},"37":{"line":366,"type":"if","locations":[{"start":{"line":366,"column":12},"end":{"line":366,"column":12}},{"start":{"line":366,"column":12},"end":{"line":366,"column":12}}]},"38":{"line":370,"type":"if","locations":[{"start":{"line":370,"column":16},"end":{"line":370,"column":16}},{"start":{"line":370,"column":16},"end":{"line":370,"column":16}}]},"39":{"line":389,"type":"if","locations":[{"start":{"line":389,"column":20},"end":{"line":389,"column":20}},{"start":{"line":389,"column":20},"end":{"line":389,"column":20}}]},"40":{"line":393,"type":"if","locations":[{"start":{"line":393,"column":28},"end":{"line":393,"column":28}},{"start":{"line":393,"column":28},"end":{"line":393,"column":28}}]},"41":{"line":400,"type":"cond-expr","locations":[{"start":{"line":400,"column":49},"end":{"line":400,"column":76}},{"start":{"line":400,"column":79},"end":{"line":400,"column":101}}]}}},"/Users/ananthk/tmp/istanbul/lib/util/file-writer.js":{"path":"/Users/ananthk/tmp/istanbul/lib/util/file-writer.js","s":{"1":1,"2":1,"3":16,"4":16,"5":16,"6":16,"7":1,"8":34,"9":34,"10":34,"11":174,"12":174,"13":40,"14":39,"15":39,"16":676,"17":39,"18":38,"19":4,"20":3,"21":12,"22":3,"23":2,"24":44,"25":2,"26":42,"27":42,"28":2,"29":40,"30":1},"b":{"1":[12,4],"2":[12,4],"3":[12,4],"4":[2,42],"5":[2,40]},"f":{"1":16,"2":34,"3":174,"4":40,"5":676,"6":39,"7":4,"8":12,"9":3,"10":44,"11":42},"fnMap":{"1":{"name":"FileWriter","line":8,"loc":{"start":{"line":8,"column":0},"end":{"line":8,"column":26}}},"2":{"name":"(anonymous_2)","line":16,"loc":{"start":{"line":16,"column":15},"end":{"line":16,"column":41}}},"3":{"name":"(anonymous_3)","line":21,"loc":{"start":{"line":21,"column":13},"end":{"line":21,"column":28}}},"4":{"name":"(anonymous_4)","line":25,"loc":{"start":{"line":25,"column":15},"end":{"line":25,"column":35}}},"5":{"name":"(anonymous_5)","line":30,"loc":{"start":{"line":30,"column":15},"end":{"line":30,"column":30}}},"6":{"name":"(anonymous_6)","line":33,"loc":{"start":{"line":33,"column":13},"end":{"line":33,"column":25}}},"7":{"name":"(anonymous_7)","line":37,"loc":{"start":{"line":37,"column":16},"end":{"line":37,"column":36}}},"8":{"name":"(anonymous_8)","line":41,"loc":{"start":{"line":41,"column":16},"end":{"line":41,"column":31}}},"9":{"name":"(anonymous_9)","line":44,"loc":{"start":{"line":44,"column":14},"end":{"line":44,"column":26}}},"10":{"name":"(anonymous_10)","line":48,"loc":{"start":{"line":48,"column":13},"end":{"line":48,"column":25}}},"11":{"name":"(anonymous_11)","line":52,"loc":{"start":{"line":52,"column":12},"end":{"line":52,"column":24}}}},"statementMap":{"1":{"start":{"line":6,"column":0},"end":{"line":6,"column":23}},"2":{"start":{"line":8,"column":0},"end":{"line":13,"column":1}},"3":{"start":{"line":9,"column":4},"end":{"line":9,"column":25}},"4":{"start":{"line":10,"column":4},"end":{"line":10,"column":57}},"5":{"start":{"line":11,"column":4},"end":{"line":11,"column":57}},"6":{"start":{"line":12,"column":4},"end":{"line":12,"column":51}},"7":{"start":{"line":15,"column":0},"end":{"line":56,"column":2}},"8":{"start":{"line":17,"column":8},"end":{"line":17,"column":25}},"9":{"start":{"line":18,"column":8},"end":{"line":18,"column":23}},"10":{"start":{"line":19,"column":8},"end":{"line":19,"column":19}},"11":{"start":{"line":22,"column":8},"end":{"line":22,"column":24}},"12":{"start":{"line":23,"column":8},"end":{"line":23,"column":25}},"13":{"start":{"line":26,"column":8},"end":{"line":26,"column":23}},"14":{"start":{"line":27,"column":8},"end":{"line":27,"column":27}},"15":{"start":{"line":28,"column":8},"end":{"line":28,"column":33}},"16":{"start":{"line":31,"column":8},"end":{"line":31,"column":29}},"17":{"start":{"line":34,"column":8},"end":{"line":34,"column":21}},"18":{"start":{"line":35,"column":8},"end":{"line":35,"column":63}},"19":{"start":{"line":38,"column":8},"end":{"line":38,"column":23}},"20":{"start":{"line":39,"column":8},"end":{"line":39,"column":53}},"21":{"start":{"line":42,"column":8},"end":{"line":42,"column":31}},"22":{"start":{"line":45,"column":8},"end":{"line":45,"column":21}},"23":{"start":{"line":46,"column":8},"end":{"line":46,"column":26}},"24":{"start":{"line":49,"column":8},"end":{"line":49,"column":108}},"25":{"start":{"line":49,"column":28},"end":{"line":49,"column":106}},"26":{"start":{"line":50,"column":8},"end":{"line":50,"column":28}},"27":{"start":{"line":53,"column":8},"end":{"line":53,"column":92}},"28":{"start":{"line":53,"column":29},"end":{"line":53,"column":90}},"29":{"start":{"line":54,"column":8},"end":{"line":54,"column":29}},"30":{"start":{"line":58,"column":0},"end":{"line":58,"column":28}}},"branchMap":{"1":{"line":10,"type":"cond-expr","locations":[{"start":{"line":10,"column":24},"end":{"line":10,"column":38}},{"start":{"line":10,"column":41},"end":{"line":10,"column":56}}]},"2":{"line":11,"type":"cond-expr","locations":[{"start":{"line":11,"column":24},"end":{"line":11,"column":38}},{"start":{"line":11,"column":41},"end":{"line":11,"column":56}}]},"3":{"line":12,"type":"cond-expr","locations":[{"start":{"line":12,"column":22},"end":{"line":12,"column":34}},{"start":{"line":12,"column":37},"end":{"line":12,"column":50}}]},"4":{"line":49,"type":"if","locations":[{"start":{"line":49,"column":8},"end":{"line":49,"column":8}},{"start":{"line":49,"column":8},"end":{"line":49,"column":8}}]},"5":{"line":53,"type":"if","locations":[{"start":{"line":53,"column":8},"end":{"line":53,"column":8}},{"start":{"line":53,"column":8},"end":{"line":53,"column":8}}]}}},"/Users/ananthk/tmp/istanbul/lib/util/insertion-text.js":{"path":"/Users/ananthk/tmp/istanbul/lib/util/insertion-text.js","s":{"1":1,"2":204,"3":204,"4":204,"5":204,"6":204,"7":204,"8":1,"9":1,"10":204,"11":204,"12":692,"13":148,"14":148,"15":204,"16":204,"17":204,"18":164,"19":148,"20":148,"21":204,"22":101,"23":83,"24":83,"25":83,"26":83,"27":54,"28":18,"29":54,"30":26,"31":83,"32":83,"33":83,"34":83,"35":83,"36":50,"37":50,"38":46,"39":50,"40":9,"41":83,"42":8,"43":75,"44":83,"45":34,"46":34,"47":34,"48":1,"49":186,"50":1},"b":{"1":[148,544],"2":[148,16],"3":[79,4],"4":[13,70],"5":[1,82],"6":[54,29],"7":[18,36],"8":[26,28],"9":[46,4],"10":[50,9,8],"11":[9,41],"12":[8,75],"13":[83,45]},"f":{"1":204,"2":204,"3":204,"4":101,"5":83,"6":83,"7":34,"8":1,"9":186},"fnMap":{"1":{"name":"InsertionText","line":6,"loc":{"start":{"line":6,"column":0},"end":{"line":6,"column":44}}},"2":{"name":"(anonymous_2)","line":19,"loc":{"start":{"line":19,"column":23},"end":{"line":19,"column":35}}},"3":{"name":"(anonymous_3)","line":32,"loc":{"start":{"line":32,"column":22},"end":{"line":32,"column":34}}},"4":{"name":"(anonymous_4)","line":45,"loc":{"start":{"line":45,"column":20},"end":{"line":45,"column":32}}},"5":{"name":"(anonymous_5)","line":49,"loc":{"start":{"line":49,"column":14},"end":{"line":49,"column":63}}},"6":{"name":"(anonymous_6)","line":71,"loc":{"start":{"line":71,"column":16},"end":{"line":71,"column":50}}},"7":{"name":"(anonymous_7)","line":94,"loc":{"start":{"line":94,"column":10},"end":{"line":94,"column":73}}},"8":{"name":"(anonymous_8)","line":100,"loc":{"start":{"line":100,"column":14},"end":{"line":100,"column":44}}},"9":{"name":"(anonymous_9)","line":104,"loc":{"start":{"line":104,"column":14},"end":{"line":104,"column":26}}}},"statementMap":{"1":{"start":{"line":6,"column":0},"end":{"line":13,"column":1}},"2":{"start":{"line":7,"column":4},"end":{"line":7,"column":21}},"3":{"start":{"line":8,"column":4},"end":{"line":8,"column":34}},"4":{"start":{"line":9,"column":4},"end":{"line":9,"column":22}},"5":{"start":{"line":10,"column":4},"end":{"line":10,"column":39}},"6":{"start":{"line":11,"column":4},"end":{"line":11,"column":45}},"7":{"start":{"line":12,"column":4},"end":{"line":12,"column":42}},"8":{"start":{"line":15,"column":0},"end":{"line":15,"column":49}},"9":{"start":{"line":17,"column":0},"end":{"line":107,"column":2}},"10":{"start":{"line":20,"column":8},"end":{"line":23,"column":14}},"11":{"start":{"line":24,"column":8},"end":{"line":29,"column":9}},"12":{"start":{"line":25,"column":12},"end":{"line":28,"column":13}},"13":{"start":{"line":26,"column":16},"end":{"line":26,"column":24}},"14":{"start":{"line":27,"column":16},"end":{"line":27,"column":22}},"15":{"start":{"line":30,"column":8},"end":{"line":30,"column":19}},"16":{"start":{"line":33,"column":8},"end":{"line":36,"column":14}},"17":{"start":{"line":37,"column":8},"end":{"line":42,"column":9}},"18":{"start":{"line":38,"column":12},"end":{"line":41,"column":13}},"19":{"start":{"line":39,"column":16},"end":{"line":39,"column":24}},"20":{"start":{"line":40,"column":16},"end":{"line":40,"column":22}},"21":{"start":{"line":43,"column":8},"end":{"line":43,"column":19}},"22":{"start":{"line":46,"column":8},"end":{"line":46,"column":31}},"23":{"start":{"line":50,"column":8},"end":{"line":50,"column":98}},"24":{"start":{"line":51,"column":8},"end":{"line":51,"column":72}},"25":{"start":{"line":52,"column":8},"end":{"line":52,"column":32}},"26":{"start":{"line":54,"column":8},"end":{"line":61,"column":9}},"27":{"start":{"line":55,"column":12},"end":{"line":57,"column":13}},"28":{"start":{"line":56,"column":16},"end":{"line":56,"column":24}},"29":{"start":{"line":58,"column":12},"end":{"line":60,"column":13}},"30":{"start":{"line":59,"column":16},"end":{"line":59,"column":38}},"31":{"start":{"line":63,"column":8},"end":{"line":66,"column":29}},"32":{"start":{"line":67,"column":8},"end":{"line":67,"column":79}},"33":{"start":{"line":68,"column":8},"end":{"line":68,"column":20}},"34":{"start":{"line":72,"column":8},"end":{"line":75,"column":14}},"35":{"start":{"line":77,"column":8},"end":{"line":85,"column":9}},"36":{"start":{"line":78,"column":12},"end":{"line":78,"column":35}},"37":{"start":{"line":79,"column":12},"end":{"line":81,"column":13}},"38":{"start":{"line":80,"column":16},"end":{"line":80,"column":50}},"39":{"start":{"line":82,"column":12},"end":{"line":84,"column":13}},"40":{"start":{"line":83,"column":16},"end":{"line":83,"column":22}},"41":{"start":{"line":86,"column":8},"end":{"line":90,"column":9}},"42":{"start":{"line":87,"column":12},"end":{"line":87,"column":33}},"43":{"start":{"line":89,"column":12},"end":{"line":89,"column":57}},"44":{"start":{"line":91,"column":8},"end":{"line":91,"column":32}},"45":{"start":{"line":95,"column":8},"end":{"line":95,"column":64}},"46":{"start":{"line":96,"column":8},"end":{"line":96,"column":61}},"47":{"start":{"line":97,"column":8},"end":{"line":97,"column":20}},"48":{"start":{"line":101,"column":8},"end":{"line":101,"column":64}},"49":{"start":{"line":105,"column":8},"end":{"line":105,"column":25}},"50":{"start":{"line":109,"column":0},"end":{"line":109,"column":31}}},"branchMap":{"1":{"line":25,"type":"if","locations":[{"start":{"line":25,"column":12},"end":{"line":25,"column":12}},{"start":{"line":25,"column":12},"end":{"line":25,"column":12}}]},"2":{"line":38,"type":"if","locations":[{"start":{"line":38,"column":12},"end":{"line":38,"column":12}},{"start":{"line":38,"column":12},"end":{"line":38,"column":12}}]},"3":{"line":50,"type":"cond-expr","locations":[{"start":{"line":50,"column":63},"end":{"line":50,"column":81}},{"start":{"line":50,"column":84},"end":{"line":50,"column":97}}]},"4":{"line":51,"type":"cond-expr","locations":[{"start":{"line":51,"column":44},"end":{"line":51,"column":65}},{"start":{"line":51,"column":68},"end":{"line":51,"column":71}}]},"5":{"line":52,"type":"cond-expr","locations":[{"start":{"line":52,"column":24},"end":{"line":52,"column":25}},{"start":{"line":52,"column":28},"end":{"line":52,"column":31}}]},"6":{"line":54,"type":"if","locations":[{"start":{"line":54,"column":8},"end":{"line":54,"column":8}},{"start":{"line":54,"column":8},"end":{"line":54,"column":8}}]},"7":{"line":55,"type":"if","locations":[{"start":{"line":55,"column":12},"end":{"line":55,"column":12}},{"start":{"line":55,"column":12},"end":{"line":55,"column":12}}]},"8":{"line":58,"type":"if","locations":[{"start":{"line":58,"column":12},"end":{"line":58,"column":12}},{"start":{"line":58,"column":12},"end":{"line":58,"column":12}}]},"9":{"line":79,"type":"if","locations":[{"start":{"line":79,"column":12},"end":{"line":79,"column":12}},{"start":{"line":79,"column":12},"end":{"line":79,"column":12}}]},"10":{"line":79,"type":"binary-expr","locations":[{"start":{"line":79,"column":16},"end":{"line":79,"column":35}},{"start":{"line":79,"column":40},"end":{"line":79,"column":61}},{"start":{"line":79,"column":65},"end":{"line":79,"column":78}}]},"11":{"line":82,"type":"if","locations":[{"start":{"line":82,"column":12},"end":{"line":82,"column":12}},{"start":{"line":82,"column":12},"end":{"line":82,"column":12}}]},"12":{"line":86,"type":"if","locations":[{"start":{"line":86,"column":8},"end":{"line":86,"column":8}},{"start":{"line":86,"column":8},"end":{"line":86,"column":8}}]},"13":{"line":86,"type":"binary-expr","locations":[{"start":{"line":86,"column":12},"end":{"line":86,"column":21}},{"start":{"line":86,"column":25},"end":{"line":86,"column":46}}]}}},"/Users/ananthk/tmp/istanbul/lib/util/tree-summarizer.js":{"path":"/Users/ananthk/tmp/istanbul/lib/util/tree-summarizer.js","s":{"1":1,"2":1,"3":20,"4":20,"5":132,"6":120,"7":12,"8":20,"9":1,"10":9,"11":1,"12":8,"13":28,"14":8,"15":1,"16":57,"17":57,"18":57,"19":57,"20":57,"21":57,"22":1,"23":66,"24":26,"25":54,"26":54,"27":6,"28":5,"29":1,"30":9,"31":9,"32":1,"33":18,"34":9,"35":9,"36":9,"37":28,"38":28,"39":28,"40":28,"41":28,"42":28,"43":2,"44":28,"45":28,"46":18,"47":18,"48":18,"49":28,"50":28,"51":4,"52":9,"53":2,"54":2,"55":2,"56":2,"57":2,"58":2,"59":2,"60":6,"61":2,"62":4,"63":9,"64":9,"65":9,"66":9,"67":9,"68":57,"69":57,"70":57,"71":57,"72":0,"73":57,"74":48,"75":46,"76":2,"77":9,"78":57,"79":48,"80":57,"81":57,"82":28,"83":29,"84":48,"85":29,"86":48,"87":57,"88":57,"89":57,"90":24,"91":24,"92":24,"93":57,"94":48,"95":1,"96":1,"97":9,"98":1,"99":28,"100":9,"101":9,"102":1},"b":{"1":[1,1],"2":[12,8],"3":[120,12],"4":[1,8],"5":[57,29],"6":[1,5],"7":[2,26],"8":[18,10],"9":[4,24],"10":[2,7],"11":[9,2],"12":[2,4],"13":[57,0],"14":[0,57],"15":[48,9],"16":[46,2],"17":[28,29],"18":[12,12],"19":[12,0]},"f":{"1":20,"2":9,"3":28,"4":57,"5":66,"6":26,"7":54,"8":6,"9":5,"10":9,"11":18,"12":9,"13":28,"14":6,"15":57,"16":48,"17":57,"18":48,"19":48,"20":57,"21":24,"22":48,"23":1,"24":9,"25":28,"26":9},"fnMap":{"1":{"name":"commonArrayPrefix","line":10,"loc":{"start":{"line":10,"column":0},"end":{"line":10,"column":42}}},"2":{"name":"findCommonArrayPrefix","line":24,"loc":{"start":{"line":24,"column":0},"end":{"line":24,"column":37}}},"3":{"name":"(anonymous_3)","line":29,"loc":{"start":{"line":29,"column":29},"end":{"line":29,"column":44}}},"4":{"name":"Node","line":35,"loc":{"start":{"line":35,"column":0},"end":{"line":35,"column":39}}},"5":{"name":"(anonymous_5)","line":45,"loc":{"start":{"line":45,"column":22},"end":{"line":45,"column":34}}},"6":{"name":"(anonymous_6)","line":48,"loc":{"start":{"line":48,"column":14},"end":{"line":48,"column":26}}},"7":{"name":"(anonymous_7)","line":51,"loc":{"start":{"line":51,"column":14},"end":{"line":51,"column":31}}},"8":{"name":"(anonymous_8)","line":55,"loc":{"start":{"line":55,"column":12},"end":{"line":55,"column":24}}},"9":{"name":"(anonymous_9)","line":63,"loc":{"start":{"line":63,"column":40},"end":{"line":63,"column":56}}},"10":{"name":"TreeSummary","line":68,"loc":{"start":{"line":68,"column":0},"end":{"line":68,"column":47}}},"11":{"name":"(anonymous_11)","line":74,"loc":{"start":{"line":74,"column":13},"end":{"line":74,"column":34}}},"12":{"name":"(anonymous_12)","line":77,"loc":{"start":{"line":77,"column":19},"end":{"line":77,"column":54}}},"13":{"name":"(anonymous_13)","line":87,"loc":{"start":{"line":87,"column":40},"end":{"line":87,"column":55}}},"14":{"name":"(anonymous_14)","line":116,"loc":{"start":{"line":116,"column":32},"end":{"line":116,"column":49}}},"15":{"name":"(anonymous_15)","line":131,"loc":{"start":{"line":131,"column":16},"end":{"line":131,"column":48}}},"16":{"name":"(anonymous_16)","line":148,"loc":{"start":{"line":148,"column":30},"end":{"line":148,"column":47}}},"17":{"name":"(anonymous_17)","line":152,"loc":{"start":{"line":152,"column":22},"end":{"line":152,"column":39}}},"18":{"name":"(anonymous_18)","line":156,"loc":{"start":{"line":156,"column":31},"end":{"line":156,"column":48}}},"19":{"name":"(anonymous_19)","line":161,"loc":{"start":{"line":161,"column":31},"end":{"line":161,"column":48}}},"20":{"name":"(anonymous_20)","line":164,"loc":{"start":{"line":164,"column":22},"end":{"line":164,"column":43}}},"21":{"name":"(anonymous_21)","line":167,"loc":{"start":{"line":167,"column":27},"end":{"line":167,"column":43}}},"22":{"name":"(anonymous_22)","line":172,"loc":{"start":{"line":172,"column":30},"end":{"line":172,"column":47}}},"23":{"name":"(anonymous_23)","line":176,"loc":{"start":{"line":176,"column":12},"end":{"line":176,"column":24}}},"24":{"name":"TreeSummarizer","line":184,"loc":{"start":{"line":184,"column":0},"end":{"line":184,"column":26}}},"25":{"name":"(anonymous_25)","line":189,"loc":{"start":{"line":189,"column":28},"end":{"line":189,"column":57}}},"26":{"name":"(anonymous_26)","line":192,"loc":{"start":{"line":192,"column":20},"end":{"line":192,"column":32}}}},"statementMap":{"1":{"start":{"line":6,"column":0},"end":{"line":8,"column":39}},"2":{"start":{"line":10,"column":0},"end":{"line":22,"column":1}},"3":{"start":{"line":11,"column":4},"end":{"line":13,"column":17}},"4":{"start":{"line":14,"column":4},"end":{"line":20,"column":5}},"5":{"start":{"line":15,"column":8},"end":{"line":19,"column":9}},"6":{"start":{"line":16,"column":12},"end":{"line":16,"column":31}},"7":{"start":{"line":18,"column":12},"end":{"line":18,"column":18}},"8":{"start":{"line":21,"column":4},"end":{"line":21,"column":15}},"9":{"start":{"line":24,"column":0},"end":{"line":33,"column":1}},"10":{"start":{"line":25,"column":4},"end":{"line":27,"column":5}},"11":{"start":{"line":26,"column":8},"end":{"line":26,"column":18}},"12":{"start":{"line":29,"column":4},"end":{"line":30,"column":30}},"13":{"start":{"line":29,"column":46},"end":{"line":29,"column":68}},"14":{"start":{"line":32,"column":4},"end":{"line":32,"column":52}},"15":{"start":{"line":35,"column":0},"end":{"line":42,"column":1}},"16":{"start":{"line":36,"column":4},"end":{"line":36,"column":25}},"17":{"start":{"line":37,"column":4},"end":{"line":37,"column":29}},"18":{"start":{"line":38,"column":4},"end":{"line":38,"column":21}},"19":{"start":{"line":39,"column":4},"end":{"line":39,"column":35}},"20":{"start":{"line":40,"column":4},"end":{"line":40,"column":23}},"21":{"start":{"line":41,"column":4},"end":{"line":41,"column":23}},"22":{"start":{"line":44,"column":0},"end":{"line":66,"column":2}},"23":{"start":{"line":46,"column":8},"end":{"line":46,"column":33}},"24":{"start":{"line":49,"column":8},"end":{"line":49,"column":29}},"25":{"start":{"line":52,"column":8},"end":{"line":52,"column":34}},"26":{"start":{"line":53,"column":8},"end":{"line":53,"column":28}},"27":{"start":{"line":56,"column":8},"end":{"line":64,"column":10}},"28":{"start":{"line":63,"column":58},"end":{"line":63,"column":79}},"29":{"start":{"line":68,"column":0},"end":{"line":71,"column":1}},"30":{"start":{"line":69,"column":4},"end":{"line":69,"column":31}},"31":{"start":{"line":70,"column":4},"end":{"line":70,"column":49}},"32":{"start":{"line":73,"column":0},"end":{"line":182,"column":2}},"33":{"start":{"line":75,"column":8},"end":{"line":75,"column":35}},"34":{"start":{"line":78,"column":8},"end":{"line":84,"column":35}},"35":{"start":{"line":86,"column":8},"end":{"line":86,"column":30}},"36":{"start":{"line":87,"column":8},"end":{"line":107,"column":11}},"37":{"start":{"line":88,"column":12},"end":{"line":91,"column":23}},"38":{"start":{"line":92,"column":12},"end":{"line":92,"column":50}},"39":{"start":{"line":93,"column":12},"end":{"line":93,"column":29}},"40":{"start":{"line":94,"column":12},"end":{"line":94,"column":29}},"41":{"start":{"line":95,"column":12},"end":{"line":95,"column":49}},"42":{"start":{"line":96,"column":12},"end":{"line":98,"column":13}},"43":{"start":{"line":97,"column":16},"end":{"line":97,"column":52}},"44":{"start":{"line":99,"column":12},"end":{"line":99,"column":38}},"45":{"start":{"line":100,"column":12},"end":{"line":104,"column":13}},"46":{"start":{"line":101,"column":16},"end":{"line":101,"column":53}},"47":{"start":{"line":102,"column":16},"end":{"line":102,"column":38}},"48":{"start":{"line":103,"column":16},"end":{"line":103,"column":42}},"49":{"start":{"line":105,"column":12},"end":{"line":105,"column":34}},"50":{"start":{"line":106,"column":12},"end":{"line":106,"column":59}},"51":{"start":{"line":106,"column":35},"end":{"line":106,"column":57}},"52":{"start":{"line":109,"column":8},"end":{"line":123,"column":9}},"53":{"start":{"line":110,"column":12},"end":{"line":110,"column":30}},"54":{"start":{"line":111,"column":12},"end":{"line":111,"column":23}},"55":{"start":{"line":112,"column":12},"end":{"line":112,"column":39}},"56":{"start":{"line":113,"column":12},"end":{"line":113,"column":30}},"57":{"start":{"line":114,"column":12},"end":{"line":114,"column":64}},"58":{"start":{"line":115,"column":12},"end":{"line":115,"column":31}},"59":{"start":{"line":116,"column":12},"end":{"line":122,"column":15}},"60":{"start":{"line":117,"column":16},"end":{"line":121,"column":17}},"61":{"start":{"line":118,"column":20},"end":{"line":118,"column":41}},"62":{"start":{"line":120,"column":20},"end":{"line":120,"column":40}},"63":{"start":{"line":124,"column":8},"end":{"line":124,"column":59}},"64":{"start":{"line":125,"column":8},"end":{"line":125,"column":36}},"65":{"start":{"line":126,"column":8},"end":{"line":126,"column":25}},"66":{"start":{"line":127,"column":8},"end":{"line":127,"column":22}},"67":{"start":{"line":128,"column":8},"end":{"line":128,"column":46}},"68":{"start":{"line":132,"column":8},"end":{"line":132,"column":24}},"69":{"start":{"line":133,"column":8},"end":{"line":135,"column":9}},"70":{"start":{"line":134,"column":12},"end":{"line":134,"column":59}},"71":{"start":{"line":136,"column":8},"end":{"line":138,"column":9}},"72":{"start":{"line":137,"column":12},"end":{"line":137,"column":47}},"73":{"start":{"line":139,"column":8},"end":{"line":147,"column":9}},"74":{"start":{"line":140,"column":12},"end":{"line":144,"column":13}},"75":{"start":{"line":141,"column":16},"end":{"line":141,"column":76}},"76":{"start":{"line":143,"column":16},"end":{"line":143,"column":46}},"77":{"start":{"line":146,"column":12},"end":{"line":146,"column":67}},"78":{"start":{"line":148,"column":8},"end":{"line":150,"column":11}},"79":{"start":{"line":149,"column":12},"end":{"line":149,"column":49}},"80":{"start":{"line":153,"column":8},"end":{"line":154,"column":27}},"81":{"start":{"line":155,"column":8},"end":{"line":155,"column":44}},"82":{"start":{"line":155,"column":35},"end":{"line":155,"column":42}},"83":{"start":{"line":156,"column":8},"end":{"line":158,"column":11}},"84":{"start":{"line":157,"column":12},"end":{"line":157,"column":41}},"85":{"start":{"line":159,"column":8},"end":{"line":162,"column":10}},"86":{"start":{"line":161,"column":50},"end":{"line":161,"column":71}},"87":{"start":{"line":165,"column":8},"end":{"line":165,"column":24}},"88":{"start":{"line":166,"column":8},"end":{"line":166,"column":30}},"89":{"start":{"line":167,"column":8},"end":{"line":171,"column":11}},"90":{"start":{"line":168,"column":12},"end":{"line":168,"column":31}},"91":{"start":{"line":169,"column":12},"end":{"line":169,"column":31}},"92":{"start":{"line":170,"column":12},"end":{"line":170,"column":46}},"93":{"start":{"line":172,"column":8},"end":{"line":174,"column":11}},"94":{"start":{"line":173,"column":12},"end":{"line":173,"column":46}},"95":{"start":{"line":177,"column":8},"end":{"line":180,"column":10}},"96":{"start":{"line":184,"column":0},"end":{"line":186,"column":1}},"97":{"start":{"line":185,"column":4},"end":{"line":185,"column":25}},"98":{"start":{"line":188,"column":0},"end":{"line":196,"column":2}},"99":{"start":{"line":190,"column":8},"end":{"line":190,"column":44}},"100":{"start":{"line":193,"column":8},"end":{"line":193,"column":84}},"101":{"start":{"line":194,"column":8},"end":{"line":194,"column":67}},"102":{"start":{"line":198,"column":0},"end":{"line":198,"column":32}}},"branchMap":{"1":{"line":7,"type":"binary-expr","locations":[{"start":{"line":7,"column":10},"end":{"line":7,"column":18}},{"start":{"line":7,"column":22},"end":{"line":7,"column":25}}]},"2":{"line":11,"type":"cond-expr","locations":[{"start":{"line":11,"column":45},"end":{"line":11,"column":57}},{"start":{"line":11,"column":60},"end":{"line":11,"column":73}}]},"3":{"line":15,"type":"if","locations":[{"start":{"line":15,"column":8},"end":{"line":15,"column":8}},{"start":{"line":15,"column":8},"end":{"line":15,"column":8}}]},"4":{"line":25,"type":"if","locations":[{"start":{"line":25,"column":4},"end":{"line":25,"column":4}},{"start":{"line":25,"column":4},"end":{"line":25,"column":4}}]},"5":{"line":39,"type":"binary-expr","locations":[{"start":{"line":39,"column":19},"end":{"line":39,"column":26}},{"start":{"line":39,"column":30},"end":{"line":39,"column":34}}]},"6":{"line":62,"type":"cond-expr","locations":[{"start":{"line":62,"column":43},"end":{"line":62,"column":47}},{"start":{"line":62,"column":50},"end":{"line":62,"column":66}}]},"7":{"line":96,"type":"if","locations":[{"start":{"line":96,"column":12},"end":{"line":96,"column":12}},{"start":{"line":96,"column":12},"end":{"line":96,"column":12}}]},"8":{"line":100,"type":"if","locations":[{"start":{"line":100,"column":12},"end":{"line":100,"column":12}},{"start":{"line":100,"column":12},"end":{"line":100,"column":12}}]},"9":{"line":106,"type":"if","locations":[{"start":{"line":106,"column":12},"end":{"line":106,"column":12}},{"start":{"line":106,"column":12},"end":{"line":106,"column":12}}]},"10":{"line":109,"type":"if","locations":[{"start":{"line":109,"column":8},"end":{"line":109,"column":8}},{"start":{"line":109,"column":8},"end":{"line":109,"column":8}}]},"11":{"line":109,"type":"binary-expr","locations":[{"start":{"line":109,"column":12},"end":{"line":109,"column":26}},{"start":{"line":109,"column":30},"end":{"line":109,"column":52}}]},"12":{"line":117,"type":"if","locations":[{"start":{"line":117,"column":16},"end":{"line":117,"column":16}},{"start":{"line":117,"column":16},"end":{"line":117,"column":16}}]},"13":{"line":133,"type":"if","locations":[{"start":{"line":133,"column":8},"end":{"line":133,"column":8}},{"start":{"line":133,"column":8},"end":{"line":133,"column":8}}]},"14":{"line":136,"type":"if","locations":[{"start":{"line":136,"column":8},"end":{"line":136,"column":8}},{"start":{"line":136,"column":8},"end":{"line":136,"column":8}}]},"15":{"line":139,"type":"if","locations":[{"start":{"line":139,"column":8},"end":{"line":139,"column":8}},{"start":{"line":139,"column":8},"end":{"line":139,"column":8}}]},"16":{"line":140,"type":"if","locations":[{"start":{"line":140,"column":12},"end":{"line":140,"column":12}},{"start":{"line":140,"column":12},"end":{"line":140,"column":12}}]},"17":{"line":155,"type":"if","locations":[{"start":{"line":155,"column":8},"end":{"line":155,"column":8}},{"start":{"line":155,"column":8},"end":{"line":155,"column":8}}]},"18":{"line":170,"type":"cond-expr","locations":[{"start":{"line":170,"column":27},"end":{"line":170,"column":29}},{"start":{"line":170,"column":32},"end":{"line":170,"column":45}}]},"19":{"line":170,"type":"cond-expr","locations":[{"start":{"line":170,"column":40},"end":{"line":170,"column":41}},{"start":{"line":170,"column":44},"end":{"line":170,"column":45}}]}}},"/Users/ananthk/tmp/istanbul/lib/object-utils.js":{"path":"/Users/ananthk/tmp/istanbul/lib/object-utils.js","s":{"1":1,"2":189,"3":189,"4":171,"5":171,"6":705,"7":705,"8":577,"9":1,"10":109,"11":111,"12":1,"13":1,"14":1,"15":1,"16":252,"17":252,"18":239,"19":239,"20":13,"21":1,"22":66,"23":66,"24":198,"25":198,"26":140,"27":66,"28":66,"29":1,"30":22,"31":22,"32":22,"33":49,"34":22,"35":22,"36":22,"37":22,"38":1,"39":64,"40":1,"41":22,"42":22,"43":22,"44":22,"45":22,"46":22,"47":22,"48":1,"49":3,"50":3,"51":3,"52":11,"53":3,"54":8,"55":3,"56":8,"57":8,"58":17,"59":3,"60":1,"61":41,"62":69,"63":67,"64":268,"65":268,"66":41,"67":69,"68":41,"69":164,"70":41,"71":1,"72":1,"73":1,"74":1,"75":1,"76":1,"77":1,"78":4,"79":4,"80":4,"81":3,"82":1,"83":2,"84":2,"85":2,"86":2,"87":1,"88":1,"89":1},"b":{"1":[171,18],"2":[577,128],"3":[705,161],"4":[239,13],"5":[140,58],"6":[67,2],"7":[3,1],"8":[1,1]},"f":{"1":189,"2":705,"3":109,"4":111,"5":1,"6":1,"7":252,"8":66,"9":198,"10":22,"11":22,"12":49,"13":64,"14":22,"15":3,"16":11,"17":8,"18":8,"19":41,"20":69,"21":268,"22":69,"23":164,"24":1,"25":1,"26":4,"27":2},"fnMap":{"1":{"name":"addDerivedInfoForFile","line":41,"loc":{"start":{"line":41,"column":0},"end":{"line":41,"column":45}}},"2":{"name":"(anonymous_2)","line":48,"loc":{"start":{"line":48,"column":40},"end":{"line":48,"column":54}}},"3":{"name":"addDerivedInfo","line":65,"loc":{"start":{"line":65,"column":0},"end":{"line":65,"column":34}}},"4":{"name":"(anonymous_4)","line":66,"loc":{"start":{"line":66,"column":34},"end":{"line":66,"column":47}}},"5":{"name":"removeDerivedInfo","line":76,"loc":{"start":{"line":76,"column":0},"end":{"line":76,"column":37}}},"6":{"name":"(anonymous_6)","line":77,"loc":{"start":{"line":77,"column":34},"end":{"line":77,"column":47}}},"7":{"name":"percent","line":82,"loc":{"start":{"line":82,"column":0},"end":{"line":82,"column":33}}},"8":{"name":"computeSimpleTotals","line":92,"loc":{"start":{"line":92,"column":0},"end":{"line":92,"column":53}}},"9":{"name":"(anonymous_9)","line":96,"loc":{"start":{"line":96,"column":31},"end":{"line":96,"column":46}}},"10":{"name":"computeBranchTotals","line":106,"loc":{"start":{"line":106,"column":0},"end":{"line":106,"column":43}}},"11":{"name":"(anonymous_11)","line":110,"loc":{"start":{"line":110,"column":31},"end":{"line":110,"column":46}}},"12":{"name":"(anonymous_12)","line":112,"loc":{"start":{"line":112,"column":38},"end":{"line":112,"column":53}}},"13":{"name":"blankSummary","line":142,"loc":{"start":{"line":142,"column":0},"end":{"line":142,"column":24}}},"14":{"name":"summarizeFileCoverage","line":175,"loc":{"start":{"line":175,"column":0},"end":{"line":175,"column":45}}},"15":{"name":"mergeFileCoverage","line":195,"loc":{"start":{"line":195,"column":0},"end":{"line":195,"column":42}}},"16":{"name":"(anonymous_16)","line":201,"loc":{"start":{"line":201,"column":34},"end":{"line":201,"column":47}}},"17":{"name":"(anonymous_17)","line":204,"loc":{"start":{"line":204,"column":34},"end":{"line":204,"column":47}}},"18":{"name":"(anonymous_18)","line":207,"loc":{"start":{"line":207,"column":34},"end":{"line":207,"column":47}}},"19":{"name":"mergeSummaryObjects","line":227,"loc":{"start":{"line":227,"column":0},"end":{"line":227,"column":31}}},"20":{"name":"(anonymous_20)","line":231,"loc":{"start":{"line":231,"column":20},"end":{"line":231,"column":35}}},"21":{"name":"(anonymous_21)","line":233,"loc":{"start":{"line":233,"column":29},"end":{"line":233,"column":44}}},"22":{"name":"(anonymous_22)","line":239,"loc":{"start":{"line":239,"column":17},"end":{"line":239,"column":32}}},"23":{"name":"(anonymous_23)","line":242,"loc":{"start":{"line":242,"column":17},"end":{"line":242,"column":32}}},"24":{"name":"toYUICoverage","line":259,"loc":{"start":{"line":259,"column":0},"end":{"line":259,"column":33}}},"25":{"name":"(anonymous_25)","line":264,"loc":{"start":{"line":264,"column":34},"end":{"line":264,"column":47}}},"26":{"name":"(anonymous_26)","line":279,"loc":{"start":{"line":279,"column":35},"end":{"line":279,"column":48}}},"27":{"name":"(anonymous_27)","line":286,"loc":{"start":{"line":286,"column":39},"end":{"line":286,"column":52}}}},"statementMap":{"1":{"start":{"line":41,"column":0},"end":{"line":57,"column":1}},"2":{"start":{"line":42,"column":4},"end":{"line":44,"column":16}},"3":{"start":{"line":46,"column":4},"end":{"line":56,"column":5}},"4":{"start":{"line":47,"column":8},"end":{"line":47,"column":38}},"5":{"start":{"line":48,"column":8},"end":{"line":55,"column":11}},"6":{"start":{"line":49,"column":12},"end":{"line":51,"column":40}},"7":{"start":{"line":52,"column":12},"end":{"line":54,"column":13}},"8":{"start":{"line":53,"column":16},"end":{"line":53,"column":38}},"9":{"start":{"line":65,"column":0},"end":{"line":69,"column":1}},"10":{"start":{"line":66,"column":4},"end":{"line":68,"column":7}},"11":{"start":{"line":67,"column":8},"end":{"line":67,"column":43}},"12":{"start":{"line":76,"column":0},"end":{"line":80,"column":1}},"13":{"start":{"line":77,"column":4},"end":{"line":79,"column":7}},"14":{"start":{"line":78,"column":8},"end":{"line":78,"column":29}},"15":{"start":{"line":82,"column":0},"end":{"line":90,"column":1}},"16":{"start":{"line":83,"column":4},"end":{"line":83,"column":12}},"17":{"start":{"line":84,"column":4},"end":{"line":89,"column":5}},"18":{"start":{"line":85,"column":8},"end":{"line":85,"column":47}},"19":{"start":{"line":86,"column":8},"end":{"line":86,"column":42}},"20":{"start":{"line":88,"column":8},"end":{"line":88,"column":22}},"21":{"start":{"line":92,"column":0},"end":{"line":104,"column":1}},"22":{"start":{"line":93,"column":4},"end":{"line":94,"column":39}},"23":{"start":{"line":96,"column":4},"end":{"line":101,"column":7}},"24":{"start":{"line":97,"column":8},"end":{"line":97,"column":23}},"25":{"start":{"line":98,"column":8},"end":{"line":100,"column":9}},"26":{"start":{"line":99,"column":12},"end":{"line":99,"column":29}},"27":{"start":{"line":102,"column":4},"end":{"line":102,"column":46}},"28":{"start":{"line":103,"column":4},"end":{"line":103,"column":15}},"29":{"start":{"line":106,"column":0},"end":{"line":118,"column":1}},"30":{"start":{"line":107,"column":4},"end":{"line":108,"column":39}},"31":{"start":{"line":110,"column":4},"end":{"line":115,"column":7}},"32":{"start":{"line":111,"column":8},"end":{"line":112,"column":74}},"33":{"start":{"line":112,"column":55},"end":{"line":112,"column":70}},"34":{"start":{"line":113,"column":8},"end":{"line":113,"column":37}},"35":{"start":{"line":114,"column":8},"end":{"line":114,"column":38}},"36":{"start":{"line":116,"column":4},"end":{"line":116,"column":46}},"37":{"start":{"line":117,"column":4},"end":{"line":117,"column":15}},"38":{"start":{"line":142,"column":0},"end":{"line":165,"column":1}},"39":{"start":{"line":143,"column":4},"end":{"line":164,"column":6}},"40":{"start":{"line":175,"column":0},"end":{"line":183,"column":1}},"41":{"start":{"line":176,"column":4},"end":{"line":176,"column":29}},"42":{"start":{"line":177,"column":4},"end":{"line":177,"column":40}},"43":{"start":{"line":178,"column":4},"end":{"line":178,"column":55}},"44":{"start":{"line":179,"column":4},"end":{"line":179,"column":59}},"45":{"start":{"line":180,"column":4},"end":{"line":180,"column":60}},"46":{"start":{"line":181,"column":4},"end":{"line":181,"column":53}},"47":{"start":{"line":182,"column":4},"end":{"line":182,"column":15}},"48":{"start":{"line":195,"column":0},"end":{"line":216,"column":1}},"49":{"start":{"line":196,"column":4},"end":{"line":197,"column":10}},"50":{"start":{"line":199,"column":4},"end":{"line":199,"column":17}},"51":{"start":{"line":201,"column":4},"end":{"line":203,"column":7}},"52":{"start":{"line":202,"column":8},"end":{"line":202,"column":32}},"53":{"start":{"line":204,"column":4},"end":{"line":206,"column":7}},"54":{"start":{"line":205,"column":8},"end":{"line":205,"column":32}},"55":{"start":{"line":207,"column":4},"end":{"line":213,"column":7}},"56":{"start":{"line":208,"column":8},"end":{"line":209,"column":38}},"57":{"start":{"line":210,"column":8},"end":{"line":212,"column":9}},"58":{"start":{"line":211,"column":12},"end":{"line":211,"column":42}},"59":{"start":{"line":215,"column":4},"end":{"line":215,"column":15}},"60":{"start":{"line":227,"column":0},"end":{"line":247,"column":1}},"61":{"start":{"line":228,"column":4},"end":{"line":238,"column":10}},"62":{"start":{"line":232,"column":12},"end":{"line":237,"column":13}},"63":{"start":{"line":233,"column":16},"end":{"line":236,"column":19}},"64":{"start":{"line":234,"column":20},"end":{"line":234,"column":53}},"65":{"start":{"line":235,"column":20},"end":{"line":235,"column":57}},"66":{"start":{"line":239,"column":4},"end":{"line":241,"column":7}},"67":{"start":{"line":240,"column":8},"end":{"line":240,"column":23}},"68":{"start":{"line":242,"column":4},"end":{"line":244,"column":7}},"69":{"start":{"line":243,"column":8},"end":{"line":243,"column":65}},"70":{"start":{"line":246,"column":4},"end":{"line":246,"column":15}},"71":{"start":{"line":259,"column":0
[...]
"line":69,"type":"if","locations":[{"start":{"line":69,"column":4},"end":{"line":69,"column":4}},{"start":{"line":69,"column":4},"end":{"line":69,"column":4}}]},"4":{"line":69,"type":"binary-expr","locations":[{"start":{"line":69,"column":8},"end":{"line":69,"column":15}},{"start":{"line":69,"column":19},"end":{"line":69,"column":49}},{"start":{"line":69,"column":53},"end":{"line":69,"column":60}},{"start":{"line":69,"column":64},"end":{"line":69,"column":77}}]},"5":{"line":71,"type":"if","locations":[{"start":{"line":71,"column":12},"end":{"line":71,"column":12}},{"start":{"line":71,"column":12},"end":{"line":71,"column":12}}]},"6":{"line":90,"type":"binary-expr","locations":[{"start":{"line":90,"column":14},"end":{"line":90,"column":21}},{"start":{"line":90,"column":25},"end":{"line":90,"column":27}}]},"7":{"line":93,"type":"cond-expr","locations":[{"start":{"line":94,"column":60},"end":{"line":94,"column":80}},{"start":{"line":94,"column":83},"end":{"line":94,"column":87}}]},"8":{"line":93,"type":"binary-expr","locations":[{"start":{"line":93,"column":23},"end":{"line":93,"column":43}},{"start":{"line":94,"column":15},"end":{"line":94,"column":57}}]},"9":{"line":98,"type":"if","locations":[{"start":{"line":98,"column":8},"end":{"line":98,"column":8}},{"start":{"line":98,"column":8},"end":{"line":98,"column":8}}]},"10":{"line":103,"type":"if","locations":[{"start":{"line":103,"column":8},"end":{"line":103,"column":8}},{"start":{"line":103,"column":8},"end":{"line":103,"column":8}}]},"11":{"line":133,"type":"binary-expr","locations":[{"start":{"line":133,"column":11},"end":{"line":133,"column":15}},{"start":{"line":133,"column":19},"end":{"line":133,"column":21}}]}}},"/Users/ananthk/tmp/istanbul/lib/command/help.js":{"path":"/Users/ananthk/tmp/istanbul/lib/command/help.js","s":{"1":1,"2":1,"3":6,"4":1,"5":1,"6":1,"7":5,"8":4,"9":4,"10":4,"11":4,"12":20,"13":20,"14":20,"15":4,"16":4,"17":4,"18":7,"19":7,"20":1,"21":6,"22":6,"23":4,"24":2,"25":2,"26":1},"b":{"1":[1,6]},"f":{"1":6,"2":5,"3":4,"4":20,"5":7},"fnMap":{"1":{"name":"HelpCommand","line":11,"loc":{"start":{"line":11,"column":0},"end":{"line":11,"column":23}}},"2":{"name":"(anonymous_2)","line":19,"loc":{"start":{"line":19,"column":14},"end":{"line":19,"column":26}}},"3":{"name":"(anonymous_3)","line":23,"loc":{"start":{"line":23,"column":11},"end":{"line":23,"column":23}}},"4":{"name":"(anonymous_4)","line":29,"loc":{"start":{"line":29,"column":41},"end":{"line":29,"column":56}}},"5":{"name":"(anonymous_5)","line":38,"loc":{"start":{"line":38,"column":9},"end":{"line":38,"column":25}}}},"statementMap":{"1":{"start":{"line":6,"column":0},"end":{"line":9,"column":45}},"2":{"start":{"line":11,"column":0},"end":{"line":13,"column":1}},"3":{"start":{"line":12,"column":4},"end":{"line":12,"column":23}},"4":{"start":{"line":15,"column":0},"end":{"line":15,"column":26}},"5":{"start":{"line":16,"column":0},"end":{"line":16,"column":36}},"6":{"start":{"line":18,"column":0},"end":{"line":52,"column":3}},"7":{"start":{"line":20,"column":8},"end":{"line":20,"column":28}},"8":{"start":{"line":25,"column":8},"end":{"line":25,"column":90}},"9":{"start":{"line":26,"column":8},"end":{"line":26,"column":51}},"10":{"start":{"line":28,"column":8},"end":{"line":28,"column":23}},"11":{"start":{"line":29,"column":8},"end":{"line":33,"column":11}},"12":{"start":{"line":30,"column":12},"end":{"line":30,"column":45}},"13":{"start":{"line":31,"column":12},"end":{"line":31,"column":68}},"14":{"start":{"line":32,"column":12},"end":{"line":32,"column":32}},"15":{"start":{"line":34,"column":8},"end":{"line":34,"column":101}},"16":{"start":{"line":35,"column":8},"end":{"line":35,"column":63}},"17":{"start":{"line":36,"column":8},"end":{"line":36,"column":28}},"18":{"start":{"line":39,"column":8},"end":{"line":39,"column":20}},"19":{"start":{"line":40,"column":8},"end":{"line":50,"column":9}},"20":{"start":{"line":41,"column":12},"end":{"line":41,"column":25}},"21":{"start":{"line":43,"column":12},"end":{"line":49,"column":13}},"22":{"start":{"line":44,"column":16},"end":{"line":44,"column":50}},"23":{"start":{"line":45,"column":16},"end":{"line":45,"column":79}},"24":{"start":{"line":47,"column":16},"end":{"line":47,"column":61}},"25":{"start":{"line":48,"column":16},"end":{"line":48,"column":29}},"26":{"start":{"line":55,"column":0},"end":{"line":55,"column":29}}},"branchMap":{"1":{"line":40,"type":"if","locations":[{"start":{"line":40,"column":8},"end":{"line":40,"column":8}},{"start":{"line":40,"column":8},"end":{"line":40,"column":8}}]}}},"/Users/ananthk/tmp/istanbul/index.js":{"path":"/Users/ananthk/tmp/istanbul/index.js","s":{"1":1,"2":1,"3":1},"b":{},"f":{},"fnMap":{},"statementMap":{"1":{"start":{"line":14,"column":0},"end":{"line":18,"column":38}},"2":{"start":{"line":20,"column":0},"end":{"line":20,"column":34}},"3":{"start":{"line":34,"column":0},"end":{"line":106,"column":2}}},"branchMap":{}},"/Users/ananthk/tmp/istanbul/lib/util/meta.js":{"path":"/Users/ananthk/tmp/istanbul/lib/util/meta.js","s":{"1":1,"2":1},"b":{},"f":{},"fnMap":{},"statementMap":{"1":{"start":{"line":6,"column":0},"end":{"line":8,"column":99}},"2":{"start":{"line":10,"column":0},"end":{"line":13,"column":2}}},"branchMap":{}},"/Users/ananthk/tmp/istanbul/lib/command/instrument.js":{"path":"/Users/ananthk/tmp/istanbul/lib/command/instrument.js","s":{"1":1,"2":1,"3":0,"4":0,"5":0,"6":0,"7":0,"8":0,"9":0,"10":0,"11":0,"12":0,"13":0,"14":0,"15":0,"16":0,"17":0,"18":0,"19":0,"20":0,"21":0,"22":0,"23":0,"24":0,"25":0,"26":0,"27":0,"28":0,"29":0,"30":0,"31":0,"32":1,"33":6,"34":1,"35":1,"36":1,"37":5,"38":2,"39":2,"40":0,"41":0,"42":0,"43":0,"44":0,"45":0,"46":0,"47":0,"48":0,"49":0,"50":0,"51":0,"52":0,"53":0,"54":0,"55":0,"56":0,"57":0,"58":0,"59":0,"60":0,"61":0,"62":0,"63":0,"64":0,"65":1},"b":{"1":[0,0],"2":[0,0],"3":[0,0],"4":[0,0],"5":[0,0],"6":[0,0],"7":[0,0],"8":[0,0],"9":[0,0],"10":[0,0],"11":[0,0],"12":[0,0],"13":[0,0],"14":[0,0],"15":[0,0]},"f":{"1":0,"2":0,"3":0,"4":0,"5":0,"6":0,"7":0,"8":6,"9":5,"10":2,"11":0,"12":0},"fnMap":{"1":{"name":"processFiles","line":19,"loc":{"start":{"line":19,"column":0},"end":{"line":19,"column":72}}},"2":{"name":"(anonymous_2)","line":20,"loc":{"start":{"line":20,"column":20},"end":{"line":20,"column":46}}},"3":{"name":"(anonymous_3)","line":26,"loc":{"start":{"line":26,"column":43},"end":{"line":26,"column":64}}},"4":{"name":"(anonymous_4)","line":28,"loc":{"start":{"line":28,"column":57},"end":{"line":28,"column":87}}},"5":{"name":"(anonymous_5)","line":30,"loc":{"start":{"line":30,"column":67},"end":{"line":30,"column":82}}},"6":{"name":"(anonymous_6)","line":41,"loc":{"start":{"line":41,"column":26},"end":{"line":41,"column":47}}},"7":{"name":"(anonymous_7)","line":57,"loc":{"start":{"line":57,"column":14},"end":{"line":57,"column":26}}},"8":{"name":"InstrumentCommand","line":68,"loc":{"start":{"line":68,"column":0},"end":{"line":68,"column":29}}},"9":{"name":"synopsis","line":76,"loc":{"start":{"line":76,"column":14},"end":{"line":76,"column":34}}},"10":{"name":"(anonymous_10)","line":80,"loc":{"start":{"line":80,"column":11},"end":{"line":80,"column":23}}},"11":{"name":"(anonymous_11)","line":92,"loc":{"start":{"line":92,"column":9},"end":{"line":92,"column":25}}},"12":{"name":"(anonymous_12)","line":134,"loc":{"start":{"line":134,"column":15},"end":{"line":134,"column":37}}}},"statementMap":{"1":{"start":{"line":6,"column":0},"end":{"line":17,"column":12}},"2":{"start":{"line":19,"column":0},"end":{"line":65,"column":1}},"3":{"start":{"line":20,"column":4},"end":{"line":39,"column":41}},"4":{"start":{"line":21,"column":12},"end":{"line":23,"column":48}},"5":{"start":{"line":25,"column":12},"end":{"line":25,"column":30}},"6":{"start":{"line":26,"column":12},"end":{"line":34,"column":15}},"7":{"start":{"line":27,"column":16},"end":{"line":27,"column":56}},"8":{"start":{"line":27,"column":27},"end":{"line":27,"column":54}},"9":{"start":{"line":28,"column":16},"end":{"line":33,"column":19}},"10":{"start":{"line":29,"column":20},"end":{"line":29,"column":62}},"11":{"start":{"line":29,"column":32},"end":{"line":29,"column":60}},"12":{"start":{"line":30,"column":20},"end":{"line":32,"column":23}},"13":{"start":{"line":31,"column":24},"end":{"line":31,"column":51}},"14":{"start":{"line":41,"column":4},"end":{"line":55,"column":7}},"15":{"start":{"line":42,"column":8},"end":{"line":42,"column":34}},"16":{"start":{"line":43,"column":8},"end":{"line":48,"column":9}},"17":{"start":{"line":44,"column":12},"end":{"line":44,"column":78}},"18":{"start":{"line":45,"column":12},"end":{"line":45,"column":53}},"19":{"start":{"line":46,"column":12},"end":{"line":46,"column":55}},"20":{"start":{"line":47,"column":12},"end":{"line":47,"column":69}},"21":{"start":{"line":49,"column":8},"end":{"line":53,"column":9}},"22":{"start":{"line":50,"column":12},"end":{"line":50,"column":46}},"23":{"start":{"line":52,"column":12},"end":{"line":52,"column":65}},"24":{"start":{"line":52,"column":37},"end":{"line":52,"column":63}},"25":{"start":{"line":54,"column":8},"end":{"line":54,"column":19}},"26":{"start":{"line":57,"column":4},"end":{"line":64,"column":6}},"27":{"start":{"line":58,"column":8},"end":{"line":58,"column":43}},"28":{"start":{"line":59,"column":8},"end":{"line":59,"column":114}},"29":{"start":{"line":60,"column":8},"end":{"line":63,"column":9}},"30":{"start":{"line":61,"column":12},"end":{"line":61,"column":104}},"31":{"start":{"line":62,"column":12},"end":{"line":62,"column":32}},"32":{"start":{"line":68,"column":0},"end":{"line":70,"column":1}},"33":{"start":{"line":69,"column":4},"end":{"line":69,"column":23}},"34":{"start":{"line":72,"column":0},"end":{"line":72,"column":38}},"35":{"start":{"line":73,"column":0},"end":{"line":73,"column":42}},"36":{"start":{"line":75,"column":0},"end":{"line":148,"column":3}},"37":{"start":{"line":77,"column":8},"end":{"line":77,"column":120}},"38":{"start":{"line":81,"column":8},"end":{"line":88,"column":35}},"39":{"start":{"line":89,"column":8},"end":{"line":89,"column":28}},"40":{"start":{"line":94,"column":8},"end":{"line":107,"column":81}},"41":{"start":{"line":109,"column":8},"end":{"line":109,"column":31}},"42":{"start":{"line":110,"column":8},"end":{"line":112,"column":9}},"43":{"start":{"line":111,"column":12},"end":{"line":111,"column":111}},"44":{"start":{"line":113,"column":8},"end":{"line":115,"column":9}},"45":{"start":{"line":114,"column":12},"end":{"line":114,"column":32}},"46":{"start":{"line":117,"column":8},"end":{"line":121,"column":11}},"47":{"start":{"line":123,"column":8},"end":{"line":123,"column":40}},"48":{"start":{"line":124,"column":8},"end":{"line":124,"column":34}},"49":{"start":{"line":125,"column":8},"end":{"line":146,"column":9}},"50":{"start":{"line":126,"column":12},"end":{"line":126,"column":124}},"51":{"start":{"line":126,"column":32},"end":{"line":126,"column":122}},"52":{"start":{"line":127,"column":12},"end":{"line":127,"column":127}},"53":{"start":{"line":127,"column":40},"end":{"line":127,"column":125}},"54":{"start":{"line":128,"column":12},"end":{"line":128,"column":37}},"55":{"start":{"line":129,"column":12},"end":{"line":137,"column":15}},"56":{"start":{"line":135,"column":16},"end":{"line":135,"column":39}},"57":{"start":{"line":135,"column":27},"end":{"line":135,"column":37}},"58":{"start":{"line":136,"column":16},"end":{"line":136,"column":69}},"59":{"start":{"line":139,"column":12},"end":{"line":143,"column":13}},"60":{"start":{"line":140,"column":16},"end":{"line":140,"column":59}},"61":{"start":{"line":142,"column":16},"end":{"line":142,"column":40}},"62":{"start":{"line":144,"column":12},"end":{"line":144,"column":91}},"63":{"start":{"line":145,"column":12},"end":{"line":145,"column":47}},"64":{"start":{"line":145,"column":18},"end":{"line":145,"column":31}},"65":{"start":{"line":150,"column":0},"end":{"line":150,"column":35}}},"branchMap":{"1":{"line":27,"type":"if","locations":[{"start":{"line":27,"column":16},"end":{"line":27,"column":16}},{"start":{"line":27,"column":16},"end":{"line":27,"column":16}}]},"2":{"line":29,"type":"if","locations":[{"start":{"line":29,"column":20},"end":{"line":29,"column":20}},{"start":{"line":29,"column":20},"end":{"line":29,"column":20}}]},"3":{"line":43,"type":"if","locations":[{"start":{"line":43,"column":8},"end":{"line":43,"column":8}},{"start":{"line":43,"column":8},"end":{"line":43,"column":8}}]},"4":{"line":44,"type":"binary-expr","locations":[{"start":{"line":44,"column":45},"end":{"line":44,"column":56}},{"start":{"line":44,"column":60},"end":{"line":44,"column":74}}]},"5":{"line":49,"type":"if","locations":[{"start":{"line":49,"column":8},"end":{"line":49,"column":8}},{"start":{"line":49,"column":8},"end":{"line":49,"column":8}}]},"6":{"line":52,"type":"if","locations":[{"start":{"line":52,"column":12},"end":{"line":52,"column":12}},{"start":{"line":52,"column":12},"end":{"line":52,"column":12}}]},"7":{"line":60,"type":"if","locations":[{"start":{"line":60,"column":8},"end":{"line":60,"column":8}},{"start":{"line":60,"column":8},"end":{"line":60,"column":8}}]},"8":{"line":110,"type":"if","locations":[{"start":{"line":110,"column":8},"end":{"line":110,"column":8}},{"start":{"line":110,"column":8},"end":{"line":110,"column":8}}]},"9":{"line":113,"type":"if","locations":[{"start":{"line":113,"column":8},"end":{"line":113,"column":8}},{"start":{"line":113,"column":8},"end":{"line":113,"column":8}}]},"10":{"line":125,"type":"if","locations":[{"start":{"line":125,"column":8},"end":{"line":125,"column":8}},{"start":{"line":125,"column":8},"end":{"line":125,"column":8}}]},"11":{"line":126,"type":"if","locations":[{"start":{"line":126,"column":12},"end":{"line":126,"column":12}},{"start":{"line":126,"column":12},"end":{"line":126,"column":12}}]},"12":{"line":127,"type":"if","locations":[{"start":{"line":127,"column":12},"end":{"line":127,"column":12}},{"start":{"line":127,"column":12},"end":{"line":127,"column":12}}]},"13":{"line":132,"type":"binary-expr","locations":[{"start":{"line":132,"column":26},"end":{"line":132,"column":32}},{"start":{"line":132,"column":36},"end":{"line":132,"column":58}}]},"14":{"line":135,"type":"if","locations":[{"start":{"line":135,"column":16},"end":{"line":135,"column":16}},{"start":{"line":135,"column":16},"end":{"line":135,"column":16}}]},"15":{"line":139,"type":"if","locations":[{"start":{"line":139,"column":12},"end":{"line":139,"column":12}},{"start":{"line":139,"column":12},"end":{"line":139,"column":12}}]}}},"/Users/ananthk/tmp/istanbul/lib/command/report.js":{"path":"/Users/ananthk/tmp/istanbul/lib/command/report.js","s":{"1":1,"2":1,"3":6,"4":1,"5":1,"6":1,"7":5,"8":2,"9":2,"10":2,"11":2,"12":2,"13":0,"14":0,"15":0,"16":0,"17":0,"18":0,"19":0,"20":0,"21":0,"22":0,"23":0,"24":0,"25":0,"26":0,"27":0,"28":0,"29":0,"30":0,"31":0,"32":1},"b":{"1":[0,0],"2":[0,0],"3":[0,0],"4":[0,0],"5":[0,0]},"f":{"1":6,"2":5,"3":2,"4":0,"5":0,"6":0},"fnMap":{"1":{"name":"ReportCommand","line":17,"loc":{"start":{"line":17,"column":0},"end":{"line":17,"column":25}}},"2":{"name":"(anonymous_2)","line":25,"loc":{"start":{"line":25,"column":14},"end":{"line":25,"column":26}}},"3":{"name":"(anonymous_3)","line":29,"loc":{"start":{"line":29,"column":11},"end":{"line":29,"column":23}}},"4":{"name":"(anonymous_4)","line":45,"loc":{"start":{"line":45,"column":9},"end":{"line":45,"column":25}}},"5":{"name":"(anonymous_5)","line":80,"loc":{"start":{"line":80,"column":11},"end":{"line":80,"column":33}}},"6":{"name":"(anonymous_6)","line":82,"loc":{"start":{"line":82,"column":26},"end":{"line":82,"column":42}}}},"statementMap":{"1":{"start":{"line":6,"column":0},"end":{"line":15,"column":33}},"2":{"start":{"line":17,"column":0},"end":{"line":19,"column":1}},"3":{"start":{"line":18,"column":4},"end":{"line":18,"column":23}},"4":{"start":{"line":21,"column":0},"end":{"line":21,"column":30}},"5":{"start":{"line":22,"column":0},"end":{"line":22,"column":38}},"6":{"start":{"line":24,"column":0},"end":{"line":91,"column":3}},"7":{"start":{"line":26,"column":8},"end":{"line":26,"column":85}},"8":{"start":{"line":30,"column":8},"end":{"line":35,"column":35}},"9":{"start":{"line":37,"column":8},"end":{"line":37,"column":28}},"10":{"start":{"line":39,"column":8},"end":{"line":39,"column":102}},"11":{"start":{"line":40,"column":8},"end":{"line":40,"column":177}},"12":{"start":{"line":42,"column":8},"end":{"line":42,"column":28}},"13":{"start":{"line":47,"column":8},"end":{"line":58,"column":40}},"14":{"start":{"line":60,"column":8},"end":{"line":62,"column":9}},"15":{"start":{"line":61,"column":12},"end":{"line":61,"column":32}},"16":{"start":{"line":64,"column":8},"end":{"line":66,"column":9}},"17":{"start":{"line":65,"column":12},"end":{"line":65,"column":43}},"18":{"start":{"line":68,"column":8},"end":{"line":68,"column":71}},"19":{"start":{"line":70,"column":8},"end":{"line":74,"column":9}},"20":{"start":{"line":71,"column":12},"end":{"line":71,"column":48}},"21":{"start":{"line":73,"column":12},"end":{"line":73,"column":75}},"22":{"start":{"line":76,"column":8},"end":{"line":76,"column":42}},"23":{"start":{"line":77,"column":8},"end":{"line":89,"column":11}},"24":{"start":{"line":81,"column":12},"end":{"line":81,"column":35}},"25":{"start":{"line":81,"column":23},"end":{"line":81,"column":33}},"26":{"start":{"line":82,"column":12},"end":{"line":85,"column":15}},"27":{"start":{"line":83,"column":16},"end":{"line":83,"column":80}},"28":{"start":{"line":84,"column":16},"end":{"line":84,"column":46}},"29":{"start":{"line":86,"column":12},"end":{"line":86,"column":56}},"30":{"start":{"line":87,"column":12},"end":{"line":87,"column":44}},"31":{"start":{"line":88,"column":12},"end":{"line":88,"column":32}},"32":{"start":{"line":93,"column":0},"end":{"line":93,"column":31}}},"branchMap":{"1":{"line":60,"type":"if","locations":[{"start":{"line":60,"column":8},"end":{"line":60,"column":8}},{"start":{"line":60,"column":8},"end":{"line":60,"column":8}}]},"2":{"line":64,"type":"if","locations":[{"start":{"line":64,"column":8},"end":{"line":64,"column":8}},{"start":{"line":64,"column":8},"end":{"line":64,"column":8}}]},"3":{"line":68,"type":"binary-expr","locations":[{"start":{"line":68,"column":19},"end":{"line":68,"column":27}},{"start":{"line":68,"column":31},"end":{"line":68,"column":70}}]},"4":{"line":76,"type":"binary-expr","locations":[{"start":{"line":76,"column":15},"end":{"line":76,"column":24}},{"start":{"line":76,"column":28},"end":{"line":76,"column":41}}]},"5":{"line":81,"type":"if","locations":[{"start":{"line":81,"column":12},"end":{"line":81,"column":12}},{"start":{"line":81,"column":12},"end":{"line":81,"column":12}}]}}},"/Users/ananthk/tmp/istanbul/lib/command/test.js":{"path":"/Users/ananthk/tmp/istanbul/lib/command/test.js","s":{"1":1,"2":1,"3":6,"4":1,"5":1,"6":1,"7":5,"8":2,"9":0,"10":1},"b":{},"f":{"1":6,"2":5,"3":2,"4":0},"fnMap":{"1":{"name":"TestCommand","line":10,"loc":{"start":{"line":10,"column":0},"end":{"line":10,"column":23}}},"2":{"name":"(anonymous_2)","line":18,"loc":{"start":{"line":18,"column":14},"end":{"line":18,"column":26}}},"3":{"name":"(anonymous_3)","line":22,"loc":{"start":{"line":22,"column":11},"end":{"line":22,"column":23}}},"4":{"name":"(anonymous_4)","line":26,"loc":{"start":{"line":26,"column":9},"end":{"line":26,"column":25}}}},"statementMap":{"1":{"start":{"line":6,"column":0},"end":{"line":8,"column":33}},"2":{"start":{"line":10,"column":0},"end":{"line":12,"column":1}},"3":{"start":{"line":11,"column":4},"end":{"line":11,"column":23}},"4":{"start":{"line":14,"column":0},"end":{"line":14,"column":26}},"5":{"start":{"line":15,"column":0},"end":{"line":15,"column":36}},"6":{"start":{"line":17,"column":0},"end":{"line":29,"column":3}},"7":{"start":{"line":19,"column":8},"end":{"line":19,"column":129}},"8":{"start":{"line":23,"column":8},"end":{"line":23,"column":57}},"9":{"start":{"line":27,"column":8},"end":{"line":27,"column":79}},"10":{"start":{"line":31,"column":0},"end":{"line":31,"column":29}}},"branchMap":{}}}