{"/Users/ananthk/code/istanbul/lib/register-plugins.js":{"path":"/Users/ananthk/code/istanbul/lib/register-plugins.js","s":{"1":1,"2":1,"3":1,"4":1},"b":{},"f":{},"fnMap":{},"statementMap":{"1":{"start":{"line":6,"column":0},"end":{"line":8,"column":35}},"2":{"start":{"line":10,"column":0},"end":{"line":10,"column":16}},"3":{"start":{"line":11,"column":0},"end":{"line":11,"column":17}},"4":{"start":{"line":12,"column":0},"end":{"line":12,"column":18}}},"branchMap":{}},"/Users/ananthk/code/istanbul/lib/store/index.js":{"path":"/Users/ananthk/code/istanbul/lib/store/index.js","s":{"1":1,"2":1,"3":1,"4":1,"5":1,"6":1,"7":1,"8":1,"9":65,"10":33,"11":1},"b":{},"f":{"1":16,"2":1,"3":1,"4":1,"5":1,"6":1,"7":65,"8":33},"fnMap":{"1":{"name":"Store","line":42,"loc":{"start":{"line":42,"column":0},"end":{"line":42,"column":24}}},"2":{"name":"(anonymous_2)","line":73,"loc":{"start":{"line":73,"column":9},"end":{"line":73,"column":34}}},"3":{"name":"(anonymous_3)","line":81,"loc":{"start":{"line":81,"column":9},"end":{"line":81,"column":24}}},"4":{"name":"(anonymous_4)","line":87,"loc":{"start":{"line":87,"column":10},"end":{"line":87,"column":22}}},"5":{"name":"(anonymous_5)","line":94,"loc":{"start":{"line":94,"column":12},"end":{"line":94,"column":27}}},"6":{"name":"(anonymous_6)","line":99,"loc":{"start":{"line":99,"column":13},"end":{"line":99,"column":25}}},"7":{"name":"(anonymous_7)","line":107,"loc":{"start":{"line":107,"column":15},"end":{"line":107,"column":30}}},"8":{"name":"(anonymous_8)","line":116,"loc":{"start":{"line":116,"column":15},"end":{"line":116,"column":38}}}},"statementMap":{"1":{"start":{"line":7,"column":0},"end":{"line":8,"column":53}},"2":{"start":{"line":42,"column":0},"end":{"line":42,"column":26}},"3":{"start":{"line":45,"column":0},"end":{"line":45,"column":32}},"4":{"start":{"line":63,"column":0},"end":{"line":119,"column":2}},"5":{"start":{"line":73,"column":36},"end":{"line":73,"column":79}},"6":{"start":{"line":81,"column":26},"end":{"line":81,"column":69}},"7":{"start":{"line":87,"column":24},"end":{"line":87,"column":68}},"8":{"start":{"line":94,"column":29},"end":{"line":94,"column":75}},"9":{"start":{"line":108,"column":8},"end":{"line":108,"column":41}},"10":{"start":{"line":117,"column":8},"end":{"line":117,"column":53}},"11":{"start":{"line":121,"column":0},"end":{"line":121,"column":23}}},"branchMap":{}},"/Users/ananthk/code/istanbul/lib/util/factory.js":{"path":"/Users/ananthk/code/istanbul/lib/util/factory.js","s":{"1":1,"2":1,"3":3,"4":3,"5":3,"6":3,"7":3,"8":1,"9":11,"10":11,"11":11,"12":37,"13":1,"14":37,"15":15,"16":15,"17":1,"18":14,"19":14,"20":44,"21":44,"22":44,"23":4,"24":40,"25":3,"26":3,"27":17,"28":12,"29":12,"30":0,"31":0,"32":0,"33":3,"34":3,"35":3,"36":3,"37":3,"38":3,"39":3,"40":1,"41":1,"42":12,"43":39,"44":1},"b":{"1":[1,36],"2":[1,14],"3":[33,11],"4":[41,3],"5":[4,40],"6":[12,5],"7":[17,14],"8":[1,2]},"f":{"1":3,"2":11,"3":37,"4":15,"5":44,"6":3,"7":17,"8":3,"9":12,"10":39},"fnMap":{"1":{"name":"Factory","line":11,"loc":{"start":{"line":11,"column":0},"end":{"line":11,"column":48}}},"2":{"name":"(anonymous_2)","line":21,"loc":{"start":{"line":21,"column":16},"end":{"line":21,"column":28}}},"3":{"name":"(anonymous_3)","line":27,"loc":{"start":{"line":27,"column":13},"end":{"line":27,"column":40}}},"4":{"name":"(anonymous_4)","line":34,"loc":{"start":{"line":34,"column":14},"end":{"line":34,"column":37}}},"5":{"name":"(anonymous_5)","line":41,"loc":{"start":{"line":41,"column":12},"end":{"line":41,"column":34}}},"6":{"name":"(anonymous_6)","line":51,"loc":{"start":{"line":51,"column":18},"end":{"line":51,"column":33}}},"7":{"name":"(anonymous_7)","line":53,"loc":{"start":{"line":53,"column":36},"end":{"line":53,"column":52}}},"8":{"name":"(anonymous_8)","line":66,"loc":{"start":{"line":66,"column":22},"end":{"line":66,"column":38}}},"9":{"name":"(anonymous_9)","line":81,"loc":{"start":{"line":81,"column":14},"end":{"line":81,"column":37}}},"10":{"name":"(anonymous_10)","line":82,"loc":{"start":{"line":82,"column":31},"end":{"line":82,"column":46}}}},"statementMap":{"1":{"start":{"line":6,"column":0},"end":{"line":9,"column":31}},"2":{"start":{"line":11,"column":0},"end":{"line":17,"column":1}},"3":{"start":{"line":12,"column":4},"end":{"line":12,"column":21}},"4":{"start":{"line":13,"column":4},"end":{"line":13,"column":19}},"5":{"start":{"line":14,"column":4},"end":{"line":14,"column":49}},"6":{"start":{"line":15,"column":4},"end":{"line":15,"column":23}},"7":{"start":{"line":16,"column":4},"end":{"line":16,"column":30}},"8":{"start":{"line":19,"column":0},"end":{"line":79,"column":2}},"9":{"start":{"line":22,"column":8},"end":{"line":22,"column":46}},"10":{"start":{"line":23,"column":8},"end":{"line":23,"column":20}},"11":{"start":{"line":24,"column":8},"end":{"line":24,"column":20}},"12":{"start":{"line":28,"column":8},"end":{"line":30,"column":9}},"13":{"start":{"line":29,"column":12},"end":{"line":29,"column":59}},"14":{"start":{"line":31,"column":8},"end":{"line":31,"column":51}},"15":{"start":{"line":35,"column":8},"end":{"line":35,"column":36}},"16":{"start":{"line":36,"column":8},"end":{"line":36,"column":140}},"17":{"start":{"line":36,"column":21},"end":{"line":36,"column":138}},"18":{"start":{"line":37,"column":8},"end":{"line":37,"column":42}},"19":{"start":{"line":38,"column":8},"end":{"line":38,"column":34}},"20":{"start":{"line":42,"column":8},"end":{"line":44,"column":17}},"21":{"start":{"line":46,"column":8},"end":{"line":46,"column":57}},"22":{"start":{"line":47,"column":8},"end":{"line":47,"column":135}},"23":{"start":{"line":47,"column":21},"end":{"line":47,"column":133}},"24":{"start":{"line":48,"column":8},"end":{"line":48,"column":30}},"25":{"start":{"line":52,"column":8},"end":{"line":52,"column":24}},"26":{"start":{"line":53,"column":8},"end":{"line":63,"column":11}},"27":{"start":{"line":54,"column":12},"end":{"line":62,"column":13}},"28":{"start":{"line":55,"column":16},"end":{"line":61,"column":17}},"29":{"start":{"line":56,"column":20},"end":{"line":56,"column":68}},"30":{"start":{"line":58,"column":20},"end":{"line":58,"column":46}},"31":{"start":{"line":59,"column":20},"end":{"line":59,"column":44}},"32":{"start":{"line":60,"column":20},"end":{"line":60,"column":94}},"33":{"start":{"line":67,"column":8},"end":{"line":68,"column":50}},"34":{"start":{"line":70,"column":8},"end":{"line":70,"column":31}},"35":{"start":{"line":71,"column":8},"end":{"line":71,"column":49}},"36":{"start":{"line":72,"column":8},"end":{"line":72,"column":45}},"37":{"start":{"line":73,"column":8},"end":{"line":73,"column":62}},"38":{"start":{"line":74,"column":8},"end":{"line":74,"column":68}},"39":{"start":{"line":75,"column":8},"end":{"line":77,"column":9}},"40":{"start":{"line":76,"column":12},"end":{"line":76,"column":73}},"41":{"start":{"line":81,"column":0},"end":{"line":85,"column":2}},"42":{"start":{"line":82,"column":4},"end":{"line":84,"column":7}},"43":{"start":{"line":83,"column":8},"end":{"line":83,"column":41}},"44":{"start":{"line":87,"column":0},"end":{"line":87,"column":25}}},"branchMap":{"1":{"line":28,"type":"if","locations":[{"start":{"line":28,"column":8},"end":{"line":28,"column":8}},{"start":{"line":28,"column":8},"end":{"line":28,"column":8}}]},"2":{"line":36,"type":"if","locations":[{"start":{"line":36,"column":8},"end":{"line":36,"column":8}},{"start":{"line":36,"column":8},"end":{"line":36,"column":8}}]},"3":{"line":43,"type":"cond-expr","locations":[{"start":{"line":43,"column":37},"end":{"line":43,"column":55}},{"start":{"line":43,"column":58},"end":{"line":43,"column":62}}]},"4":{"line":46,"type":"cond-expr","locations":[{"start":{"line":46,"column":26},"end":{"line":46,"column":49}},{"start":{"line":46,"column":52},"end":{"line":46,"column":56}}]},"5":{"line":47,"type":"if","locations":[{"start":{"line":47,"column":8},"end":{"line":47,"column":8}},{"start":{"line":47,"column":8},"end":{"line":47,"column":8}}]},"6":{"line":54,"type":"if","locations":[{"start":{"line":54,"column":12},"end":{"line":54,"column":12}},{"start":{"line":54,"column":12},"end":{"line":54,"column":12}}]},"7":{"line":54,"type":"binary-expr","locations":[{"start":{"line":54,"column":16},"end":{"line":54,"column":35}},{"start":{"line":54,"column":39},"end":{"line":54,"column":78}}]},"8":{"line":75,"type":"if","locations":[{"start":{"line":75,"column":8},"end":{"line":75,"column":8}},{"start":{"line":75,"column":8},"end":{"line":75,"column":8}}]}}},"/Users/ananthk/code/istanbul/lib/report/index.js":{"path":"/Users/ananthk/code/istanbul/lib/report/index.js","s":{"1":1,"2":1,"3":1,"4":1,"5":1,"6":1},"b":{},"f":{"1":9,"2":1},"fnMap":{"1":{"name":"Report","line":27,"loc":{"start":{"line":27,"column":0},"end":{"line":27,"column":25}}},"2":{"name":"(anonymous_2)","line":54,"loc":{"start":{"line":54,"column":17},"end":{"line":54,"column":44}}}},"statementMap":{"1":{"start":{"line":7,"column":0},"end":{"line":8,"column":54}},"2":{"start":{"line":27,"column":0},"end":{"line":27,"column":27}},"3":{"start":{"line":29,"column":0},"end":{"line":29,"column":33}},"4":{"start":{"line":47,"column":0},"end":{"line":57,"column":2}},"5":{"start":{"line":55,"column":8},"end":{"line":55,"column":59}},"6":{"start":{"line":59,"column":0},"end":{"line":59,"column":24}}},"branchMap":{}},"/Users/ananthk/code/istanbul/lib/command/index.js":{"path":"/Users/ananthk/code/istanbul/lib/command/index.js","s":{"1":1,"2":1,"3":1,"4":1,"5":16,"6":12,"7":0,"8":0,"9":0,"10":1},"b":{},"f":{"1":30,"2":16,"3":12,"4":0,"5":0,"6":0},"fnMap":{"1":{"name":"Command","line":10,"loc":{"start":{"line":10,"column":0},"end":{"line":10,"column":19}}},"2":{"name":"(anonymous_2)","line":15,"loc":{"start":{"line":15,"column":14},"end":{"line":15,"column":26}}},"3":{"name":"(anonymous_3)","line":19,"loc":{"start":{"line":19,"column":10},"end":{"line":19,"column":22}}},"4":{"name":"(anonymous_4)","line":22,"loc":{"start":{"line":22,"column":14},"end":{"line":22,"column":26}}},"5":{"name":"(anonymous_5)","line":25,"loc":{"start":{"line":25,"column":11},"end":{"line":25,"column":23}}},"6":{"name":"(anonymous_6)","line":28,"loc":{"start":{"line":28,"column":9},"end":{"line":28,"column":25}}}},"statementMap":{"1":{"start":{"line":7,"column":0},"end":{"line":8,"column":54}},"2":{"start":{"line":10,"column":0},"end":{"line":10,"column":21}},"3":{"start":{"line":12,"column":0},"end":{"line":12,"column":34}},"4":{"start":{"line":14,"column":0},"end":{"line":31,"column":2}},"5":{"start":{"line":16,"column":8},"end":{"line":16,"column":44}},"6":{"start":{"line":20,"column":8},"end":{"line":20,"column":37}},"7":{"start":{"line":23,"column":8},"end":{"line":23,"column":101}},"8":{"start":{"line":26,"column":8},"end":{"line":26,"column":100}},"9":{"start":{"line":29,"column":8},"end":{"line":29,"column":87}},"10":{"start":{"line":33,"column":0},"end":{"line":33,"column":25}}},"branchMap":{}},"/Users/ananthk/code/istanbul/lib/store/fslookup.js":{"path":"/Users/ananthk/code/istanbul/lib/store/fslookup.js","s":{"1":1,"2":1,"3":6,"4":1,"5":1,"6":1,"7":1,"8":19,"9":5,"10":5,"11":5,"12":3,"13":2,"14":2,"15":1,"16":1,"17":1},"b":{"1":[1,1]},"f":{"1":6,"2":1,"3":19,"4":5,"5":2},"fnMap":{"1":{"name":"LookupStore","line":27,"loc":{"start":{"line":27,"column":0},"end":{"line":27,"column":27}}},"2":{"name":"(anonymous_2)","line":35,"loc":{"start":{"line":35,"column":10},"end":{"line":35,"column":22}}},"3":{"name":"(anonymous_3)","line":38,"loc":{"start":{"line":38,"column":9},"end":{"line":38,"column":24}}},"4":{"name":"(anonymous_4)","line":41,"loc":{"start":{"line":41,"column":12},"end":{"line":41,"column":27}}},"5":{"name":"(anonymous_5)","line":50,"loc":{"start":{"line":50,"column":9},"end":{"line":50,"column":34}}}},"statementMap":{"1":{"start":{"line":6,"column":0},"end":{"line":8,"column":31}},"2":{"start":{"line":27,"column":0},"end":{"line":29,"column":1}},"3":{"start":{"line":28,"column":4},"end":{"line":28,"column":27}},"4":{"start":{"line":31,"column":0},"end":{"line":31,"column":30}},"5":{"start":{"line":32,"column":0},"end":{"line":32,"column":34}},"6":{"start":{"line":34,"column":0},"end":{"line":56,"column":3}},"7":{"start":{"line":36,"column":8},"end":{"line":36,"column":18}},"8":{"start":{"line":39,"column":8},"end":{"line":39,"column":44}},"9":{"start":{"line":42,"column":8},"end":{"line":42,"column":18}},"10":{"start":{"line":43,"column":8},"end":{"line":48,"column":9}},"11":{"start":{"line":44,"column":12},"end":{"line":44,"column":37}},"12":{"start":{"line":45,"column":12},"end":{"line":45,"column":34}},"13":{"start":{"line":47,"column":12},"end":{"line":47,"column":25}},"14":{"start":{"line":51,"column":8},"end":{"line":53,"column":9}},"15":{"start":{"line":52,"column":12},"end":{"line":52,"column":111}},"16":{"start":{"line":54,"column":8},"end":{"line":54,"column":19}},"17":{"start":{"line":59,"column":0},"end":{"line":59,"column":29}}},"branchMap":{"1":{"line":51,"type":"if","locations":[{"start":{"line":51,"column":8},"end":{"line":51,"column":8}},{"start":{"line":51,"column":8},"end":{"line":51,"column":8}}]}}},"/Users/ananthk/code/istanbul/lib/store/memory.js":{"path":"/Users/ananthk/code/istanbul/lib/store/memory.js","s":{"1":1,"2":1,"3":10,"4":10,"5":1,"6":1,"7":1,"8":35,"9":68,"10":1,"11":67,"12":104,"13":17,"14":3,"15":1},"b":{"1":[1,67]},"f":{"1":10,"2":35,"3":68,"4":104,"5":17,"6":3},"fnMap":{"1":{"name":"MemoryStore","line":22,"loc":{"start":{"line":22,"column":0},"end":{"line":22,"column":23}}},"2":{"name":"(anonymous_2)","line":31,"loc":{"start":{"line":31,"column":9},"end":{"line":31,"column":34}}},"3":{"name":"(anonymous_3)","line":35,"loc":{"start":{"line":35,"column":9},"end":{"line":35,"column":24}}},"4":{"name":"(anonymous_4)","line":42,"loc":{"start":{"line":42,"column":12},"end":{"line":42,"column":27}}},"5":{"name":"(anonymous_5)","line":46,"loc":{"start":{"line":46,"column":10},"end":{"line":46,"column":22}}},"6":{"name":"(anonymous_6)","line":50,"loc":{"start":{"line":50,"column":13},"end":{"line":50,"column":25}}}},"statementMap":{"1":{"start":{"line":6,"column":0},"end":{"line":7,"column":31}},"2":{"start":{"line":22,"column":0},"end":{"line":25,"column":1}},"3":{"start":{"line":23,"column":4},"end":{"line":23,"column":21}},"4":{"start":{"line":24,"column":4},"end":{"line":24,"column":18}},"5":{"start":{"line":27,"column":0},"end":{"line":27,"column":28}},"6":{"start":{"line":28,"column":0},"end":{"line":28,"column":34}},"7":{"start":{"line":30,"column":0},"end":{"line":53,"column":3}},"8":{"start":{"line":32,"column":8},"end":{"line":32,"column":33}},"9":{"start":{"line":36,"column":8},"end":{"line":38,"column":9}},"10":{"start":{"line":37,"column":12},"end":{"line":37,"column":70}},"11":{"start":{"line":39,"column":8},"end":{"line":39,"column":29}},"12":{"start":{"line":43,"column":8},"end":{"line":43,"column":44}},"13":{"start":{"line":47,"column":8},"end":{"line":47,"column":37}},"14":{"start":{"line":51,"column":8},"end":{"line":51,"column":22}},"15":{"start":{"line":55,"column":0},"end":{"line":55,"column":29}}},"branchMap":{"1":{"line":36,"type":"if","locations":[{"start":{"line":36,"column":8},"end":{"line":36,"column":8}},{"start":{"line":36,"column":8},"end":{"line":36,"column":8}}]}}},"/Users/ananthk/code/istanbul/lib/store/tmp.js":{"path":"/Users/ananthk/code/istanbul/lib/store/tmp.js","s":{"1":1,"2":1,"3":1,"4":1,"5":1,"6":1,"7":1,"8":1,"9":1,"10":1,"11":1,"12":1,"13":1,"14":1,"15":2,"16":2,"17":2,"18":2,"19":2,"20":3,"21":3,"22":1,"23":2,"24":3,"25":4,"26":1,"27":1,"28":2,"29":1,"30":1},"b":{"1":[0,1],"2":[1,0],"3":[1,1],"4":[1,1],"5":[1,2]},"f":{"1":1,"2":1,"3":2,"4":2,"5":3,"6":3,"7":4,"8":1,"9":2},"fnMap":{"1":{"name":"makeTempDir","line":13,"loc":{"start":{"line":13,"column":0},"end":{"line":13,"column":23}}},"2":{"name":"TmpStore","line":34,"loc":{"start":{"line":34,"column":0},"end":{"line":34,"column":24}}},"3":{"name":"(anonymous_3)","line":46,"loc":{"start":{"line":46,"column":25},"end":{"line":46,"column":37}}},"4":{"name":"(anonymous_4)","line":51,"loc":{"start":{"line":51,"column":9},"end":{"line":51,"column":34}}},"5":{"name":"(anonymous_5)","line":57,"loc":{"start":{"line":57,"column":9},"end":{"line":57,"column":24}}},"6":{"name":"(anonymous_6)","line":63,"loc":{"start":{"line":63,"column":12},"end":{"line":63,"column":27}}},"7":{"name":"(anonymous_7)","line":67,"loc":{"start":{"line":67,"column":10},"end":{"line":67,"column":22}}},"8":{"name":"(anonymous_8)","line":71,"loc":{"start":{"line":71,"column":13},"end":{"line":71,"column":25}}},"9":{"name":"(anonymous_9)","line":73,"loc":{"start":{"line":73,"column":33},"end":{"line":73,"column":48}}}},"statementMap":{"1":{"start":{"line":6,"column":0},"end":{"line":11,"column":31}},"2":{"start":{"line":13,"column":0},"end":{"line":17,"column":1}},"3":{"start":{"line":14,"column":4},"end":{"line":14,"column":111}},"4":{"start":{"line":15,"column":4},"end":{"line":15,"column":21}},"5":{"start":{"line":16,"column":4},"end":{"line":16,"column":15}},"6":{"start":{"line":34,"column":0},"end":{"line":40,"column":1}},"7":{"start":{"line":35,"column":4},"end":{"line":35,"column":22}},"8":{"start":{"line":36,"column":4},"end":{"line":36,"column":41}},"9":{"start":{"line":37,"column":4},"end":{"line":37,"column":18}},"10":{"start":{"line":38,"column":4},"end":{"line":38,"column":17}},"11":{"start":{"line":39,"column":4},"end":{"line":39,"column":51}},"12":{"start":{"line":42,"column":0},"end":{"line":42,"column":22}},"13":{"start":{"line":43,"column":0},"end":{"line":43,"column":31}},"14":{"start":{"line":45,"column":0},"end":{"line":78,"column":3}},"15":{"start":{"line":47,"column":8},"end":{"line":47,"column":22}},"16":{"start":{"line":48,"column":8},"end":{"line":48,"column":47}},"17":{"start":{"line":52,"column":8},"end":{"line":52,"column":49}},"18":{"start":{"line":53,"column":8},"end":{"line":53,"column":52}},"19":{"start":{"line":54,"column":8},"end":{"line":54,"column":32}},"20":{"start":{"line":58,"column":8},"end":{"line":58,"column":36}},"21":{"start":{"line":59,"column":8},"end":{"line":59,"column":92}},"22":{"start":{"line":59,"column":24},"end":{"line":59,"column":90}},"23":{"start":{"line":60,"column":8},"end":{"line":60,"column":48}},"24":{"start":{"line":64,"column":8},"end":{"line":64,"column":31}},"25":{"start":{"line":68,"column":8},"end":{"line":68,"column":37}},"26":{"start":{"line":72,"column":8},"end":{"line":72,"column":27}},"27":{"start":{"line":73,"column":8},"end":{"line":75,"column":11}},"28":{"start":{"line":74,"column":12},"end":{"line":74,"column":36}},"29":{"start":{"line":76,"column":8},"end":{"line":76,"column":22}},"30":{"start":{"line":80,"column":0},"end":{"line":80,"column":26}}},"branchMap":{"1":{"line":14,"type":"cond-expr","locations":[{"start":{"line":14,"column":36},"end":{"line":14,"column":47}},{"start":{"line":14,"column":50},"end":{"line":14,"column":80}}]},"2":{"line":14,"type":"binary-expr","locations":[{"start":{"line":14,"column":51},"end":{"line":14,"column":69}},{"start":{"line":14,"column":73},"end":{"line":14,"column":79}}]},"3":{"line":35,"type":"binary-expr","locations":[{"start":{"line":35,"column":11},"end":{"line":35,"column":15}},{"start":{"line":35,"column":19},"end":{"line":35,"column":21}}]},"4":{"line":36,"type":"binary-expr","locations":[{"start":{"line":36,"column":15},"end":{"line":36,"column":23}},{"start":{"line":36,"column":27},"end":{"line":36,"column":40}}]},"5":{"line":59,"type":"if","locations":[{"start":{"line":59,"column":8},"end":{"line":59,"column":8}},{"start":{"line":59,"column":8},"end":{"line":59,"column":8}}]}}},"/Users/ananthk/code/istanbul/lib/report/html.js":{"path":"/Users/ananthk/code/istanbul/lib/report/html.js","s":{"1":1,"2":2,"3":1,"4":35,"5":35,"6":35,"7":15,"8":35,"9":35,"10":35,"11":0,"12":1,"13":20,"14":20,"15":219,"16":20,"17":1,"18":20,"19":20,"20":219,"21":219,"22":219,"23":219,"24":70,"25":50,"26":50,"27":20,"28":219,"29":20,"30":1,"31":20,"32":20,"33":219,"34":20,"35":1,"36":20,"37":20,"38":0,"39":20,"40":70,"41":70,"42":20,"43":239,"44":169,"45":1,"46":20,"47":20,"48":70,"49":70,"50":20,"51":5,"52":5,"53":20,"54":20,"55":1,"56":20,"57":20,"58":0,"59":20,"60":25,"61":25,"62":10,"63":0,"64":0,"65":10,"66":10,"67":1,"68":20,"69":20,"70":0,"71":20,"72":15,"73":30,"74":15,"75":10,"76":20,"77":20,"78":20,"79":20,"80":20,"81":20,"82":20,"83":20,"84":20,"85":20,"86":0,"87":0,"88":0,"89":0,"90":0,"91":0,"92":0,"93":1,"94":219,"95":219,"96":1,"97":180,"98":180,"99":180,"100":0,"101":1,"102":5,"103":5,"104":5,"105":5,"106":1,"107":1,"108":1,"109":40,"110":40,"111":55,"112":55,"113":40,"114":55,"115":40,"116":40,"117":20,"118":219,"119":219,"120":20,"121":20,"122":20,"123":20,"124":20,"125":20,"126":20,"127":20,"128":20,"129":20,"130":20,"131":20,"132":20,"133":20,"134":20,"135":20,"136":20,"137":20,"138":15,"139":20,"140":20,"141":20,"142":20,"143":20,"144":20,"145":35,"146":35,"147":20,"148":20,"149":20,"150":20,"151":20,"152":20,"153":8,"154":20,"155":20,"156":20,"157":35,"158":15,"159":20,"160":20,"161":8,"162":20,"163":20,"164":20,"165":5,"166":35,"167":35,"168":0,"169":0,"170":0,"171":0,"172":0,"173":0,"174":35,"175":95,"176":95,"177":155,"178":155,"179":155,"180":95,"181":155,"182":95,"183":55,"184":40,"185":40,"186":80,"187":80,"188":40,"189":5,"190":20,"191":5,"192":5,"193":5,"194":10,"195":4,"196":10,"197":5,"198":1},"b":{"1":[1,1],"2":[35,0],"3":[15,20],"4":[70,149],"5":[50,20],"6":[219,54],"7":[0,20],"8":[50,20],"9":[169,70],"10":[50,20],"11":[20,50],"12":[5,15],"13":[20,0],"14":[0,20],"15":[15,10],"16":[10,15],"17":[0,10],"18":[10,0],"19":[0,20],"20":[10,5],"21":[20,0],"22":[0,20],"23":[0,0],"24":[0,0],"25":[0,0],"26":[0,0],"27":[180,0],"28":[85,95],"29":[70,25],"30":[5,1],"31":[5,1],"32":[5,5],"33":[55,35],"34":[35,5],"35":[4,16],"36":[20,4],"37":[15,0],"38":[20,5],"39":[8,12],"40":[15,20],"41":[8,12],"42":[0,35],"43":[0,0],"44":[15,20],"45":[4,6]},"f":{"1":2,"2":35,"3":20,"4":20,"5":20,"6":219,"7":20,"8":70,"9":239,"10":20,"11":70,"12":20,"13":25,"14":20,"15":15,"16":30,"17":219,"18":180,"19":5,"20":40,"21":20,"22":219,"23":20,"24":15,"25":35,"26":20,"27":20,"28":35,"29":20,"30":5,"31":35,"32":95,"33":55,"34":40,"35":20,"36":10},"fnMap":{"1":{"name":"(anonymous_1)","line":19,"loc":{"start":{"line":19,"column":18},"end":{"line":19,"column":34}}},"2":{"name":"(anonymous_2)","line":77,"loc":{"start":{"line":77,"column":42},"end":{"line":77,"column":58}}},"3":{"name":"(anonymous_3)","line":94,"loc":{"start":{"line":94,"column":40},"end":{"line":94,"column":56}}},"4":{"name":"(anonymous_4)","line":105,"loc":{"start":{"line":105,"column":56},"end":{"line":105,"column":81}}},"5":{"name":"(anonymous_5)","line":131,"loc":{"start":{"line":131,"column":39},"end":{"line":131,"column":64}}},"6":{"name":"(anonymous_6)","line":135,"loc":{"start":{"line":135,"column":23},"end":{"line":135,"column":39}}},"7":{"name":"annotateLines","line":141,"loc":{"start":{"line":141,"column":0},"end":{"line":141,"column":53}}},"8":{"name":"(anonymous_8)","line":144,"loc":{"start":{"line":144,"column":35},"end":{"line":144,"column":57}}},"9":{"name":"(anonymous_9)","line":148,"loc":{"start":{"line":148,"column":27},"end":{"line":148,"column":43}}},"10":{"name":"annotateStatements","line":155,"loc":{"start":{"line":155,"column":0},"end":{"line":155,"column":58}}},"11":{"name":"(anonymous_11)","line":158,"loc":{"start":{"line":158,"column":40},"end":{"line":158,"column":58}}},"12":{"name":"annotateFunctions","line":184,"loc":{"start":{"line":184,"column":0},"end":{"line":184,"column":57}}},"13":{"name":"(anonymous_13)","line":189,"loc":{"start":{"line":189,"column":33},"end":{"line":189,"column":50}}},"14":{"name":"annotateBranches","line":215,"loc":{"start":{"line":215,"column":0},"end":{"line":215,"column":56}}},"15":{"name":"(anonymous_15)","line":220,"loc":{"start":{"line":220,"column":37},"end":{"line":220,"column":59}}},"16":{"name":"(anonymous_16)","line":222,"loc":{"start":{"line":222,"column":42},"end":{"line":222,"column":58}}},"17":{"name":"customEscape","line":268,"loc":{"start":{"line":268,"column":0},"end":{"line":268,"column":28}}},"18":{"name":"getReportClass","line":277,"loc":{"start":{"line":277,"column":0},"end":{"line":277,"column":31}}},"19":{"name":"HtmlReport","line":302,"loc":{"start":{"line":302,"column":0},"end":{"line":302,"column":26}}},"20":{"name":"(anonymous_20)","line":314,"loc":{"start":{"line":314,"column":17},"end":{"line":314,"column":45}}},"21":{"name":"(anonymous_21)","line":334,"loc":{"start":{"line":334,"column":21},"end":{"line":334,"column":94}}},"22":{"name":"(anonymous_22)","line":341,"loc":{"start":{"line":341,"column":34},"end":{"line":341,"column":49}}},"23":{"name":"(anonymous_23)","line":375,"loc":{"start":{"line":375,"column":20},"end":{"line":375,"column":70}}},"24":{"name":"(anonymous_24)","line":378,"loc":{"start":{"line":378,"column":22},"end":{"line":378,"column":38}}},"25":{"name":"(anonymous_25)","line":388,"loc":{"start":{"line":388,"column":25},"end":{"line":388,"column":42}}},"26":{"name":"(anonymous_26)","line":408,"loc":{"start":{"line":408,"column":16},"end":{"line":408,"column":82}}},"27":{"name":"(anonymous_27)","line":415,"loc":{"start":{"line":415,"column":36},"end":{"line":415,"column":48}}},"28":{"name":"(anonymous_28)","line":418,"loc":{"start":{"line":418,"column":30},"end":{"line":418,"column":47}}},"29":{"name":"(anonymous_29)","line":425,"loc":{"start":{"line":425,"column":44},"end":{"line":425,"column":56}}},"30":{"name":"(anonymous_30)","line":432,"loc":{"start":{"line":432,"column":17},"end":{"line":432,"column":44}}},"31":{"name":"(anonymous_31)","line":438,"loc":{"start":{"line":438,"column":28},"end":{"line":438,"column":44}}},"32":{"name":"(anonymous_32)","line":455,"loc":{"start":{"line":455,"column":30},"end":{"line":455,"column":51}}},"33":{"name":"(anonymous_33)","line":471,"loc":{"start":{"line":471,"column":26},"end":{"line":471,"column":47}}},"34":{"name":"(anonymous_34)","line":474,"loc":{"start":{"line":474,"column":23},"end":{"line":474,"column":45}}},"35":{"name":"(anonymous_35)","line":485,"loc":{"start":{"line":485,"column":34},"end":{"line":485,"column":49}}},"36":{"name":"(anonymous_36)","line":491,"loc":{"start":{"line":491,"column":72},"end":{"line":491,"column":85}}}},"statementMap":{"1":{"start":{"line":7,"column":0},"end":{"line":75,"column":22}},"2":{"start":{"line":19,"column":36},"end":{"line":19,"column":140}},"3":{"start":{"line":77,"column":0},"end":{"line":92,"column":3}},"4":{"start":{"line":78,"column":4},"end":{"line":80,"column":17}},"5":{"start":{"line":81,"column":4},"end":{"line":91,"column":5}},"6":{"start":{"line":82,"column":8},"end":{"line":84,"column":9}},"7":{"start":{"line":83,"column":12},"end":{"line":83,"column":32}},"8":{"start":{"line":85,"column":8},"end":{"line":85,"column":30}},"9":{"start":{"line":86,"column":8},"end":{"line":86,"column":25}},"10":{"start":{"line":87,"column":8},"end":{"line":88,"column":80}},"11":{"start":{"line":90,"column":8},"end":{"line":90,"column":18}},"12":{"start":{"line":94,"column":0},"end":{"line":103,"column":3}},"13":{"start":{"line":95,"column":3},"end":{"line":97,"column":18}},"14":{"start":{"line":99,"column":3},"end":{"line":101,"column":4}},"15":{"start":{"line":100,"column":7},"end":{"line":100,"column":24}},"16":{"start":{"line":102,"column":3},"end":{"line":102,"column":27}},"17":{"start":{"line":105,"column":0},"end":{"line":129,"column":3}},"18":{"start":{"line":106,"column":4},"end":{"line":112,"column":19}},"19":{"start":{"line":114,"column":4},"end":{"line":127,"column":5}},"20":{"start":{"line":115,"column":8},"end":{"line":115,"column":27}},"21":{"start":{"line":116,"column":8},"end":{"line":116,"column":25}},"22":{"start":{"line":117,"column":8},"end":{"line":117,"column":28}},"23":{"start":{"line":118,"column":8},"end":{"line":125,"column":9}},"24":{"start":{"line":119,"column":12},"end":{"line":124,"column":13}},"25":{"start":{"line":120,"column":16},"end":{"line":120,"column":32}},"26":{"start":{"line":121,"column":16},"end":{"line":121,"column":42}},"27":{"start":{"line":123,"column":16},"end":{"line":123,"column":31}},"28":{"start":{"line":126,"column":8},"end":{"line":126,"column":89}},"29":{"start":{"line":128,"column":4},"end":{"line":128,"column":28}},"30":{"start":{"line":131,"column":0},"end":{"line":139,"column":3}},"31":{"start":{"line":132,"column":4},"end":{"line":133,"column":19}},"32":{"start":{"line":135,"column":4},"end":{"line":137,"column":7}},"33":{"start":{"line":136,"column":8},"end":{"line":136,"column":56}},"34":{"start":{"line":138,"column":4},"end":{"line":138,"column":28}},"35":{"start":{"line":141,"column":0},"end":{"line":153,"column":1}},"36":{"start":{"line":142,"column":4},"end":{"line":142,"column":35}},"37":{"start":{"line":143,"column":4},"end":{"line":143,"column":31}},"38":{"start":{"line":143,"column":22},"end":{"line":143,"column":29}},"39":{"start":{"line":144,"column":4},"end":{"line":147,"column":7}},"40":{"start":{"line":145,"column":8},"end":{"line":145,"column":42}},"41":{"start":{"line":146,"column":8},"end":{"line":146,"column":70}},"42":{"start":{"line":148,"column":4},"end":{"line":152,"column":7}},"43":{"start":{"line":149,"column":8},"end":{"line":151,"column":9}},"44":{"start":{"line":150,"column":12},"end":{"line":150,"column":37}},"45":{"start":{"line":155,"column":0},"end":{"line":182,"column":1}},"46":{"start":{"line":156,"column":4},"end":{"line":157,"column":50}},"47":{"start":{"line":158,"column":4},"end":{"line":181,"column":7}},"48":{"start":{"line":159,"column":8},"end":{"line":168,"column":17}},"49":{"start":{"line":170,"column":8},"end":{"line":180,"column":9}},"50":{"start":{"line":171,"column":12},"end":{"line":174,"column":13}},"51":{"start":{"line":172,"column":16},"end":{"line":172,"column":36}},"52":{"start":{"line":173,"column":16},"end":{"line":173,"column":73}},"53":{"start":{"line":175,"column":12},"end":{"line":175,"column":50}},"54":{"start":{"line":176,"column":12},"end":{"line":179,"column":27}},"55":{"start":{"line":184,"column":0},"end":{"line":213,"column":1}},"56":{"start":{"line":186,"column":4},"end":{"line":187,"column":36}},"57":{"start":{"line":188,"column":4},"end":{"line":188,"column":29}},"58":{"start":{"line":188,"column":20},"end":{"line":188,"column":27}},"59":{"start":{"line":189,"column":4},"end":{"line":212,"column":7}},"60":{"start":{"line":190,"column":8},"end":{"line":199,"column":17}},"61":{"start":{"line":201,"column":8},"end":{"line":211,"column":9}},"62":{"start":{"line":202,"column":12},"end":{"line":205,"column":13}},"63":{"start":{"line":203,"column":16},"end":{"line":203,"column":36}},"64":{"start":{"line":204,"column":16},"end":{"line":204,"column":73}},"65":{"start":{"line":206,"column":12},"end":{"line":206,"column":50}},"66":{"start":{"line":207,"column":12},"end":{"line":210,"column":27}},"67":{"start":{"line":215,"column":0},"end":{"line":266,"column":1}},"68":{"start":{"line":216,"column":4},"end":{"line":217,"column":44}},"69":{"start":{"line":218,"column":4},"end":{"line":218,"column":33}},"70":{"start":{"line":218,"column":24},"end":{"line":218,"column":31}},"71":{"start":{"line":220,"column":4},"end":{"line":265,"column":7}},"72":{"start":{"line":221,"column":8},"end":{"line":234,"column":17}},"73":{"start":{"line":222,"column":60},"end":{"line":222,"column":73}},"74":{"start":{"line":236,"column":8},"end":{"line":264,"column":9}},"75":{"start":{"line":237,"column":12},"end":{"line":263,"column":13}},"76":{"start":{"line":238,"column":16},"end":{"line":238,"column":39}},"77":{"start":{"line":239,"column":16},"end":{"line":239,"column":36}},"78":{"start":{"line":240,"column":16},"end":{"line":240,"column":48}},"79":{"start":{"line":241,"column":16},"end":{"line":241,"column":45}},"80":{"start":{"line":242,"column":16},"end":{"line":242,"column":45}},"81":{"start":{"line":243,"column":16},"end":{"line":243,"column":44}},"82":{"start":{"line":244,"column":16},"end":{"line":244,"column":40}},"83":{"start":{"line":245,"column":16},"end":{"line":245,"column":90}},"84":{"start":{"line":246,"column":16},"end":{"line":246,"column":46}},"85":{"start":{"line":248,"column":16},"end":{"line":262,"column":17}},"86":{"start":{"line":249,"column":20},"end":{"line":252,"column":21}},"87":{"start":{"line":250,"column":24},"end":{"line":250,"column":44}},"88":{"start":{"line":251,"column":24},"end":{"line":251,"column":81}},"89":{"start":{"line":253,"column":20},"end":{"line":253,"column":58}},"90":{"start":{"line":254,"column":20},"end":{"line":261,"column":21}},"91":{"start":{"line":255,"column":24},"end":{"line":255,"column":150}},"92":{"start":{"line":257,"column":24},"end":{"line":260,"column":39}},"93":{"start":{"line":268,"column":0},"end":{"line":275,"column":1}},"94":{"start":{"line":269,"column":4},"end":{"line":269,"column":27}},"95":{"start":{"line":270,"column":4},"end":{"line":274,"column":29}},"96":{"start":{"line":277,"column":0},"end":{"line":285,"column":1}},"97":{"start":{"line":278,"column":4},"end":{"line":279,"column":22}},"98":{"start":{"line":280,"column":4},"end":{"line":284,"column":5}},"99":{"start":{"line":281,"column":8},"end":{"line":281,"column":81}},"100":{"start":{"line":283,"column":8},"end":{"line":283,"column":18}},"101":{"start":{"line":302,"column":0},"end":{"line":307,"column":1}},"102":{"start":{"line":303,"column":4},"end":{"line":303,"column":22}},"103":{"start":{"line":304,"column":4},"end":{"line":304,"column":27}},"104":{"start":{"line":305,"column":4},"end":{"line":305,"column":80}},"105":{"start":{"line":306,"column":4},"end":{"line":306,"column":78}},"106":{"start":{"line":309,"column":0},"end":{"line":309,"column":25}},"107":{"start":{"line":310,"column":0},"end":{"line":310,"column":34}},"108":{"start":{"line":312,"column":0},"end":{"line":500,"column":3}},"109":{"start":{"line":315,"column":8},"end":{"line":318,"column":14}},"110":{"start":{"line":320,"column":8},"end":{"line":323,"column":9}},"111":{"start":{"line":321,"column":12},"end":{"line":321,"column":34}},"112":{"start":{"line":322,"column":12},"end":{"line":322,"column":35}},"113":{"start":{"line":325,"column":8},"end":{"line":328,"column":9}},"114":{"start":{"line":326,"column":12},"end":{"line":327,"column":70}},"115":{"start":{"line":329,"column":8},"end":{"line":329,"column":27}},"116":{"start":{"line":330,"column":8},"end":{"line":331,"column":43}},"117":{"start":{"line":335,"column":8},"end":{"line":343,"column":20}},"118":{"start":{"line":341,"column":51},"end":{"line":341,"column":62}},"119":{"start":{"line":341,"column":63},"end":{"line":341,"column":137}},"120":{"start":{"line":345,"column":8},"end":{"line":345,"column":84}},"121":{"start":{"line":347,"column":8},"end":{"line":347,"column":39}},"122":{"start":{"line":348,"column":8},"end":{"line":348,"column":83}},"123":{"start":{"line":349,"column":8},"end":{"line":349,"column":91}},"124":{"start":{"line":350,"column":8},"end":{"line":353,"column":10}},"125":{"start":{"line":354,"column":8},"end":{"line":354,"column":51}},"126":{"start":{"line":355,"column":8},"end":{"line":355,"column":56}},"127":{"start":{"line":357,"column":8},"end":{"line":357,"column":48}},"128":{"start":{"line":360,"column":8},"end":{"line":360,"column":51}},"129":{"start":{"line":361,"column":8},"end":{"line":361,"column":52}},"130":{"start":{"line":362,"column":8},"end":{"line":362,"column":53}},"131":{"start":{"line":364,"column":8},"end":{"line":364,"column":27}},"132":{"start":{"line":365,"column":8},"end":{"line":369,"column":10}},"133":{"start":{"line":370,"column":8},"end":{"line":370,"column":46}},"134":{"start":{"line":371,"column":8},"end":{"line":371,"column":41}},"135":{"start":{"line":372,"column":8},"end":{"line":372,"column":51}},"136":{"start":{"line":376,"column":8},"end":{"line":376,"column":66}},"137":{"start":{"line":378,"column":8},"end":{"line":380,"column":11}},"138":{"start":{"line":379,"column":12},"end":{"line":379,"column":44}},"139":{"start":{"line":382,"column":8},"end":{"line":382,"column":44}},"140":{"start":{"line":383,"column":8},"end":{"line":383,"column":75}},"141":{"start":{"line":384,"column":8},"end":{"line":384,"column":91}},"142":{"start":{"line":386,"column":8},"end":{"line":386,"column":51}},"143":{"start":{"line":387,"column":8},"end":{"line":387,"column":41}},"144":{"start":{"line":388,"column":8},"end":{"line":403,"column":11}},"145":{"start":{"line":389,"column":12},"end":{"line":401,"column":18}},"146":{"start":{"line":402,"column":12},"end":{"line":402,"column":59}},"147":{"start":{"line":404,"column":8},"end":{"line":404,"column":41}},"148":{"start":{"line":405,"column":8},"end":{"line":405,"column":51}},"149":{"start":{"line":409,"column":8},"end":{"line":411,"column":22}},"150":{"start":{"line":412,"column":8},"end":{"line":412,"column":25}},"151":{"start":{"line":413,"column":8},"end":{"line":413,"column":55}},"152":{"start":{"line":414,"column":8},"end":{"line":414,"column":73}},"153":{"start":{"line":414,"column":33},"end":{"line":414,"column":71}},"154":{"start":{"line":415,"column":8},"end":{"line":417,"column":11}},"155":{"start":{"line":416,"column":12},"end":{"line":416,"column":72}},"156":{"start":{"line":418,"column":8},"end":{"line":429,"column":11}},"157":{"start":{"line":419,"column":12},"end":{"line":428,"column":13}},"158":{"start":{"line":420,"column":16},"end":{"line":420,"column":123}},"159":{"start":{"line":422,"column":16},"end":{"line":422,"column":76}},"160":{"start":{"line":423,"column":16},"end":{"line":423,"column":81}},"161":{"start":{"line":423,"column":41},"end":{"line":423,"column":79}},"162":{"start":{"line":424,"column":16},"end":{"line":424,"column":49}},"163":{"start":{"line":425,"column":16},"end":{"line":427,"column":19}},"164":{"start":{"line":426,"column":20},"end":{"line":426,"column":142}},"165":{"start":{"line":433,"column":8},"end":{"line":483,"column":17}},"166":{"start":{"line":439,"column":20},"end":{"line":441,"column":27}},"167":{"start":{"line":442,"column":20},"end":{"line":452,"column":21}},"168":{"start":{"line":443,"column":24},"end":{"line":443,"column":42}},"169":{"start":{"line":444,"column":24},"end":{"line":451,"column":25}},"170":{"start":{"line":445,"column":28},"end":{"line":445,"column":61}},"171":{"start":{"line":446,"column":28},"end":{"line":450,"column":29}},"172":{"start":{"line":447,"column":32},"end":{"line":447,"column":52}},"173":{"start":{"line":449,"column":32},"end":{"line":449,"column":51}},"174":{"start":{"line":453,"column":20},"end":{"line":453,"column":102}},"175":{"start":{"line":456,"column":20},"end":{"line":460,"column":26}},"176":{"start":{"line":461,"column":20},"end":{"line":468,"column":21}},"177":{"start":{"line":462,"column":24},"end":{"line":462,"column":65}},"178":{"start":{"line":463,"column":24},"end":{"line":463,"column":54}},"179":{"start":{"line":464,"column":24},"end":{"line":466,"column":25}},"180":{"start":{"line":465,"column":28},"end":{"line":465,"column":42}},"181":{"start":{"line":467,"column":24},"end":{"line":467,"column":43}},"182":{"start":{"line":469,"column":20},"end":{"line":469,"column":32}},"183":{"start":{"line":472,"column":20},"end":{"line":472,"column":71}},"184":{"start":{"line":475,"column":20},"end":{"line":476,"column":45}},"185":{"start":{"line":477,"column":20},"end":{"line":477,"column":70}},"186":{"start":{"line":477,"column":37},"end":{"line":477,"column":44}},"187":{"start":{"line":477,"column":45},"end":{"line":477,"column":68}},"188":{"start":{"line":478,"column":20},"end":{"line":478,"column":61}},"189":{"start":{"line":485,"column":8},"end":{"line":487,"column":11}},"190":{"start":{"line":486,"column":12},"end":{"line":486,"column":112}},"191":{"start":{"line":488,"column":8},"end":{"line":488,"column":43}},"192":{"start":{"line":490,"column":8},"end":{"line":490,"column":25}},"193":{"start":{"line":491,"column":8},"end":{"line":496,"column":11}},"194":{"start":{"line":492,"column":12},"end":{"line":494,"column":13}},"195":{"start":{"line":493,"column":16},"end":{"line":493,"column":68}},"196":{"start":{"line":495,"column":12},"end":{"line":495,"column":112}},"197":{"start":{"line":498,"column":8},"end":{"line":498,"column":89}},"198":{"start":{"line":502,"column":0},"end":{"line":502,"column":28}}},"branchMap":{"1":{"line":9,"type":"binary-expr","locations":[{"start":{"line":9,"column":10},"end":{"line":9,"column":18}},{"start":{"line":9,"column":22},"end":{"line":9,"column":25}}]},"2":{"line":81,"type":"if","locations":[{"start":{"line":81,"column":4},"end":{"line":81,"column":4}},{"start":{"line":81,"column":4},"end":{"line":81,"column":4}}]},"3":{"line":82,"type":"if","locations":[{"start":{"line":82,"column":8},"end":{"line":82,"column":8}},{"start":{"line":82,"column":8},"end":{"line":82,"column":8}}]},"4":{"line":118,"type":"if","locations":[{"start":{"line":118,"column":8},"end":{"line":118,"column":8}},{"start":{"line":118,"column":8},"end":{"line":118,"column":8}}]},"5":{"line":119,"type":"if","locations":[{"start":{"line":119,"column":12},"end":{"line":119,"column":12}},{"start":{"line":119,"column":12},"end":{"line":119,"column":12}}]},"6":{"line":136,"type":"binary-expr","locations":[{"start":{"line":136,"column":19},"end":{"line":136,"column":42}},{"start":{"line":136,"column":46},"end":{"line":136,"column":54}}]},"7":{"line":143,"type":"if","locations":[{"start":{"line":143,"column":4},"end":{"line":143,"column":4}},{"start":{"line":143,"column":4},"end":{"line":143,"column":4}}]},"8":{"line":146,"type":"cond-expr","locations":[{"start":{"line":146,"column":57},"end":{"line":146,"column":62}},{"start":{"line":146,"column":65},"end":{"line":146,"column":69}}]},"9":{"line":149,"type":"if","locations":[{"start":{"line":149,"column":8},"end":{"line":149,"column":8}},{"start":{"line":149,"column":8},"end":{"line":149,"column":8}}]},"10":{"line":161,"type":"cond-expr","locations":[{"start":{"line":161,"column":31},"end":{"line":161,"column":36}},{"start":{"line":161,"column":39},"end":{"line":161,"column":43}}]},"11":{"line":170,"type":"if","locations":[{"start":{"line":170,"column":8},"end":{"line":170,"column":8}},{"start":{"line":170,"column":8},"end":{"line":170,"column":8}}]},"12":{"line":171,"type":"if","locations":[{"start":{"line":171,"column":12},"end":{"line":171,"column":12}},{"start":{"line":171,"column":12},"end":{"line":171,"column":12}}]},"13":{"line":178,"type":"cond-expr","locations":[{"start":{"line":178,"column":40},"end":{"line":178,"column":46}},{"start":{"line":178,"column":49},"end":{"line":178,"column":70}}]},"14":{"line":188,"type":"if","locations":[{"start":{"line":188,"column":4},"end":{"line":188,"column":4}},{"start":{"line":188,"column":4},"end":{"line":188,"column":4}}]},"15":{"line":192,"type":"cond-expr","locations":[{"start":{"line":192,"column":31},"end":{"line":192,"column":36}},{"start":{"line":192,"column":39},"end":{"line":192,"column":43}}]},"16":{"line":201,"type":"if","locations":[{"start":{"line":201,"column":8},"end":{"line":201,"column":8}},{"start":{"line":201,"column":8},"end":{"line":201,"column":8}}]},"17":{"line":202,"type":"if","locations":[{"start":{"line":202,"column":12},"end":{"line":202,"column":12}},{"start":{"line":202,"column":12},"end":{"line":202,"column":12}}]},"18":{"line":209,"type":"cond-expr","locations":[{"start":{"line":209,"column":40},"end":{"line":209,"column":46}},{"start":{"line":209,"column":49},"end":{"line":209,"column":70}}]},"19":{"line":218,"type":"if","locations":[{"start":{"line":218,"column":4},"end":{"line":218,"column":4}},{"start":{"line":218,"column":4},"end":{"line":218,"column":4}}]},"20":{"line":236,"type":"if","locations":[{"start":{"line":236,"column":8},"end":{"line":236,"column":8}},{"start":{"line":236,"column":8},"end":{"line":236,"column":8}}]},"21":{"line":240,"type":"cond-expr","locations":[{"start":{"line":240,"column":35},"end":{"line":240,"column":40}},{"start":{"line":240,"column":43},"end":{"line":240,"column":47}}]},"22":{"line":248,"type":"if","locations":[{"start":{"line":248,"column":16},"end":{"line":248,"column":16}},{"start":{"line":248,"column":16},"end":{"line":248,"column":16}}]},"23":{"line":249,"type":"if","locations":[{"start":{"line":249,"column":20},"end":{"line":249,"column":20}},{"start":{"line":249,"column":20},"end":{"line":249,"column":20}}]},"24":{"line":254,"type":"if","locations":[{"start":{"line":254,"column":20},"end":{"line":254,"column":20}},{"start":{"line":254,"column":20},"end":{"line":254,"column":20}}]},"25":{"line":255,"type":"cond-expr","locations":[{"start":{"line":255,"column":104},"end":{"line":255,"column":107}},{"start":{"line":255,"column":110},"end":{"line":255,"column":113}}]},"26":{"line":259,"type":"cond-expr","locations":[{"start":{"line":259,"column":52},"end":{"line":259,"column":58}},{"start":{"line":259,"column":61},"end":{"line":259,"column":82}}]},"27":{"line":280,"type":"if","locations":[{"start":{"line":280,"column":4},"end":{"line":280,"column":4}},{"start":{"line":280,"column":4},"end":{"line":280,"column":4}}]},"28":{"line":281,"type":"cond-expr","locations":[{"start":{"line":281,"column":35},"end":{"line":281,"column":41}},{"start":{"line":281,"column":44},"end":{"line":281,"column":80}}]},"29":{"line":281,"type":"cond-expr","locations":[{"start":{"line":281,"column":64},"end":{"line":281,"column":72}},{"start":{"line":281,"column":75},"end":{"line":281,"column":80}}]},"30":{"line":304,"type":"binary-expr","locations":[{"start":{"line":304,"column":16},"end":{"line":304,"column":20}},{"start":{"line":304,"column":24},"end":{"line":304,"column":26}}]},"31":{"line":305,"type":"binary-expr","locations":[{"start":{"line":305,"column":20},"end":{"line":305,"column":33}},{"start":{"line":305,"column":37},"end":{"line":305,"column":79}}]},"32":{"line":306,"type":"binary-expr","locations":[{"start":{"line":306,"column":28},"end":{"line":306,"column":49}},{"start":{"line":306,"column":53},"end":{"line":306,"column":77}}]},"33":{"line":327,"type":"binary-expr","locations":[{"start":{"line":327,"column":19},"end":{"line":327,"column":43}},{"start":{"line":327,"column":47},"end":{"line":327,"column":58}}]},"34":{"line":330,"type":"cond-expr","locations":[{"start":{"line":330,"column":37},"end":{"line":331,"column":37}},{"start":{"line":331,"column":40},"end":{"line":331,"column":42}}]},"35":{"line":337,"type":"cond-expr","locations":[{"start":{"line":338,"column":16},"end":{"line":338,"column":51}},{"start":{"line":338,"column":54},"end":{"line":338,"column":88}}]},"36":{"line":337,"type":"binary-expr","locations":[{"start":{"line":337,"column":25},"end":{"line":337,"column":42}},{"start":{"line":337,"column":46},"end":{"line":337,"column":78}}]},"37":{"line":379,"type":"cond-expr","locations":[{"start":{"line":379,"column":37},"end":{"line":379,"column":39}},{"start":{"line":379,"column":42},"end":{"line":379,"column":43}}]},"38":{"line":413,"type":"binary-expr","locations":[{"start":{"line":413,"column":30},"end":{"line":413,"column":39}},{"start":{"line":413,"column":43},"end":{"line":413,"column":54}}]},"39":{"line":414,"type":"if","locations":[{"start":{"line":414,"column":8},"end":{"line":414,"column":8}},{"start":{"line":414,"column":8},"end":{"line":414,"column":8}}]},"40":{"line":419,"type":"if","locations":[{"start":{"line":419,"column":12},"end":{"line":419,"column":12}},{"start":{"line":419,"column":12},"end":{"line":419,"column":12}}]},"41":{"line":423,"type":"if","locations":[{"start":{"line":423,"column":16},"end":{"line":423,"column":16}},{"start":{"line":423,"column":16},"end":{"line":423,"column":16}}]},"42":{"line":442,"type":"if","locations":[{"start":{"line":442,"column":20},"end":{"line":442,"column":20}},{"start":{"line":442,"column":20},"end":{"line":442,"column":20}}]},"43":{"line":446,"type":"if","locations":[{"start":{"line":446,"column":28},"end":{"line":446,"column":28}},{"start":{"line":446,"column":28},"end":{"line":446,"column":28}}]},"44":{"line":453,"type":"cond-expr","locations":[{"start":{"line":453,"column":49},"end":{"line":453,"column":76}},{"start":{"line":453,"column":79},"end":{"line":453,"column":101}}]},"45":{"line":492,"type":"if","locations":[{"start":{"line":492,"column":12},"end":{"line":492,"column":12}},{"start":{"line":492,"column":12},"end":{"line":492,"column":12}}]}}},"/Users/ananthk/code/istanbul/lib/util/file-writer.js":{"path":"/Users/ananthk/code/istanbul/lib/util/file-writer.js","s":{"1":1,"2":1,"3":17,"4":17,"5":17,"6":17,"7":1,"8":42,"9":42,"10":42,"11":174,"12":174,"13":48,"14":47,"15":47,"16":563,"17":47,"18":46,"19":4,"20":3,"21":12,"22":3,"23":2,"24":52,"25":2,"26":50,"27":50,"28":2,"29":48,"30":1},"b":{"1":[13,4],"2":[13,4],"3":[13,4],"4":[2,50],"5":[2,48]},"f":{"1":17,"2":42,"3":174,"4":48,"5":563,"6":47,"7":4,"8":12,"9":3,"10":52,"11":50},"fnMap":{"1":{"name":"FileWriter","line":8,"loc":{"start":{"line":8,"column":0},"end":{"line":8,"column":26}}},"2":{"name":"(anonymous_2)","line":16,"loc":{"start":{"line":16,"column":15},"end":{"line":16,"column":41}}},"3":{"name":"(anonymous_3)","line":21,"loc":{"start":{"line":21,"column":13},"end":{"line":21,"column":28}}},"4":{"name":"(anonymous_4)","line":25,"loc":{"start":{"line":25,"column":15},"end":{"line":25,"column":35}}},"5":{"name":"(anonymous_5)","line":30,"loc":{"start":{"line":30,"column":15},"end":{"line":30,"column":30}}},"6":{"name":"(anonymous_6)","line":33,"loc":{"start":{"line":33,"column":13},"end":{"line":33,"column":25}}},"7":{"name":"(anonymous_7)","line":37,"loc":{"start":{"line":37,"column":16},"end":{"line":37,"column":36}}},"8":{"name":"(anonymous_8)","line":41,"loc":{"start":{"line":41,"column":16},"end":{"line":41,"column":31}}},"9":{"name":"(anonymous_9)","line":44,"loc":{"start":{"line":44,"column":14},"end":{"line":44,"column":26}}},"10":{"name":"(anonymous_10)","line":48,"loc":{"start":{"line":48,"column":13},"end":{"line":48,"column":25}}},"11":{"name":"(anonymous_11)","line":52,"loc":{"start":{"line":52,"column":12},"end":{"line":52,"column":24}}}},"statementMap":{"1":{"start":{"line":6,"column":0},"end":{"line":6,"column":23}},"2":{"start":{"line":8,"column":0},"end":{"line":13,"column":1}},"3":{"start":{"line":9,"column":4},"end":{"line":9,"column":25}},"4":{"start":{"line":10,"column":4},"end":{"line":10,"column":57}},"5":{"start":{"line":11,"column":4},"end":{"line":11,"column":57}},"6":{"start":{"line":12,"column":4},"end":{"line":12,"column":51}},"7":{"start":{"line":15,"column":0},"end":{"line":56,"column":2}},"8":{"start":{"line":17,"column":8},"end":{"line":17,"column":25}},"9":{"start":{"line":18,"column":8},"end":{"line":18,"column":23}},"10":{"start":{"line":19,"column":8},"end":{"line":19,"column":19}},"11":{"start":{"line":22,"column":8},"end":{"line":22,"column":24}},"12":{"start":{"line":23,"column":8},"end":{"line":23,"column":25}},"13":{"start":{"line":26,"column":8},"end":{"line":26,"column":23}},"14":{"start":{"line":27,"column":8},"end":{"line":27,"column":27}},"15":{"start":{"line":28,"column":8},"end":{"line":28,"column":33}},"16":{"start":{"line":31,"column":8},"end":{"line":31,"column":29}},"17":{"start":{"line":34,"column":8},"end":{"line":34,"column":21}},"18":{"start":{"line":35,"column":8},"end":{"line":35,"column":63}},"19":{"start":{"line":38,"column":8},"end":{"line":38,"column":23}},"20":{"start":{"line":39,"column":8},"end":{"line":39,"column":53}},"21":{"start":{"line":42,"column":8},"end":{"line":42,"column":31}},"22":{"start":{"line":45,"column":8},"end":{"line":45,"column":21}},"23":{"start":{"line":46,"column":8},"end":{"line":46,"column":26}},"24":{"start":{"line":49,"column":8},"end":{"line":49,"column":108}},"25":{"start":{"line":49,"column":28},"end":{"line":49,"column":106}},"26":{"start":{"line":50,"column":8},"end":{"line":50,"column":28}},"27":{"start":{"line":53,"column":8},"end":{"line":53,"column":92}},"28":{"start":{"line":53,"column":29},"end":{"line":53,"column":90}},"29":{"start":{"line":54,"column":8},"end":{"line":54,"column":29}},"30":{"start":{"line":58,"column":0},"end":{"line":58,"column":28}}},"branchMap":{"1":{"line":10,"type":"cond-expr","locations":[{"start":{"line":10,"column":24},"end":{"line":10,"column":38}},{"start":{"line":10,"column":41},"end":{"line":10,"column":56}}]},"2":{"line":11,"type":"cond-expr","locations":[{"start":{"line":11,"column":24},"end":{"line":11,"column":38}},{"start":{"line":11,"column":41},"end":{"line":11,"column":56}}]},"3":{"line":12,"type":"cond-expr","locations":[{"start":{"line":12,"column":22},"end":{"line":12,"column":34}},{"start":{"line":12,"column":37},"end":{"line":12,"column":50}}]},"4":{"line":49,"type":"if","locations":[{"start":{"line":49,"column":8},"end":{"line":49,"column":8}},{"start":{"line":49,"column":8},"end":{"line":49,"column":8}}]},"5":{"line":53,"type":"if","locations":[{"start":{"line":53,"column":8},"end":{"line":53,"column":8}},{"start":{"line":53,"column":8},"end":{"line":53,"column":8}}]}}},"/Users/ananthk/code/istanbul/lib/util/insertion-text.js":{"path":"/Users/ananthk/code/istanbul/lib/util/insertion-text.js","s":{"1":1,"2":255,"3":255,"4":255,"5":255,"6":255,"7":255,"8":1,"9":1,"10":255,"11":255,"12":857,"13":181,"14":181,"15":255,"16":255,"17":255,"18":197,"19":181,"20":181,"21":255,"22":117,"23":95,"24":95,"25":95,"26":95,"27":66,"28":22,"29":66,"30":32,"31":95,"32":95,"33":95,"34":95,"35":95,"36":56,"37":56,"38":52,"39":56,"40":9,"41":95,"42":8,"43":87,"44":95,"45":40,"46":40,"47":40,"48":1,"49":233,"50":1},"b":{"1":[181,676],"2":[181,16],"3":[91,4],"4":[16,79],"5":[1,94],"6":[66,29],"7":[22,44],"8":[32,34],"9":[52,4],"10":[56,9,8],"11":[9,47],"12":[8,87],"13":[95,51]},"f":{"1":255,"2":255,"3":255,"4":117,"5":95,"6":95,"7":40,"8":1,"9":233},"fnMap":{"1":{"name":"InsertionText","line":6,"loc":{"start":{"line":6,"column":0},"end":{"line":6,"column":44}}},"2":{"name":"(anonymous_2)","line":19,"loc":{"start":{"line":19,"column":23},"end":{"line":19,"column":35}}},"3":{"name":"(anonymous_3)","line":32,"loc":{"start":{"line":32,"column":22},"end":{"line":32,"column":34}}},"4":{"name":"(anonymous_4)","line":45,"loc":{"start":{"line":45,"column":20},"end":{"line":45,"column":32}}},"5":{"name":"(anonymous_5)","line":49,"loc":{"start":{"line":49,"column":14},"end":{"line":49,"column":63}}},"6":{"name":"(anonymous_6)","line":71,"loc":{"start":{"line":71,"column":16},"end":{"line":71,"column":50}}},"7":{"name":"(anonymous_7)","line":94,"loc":{"start":{"line":94,"column":10},"end":{"line":94,"column":73}}},"8":{"name":"(anonymous_8)","line":100,"loc":{"start":{"line":100,"column":14},"end":{"line":100,"column":44}}},"9":{"name":"(anonymous_9)","line":104,"loc":{"start":{"line":104,"column":14},"end":{"line":104,"column":26}}}},"statementMap":{"1":{"start":{"line":6,"column":0},"end":{"line":13,"column":1}},"2":{"start":{"line":7,"column":4},"end":{"line":7,"column":21}},"3":{"start":{"line":8,"column":4},"end":{"line":8,"column":34}},"4":{"start":{"line":9,"column":4},"end":{"line":9,"column":22}},"5":{"start":{"line":10,"column":4},"end":{"line":10,"column":39}},"6":{"start":{"line":11,"column":4},"end":{"line":11,"column":45}},"7":{"start":{"line":12,"column":4},"end":{"line":12,"column":42}},"8":{"start":{"line":15,"column":0},"end":{"line":15,"column":49}},"9":{"start":{"line":17,"column":0},"end":{"line":107,"column":2}},"10":{"start":{"line":20,"column":8},"end":{"line":23,"column":14}},"11":{"start":{"line":24,"column":8},"end":{"line":29,"column":9}},"12":{"start":{"line":25,"column":12},"end":{"line":28,"column":13}},"13":{"start":{"line":26,"column":16},"end":{"line":26,"column":24}},"14":{"start":{"line":27,"column":16},"end":{"line":27,"column":22}},"15":{"start":{"line":30,"column":8},"end":{"line":30,"column":19}},"16":{"start":{"line":33,"column":8},"end":{"line":36,"column":14}},"17":{"start":{"line":37,"column":8},"end":{"line":42,"column":9}},"18":{"start":{"line":38,"column":12},"end":{"line":41,"column":13}},"19":{"start":{"line":39,"column":16},"end":{"line":39,"column":24}},"20":{"start":{"line":40,"column":16},"end":{"line":40,"column":22}},"21":{"start":{"line":43,"column":8},"end":{"line":43,"column":19}},"22":{"start":{"line":46,"column":8},"end":{"line":46,"column":31}},"23":{"start":{"line":50,"column":8},"end":{"line":50,"column":98}},"24":{"start":{"line":51,"column":8},"end":{"line":51,"column":72}},"25":{"start":{"line":52,"column":8},"end":{"line":52,"column":32}},"26":{"start":{"line":54,"column":8},"end":{"line":61,"column":9}},"27":{"start":{"line":55,"column":12},"end":{"line":57,"column":13}},"28":{"start":{"line":56,"column":16},"end":{"line":56,"column":24}},"29":{"start":{"line":58,"column":12},"end":{"line":60,"column":13}},"30":{"start":{"line":59,"column":16},"end":{"line":59,"column":38}},"31":{"start":{"line":63,"column":8},"end":{"line":66,"column":29}},"32":{"start":{"line":67,"column":8},"end":{"line":67,"column":79}},"33":{"start":{"line":68,"column":8},"end":{"line":68,"column":20}},"34":{"start":{"line":72,"column":8},"end":{"line":75,"column":14}},"35":{"start":{"line":77,"column":8},"end":{"line":85,"column":9}},"36":{"start":{"line":78,"column":12},"end":{"line":78,"column":35}},"37":{"start":{"line":79,"column":12},"end":{"line":81,"column":13}},"38":{"start":{"line":80,"column":16},"end":{"line":80,"column":50}},"39":{"start":{"line":82,"column":12},"end":{"line":84,"column":13}},"40":{"start":{"line":83,"column":16},"end":{"line":83,"column":22}},"41":{"start":{"line":86,"column":8},"end":{"line":90,"column":9}},"42":{"start":{"line":87,"column":12},"end":{"line":87,"column":33}},"43":{"start":{"line":89,"column":12},"end":{"line":89,"column":57}},"44":{"start":{"line":91,"column":8},"end":{"line":91,"column":32}},"45":{"start":{"line":95,"column":8},"end":{"line":95,"column":64}},"46":{"start":{"line":96,"column":8},"end":{"line":96,"column":61}},"47":{"start":{"line":97,"column":8},"end":{"line":97,"column":20}},"48":{"start":{"line":101,"column":8},"end":{"line":101,"column":64}},"49":{"start":{"line":105,"column":8},"end":{"line":105,"column":25}},"50":{"start":{"line":109,"column":0},"end":{"line":109,"column":31}}},"branchMap":{"1":{"line":25,"type":"if","locations":[{"start":{"line":25,"column":12},"end":{"line":25,"column":12}},{"start":{"line":25,"column":12},"end":{"line":25,"column":12}}]},"2":{"line":38,"type":"if","locations":[{"start":{"line":38,"column":12},"end":{"line":38,"column":12}},{"start":{"line":38,"column":12},"end":{"line":38,"column":12}}]},"3":{"line":50,"type":"cond-expr","locations":[{"start":{"line":50,"column":63},"end":{"line":50,"column":81}},{"start":{"line":50,"column":84},"end":{"line":50,"column":97}}]},"4":{"line":51,"type":"cond-expr","locations":[{"start":{"line":51,"column":44},"end":{"line":51,"column":65}},{"start":{"line":51,"column":68},"end":{"line":51,"column":71}}]},"5":{"line":52,"type":"cond-expr","locations":[{"start":{"line":52,"column":24},"end":{"line":52,"column":25}},{"start":{"line":52,"column":28},"end":{"line":52,"column":31}}]},"6":{"line":54,"type":"if","locations":[{"start":{"line":54,"column":8},"end":{"line":54,"column":8}},{"start":{"line":54,"column":8},"end":{"line":54,"column":8}}]},"7":{"line":55,"type":"if","locations":[{"start":{"line":55,"column":12},"end":{"line":55,"column":12}},{"start":{"line":55,"column":12},"end":{"line":55,"column":12}}]},"8":{"line":58,"type":"if","locations":[{"start":{"line":58,"column":12},"end":{"line":58,"column":12}},{"start":{"line":58,"column":12},"end":{"line":58,"column":12}}]},"9":{"line":79,"type":"if","locations":[{"start":{"line":79,"column":12},"end":{"line":79,"column":12}},{"start":{"line":79,"column":12},"end":{"line":79,"column":12}}]},"10":{"line":79,"type":"binary-expr","locations":[{"start":{"line":79,"column":16},"end":{"line":79,"column":35}},{"start":{"line":79,"column":40},"end":{"line":79,"column":61}},{"start":{"line":79,"column":65},"end":{"line":79,"column":78}}]},"11":{"line":82,"type":"if","locations":[{"start":{"line":82,"column":12},"end":{"line":82,"column":12}},{"start":{"line":82,"column":12},"end":{"line":82,"column":12}}]},"12":{"line":86,"type":"if","locations":[{"start":{"line":86,"column":8},"end":{"line":86,"column":8}},{"start":{"line":86,"column":8},"end":{"line":86,"column":8}}]},"13":{"line":86,"type":"binary-expr","locations":[{"start":{"line":86,"column":12},"end":{"line":86,"column":21}},{"start":{"line":86,"column":25},"end":{"line":86,"column":46}}]}}},"/Users/ananthk/code/istanbul/lib/util/tree-summarizer.js":{"path":"/Users/ananthk/code/istanbul/lib/util/tree-summarizer.js","s":{"1":1,"2":1,"3":23,"4":23,"5":159,"6":145,"7":14,"8":23,"9":1,"10":10,"11":1,"12":9,"13":32,"14":9,"15":1,"16":65,"17":65,"18":65,"19":65,"20":65,"21":65,"22":1,"23":80,"24":30,"25":61,"26":61,"27":6,"28":5,"29":1,"30":10,"31":10,"32":1,"33":18,"34":10,"35":10,"36":10,"37":32,"38":32,"39":32,"40":32,"41":32,"42":32,"43":2,"44":32,"45":32,"46":21,"47":21,"48":21,"49":32,"50":32,"51":4,"52":10,"53":2,"54":2,"55":2,"56":2,"57":2,"58":2,"59":2,"60":6,"61":2,"62":4,"63":10,"64":10,"65":10,"66":10,"67":10,"68":65,"69":65,"70":65,"71":65,"72":0,"73":65,"74":55,"75":53,"76":2,"77":10,"78":65,"79":55,"80":65,"81":65,"82":32,"83":33,"84":55,"85":33,"86":55,"87":65,"88":65,"89":65,"90":28,"91":28,"92":28,"93":65,"94":55,"95":1,"96":1,"97":10,"98":1,"99":32,"100":10,"101":10,"102":1},"b":{"1":[1,1],"2":[14,9],"3":[145,14],"4":[1,9],"5":[65,33],"6":[1,5],"7":[2,30],"8":[21,11],"9":[4,28],"10":[2,8],"11":[10,2],"12":[2,4],"13":[65,0],"14":[0,65],"15":[55,10],"16":[53,2],"17":[32,33],"18":[14,14],"19":[14,0]},"f":{"1":23,"2":10,"3":32,"4":65,"5":80,"6":30,"7":61,"8":6,"9":5,"10":10,"11":18,"12":10,"13":32,"14":6,"15":65,"16":55,"17":65,"18":55,"19":55,"20":65,"21":28,"22":55,"23":1,"24":10,"25":32,"26":10},"fnMap":{"1":{"name":"commonArrayPrefix","line":10,"loc":{"start":{"line":10,"column":0},"end":{"line":10,"column":42}}},"2":{"name":"findCommonArrayPrefix","line":24,"loc":{"start":{"line":24,"column":0},"end":{"line":24,"column":37}}},"3":{"name":"(anonymous_3)","line":29,"loc":{"start":{"line":29,"column":29},"end":{"line":29,"column":44}}},"4":{"name":"Node","line":35,"loc":{"start":{"line":35,"column":0},"end":{"line":35,"column":39}}},"5":{"name":"(anonymous_5)","line":45,"loc":{"start":{"line":45,"column":22},"end":{"line":45,"column":34}}},"6":{"name":"(anonymous_6)","line":48,"loc":{"start":{"line":48,"column":14},"end":{"line":48,"column":26}}},"7":{"name":"(anonymous_7)","line":51,"loc":{"start":{"line":51,"column":14},"end":{"line":51,"column":31}}},"8":{"name":"(anonymous_8)","line":55,"loc":{"start":{"line":55,"column":12},"end":{"line":55,"column":24}}},"9":{"name":"(anonymous_9)","line":63,"loc":{"start":{"line":63,"column":40},"end":{"line":63,"column":56}}},"10":{"name":"TreeSummary","line":68,"loc":{"start":{"line":68,"column":0},"end":{"line":68,"column":47}}},"11":{"name":"(anonymous_11)","line":74,"loc":{"start":{"line":74,"column":13},"end":{"line":74,"column":34}}},"12":{"name":"(anonymous_12)","line":77,"loc":{"start":{"line":77,"column":19},"end":{"line":77,"column":54}}},"13":{"name":"(anonymous_13)","line":87,"loc":{"start":{"line":87,"column":40},"end":{"line":87,"column":55}}},"14":{"name":"(anonymous_14)","line":116,"loc":{"start":{"line":116,"column":32},"end":{"line":116,"column":49}}},"15":{"name":"(anonymous_15)","line":131,"loc":{"start":{"line":131,"column":16},"end":{"line":131,"column":48}}},"16":{"name":"(anonymous_16)","line":148,"loc":{"start":{"line":148,"column":30},"end":{"line":148,"column":47}}},"17":{"name":"(anonymous_17)","line":152,"loc":{"start":{"line":152,"column":22},"end":{"line":152,"column":39}}},"18":{"name":"(anonymous_18)","line":156,"loc":{"start":{"line":156,"column":31},"end":{"line":156,"column":48}}},"19":{"name":"(anonymous_19)","line":161,"loc":{"start":{"line":161,"column":31},"end":{"line":161,"column":48}}},"20":{"name":"(anonymous_20)","line":164,"loc":{"start":{"line":164,"column":22},"end":{"line":164,"column":43}}},"21":{"name":"(anonymous_21)","line":167,"loc":{"start":{"line":167,"column":27},"end":{"line":167,"column":43}}},"22":{"name":"(anonymous_22)","line":172,"loc":{"start":{"line":172,"column":30},"end":{"line":172,"column":47}}},"23":{"name":"(anonymous_23)","line":176,"loc":{"start":{"line":176,"column":12},"end":{"line":176,"column":24}}},"24":{"name":"TreeSummarizer","line":184,"loc":{"start":{"line":184,"column":0},"end":{"line":184,"column":26}}},"25":{"name":"(anonymous_25)","line":189,"loc":{"start":{"line":189,"column":28},"end":{"line":189,"column":57}}},"26":{"name":"(anonymous_26)","line":192,"loc":{"start":{"line":192,"column":20},"end":{"line":192,"column":32}}}},"statementMap":{"1":{"start":{"line":6,"column":0},"end":{"line":8,"column":39}},"2":{"start":{"line":10,"column":0},"end":{"line":22,"column":1}},"3":{"start":{"line":11,"column":4},"end":{"line":13,"column":17}},"4":{"start":{"line":14,"column":4},"end":{"line":20,"column":5}},"5":{"start":{"line":15,"column":8},"end":{"line":19,"column":9}},"6":{"start":{"line":16,"column":12},"end":{"line":16,"column":31}},"7":{"start":{"line":18,"column":12},"end":{"line":18,"column":18}},"8":{"start":{"line":21,"column":4},"end":{"line":21,"column":15}},"9":{"start":{"line":24,"column":0},"end":{"line":33,"column":1}},"10":{"start":{"line":25,"column":4},"end":{"line":27,"column":5}},"11":{"start":{"line":26,"column":8},"end":{"line":26,"column":18}},"12":{"start":{"line":29,"column":4},"end":{"line":30,"column":30}},"13":{"start":{"line":29,"column":46},"end":{"line":29,"column":68}},"14":{"start":{"line":32,"column":4},"end":{"line":32,"column":52}},"15":{"start":{"line":35,"column":0},"end":{"line":42,"column":1}},"16":{"start":{"line":36,"column":4},"end":{"line":36,"column":25}},"17":{"start":{"line":37,"column":4},"end":{"line":37,"column":29}},"18":{"start":{"line":38,"column":4},"end":{"line":38,"column":21}},"19":{"start":{"line":39,"column":4},"end":{"line":39,"column":35}},"20":{"start":{"line":40,"column":4},"end":{"line":40,"column":23}},"21":{"start":{"line":41,"column":4},"end":{"line":41,"column":23}},"22":{"start":{"line":44,"column":0},"end":{"line":66,"column":2}},"23":{"start":{"line":46,"column":8},"end":{"line":46,"column":33}},"24":{"start":{"line":49,"column":8},"end":{"line":49,"column":29}},"25":{"start":{"line":52,"column":8},"end":{"line":52,"column":34}},"26":{"start":{"line":53,"column":8},"end":{"line":53,"column":28}},"27":{"start":{"line":56,"column":8},"end":{"line":64,"column":10}},"28":{"start":{"line":63,"column":58},"end":{"line":63,"column":79}},"29":{"start":{"line":68,"column":0},"end":{"line":71,"column":1}},"30":{"start":{"line":69,"column":4},"end":{"line":69,"column":31}},"31":{"start":{"line":70,"column":4},"end":{"line":70,"column":49}},"32":{"start":{"line":73,"column":0},"end":{"line":182,"column":2}},"33":{"start":{"line":75,"column":8},"end":{"line":75,"column":35}},"34":{"start":{"line":78,"column":8},"end":{"line":84,"column":35}},"35":{"start":{"line":86,"column":8},"end":{"line":86,"column":30}},"36":{"start":{"line":87,"column":8},"end":{"line":107,"column":11}},"37":{"start":{"line":88,"column":12},"end":{"line":91,"column":23}},"38":{"start":{"line":92,"column":12},"end":{"line":92,"column":50}},"39":{"start":{"line":93,"column":12},"end":{"line":93,"column":29}},"40":{"start":{"line":94,"column":12},"end":{"line":94,"column":29}},"41":{"start":{"line":95,"column":12},"end":{"line":95,"column":49}},"42":{"start":{"line":96,"column":12},"end":{"line":98,"column":13}},"43":{"start":{"line":97,"column":16},"end":{"line":97,"column":52}},"44":{"start":{"line":99,"column":12},"end":{"line":99,"column":38}},"45":{"start":{"line":100,"column":12},"end":{"line":104,"column":13}},"46":{"start":{"line":101,"column":16},"end":{"line":101,"column":53}},"47":{"start":{"line":102,"column":16},"end":{"line":102,"column":38}},"48":{"start":{"line":103,"column":16},"end":{"line":103,"column":42}},"49":{"start":{"line":105,"column":12},"end":{"line":105,"column":34}},"50":{"start":{"line":106,"column":12},"end":{"line":106,"column":59}},"51":{"start":{"line":106,"column":35},"end":{"line":106,"column":57}},"52":{"start":{"line":109,"column":8},"end":{"line":123,"column":9}},"53":{"start":{"line":110,"column":12},"end":{"line":110,"column":30}},"54":{"start":{"line":111,"column":12},"end":{"line":111,"column":23}},"55":{"start":{"line":112,"column":12},"end":{"line":112,"column":39}},"56":{"start":{"line":113,"column":12},"end":{"line":113,"column":30}},"57":{"start":{"line":114,"column":12},"end":{"line":114,"column":64}},"58":{"start":{"line":115,"column":12},"end":{"line":115,"column":31}},"59":{"start":{"line":116,"column":12},"end":{"line":122,"column":15}},"60":{"start":{"line":117,"column":16},"end":{"line":121,"column":17}},"61":{"start":{"line":118,"column":20},"end":{"line":118,"column":41}},"62":{"start":{"line":120,"column":20},"end":{"line":120,"column":40}},"63":{"start":{"line":124,"column":8},"end":{"line":124,"column":59}},"64":{"start":{"line":125,"column":8},"end":{"line":125,"column":36}},"65":{"start":{"line":126,"column":8},"end":{"line":126,"column":25}},"66":{"start":{"line":127,"column":8},"end":{"line":127,"column":22}},"67":{"start":{"line":128,"column":8},"end":{"line":128,"column":46}},"68":{"start":{"line":132,"column":8},"end":{"line":132,"column":24}},"69":{"start":{"line":133,"column":8},"end":{"line":135,"column":9}},"70":{"start":{"line":134,"column":12},"end":{"line":134,"column":59}},"71":{"start":{"line":136,"column":8},"end":{"line":138,"column":9}},"72":{"start":{"line":137,"column":12},"end":{"line":137,"column":47}},"73":{"start":{"line":139,"column":8},"end":{"line":147,"column":9}},"74":{"start":{"line":140,"column":12},"end":{"line":144,"column":13}},"75":{"start":{"line":141,"column":16},"end":{"line":141,"column":76}},"76":{"start":{"line":143,"column":16},"end":{"line":143,"column":46}},"77":{"start":{"line":146,"column":12},"end":{"line":146,"column":67}},"78":{"start":{"line":148,"column":8},"end":{"line":150,"column":11}},"79":{"start":{"line":149,"column":12},"end":{"line":149,"column":49}},"80":{"start":{"line":153,"column":8},"end":{"line":154,"column":27}},"81":{"start":{"line":155,"column":8},"end":{"line":155,"column":44}},"82":{"start":{"line":155,"column":35},"end":{"line":155,"column":42}},"83":{"start":{"line":156,"column":8},"end":{"line":158,"column":11}},"84":{"start":{"line":157,"column":12},"end":{"line":157,"column":41}},"85":{"start":{"line":159,"column":8},"end":{"line":162,"column":10}},"86":{"start":{"line":161,"column":50},"end":{"line":161,"column":71}},"87":{"start":{"line":165,"column":8},"end":{"line":165,"column":24}},"88":{"start":{"line":166,"column":8},"end":{"line":166,"column":30}},"89":{"start":{"line":167,"column":8},"end":{"line":171,"column":11}},"90":{"start":{"line":168,"column":12},"end":{"line":168,"column":31}},"91":{"start":{"line":169,"column":12},"end":{"line":169,"column":31}},"92":{"start":{"line":170,"column":12},"end":{"line":170,"column":46}},"93":{"start":{"line":172,"column":8},"end":{"line":174,"column":11}},"94":{"start":{"line":173,"column":12},"end":{"line":173,"column":46}},"95":{"start":{"line":177,"column":8},"end":{"line":180,"column":10}},"96":{"start":{"line":184,"column":0},"end":{"line":186,"column":1}},"97":{"start":{"line":185,"column":4},"end":{"line":185,"column":25}},"98":{"start":{"line":188,"column":0},"end":{"line":196,"column":2}},"99":{"start":{"line":190,"column":8},"end":{"line":190,"column":44}},"100":{"start":{"line":193,"column":8},"end":{"line":193,"column":84}},"101":{"start":{"line":194,"column":8},"end":{"line":194,"column":67}},"102":{"start":{"line":198,"column":0},"end":{"line":198,"column":32}}},"branchMap":{"1":{"line":7,"type":"binary-expr","locations":[{"start":{"line":7,"column":10},"end":{"line":7,"column":18}},{"start":{"line":7,"column":22},"end":{"line":7,"column":25}}]},"2":{"line":11,"type":"cond-expr","locations":[{"start":{"line":11,"column":45},"end":{"line":11,"column":57}},{"start":{"line":11,"column":60},"end":{"line":11,"column":73}}]},"3":{"line":15,"type":"if","locations":[{"start":{"line":15,"column":8},"end":{"line":15,"column":8}},{"start":{"line":15,"column":8},"end":{"line":15,"column":8}}]},"4":{"line":25,"type":"if","locations":[{"start":{"line":25,"column":4},"end":{"line":25,"column":4}},{"start":{"line":25,"column":4},"end":{"line":25,"column":4}}]},"5":{"line":39,"type":"binary-expr","locations":[{"start":{"line":39,"column":19},"end":{"line":39,"column":26}},{"start":{"line":39,"column":30},"end":{"line":39,"column":34}}]},"6":{"line":62,"type":"cond-expr","locations":[{"start":{"line":62,"column":43},"end":{"line":62,"column":47}},{"start":{"line":62,"column":50},"end":{"line":62,"column":66}}]},"7":{"line":96,"type":"if","locations":[{"start":{"line":96,"column":12},"end":{"line":96,"column":12}},{"start":{"line":96,"column":12},"end":{"line":96,"column":12}}]},"8":{"line":100,"type":"if","locations":[{"start":{"line":100,"column":12},"end":{"line":100,"column":12}},{"start":{"line":100,"column":12},"end":{"line":100,"column":12}}]},"9":{"line":106,"type":"if","locations":[{"start":{"line":106,"column":12},"end":{"line":106,"column":12}},{"start":{"line":106,"column":12},"end":{"line":106,"column":12}}]},"10":{"line":109,"type":"if","locations":[{"start":{"line":109,"column":8},"end":{"line":109,"column":8}},{"start":{"line":109,"column":8},"end":{"line":109,"column":8}}]},"11":{"line":109,"type":"binary-expr","locations":[{"start":{"line":109,"column":12},"end":{"line":109,"column":26}},{"start":{"line":109,"column":30},"end":{"line":109,"column":52}}]},"12":{"line":117,"type":"if","locations":[{"start":{"line":117,"column":16},"end":{"line":117,"column":16}},{"start":{"line":117,"column":16},"end":{"line":117,"column":16}}]},"13":{"line":133,"type":"if","locations":[{"start":{"line":133,"column":8},"end":{"line":133,"column":8}},{"start":{"line":133,"column":8},"end":{"line":133,"column":8}}]},"14":{"line":136,"type":"if","locations":[{"start":{"line":136,"column":8},"end":{"line":136,"column":8}},{"start":{"line":136,"column":8},"end":{"line":136,"column":8}}]},"15":{"line":139,"type":"if","locations":[{"start":{"line":139,"column":8},"end":{"line":139,"column":8}},{"start":{"line":139,"column":8},"end":{"line":139,"column":8}}]},"16":{"line":140,"type":"if","locations":[{"start":{"line":140,"column":12},"end":{"line":140,"column":12}},{"start":{"line":140,"column":12},"end":{"line":140,"column":12}}]},"17":{"line":155,"type":"if","locations":[{"start":{"line":155,"column":8},"end":{"line":155,"column":8}},{"start":{"line":155,"column":8},"end":{"line":155,"column":8}}]},"18":{"line":170,"type":"cond-expr","locations":[{"start":{"line":170,"column":27},"end":{"line":170,"column":29}},{"start":{"line":170,"column":32},"end":{"line":170,"column":45}}]},"19":{"line":170,"type":"cond-expr","locations":[{"start":{"line":170,"column":40},"end":{"line":170,"column":41}},{"start":{"line":170,"column":44},"end":{"line":170,"column":45}}]}}},"/Users/ananthk/code/istanbul/lib/object-utils.js":{"path":"/Users/ananthk/code/istanbul/lib/object-utils.js","s":{"1":1,"2":201,"3":201,"4":179,"5":179,"6":733,"7":733,"8":605,"9":1,"10":109,"11":111,"12":1,"13":1,"14":1,"15":1,"16":284,"17":284,"18":269,"19":269,"20":15,"21":1,"22":78,"23":78,"24":231,"25":231,"26":163,"27":78,"28":78,"29":1,"30":26,"31":26,"32":25,"33":55,"34":25,"35":25,"36":26,"37":26,"38":1,"39":72,"40":1,"41":26,"42":26,"43":26,"44":26,"45":26,"46":26,"47":26,"48":1,"49":3,"50":3,"51":3,"52":11,"53":3,"54":8,"55":3,"56":8,"57":8,"58":17,"59":3,"60":1,"61":45,"62":76,"63":74,"64":296,"65":296,"66":45,"67":76,"68":45,"69":180,"70":45,"71":1,"72":1,"73":1,"74":1,"75":1,"76":1,"77":1,"78":4,"79":4,"80":4,"81":3,"82":1,"83":2,"84":2,"85":2,"86":2,"87":1,"88":1,"89":1},"b":{"1":[179,22],"2":[605,128],"3":[733,161],"4":[269,15],"5":[163,68],"6":[74,2],"7":[3,1],"8":[1,1]},"f":{"1":201,"2":733,"3":109,"4":111,"5":1,"6":1,"7":284,"8":78,"9":231,"10":26,"11":25,"12":55,"13":72,"14":26,"15":3,"16":11,"17":8,"18":8,"19":45,"20":76,"21":296,"22":76,"23":180,"24":1,"25":1,"26":4,"27":2},"fnMap":{"1":{"name":"addDerivedInfoForFile","line":41,"loc":{"start":{"line":41,"column":0},"end":{"line":41,"column":45}}},"2":{"name":"(anonymous_2)","line":48,"loc":{"start":{"line":48,"column":40},"end":{"line":48,"column":54}}},"3":{"name":"addDerivedInfo","line":65,"loc":{"start":{"line":65,"column":0},"end":{"line":65,"column":34}}},"4":{"name":"(anonymous_4)","line":66,"loc":{"start":{"line":66,"column":34},"end":{"line":66,"column":47}}},"5":{"name":"removeDerivedInfo","line":76,"loc":{"start":{"line":76,"column":0},"end":{"line":76,"column":37}}},"6":{"name":"(anonymous_6)","line":77,"loc":{"start":{"line":77,"column":34},"end":{"line":77,"column":47}}},"7":{"name":"percent","line":82,"loc":{"start":{"line":82,"column":0},"end":{"line":82,"column":33}}},"8":{"name":"computeSimpleTotals","line":92,"loc":{"start":{"line":92,"column":0},"end":{"line":92,"column":53}}},"9":{"name":"(anonymous_9)","line":96,"loc":{"start":{"line":96,"column":31},"end":{"line":96,"column":46}}},"10":{"name":"computeBranchTotals","line":106,"loc":{"start":{"line":106,"column":0},"end":{"line":106,"column":43}}},"11":{"name":"(anonymous_11)","line":110,"loc":{"start":{"line":110,"column":31},"end":{"line":110,"column":46}}},"12":{"name":"(anonymous_12)","line":112,"loc":{"start":{"line":112,"column":38},"end":{"line":112,"column":53}}},"13":{"name":"blankSummary","line":142,"loc":{"start":{"line":142,"column":0},"end":{"line":142,"column":24}}},"14":{"name":"summarizeFileCoverage","line":175,"loc":{"start":{"line":175,"column":0},"end":{"line":175,"column":45}}},"15":{"name":"mergeFileCoverage","line":195,"loc":{"start":{"line":195,"column":0},"end":{"line":195,"column":42}}},"16":{"name":"(anonymous_16)","line":201,"loc":{"start":{"line":201,"column":34},"end":{"line":201,"column":47}}},"17":{"name":"(anonymous_17)","line":204,"loc":{"start":{"line":204,"column":34},"end":{"line":204,"column":47}}},"18":{"name":"(anonymous_18)","line":207,"loc":{"start":{"line":207,"column":34},"end":{"line":207,"column":47}}},"19":{"name":"mergeSummaryObjects","line":227,"loc":{"start":{"line":227,"column":0},"end":{"line":227,"column":31}}},"20":{"name":"(anonymous_20)","line":231,"loc":{"start":{"line":231,"column":20},"end":{"line":231,"column":35}}},"21":{"name":"(anonymous_21)","line":233,"loc":{"start":{"line":233,"column":29},"end":{"line":233,"column":44}}},"22":{"name":"(anonymous_22)","line":239,"loc":{"start":{"line":239,"column":17},"end":{"line":239,"column":32}}},"23":{"name":"(anonymous_23)","line":242,"loc":{"start":{"line":242,"column":17},"end":{"line":242,"column":32}}},"24":{"name":"toYUICoverage","line":259,"loc":{"start":{"line":259,"column":0},"end":{"line":259,"column":33}}},"25":{"name":"(anonymous_25)","line":264,"loc":{"start":{"line":264,"column":34},"end":{"line":264,"column":47}}},"26":{"name":"(anonymous_26)","line":279,"loc":{"start":{"line":279,"column":35},"end":{"line":279,"column":48}}},"27":{"name":"(anonymous_27)","line":286,"loc":{"start":{"line":286,"column":39},"end":{"line":286,"column":52}}}},"statementMap":{"1":{"start":{"line":41,"column":0},"end":{"line":57,"column":1}},"2":{"start":{"line":42,"column":4},"end":{"line":44,"column":16}},"3":{"start":{"line":46,"column":4},"end":{"line":56,"column":5}},"4":{"start":{"line":47,"column":8},"end":{"line":47,"column":38}},"5":{"start":{"line":48,"column":8},"end":{"line":55,"column":11}},"6":{"start":{"line":49,"column":12},"end":{"line":51,"column":40}},"7":{"start":{"line":52,"column":12},"end":{"line":54,"column":13}},"8":{"start":{"line":53,"column":16},"end":{"line":53,"column":38}},"9":{"start":{"line":65,"column":0},"end":{"line":69,"column":1}},"10":{"start":{"line":66,"column":4},"end":{"line":68,"column":7}},"11":{"start":{"line":67,"column":8},"end":{"line":67,"colu
[...]
ype":"if","locations":[{"start":{"line":69,"column":4},"end":{"line":69,"column":4}},{"start":{"line":69,"column":4},"end":{"line":69,"column":4}}]},"4":{"line":69,"type":"binary-expr","locations":[{"start":{"line":69,"column":8},"end":{"line":69,"column":15}},{"start":{"line":69,"column":19},"end":{"line":69,"column":49}},{"start":{"line":69,"column":53},"end":{"line":69,"column":60}},{"start":{"line":69,"column":64},"end":{"line":69,"column":77}}]},"5":{"line":71,"type":"if","locations":[{"start":{"line":71,"column":12},"end":{"line":71,"column":12}},{"start":{"line":71,"column":12},"end":{"line":71,"column":12}}]},"6":{"line":90,"type":"binary-expr","locations":[{"start":{"line":90,"column":14},"end":{"line":90,"column":21}},{"start":{"line":90,"column":25},"end":{"line":90,"column":27}}]},"7":{"line":93,"type":"cond-expr","locations":[{"start":{"line":94,"column":60},"end":{"line":94,"column":80}},{"start":{"line":94,"column":83},"end":{"line":94,"column":87}}]},"8":{"line":93,"type":"binary-expr","locations":[{"start":{"line":93,"column":23},"end":{"line":93,"column":43}},{"start":{"line":94,"column":15},"end":{"line":94,"column":57}}]},"9":{"line":98,"type":"if","locations":[{"start":{"line":98,"column":8},"end":{"line":98,"column":8}},{"start":{"line":98,"column":8},"end":{"line":98,"column":8}}]},"10":{"line":103,"type":"if","locations":[{"start":{"line":103,"column":8},"end":{"line":103,"column":8}},{"start":{"line":103,"column":8},"end":{"line":103,"column":8}}]},"11":{"line":133,"type":"binary-expr","locations":[{"start":{"line":133,"column":11},"end":{"line":133,"column":15}},{"start":{"line":133,"column":19},"end":{"line":133,"column":21}}]}}},"/Users/ananthk/code/istanbul/lib/command/help.js":{"path":"/Users/ananthk/code/istanbul/lib/command/help.js","s":{"1":1,"2":1,"3":6,"4":1,"5":1,"6":1,"7":5,"8":4,"9":4,"10":4,"11":4,"12":20,"13":20,"14":20,"15":4,"16":4,"17":4,"18":7,"19":7,"20":1,"21":6,"22":6,"23":4,"24":2,"25":2,"26":1},"b":{"1":[1,6]},"f":{"1":6,"2":5,"3":4,"4":20,"5":7},"fnMap":{"1":{"name":"HelpCommand","line":11,"loc":{"start":{"line":11,"column":0},"end":{"line":11,"column":23}}},"2":{"name":"(anonymous_2)","line":19,"loc":{"start":{"line":19,"column":14},"end":{"line":19,"column":26}}},"3":{"name":"(anonymous_3)","line":23,"loc":{"start":{"line":23,"column":11},"end":{"line":23,"column":23}}},"4":{"name":"(anonymous_4)","line":29,"loc":{"start":{"line":29,"column":41},"end":{"line":29,"column":56}}},"5":{"name":"(anonymous_5)","line":38,"loc":{"start":{"line":38,"column":9},"end":{"line":38,"column":25}}}},"statementMap":{"1":{"start":{"line":6,"column":0},"end":{"line":9,"column":45}},"2":{"start":{"line":11,"column":0},"end":{"line":13,"column":1}},"3":{"start":{"line":12,"column":4},"end":{"line":12,"column":23}},"4":{"start":{"line":15,"column":0},"end":{"line":15,"column":26}},"5":{"start":{"line":16,"column":0},"end":{"line":16,"column":36}},"6":{"start":{"line":18,"column":0},"end":{"line":52,"column":3}},"7":{"start":{"line":20,"column":8},"end":{"line":20,"column":28}},"8":{"start":{"line":25,"column":8},"end":{"line":25,"column":90}},"9":{"start":{"line":26,"column":8},"end":{"line":26,"column":51}},"10":{"start":{"line":28,"column":8},"end":{"line":28,"column":23}},"11":{"start":{"line":29,"column":8},"end":{"line":33,"column":11}},"12":{"start":{"line":30,"column":12},"end":{"line":30,"column":45}},"13":{"start":{"line":31,"column":12},"end":{"line":31,"column":68}},"14":{"start":{"line":32,"column":12},"end":{"line":32,"column":32}},"15":{"start":{"line":34,"column":8},"end":{"line":34,"column":101}},"16":{"start":{"line":35,"column":8},"end":{"line":35,"column":63}},"17":{"start":{"line":36,"column":8},"end":{"line":36,"column":28}},"18":{"start":{"line":39,"column":8},"end":{"line":39,"column":20}},"19":{"start":{"line":40,"column":8},"end":{"line":50,"column":9}},"20":{"start":{"line":41,"column":12},"end":{"line":41,"column":25}},"21":{"start":{"line":43,"column":12},"end":{"line":49,"column":13}},"22":{"start":{"line":44,"column":16},"end":{"line":44,"column":50}},"23":{"start":{"line":45,"column":16},"end":{"line":45,"column":79}},"24":{"start":{"line":47,"column":16},"end":{"line":47,"column":61}},"25":{"start":{"line":48,"column":16},"end":{"line":48,"column":29}},"26":{"start":{"line":55,"column":0},"end":{"line":55,"column":29}}},"branchMap":{"1":{"line":40,"type":"if","locations":[{"start":{"line":40,"column":8},"end":{"line":40,"column":8}},{"start":{"line":40,"column":8},"end":{"line":40,"column":8}}]}}},"/Users/ananthk/code/istanbul/index.js":{"path":"/Users/ananthk/code/istanbul/index.js","s":{"1":1,"2":1,"3":1},"b":{},"f":{},"fnMap":{},"statementMap":{"1":{"start":{"line":14,"column":0},"end":{"line":18,"column":38}},"2":{"start":{"line":20,"column":0},"end":{"line":20,"column":34}},"3":{"start":{"line":34,"column":0},"end":{"line":106,"column":2}}},"branchMap":{}},"/Users/ananthk/code/istanbul/lib/util/meta.js":{"path":"/Users/ananthk/code/istanbul/lib/util/meta.js","s":{"1":1,"2":1},"b":{},"f":{},"fnMap":{},"statementMap":{"1":{"start":{"line":6,"column":0},"end":{"line":8,"column":99}},"2":{"start":{"line":10,"column":0},"end":{"line":13,"column":2}}},"branchMap":{}},"/Users/ananthk/code/istanbul/lib/command/instrument.js":{"path":"/Users/ananthk/code/istanbul/lib/command/instrument.js","s":{"1":1,"2":1,"3":0,"4":0,"5":0,"6":0,"7":0,"8":0,"9":0,"10":0,"11":0,"12":0,"13":0,"14":0,"15":0,"16":0,"17":0,"18":0,"19":0,"20":0,"21":0,"22":0,"23":0,"24":0,"25":0,"26":0,"27":0,"28":0,"29":0,"30":0,"31":0,"32":1,"33":6,"34":1,"35":1,"36":1,"37":5,"38":2,"39":2,"40":0,"41":0,"42":0,"43":0,"44":0,"45":0,"46":0,"47":0,"48":0,"49":0,"50":0,"51":0,"52":0,"53":0,"54":0,"55":0,"56":0,"57":0,"58":0,"59":0,"60":0,"61":0,"62":0,"63":0,"64":0,"65":1},"b":{"1":[0,0],"2":[0,0],"3":[0,0],"4":[0,0],"5":[0,0],"6":[0,0],"7":[0,0],"8":[0,0],"9":[0,0],"10":[0,0],"11":[0,0],"12":[0,0],"13":[0,0],"14":[0,0],"15":[0,0]},"f":{"1":0,"2":0,"3":0,"4":0,"5":0,"6":0,"7":0,"8":6,"9":5,"10":2,"11":0,"12":0},"fnMap":{"1":{"name":"processFiles","line":19,"loc":{"start":{"line":19,"column":0},"end":{"line":19,"column":72}}},"2":{"name":"(anonymous_2)","line":20,"loc":{"start":{"line":20,"column":20},"end":{"line":20,"column":46}}},"3":{"name":"(anonymous_3)","line":26,"loc":{"start":{"line":26,"column":43},"end":{"line":26,"column":64}}},"4":{"name":"(anonymous_4)","line":28,"loc":{"start":{"line":28,"column":57},"end":{"line":28,"column":87}}},"5":{"name":"(anonymous_5)","line":30,"loc":{"start":{"line":30,"column":67},"end":{"line":30,"column":82}}},"6":{"name":"(anonymous_6)","line":41,"loc":{"start":{"line":41,"column":26},"end":{"line":41,"column":47}}},"7":{"name":"(anonymous_7)","line":57,"loc":{"start":{"line":57,"column":14},"end":{"line":57,"column":26}}},"8":{"name":"InstrumentCommand","line":68,"loc":{"start":{"line":68,"column":0},"end":{"line":68,"column":29}}},"9":{"name":"synopsis","line":76,"loc":{"start":{"line":76,"column":14},"end":{"line":76,"column":34}}},"10":{"name":"(anonymous_10)","line":80,"loc":{"start":{"line":80,"column":11},"end":{"line":80,"column":23}}},"11":{"name":"(anonymous_11)","line":92,"loc":{"start":{"line":92,"column":9},"end":{"line":92,"column":25}}},"12":{"name":"(anonymous_12)","line":134,"loc":{"start":{"line":134,"column":15},"end":{"line":134,"column":37}}}},"statementMap":{"1":{"start":{"line":6,"column":0},"end":{"line":17,"column":12}},"2":{"start":{"line":19,"column":0},"end":{"line":65,"column":1}},"3":{"start":{"line":20,"column":4},"end":{"line":39,"column":41}},"4":{"start":{"line":21,"column":12},"end":{"line":23,"column":48}},"5":{"start":{"line":25,"column":12},"end":{"line":25,"column":30}},"6":{"start":{"line":26,"column":12},"end":{"line":34,"column":15}},"7":{"start":{"line":27,"column":16},"end":{"line":27,"column":56}},"8":{"start":{"line":27,"column":27},"end":{"line":27,"column":54}},"9":{"start":{"line":28,"column":16},"end":{"line":33,"column":19}},"10":{"start":{"line":29,"column":20},"end":{"line":29,"column":62}},"11":{"start":{"line":29,"column":32},"end":{"line":29,"column":60}},"12":{"start":{"line":30,"column":20},"end":{"line":32,"column":23}},"13":{"start":{"line":31,"column":24},"end":{"line":31,"column":51}},"14":{"start":{"line":41,"column":4},"end":{"line":55,"column":7}},"15":{"start":{"line":42,"column":8},"end":{"line":42,"column":34}},"16":{"start":{"line":43,"column":8},"end":{"line":48,"column":9}},"17":{"start":{"line":44,"column":12},"end":{"line":44,"column":78}},"18":{"start":{"line":45,"column":12},"end":{"line":45,"column":53}},"19":{"start":{"line":46,"column":12},"end":{"line":46,"column":55}},"20":{"start":{"line":47,"column":12},"end":{"line":47,"column":69}},"21":{"start":{"line":49,"column":8},"end":{"line":53,"column":9}},"22":{"start":{"line":50,"column":12},"end":{"line":50,"column":46}},"23":{"start":{"line":52,"column":12},"end":{"line":52,"column":65}},"24":{"start":{"line":52,"column":37},"end":{"line":52,"column":63}},"25":{"start":{"line":54,"column":8},"end":{"line":54,"column":19}},"26":{"start":{"line":57,"column":4},"end":{"line":64,"column":6}},"27":{"start":{"line":58,"column":8},"end":{"line":58,"column":43}},"28":{"start":{"line":59,"column":8},"end":{"line":59,"column":114}},"29":{"start":{"line":60,"column":8},"end":{"line":63,"column":9}},"30":{"start":{"line":61,"column":12},"end":{"line":61,"column":104}},"31":{"start":{"line":62,"column":12},"end":{"line":62,"column":32}},"32":{"start":{"line":68,"column":0},"end":{"line":70,"column":1}},"33":{"start":{"line":69,"column":4},"end":{"line":69,"column":23}},"34":{"start":{"line":72,"column":0},"end":{"line":72,"column":38}},"35":{"start":{"line":73,"column":0},"end":{"line":73,"column":42}},"36":{"start":{"line":75,"column":0},"end":{"line":148,"column":3}},"37":{"start":{"line":77,"column":8},"end":{"line":77,"column":120}},"38":{"start":{"line":81,"column":8},"end":{"line":88,"column":35}},"39":{"start":{"line":89,"column":8},"end":{"line":89,"column":28}},"40":{"start":{"line":94,"column":8},"end":{"line":107,"column":81}},"41":{"start":{"line":109,"column":8},"end":{"line":109,"column":31}},"42":{"start":{"line":110,"column":8},"end":{"line":112,"column":9}},"43":{"start":{"line":111,"column":12},"end":{"line":111,"column":111}},"44":{"start":{"line":113,"column":8},"end":{"line":115,"column":9}},"45":{"start":{"line":114,"column":12},"end":{"line":114,"column":32}},"46":{"start":{"line":117,"column":8},"end":{"line":121,"column":11}},"47":{"start":{"line":123,"column":8},"end":{"line":123,"column":40}},"48":{"start":{"line":124,"column":8},"end":{"line":124,"column":34}},"49":{"start":{"line":125,"column":8},"end":{"line":146,"column":9}},"50":{"start":{"line":126,"column":12},"end":{"line":126,"column":124}},"51":{"start":{"line":126,"column":32},"end":{"line":126,"column":122}},"52":{"start":{"line":127,"column":12},"end":{"line":127,"column":127}},"53":{"start":{"line":127,"column":40},"end":{"line":127,"column":125}},"54":{"start":{"line":128,"column":12},"end":{"line":128,"column":37}},"55":{"start":{"line":129,"column":12},"end":{"line":137,"column":15}},"56":{"start":{"line":135,"column":16},"end":{"line":135,"column":39}},"57":{"start":{"line":135,"column":27},"end":{"line":135,"column":37}},"58":{"start":{"line":136,"column":16},"end":{"line":136,"column":69}},"59":{"start":{"line":139,"column":12},"end":{"line":143,"column":13}},"60":{"start":{"line":140,"column":16},"end":{"line":140,"column":59}},"61":{"start":{"line":142,"column":16},"end":{"line":142,"column":40}},"62":{"start":{"line":144,"column":12},"end":{"line":144,"column":91}},"63":{"start":{"line":145,"column":12},"end":{"line":145,"column":47}},"64":{"start":{"line":145,"column":18},"end":{"line":145,"column":31}},"65":{"start":{"line":150,"column":0},"end":{"line":150,"column":35}}},"branchMap":{"1":{"line":27,"type":"if","locations":[{"start":{"line":27,"column":16},"end":{"line":27,"column":16}},{"start":{"line":27,"column":16},"end":{"line":27,"column":16}}]},"2":{"line":29,"type":"if","locations":[{"start":{"line":29,"column":20},"end":{"line":29,"column":20}},{"start":{"line":29,"column":20},"end":{"line":29,"column":20}}]},"3":{"line":43,"type":"if","locations":[{"start":{"line":43,"column":8},"end":{"line":43,"column":8}},{"start":{"line":43,"column":8},"end":{"line":43,"column":8}}]},"4":{"line":44,"type":"binary-expr","locations":[{"start":{"line":44,"column":45},"end":{"line":44,"column":56}},{"start":{"line":44,"column":60},"end":{"line":44,"column":74}}]},"5":{"line":49,"type":"if","locations":[{"start":{"line":49,"column":8},"end":{"line":49,"column":8}},{"start":{"line":49,"column":8},"end":{"line":49,"column":8}}]},"6":{"line":52,"type":"if","locations":[{"start":{"line":52,"column":12},"end":{"line":52,"column":12}},{"start":{"line":52,"column":12},"end":{"line":52,"column":12}}]},"7":{"line":60,"type":"if","locations":[{"start":{"line":60,"column":8},"end":{"line":60,"column":8}},{"start":{"line":60,"column":8},"end":{"line":60,"column":8}}]},"8":{"line":110,"type":"if","locations":[{"start":{"line":110,"column":8},"end":{"line":110,"column":8}},{"start":{"line":110,"column":8},"end":{"line":110,"column":8}}]},"9":{"line":113,"type":"if","locations":[{"start":{"line":113,"column":8},"end":{"line":113,"column":8}},{"start":{"line":113,"column":8},"end":{"line":113,"column":8}}]},"10":{"line":125,"type":"if","locations":[{"start":{"line":125,"column":8},"end":{"line":125,"column":8}},{"start":{"line":125,"column":8},"end":{"line":125,"column":8}}]},"11":{"line":126,"type":"if","locations":[{"start":{"line":126,"column":12},"end":{"line":126,"column":12}},{"start":{"line":126,"column":12},"end":{"line":126,"column":12}}]},"12":{"line":127,"type":"if","locations":[{"start":{"line":127,"column":12},"end":{"line":127,"column":12}},{"start":{"line":127,"column":12},"end":{"line":127,"column":12}}]},"13":{"line":132,"type":"binary-expr","locations":[{"start":{"line":132,"column":26},"end":{"line":132,"column":32}},{"start":{"line":132,"column":36},"end":{"line":132,"column":58}}]},"14":{"line":135,"type":"if","locations":[{"start":{"line":135,"column":16},"end":{"line":135,"column":16}},{"start":{"line":135,"column":16},"end":{"line":135,"column":16}}]},"15":{"line":139,"type":"if","locations":[{"start":{"line":139,"column":12},"end":{"line":139,"column":12}},{"start":{"line":139,"column":12},"end":{"line":139,"column":12}}]}}},"/Users/ananthk/code/istanbul/lib/command/report.js":{"path":"/Users/ananthk/code/istanbul/lib/command/report.js","s":{"1":1,"2":1,"3":6,"4":1,"5":1,"6":1,"7":5,"8":2,"9":2,"10":2,"11":2,"12":2,"13":0,"14":0,"15":0,"16":0,"17":0,"18":0,"19":0,"20":0,"21":0,"22":0,"23":0,"24":0,"25":0,"26":0,"27":0,"28":0,"29":0,"30":0,"31":0,"32":1},"b":{"1":[0,0],"2":[0,0],"3":[0,0],"4":[0,0],"5":[0,0]},"f":{"1":6,"2":5,"3":2,"4":0,"5":0,"6":0},"fnMap":{"1":{"name":"ReportCommand","line":17,"loc":{"start":{"line":17,"column":0},"end":{"line":17,"column":25}}},"2":{"name":"(anonymous_2)","line":25,"loc":{"start":{"line":25,"column":14},"end":{"line":25,"column":26}}},"3":{"name":"(anonymous_3)","line":29,"loc":{"start":{"line":29,"column":11},"end":{"line":29,"column":23}}},"4":{"name":"(anonymous_4)","line":45,"loc":{"start":{"line":45,"column":9},"end":{"line":45,"column":25}}},"5":{"name":"(anonymous_5)","line":80,"loc":{"start":{"line":80,"column":11},"end":{"line":80,"column":33}}},"6":{"name":"(anonymous_6)","line":82,"loc":{"start":{"line":82,"column":26},"end":{"line":82,"column":42}}}},"statementMap":{"1":{"start":{"line":6,"column":0},"end":{"line":15,"column":33}},"2":{"start":{"line":17,"column":0},"end":{"line":19,"column":1}},"3":{"start":{"line":18,"column":4},"end":{"line":18,"column":23}},"4":{"start":{"line":21,"column":0},"end":{"line":21,"column":30}},"5":{"start":{"line":22,"column":0},"end":{"line":22,"column":38}},"6":{"start":{"line":24,"column":0},"end":{"line":91,"column":3}},"7":{"start":{"line":26,"column":8},"end":{"line":26,"column":85}},"8":{"start":{"line":30,"column":8},"end":{"line":35,"column":35}},"9":{"start":{"line":37,"column":8},"end":{"line":37,"column":28}},"10":{"start":{"line":39,"column":8},"end":{"line":39,"column":102}},"11":{"start":{"line":40,"column":8},"end":{"line":40,"column":177}},"12":{"start":{"line":42,"column":8},"end":{"line":42,"column":28}},"13":{"start":{"line":47,"column":8},"end":{"line":58,"column":40}},"14":{"start":{"line":60,"column":8},"end":{"line":62,"column":9}},"15":{"start":{"line":61,"column":12},"end":{"line":61,"column":32}},"16":{"start":{"line":64,"column":8},"end":{"line":66,"column":9}},"17":{"start":{"line":65,"column":12},"end":{"line":65,"column":43}},"18":{"start":{"line":68,"column":8},"end":{"line":68,"column":71}},"19":{"start":{"line":70,"column":8},"end":{"line":74,"column":9}},"20":{"start":{"line":71,"column":12},"end":{"line":71,"column":48}},"21":{"start":{"line":73,"column":12},"end":{"line":73,"column":75}},"22":{"start":{"line":76,"column":8},"end":{"line":76,"column":42}},"23":{"start":{"line":77,"column":8},"end":{"line":89,"column":11}},"24":{"start":{"line":81,"column":12},"end":{"line":81,"column":35}},"25":{"start":{"line":81,"column":23},"end":{"line":81,"column":33}},"26":{"start":{"line":82,"column":12},"end":{"line":85,"column":15}},"27":{"start":{"line":83,"column":16},"end":{"line":83,"column":80}},"28":{"start":{"line":84,"column":16},"end":{"line":84,"column":46}},"29":{"start":{"line":86,"column":12},"end":{"line":86,"column":56}},"30":{"start":{"line":87,"column":12},"end":{"line":87,"column":44}},"31":{"start":{"line":88,"column":12},"end":{"line":88,"column":32}},"32":{"start":{"line":93,"column":0},"end":{"line":93,"column":31}}},"branchMap":{"1":{"line":60,"type":"if","locations":[{"start":{"line":60,"column":8},"end":{"line":60,"column":8}},{"start":{"line":60,"column":8},"end":{"line":60,"column":8}}]},"2":{"line":64,"type":"if","locations":[{"start":{"line":64,"column":8},"end":{"line":64,"column":8}},{"start":{"line":64,"column":8},"end":{"line":64,"column":8}}]},"3":{"line":68,"type":"binary-expr","locations":[{"start":{"line":68,"column":19},"end":{"line":68,"column":27}},{"start":{"line":68,"column":31},"end":{"line":68,"column":70}}]},"4":{"line":76,"type":"binary-expr","locations":[{"start":{"line":76,"column":15},"end":{"line":76,"column":24}},{"start":{"line":76,"column":28},"end":{"line":76,"column":41}}]},"5":{"line":81,"type":"if","locations":[{"start":{"line":81,"column":12},"end":{"line":81,"column":12}},{"start":{"line":81,"column":12},"end":{"line":81,"column":12}}]}}},"/Users/ananthk/code/istanbul/lib/command/test.js":{"path":"/Users/ananthk/code/istanbul/lib/command/test.js","s":{"1":1,"2":1,"3":6,"4":1,"5":1,"6":1,"7":5,"8":2,"9":0,"10":1},"b":{},"f":{"1":6,"2":5,"3":2,"4":0},"fnMap":{"1":{"name":"TestCommand","line":10,"loc":{"start":{"line":10,"column":0},"end":{"line":10,"column":23}}},"2":{"name":"(anonymous_2)","line":18,"loc":{"start":{"line":18,"column":14},"end":{"line":18,"column":26}}},"3":{"name":"(anonymous_3)","line":22,"loc":{"start":{"line":22,"column":11},"end":{"line":22,"column":23}}},"4":{"name":"(anonymous_4)","line":26,"loc":{"start":{"line":26,"column":9},"end":{"line":26,"column":25}}}},"statementMap":{"1":{"start":{"line":6,"column":0},"end":{"line":8,"column":33}},"2":{"start":{"line":10,"column":0},"end":{"line":12,"column":1}},"3":{"start":{"line":11,"column":4},"end":{"line":11,"column":23}},"4":{"start":{"line":14,"column":0},"end":{"line":14,"column":26}},"5":{"start":{"line":15,"column":0},"end":{"line":15,"column":36}},"6":{"start":{"line":17,"column":0},"end":{"line":29,"column":3}},"7":{"start":{"line":19,"column":8},"end":{"line":19,"column":129}},"8":{"start":{"line":23,"column":8},"end":{"line":23,"column":57}},"9":{"start":{"line":27,"column":8},"end":{"line":27,"column":79}},"10":{"start":{"line":31,"column":0},"end":{"line":31,"column":29}}},"branchMap":{}}}