{"/Users/ananthk/screwdriver-git/istanbul/lib/instrumenter.js":{"path":"/Users/ananthk/screwdriver-git/istanbul/lib/instrumenter.js","s":{"1":1,"2":1,"3":1,"4":0,"5":0,"6":1,"7":1,"8":1,"9":5,"10":5,"11":0,"12":1,"13":36,"14":36,"15":0,"16":0,"17":0,"18":0,"19":36,"20":36,"21":36,"22":36,"23":1,"24":11978,"25":9893,"26":11978,"27":1,"28":1,"29":40,"30":40,"31":1,"32":6754,"33":3377,"34":916,"35":2996,"36":3377,"37":4293,"38":3377,"39":381,"40":1,"41":1,"42":1,"43":1,"44":1,"45":0,"46":0,"47":1,"48":31302,"49":31302,"50":0,"51":31302,"52":31302,"53":439,"54":1197,"55":1197,"56":1197,"57":0,"58":30863,"59":2108,"60":31302,"61":28224,"62":28224,"63":28224,"64":27722,"65":27722,"66":4264,"67":4264,"68":7808,"69":7808,"70":7808,"71":7808,"72":2085,"73":2085,"74":7808,"75":4264,"76":23458,"77":23458,"78":0,"79":23458,"80":31302,"81":31302,"82":1,"83":36,"84":36,"85":34607,"86":34607,"87":34607,"88":0,"89":0,"90":0,"91":0,"92":0,"93":0,"94":0,"95":34607,"96":31266,"97":34607,"98":34607,"99":31266,"100":34607,"101":0,"102":0,"103":34607,"104":826,"105":2224,"106":2085,"107":2085,"108":1,"109":1,"110":1,"111":1,"112":1,"113":1,"114":36,"115":36,"116":36,"117":36,"118":36,"119":0,"120":36,"121":1,"122":36,"123":36,"124":36,"125":36,"126":36,"127":36,"128":36,"129":36,"130":0,"131":0,"132":0,"133":0,"134":0,"135":0,"136":0,"137":36,"138":3377,"139":845,"140":3377,"141":845,"142":36,"143":36,"144":2085,"145":2085,"146":36,"147":36,"148":376,"149":376,"150":36,"151":36,"152":450,"153":450,"154":450,"155":916,"156":36,"157":144,"158":360,"159":36,"160":36,"161":36,"162":0,"163":36,"164":36,"165":36,"166":588,"167":199,"168":389,"169":388,"170":1,"171":263,"172":263,"173":62,"174":2085,"175":2085,"176":2085,"177":2085,"178":2085,"179":2085,"180":51,"181":50,"182":5,"183":2085,"184":2085,"185":2085,"186":2085,"187":2085,"188":2085,"189":2085,"190":376,"191":376,"192":376,"193":376,"194":376,"195":376,"196":376,"197":450,"198":450,"199":450,"200":450,"201":916,"202":916,"203":450,"204":450,"205":450,"206":916,"207":916,"208":187,"209":187,"210":390,"211":187,"212":263,"213":263,"214":263,"215":3,"216":3,"217":0,"218":3,"219":3,"220":9,"221":58,"222":58,"223":58,"224":139,"225":139,"226":13,"227":126,"228":126,"229":265,"230":126,"231":265,"232":265,"233":404,"234":139,"235":139,"236":265,"237":1,"238":0,"239":1},"b":{"1":[0,1],"2":[0,1],"3":[0,1],"4":[0,1],"5":[0,0],"6":[1,0],"7":[5,0],"8":[0,5],"9":[0,36],"10":[36,1],"11":[36,0],"12":[9893,2085],"13":[40,0],"14":[0,1],"15":[31302,11112],"16":[20226,11076],"17":[0,31302],"18":[439,30863],"19":[1197,1197],"20":[0,1197],"21":[1197,0],"22":[2108,28755],"23":[2108,2108],"24":[27722,502],"25":[28224,27777],"26":[4264,23458],"27":[7808,0],"28":[2085,5723],"29":[23458,0],"30":[0,23458],"31":[34607,31302],"32":[0,34607],"33":[31266,3341],"34":[31266,3341],"35":[0,34607],"36":[826,0],"37":[826,826,826],"38":[2224,0],"39":[2085,2085],"40":[1,0],"41":[1,0],"42":[1,1],"43":[36,0],"44":[0,36],"45":[1,35],"46":[36,0],"47":[36,0],"48":[36,36],"49":[0,0],"50":[0,0],"51":[845,2532],"52":[845,2532],"53":[2085,0],"54":[376,0],"55":[450,0],"56":[36,36],"57":[36,0],"58":[0,36],"59":[0,36],"60":[199,389],"61":[388,1],"62":[50,1],"63":[0,2085],"64":[2085,2085],"65":[112,264],"66":[0,3],"67":[13,126],"68":[139,139],"69":[139,265],"70":[0,1],"71":[1,0,0]},"f":{"1":1,"2":0,"3":36,"4":11978,"5":6754,"6":3377,"7":916,"8":2996,"9":3377,"10":4293,"11":3377,"12":381,"13":1,"14":31302,"15":36,"16":34607,"17":826,"18":2224,"19":2085,"20":1,"21":36,"22":0,"23":0,"24":36,"25":3377,"26":36,"27":144,"28":360,"29":588,"30":263,"31":62,"32":2085,"33":51,"34":5,"35":2085,"36":2085,"37":376,"38":376,"39":450,"40":916,"41":187,"42":263,"43":3,"44":58,"45":139,"46":265,"47":404},"fnMap":{"1":{"name":"(anonymous_1)","line":7,"loc":{"start":{"line":7,"column":1},"end":{"line":7,"column":19}}},"2":{"name":"(anonymous_2)","line":22,"loc":{"start":{"line":22,"column":18},"end":{"line":22,"column":35}}},"3":{"name":"generateTrackerVar","line":40,"loc":{"start":{"line":40,"column":4},"end":{"line":40,"column":54}}},"4":{"name":"pushAll","line":58,"loc":{"start":{"line":58,"column":4},"end":{"line":58,"column":33}}},"5":{"name":"(anonymous_5)","line":116,"loc":{"start":{"line":116,"column":18},"end":{"line":116,"column":34}}},"6":{"name":"(anonymous_6)","line":117,"loc":{"start":{"line":117,"column":23},"end":{"line":117,"column":38}}},"7":{"name":"(anonymous_7)","line":118,"loc":{"start":{"line":118,"column":24},"end":{"line":118,"column":39}}},"8":{"name":"(anonymous_8)","line":119,"loc":{"start":{"line":119,"column":19},"end":{"line":119,"column":39}}},"9":{"name":"(anonymous_9)","line":120,"loc":{"start":{"line":120,"column":13},"end":{"line":120,"column":35}}},"10":{"name":"(anonymous_10)","line":121,"loc":{"start":{"line":121,"column":19},"end":{"line":121,"column":39}}},"11":{"name":"(anonymous_11)","line":122,"loc":{"start":{"line":122,"column":23},"end":{"line":122,"column":38}}},"12":{"name":"(anonymous_12)","line":123,"loc":{"start":{"line":123,"column":18},"end":{"line":123,"column":38}}},"13":{"name":"Walker","line":126,"loc":{"start":{"line":126,"column":4},"end":{"line":126,"column":43}}},"14":{"name":"defaultWalker","line":136,"loc":{"start":{"line":136,"column":4},"end":{"line":136,"column":41}}},"15":{"name":"(anonymous_15)","line":212,"loc":{"start":{"line":212,"column":19},"end":{"line":212,"column":35}}},"16":{"name":"(anonymous_16)","line":217,"loc":{"start":{"line":217,"column":14},"end":{"line":217,"column":51}}},"17":{"name":"(anonymous_17)","line":239,"loc":{"start":{"line":239,"column":26},"end":{"line":239,"column":42}}},"18":{"name":"(anonymous_18)","line":243,"loc":{"start":{"line":243,"column":16},"end":{"line":243,"column":28}}},"19":{"name":"(anonymous_19)","line":247,"loc":{"start":{"line":247,"column":19},"end":{"line":247,"column":31}}},"20":{"name":"Instrumenter","line":303,"loc":{"start":{"line":303,"column":4},"end":{"line":303,"column":35}}},"21":{"name":"(anonymous_21)","line":353,"loc":{"start":{"line":353,"column":24},"end":{"line":353,"column":50}}},"22":{"name":"(anonymous_22)","line":404,"loc":{"start":{"line":404,"column":20},"end":{"line":404,"column":56}}},"23":{"name":"(anonymous_23)","line":425,"loc":{"start":{"line":425,"column":26},"end":{"line":425,"column":38}}},"24":{"name":"(anonymous_24)","line":428,"loc":{"start":{"line":428,"column":28},"end":{"line":428,"column":50}}},"25":{"name":"(anonymous_25)","line":430,"loc":{"start":{"line":430,"column":24},"end":{"line":430,"column":39}}},"26":{"name":"(anonymous_26)","line":462,"loc":{"start":{"line":462,"column":21},"end":{"line":462,"column":43}}},"27":{"name":"(anonymous_27)","line":469,"loc":{"start":{"line":469,"column":27},"end":{"line":469,"column":40}}},"28":{"name":"(anonymous_28)","line":470,"loc":{"start":{"line":470,"column":27},"end":{"line":470,"column":39}}},"29":{"name":"(anonymous_29)","line":494,"loc":{"start":{"line":494,"column":24},"end":{"line":494,"column":40}}},"30":{"name":"(anonymous_30)","line":504,"loc":{"start":{"line":504,"column":26},"end":{"line":504,"column":42}}},"31":{"name":"(anonymous_31)","line":509,"loc":{"start":{"line":509,"column":28},"end":{"line":509,"column":44}}},"32":{"name":"(anonymous_32)","line":513,"loc":{"start":{"line":513,"column":23},"end":{"line":513,"column":43}}},"33":{"name":"(anonymous_33)","line":522,"loc":{"start":{"line":522,"column":18},"end":{"line":522,"column":48}}},"34":{"name":"(anonymous_34)","line":528,"loc":{"start":{"line":528,"column":18},"end":{"line":528,"column":48}}},"35":{"name":"(anonymous_35)","line":532,"loc":{"start":{"line":532,"column":24},"end":{"line":532,"column":48}}},"36":{"name":"(anonymous_36)","line":548,"loc":{"start":{"line":548,"column":16},"end":{"line":548,"column":52}}},"37":{"name":"(anonymous_37)","line":554,"loc":{"start":{"line":554,"column":22},"end":{"line":554,"column":54}}},"38":{"name":"(anonymous_38)","line":563,"loc":{"start":{"line":563,"column":23},"end":{"line":563,"column":47}}},"39":{"name":"(anonymous_39)","line":582,"loc":{"start":{"line":582,"column":20},"end":{"line":582,"column":62}}},"40":{"name":"(anonymous_40)","line":598,"loc":{"start":{"line":598,"column":32},"end":{"line":598,"column":70}}},"41":{"name":"(anonymous_41)","line":612,"loc":{"start":{"line":612,"column":27},"end":{"line":612,"column":44}}},"42":{"name":"(anonymous_42)","line":621,"loc":{"start":{"line":621,"column":26},"end":{"line":621,"column":50}}},"43":{"name":"(anonymous_43)","line":636,"loc":{"start":{"line":636,"column":30},"end":{"line":636,"column":54}}},"44":{"name":"(anonymous_44)","line":650,"loc":{"start":{"line":650,"column":35},"end":{"line":650,"column":59}}},"45":{"name":"(anonymous_45)","line":659,"loc":{"start":{"line":659,"column":41},"end":{"line":659,"column":65}}},"46":{"name":"(anonymous_46)","line":674,"loc":{"start":{"line":674,"column":50},"end":{"line":674,"column":66}}},"47":{"name":"(anonymous_47)","line":682,"loc":{"start":{"line":682,"column":20},"end":{"line":682,"column":67}}}},"statementMap":{"1":{"start":{"line":7,"column":0},"end":{"line":698,"column":109}},"2":{"start":{"line":9,"column":4},"end":{"line":19,"column":32}},"3":{"start":{"line":21,"column":4},"end":{"line":23,"column":5}},"4":{"start":{"line":22,"column":8},"end":{"line":22,"column":116}},"5":{"start":{"line":22,"column":37},"end":{"line":22,"column":113}},"6":{"start":{"line":25,"column":4},"end":{"line":38,"column":5}},"7":{"start":{"line":26,"column":8},"end":{"line":32,"column":10}},"8":{"start":{"line":33,"column":8},"end":{"line":37,"column":9}},"9":{"start":{"line":34,"column":12},"end":{"line":36,"column":13}},"10":{"start":{"line":35,"column":16},"end":{"line":35,"column":68}},"11":{"start":{"line":35,"column":44},"end":{"line":35,"column":66}},"12":{"start":{"line":40,"column":4},"end":{"line":56,"column":5}},"13":{"start":{"line":41,"column":8},"end":{"line":41,"column":25}},"14":{"start":{"line":42,"column":8},"end":{"line":54,"column":9}},"15":{"start":{"line":43,"column":12},"end":{"line":43,"column":44}},"16":{"start":{"line":44,"column":12},"end":{"line":44,"column":34}},"17":{"start":{"line":45,"column":12},"end":{"line":45,"column":43}},"18":{"start":{"line":47,"column":12},"end":{"line":49,"column":52}},"19":{"start":{"line":51,"column":12},"end":{"line":51,"column":53}},"20":{"start":{"line":52,"column":12},"end":{"line":52,"column":34}},"21":{"start":{"line":53,"column":12},"end":{"line":53,"column":38}},"22":{"start":{"line":55,"column":8},"end":{"line":55,"column":53}},"23":{"start":{"line":58,"column":4},"end":{"line":63,"column":5}},"24":{"start":{"line":59,"column":8},"end":{"line":61,"column":9}},"25":{"start":{"line":60,"column":12},"end":{"line":60,"column":30}},"26":{"start":{"line":62,"column":8},"end":{"line":62,"column":47}},"27":{"start":{"line":65,"column":4},"end":{"line":107,"column":6}},"28":{"start":{"line":109,"column":4},"end":{"line":113,"column":5}},"29":{"start":{"line":110,"column":8},"end":{"line":112,"column":9}},"30":{"start":{"line":111,"column":12},"end":{"line":111,"column":78}},"31":{"start":{"line":115,"column":4},"end":{"line":124,"column":6}},"32":{"start":{"line":116,"column":36},"end":{"line":116,"column":88}},"33":{"start":{"line":117,"column":40},"end":{"line":117,"column":97}},"34":{"start":{"line":118,"column":41},"end":{"line":118,"column":98}},"35":{"start":{"line":119,"column":41},"end":{"line":119,"column":112}},"36":{"start":{"line":120,"column":37},"end":{"line":120,"column":130}},"37":{"start":{"line":121,"column":41},"end":{"line":121,"column":131}},"38":{"start":{"line":122,"column":40},"end":{"line":122,"column":132}},"39":{"start":{"line":123,"column":40},"end":{"line":123,"column":113}},"40":{"start":{"line":126,"column":4},"end":{"line":134,"column":5}},"41":{"start":{"line":127,"column":8},"end":{"line":127,"column":31}},"42":{"start":{"line":128,"column":8},"end":{"line":128,"column":27}},"43":{"start":{"line":129,"column":8},"end":{"line":129,"column":27}},"44":{"start":{"line":130,"column":8},"end":{"line":133,"column":9}},"45":{"start":{"line":131,"column":12},"end":{"line":131,"column":27}},"46":{"start":{"line":132,"column":12},"end":{"line":132,"column":28}},"47":{"start":{"line":136,"column":4},"end":{"line":209,"column":5}},"48":{"start":{"line":138,"column":8},"end":{"line":153,"column":19}},"49":{"start":{"line":155,"column":8},"end":{"line":155,"column":113}},"50":{"start":{"line":155,"column":28},"end":{"line":155,"column":111}},"51":{"start":{"line":156,"column":8},"end":{"line":156,"column":28}},"52":{"start":{"line":157,"column":8},"end":{"line":169,"column":9}},"53":{"start":{"line":158,"column":12},"end":{"line":164,"column":13}},"54":{"start":{"line":159,"column":16},"end":{"line":159,"column":61}},"55":{"start":{"line":160,"column":16},"end":{"line":160,"column":69}},"56":{"start":{"line":161,"column":16},"end":{"line":163,"column":17}},"57":{"start":{"line":162,"column":20},"end":{"line":162,"column":122}},"58":{"start":{"line":166,"column":12},"end":{"line":168,"column":13}},"59":{"start":{"line":167,"column":16},"end":{"line":167,"column":57}},"60":{"start":{"line":171,"column":8},"end":{"line":205,"column":9}},"61":{"start":{"line":172,"column":12},"end":{"line":172,"column":36}},"62":{"start":{"line":173,"column":12},"end":{"line":173,"column":40}},"63":{"start":{"line":174,"column":12},"end":{"line":204,"column":13}},"64":{"start":{"line":175,"column":16},"end":{"line":175,"column":66}},"65":{"start":{"line":176,"column":16},"end":{"line":203,"column":17}},"66":{"start":{"line":177,"column":20},"end":{"line":177,"column":36}},"67":{"start":{"line":178,"column":20},"end":{"line":187,"column":21}},"68":{"start":{"line":179,"column":24},"end":{"line":179,"column":52}},"69":{"start":{"line":180,"column":24},"end":{"line":180,"column":46}},"70":{"start":{"line":181,"column":24},"end":{"line":181,"column":98}},"71":{"start":{"line":182,"column":24},"end":{"line":185,"column":25}},"72":{"start":{"line":183,"column":28},"end":{"line":183,"column":68}},"73":{"start":{"line":184,"column":28},"end":{"line":184,"column":54}},"74":{"start":{"line":186,"column":24},"end":{"line":186,"column":56}},"75":{"start":{"line":188,"column":20},"end":{"line":188,"column":49}},"76":{"start":{"line":190,"column":20},"end":{"line":190,"column":88}},"77":{"start":{"line":191,"column":20},"end":{"line":202,"column":21}},"78":{"start":{"line":192,"column":24},"end":{"line":192,"column":123}},"79":{"start":{"line":201,"column":24},"end":{"line":201,"column":53}},"80":{"start":{"line":207,"column":8},"end":{"line":207,"column":28}},"81":{"start":{"line":208,"column":8},"end":{"line":208,"column":19}},"82":{"start":{"line":211,"column":4},"end":{"line":251,"column":6}},"83":{"start":{"line":213,"column":12},"end":{"line":213,"column":27}},"84":{"start":{"line":214,"column":12},"end":{"line":214,"column":28}},"85":{"start":{"line":218,"column":12},"end":{"line":218,"column":36}},"86":{"start":{"line":220,"column":12},"end":{"line":220,"column":45}},"87":{"start":{"line":221,"column":12},"end":{"line":228,"column":13}},"88":{"start":{"line":222,"column":16},"end":{"line":222,"column":30}},"89":{"start":{"line":223,"column":16},"end":{"line":223,"column":32}},"90":{"start":{"line":224,"column":16},"end":{"line":224,"column":31}},"91":{"start":{"line":225,"column":16},"end":{"line":225,"column":28}},"92":{"start":{"line":226,"column":16},"end":{"line":226,"column":73}},"93":{"start":{"line":226,"column":54},"end":{"line":226,"column":71}},"94":{"start":{"line":227,"column":16},"end":{"line":227,"column":73}},"95":{"start":{"line":229,"column":12},"end":{"line":229,"column":61}},"96":{"start":{"line":229,"column":31},"end":{"line":229,"column":59}},"97":{"start":{"line":230,"column":12},"end":{"line":230,"column":54}},"98":{"start":{"line":231,"column":12},"end":{"line":231,"column":49}},"99":{"start":{"line":231,"column":31},"end":{"line":231,"column":47}},"100":{"start":{"line":232,"column":12},"end":{"line":235,"column":13}},"101":{"start":{"line":233,"column":16},"end":{"line":233,"column":32}},"102":{"start":{"line":234,"column":16},"end":{"line":234,"column":74}},"103":{"start":{"line":236,"column":12},"end":{"line":236,"column":23}},"104":{"start":{"line":240,"column":12},"end":{"line":240,"column":83}},"105":{"start":{"line":244,"column":12},"end":{"line":244,"column":81}},"106":{"start":{"line":248,"column":12},"end":{"line":248,"column":35}},"107":{"start":{"line":249,"column":12},"end":{"line":249,"column":71}},"108":{"start":{"line":303,"column":4},"end":{"line":341,"column":5}},"109":{"start":{"line":304,"column":8},"end":{"line":312,"column":10}},"110":{"start":{"line":314,"column":8},"end":{"line":335,"column":38}},"111":{"start":{"line":338,"column":8},"end":{"line":340,"column":9}},"112":{"start":{"line":339,"column":12},"end":{"line":339,"column":42}},"113":{"start":{"line":343,"column":4},"end":{"line":690,"column":6}},"114":{"start":{"line":354,"column":12},"end":{"line":355,"column":24}},"115":{"start":{"line":356,"column":12},"end":{"line":356,"column":72}},"116":{"start":{"line":357,"column":12},"end":{"line":365,"column":14}},"117":{"start":{"line":366,"column":12},"end":{"line":372,"column":14}},"118":{"start":{"line":375,"column":12},"end":{"line":375,"column":85}},"119":{"start":{"line":375,"column":44},"end":{"line":375,"column":83}},"120":{"start":{"line":376,"column":12},"end":{"line":378,"column":13}},"121":{"start":{"line":377,"column":16},"end":{"line":377,"column":35}},"122":{"start":{"line":379,"column":12},"end":{"line":381,"column":13}},"123":{"start":{"line":380,"column":16},"end":{"line":380,"column":57}},"124":{"start":{"line":382,"column":12},"end":{"line":382,"column":53}},"125":{"start":{"line":383,"column":12},"end":{"line":385,"column":13}},"126":{"start":{"line":384,"column":16},"end":{"line":384,"column":107}},"127":{"start":{"line":386,"column":12},"end":{"line":386,"column":43}},"128":{"start":{"line":387,"column":12},"end":{"line":387,"column":109}},"129":{"start":{"line":389,"column":12},"end":{"line":389,"column":99}},"130":{"start":{"line":406,"column":12},"end":{"line":409,"column":13}},"131":{"start":{"line":407,"column":16},"end":{"line":407,"column":36}},"132":{"start":{"line":408,"column":16},"end":{"line":408,"column":32}},"133":{"start":{"line":410,"column":12},"end":{"line":414,"column":13}},"134":{"start":{"line":411,"column":16},"end":{"line":411,"column":68}},"135":{"start":{"line":413,"column":16},"end":{"line":413,"column":29}},"136":{"start":{"line":426,"column":12},"end":{"line":426,"column":35}},"137":{"start":{"line":429,"column":12},"end":{"line":441,"column":26}},"138":{"start":{"line":431,"column":20},"end":{"line":433,"column":21}},"139":{"start":{"line":432,"column":24},"end":{"line":432,"column":51}},"140":{"start":{"line":434,"column":20},"end":{"line":436,"column":21}},"141":{"start":{"line":435,"column":24},"end":{"line":435,"column":49}},"142":{"start":{"line":443,"column":12},"end":{"line":443,"column":42}},"143":{"start":{"line":444,"column":12},"end":{"line":446,"column":13}},"144":{"start":{"line":445,"column":16},"end":{"line":445,"column":61}},"145":{"start":{"line":445,"column":45},"end":{"line":445,"column":59}},"146":{"start":{"line":447,"column":12},"end":{"line":447,"column":35}},"147":{"start":{"line":448,"column":12},"end":{"line":450,"column":13}},"148":{"start":{"line":449,"column":16},"end":{"line":449,"column":65}},"149":{"start":{"line":449,"column":45},"end":{"line":449,"column":63}},"150":{"start":{"line":451,"column":12},"end":{"line":451,"column":39}},"151":{"start":{"line":452,"column":12},"end":{"line":459,"column":13}},"152":{"start":{"line":453,"column":16},"end":{"line":458,"column":17}},"153":{"start":{"line":454,"column":20},"end":{"line":454,"column":49}},"154":{"start":{"line":455,"column":20},"end":{"line":457,"column":21}},"155":{"start":{"line":456,"column":24},"end":{"line":456,"column":44}},"156":{"start":{"line":463,"column":12},"end":{"line":472,"column":21}},"157":{"start":{"line":470,"column":20},"end":{"line":470,"column":53}},"158":{"start":{"line":470,"column":41},"end":{"line":470,"column":50}},"159":{"start":{"line":473,"column":12},"end":{"line":475,"column":13}},"160":{"start":{"line":474,"column":16},"end":{"line":474,"column":57}},"161":{"start":{"line":476,"column":12},"end":{"line":478,"column":13}},"162":{"start":{"line":477,"column":16},"end":{"line":477,"column":62}},"163":{"start":{"line":479,"column":12},"end":{"line":479,"column":123}},"164":{"start":{"line":480,"column":12},"end":{"line":490,"column":60}},"165":{"start":{"line":491,"column":12},"end":{"line":491,"column":24}},"166":{"start":{"line":495,"column":12},"end":{"line":501,"column":13}},"167":{"start":{"line":496,"column":16},"end":{"line":496,"column":60}},"168":{"start":{"line":497,"column":19},"end":{"line":501,"column":13}},"169":{"start":{"line":498,"column":16},"end":{"line":498,"column":28}},"170":{"start":{"line":500,"column":16},"end":{"line":500,"column":66}},"171":{"start":{"line":505,"column":12},"end":{"line":505,"column":67}},"172":{"start":{"line":506,"column":12},"end":{"line":506,"column":65}},"173":{"start":{"line":510,"column":12},"end":{"line":510,"column":55}},"174":{"start":{"line":514,"column":12},"end":{"line":514,"column":22}},"175":{"start":{"line":515,"column":12},"end":{"line":515,"column":45}},"176":{"start":{"line":516,"column":12},"end":{"line":516,"column":48}},"177":{"start":{"line":517,"column":12},"end":{"line":517,"column":59}},"178":{"start":{"line":518,"column":12},"end":{"line":518,"column":41}},"179":{"start":{"line":519,"column":12},"end":{"line":519,"column":25}},"180":{"start":{"line":523,"column":12},"end":{"line":525,"column":13}},"181":{"start":{"line":524,"column":16},"end":{"line":524,"column":42}},"182":{"start":{"line":529,"column":12},"end":{"line":529,"column":38}},"183":{"start":{"line":533,"column":12},"end":{"line":534,"column":35}},"184":{"start":{"line":536,"column":12},"end":{"line":536,"column":49}},"185":{"start":{"line":537,"column":12},"end":{"line":544,"column":14}},"186":{"start":{"line":545,"column":12},"end":{"line":545,"column":58}},"187":{"start":{"line":549,"column":12},"end":{"line":549,"column":78}},"188":{"start":{"line":550,"column":12},"end":{"line":550,"column":58}},"189":{"start":{"line":551,"column":12},"end":{"line":551,"column":52}},"190":{"start":{"line":555,"column":12},"end":{"line":555,"column":40}},"191":{"start":{"line":556,"column":12},"end":{"line":557,"column":73}},"192":{"start":{"line":558,"column":12},"end":{"line":558,"column":82}},"193":{"start":{"line":559,"column":12},"end":{"line":559,"column":38}},"194":{"start":{"line":560,"column":12},"end":{"line":560,"column":22}},"195":{"start":{"line":564,"column":12},"end":{"line":569,"column":38}},"196":{"start":{"line":570,"column":12},"end":{"line":579,"column":14}},"197":{"start":{"line":583,"column":12},"end":{"line":586,"column":18}},"198":{"start":{"line":587,"column":12},"end":{"line":587,"column":42}},"199":{"start":{"line":588,"column":12},"end":{"line":588,"column":45}},"200":{"start":{"line":589,"column":12},"end":{"line":592,"column":13}},"201":{"start":{"line":590,"column":16},"end":{"line":590,"column":30}},"202":{"start":{"line":591,"column":16},"end":{"line":591,"column":49}},"203":{"start":{"line":593,"column":12},"end":{"line":593,"column":45}},"204":{"start":{"line":594,"column":12},"end":{"line":594,"column":101}},"205":{"start":{"line":595,"column":12},"end":{"line":595,"column":25}},"206":{"start":{"line":599,"column":12},"end":{"line":608,"column":14}},"207":{"start":{"line":609,"column":12},"end":{"line":609,"column":23}},"208":{"start":{"line":613,"column":12},"end":{"line":614,"column":18}},"209":{"start":{"line":615,"column":12},"end":{"line":617,"column":13}},"210":{"start":{"line":616,"column":16},"end":{"line":616,"column":39}},"211":{"start":{"line":618,"column":12},"end":{"line":618,"column":23}},"212":{"start":{"line":622,"column":12},"end":{"line":631,"column":47}},"213":{"start":{"line":632,"column":12},"end":{"line":632,"column":86}},"214":{"start":{"line":633,"column":12},"end":{"line":633,"column":86}},"215":{"start":{"line":637,"column":12},"end":{"line":639,"column":18}},"216":{"start":{"line":641,"column":12},"end":{"line":643,"column":13}},"217":{"start":{"line":642,"column":16},"end":{"line":642,"column":23}},"218":{"start":{"line":644,"column":12},"end":{"line":644,"column":108}},"219":{"start":{"line":645,"column":12},"end":{"line":647,"column":13}},"220":{"start":{"line":646,"column":16},"end":{"line":646,"column":101}},"221":{"start":{"line":651,"column":12},"end":{"line":653,"column":61}},"222":{"start":{"line":655,"column":12},"end":{"line":655,"column":69}},"223":{"start":{"line":656,"column":12},"end":{"line":656,"column":67}},"224":{"start":{"line":660,"column":12},"end":{"line":664,"column":18}},"225":{"start":{"line":666,"column":12},"end":{"line":669,"column":13}},"226":{"start":{"line":668,"column":16},"end":{"line":668,"column":23}},"227":{"start":{"line":671,"column":12},"end":{"line":671,"column":42}},"228":{"start":{"line":672,"column":12},"end":{"line":675,"column":14}},"229":{"start":{"line":674,"column":68},"end":{"line":674,"column":85}},"230":{"start":{"line":676,"column":12},"end":{"line":679,"column":13}},"231":{"start":{"line":677,"column":16},"end":{"line":677,"column":34}},"232":{"start":{"line":678,"column":16},"end":{"line":678,"column":114}},"233":{"start":{"line":683,"column":12},"end":{"line":688,"column":13}},"234":{"start":{"line":684,"column":16},"end":{"line":684,"column":70}},"235":{"start":{"line":685,"column":16},"end":{"line":685,"column":72}},"236":{"start":{"line":687,"column":16},"end":{"line":687,"column":85}},"237":{"start":{"line":692,"column":4},"end":{"line":696,"column":5}},"238":{"start":{"line":693,"column":8},"end":{"line":693,"column":38}},"239":{"start":{"line":695,"column":8},"end":{"line":695,"column":43}}},"branchMap":{"1":{"line":11,"type":"cond-expr","locations":[{"start":{"line":11,"column":23},"end":{"line":11,"column":41}},{"start":{"line":11,"column":44},"end":{"line":11,"column":51}}]},"2":{"line":12,"type":"cond-expr","locations":[{"start":{"line":12,"column":26},"end":{"line":12,"column":46}},{"start":{"line":12,"column":49},"end":{"line":12,"column":58}}]},"3":{"line":13,"type":"cond-expr","locations":[{"start":{"line":13,"column":26},"end":{"line":13,"column":43}},{"start":{"line":13,"column":46},"end":{"line":13,"column":50}}]},"4":{"line":21,"type":"if","locations":[{"start":{"line":21,"column":4},"end":{"line":21,"column":4}},{"start":{"line":21,"column":4},"end":{"line":21,"column":4}}]},"5":{"line":22,"type":"binary-expr","locations":[{"start":{"line":22,"column":44},"end":{"line":22,"column":49}},{"start":{"line":22,"column":54},"end":{"line":22,"column":112}}]},"6":{"line":25,"type":"if","locations":[{"start":{"line":25,"column":4},"end":{"line":25,"column":4}},{"start":{"line":25,"column":4},"end":{"line":25,"column":4}}]},"7":{"line":34,"type":"if","locations":[{"start":{"line":34,"column":12},"end":{"line":34,"column":12}},{"start":{"line":34,"column":12},"end":{"line":34,"column":12}}]},"8":{"line":35,"type":"if","locations":[{"start":{"line":35,"column":16},"end":{"line":35,"column":16}},{"start":{"line":35,"column":16},"end":{"line":35,"column":16}}]},"9":{"line":42,"type":"if","locations":[{"start":{"line":42,"column":8},"end":{"line":42,"column":8}},{"start":{"line":42,"column":8},"end":{"line":42,"column":8}}]},"10":{"line":51,"type":"binary-expr","locations":[{"start":{"line":51,"column":31},"end":{"line":51,"column":47}},{"start":{"line":51,"column":51},"end":{"line":51,"column":52}}]},"11":{"line":55,"type":"cond-expr","locations":[{"start":{"line":55,"column":40},"end":{"line":55,"column":42}},{"start":{"line":55,"column":45},"end":{"line":55,"column":51}}]},"12":{"line":59,"type":"if","locations":[{"start":{"line":59,"column":8},"end":{"line":59,"column":8}},{"start":{"line":59,"column":8},"end":{"line":59,"column":8}}]},"13":{"line":110,"type":"if","locations":[{"start":{"line":110,"column":8},"end":{"line":110,"column":8}},{"start":{"line":110,"column":8},"end":{"line":110,"column":8}}]},"14":{"line":130,"type":"if","locations":[{"start":{"line":130,"column":8},"end":{"line":130,"column":8}},{"start":{"line":130,"column":8},"end":{"line":130,"column":8}}]},"15":{"line":141,"type":"binary-expr","locations":[{"start":{"line":141,"column":32},"end":{"line":141,"column":42}},{"start":{"line":141,"column":46},"end":{"line":141,"column":79}}]},"16":{"line":142,"type":"cond-expr","locations":[{"start":{"line":142,"column":43},"end":{"line":142,"column":63}},{"start":{"line":142,"column":66},"end":{"line":142,"column":70}}]},"17":{"line":155,"type":"if","locations":[{"start":{"line":155,"column":8},"end":{"line":155,"column":8}},{"start":{"line":155,"column":8},"end":{"line":155,"column":8}}]},"18":{"line":157,"type":"if","locations":[{"start":{"line":157,"column":8},"end":{"line":157,"column":8}},{"start":{"line":157,"column":8},"end":{"line":157,"column":8}}]},"19":{"line":160,"type":"binary-expr","locations":[{"start":{"line":160,"column":22},"end":{"line":160,"column":61}},{"start":{"line":160,"column":65},"end":{"line":160,"column":68}}]},"20":{"line":161,"type":"if","locations":[{"start":{"line":161,"column":16},"end":{"line":161,"column":16}},{"start":{"line":161,"column":16},"end":{"line":161,"column":16}}]},"21":{"line":161,"type":"binary-expr","locations":[{"start":{"line":161,"column":20},"end":{"line":161,"column":37}},{"start":{"line":161,"column":41},"end":{"line":161,"column":48}}]},"22":{"line":166,"type":"if","locations":[{"start":{"line":166,"column":12},"end":{"line":166,"column":12}},{"start":{"line":166,"column":12},"end":{"line":166,"column":12}}]},"23":{"line":167,"type":"binary-expr","locations":[{"start":{"line":167,"column":22},"end":{"line":167,"column":49}},{"start":{"line":167,"column":53},"end":{"line":167,"column":56}}]},"24":{"line":174,"type":"if","locations":[{"start":{"line":174,"column":12},"end":{"line":174,"column":12}},{"start":{"line":174,"column":12},"end":{"line":174,"column":12}}]},"25":{"line":174,"type":"binary-expr","locations":[{"start":{"line":174,"column":16},"end":{"line":174,"column":25}},{"start":{"line":174,"column":29},"end":{"line":174,"column":48}}]},"26":{"line":176,"type":"if","locations":[{"start":{"line":176,"column":16},"end":{"line":176,"column":16}},{"start":{"line":176,"column":16},"end":{"line":176,"column":16}}]},"27":{"line":181,"type":"binary-expr","locations":[{"start":{"line":181,"column":37},"end":{"line":181,"column":81}},{"start":{"line":181,"column":85},"end":{"line":181,"column":97}}]},"28":{"line":182,"type":"if","locations":[{"start":{"line":182,"column":24},"end":{"line":182,"column":24}},{"start":{"line":182,"column":24},"end":{"line":182,"column":24}}]},"29":{"line":190,"type":"binary-expr","locations":[{"start":{"line":190,"column":33},"end":{"line":190,"column":74}},{"start":{"line":190,"column":78},"end":{"line":190,"column":87}}]},"30":{"line":191,"type":"if","locations":[{"start":{"line":191,"column":20},"end":{"line":191,"column":20}},{"start":{"line":191,"column":20},"end":{"line":191,"column":20}}]},"31":{"line":220,"type":"binary-expr","locations":[{"start":{"line":220,"column":21},"end":{"line":220,"column":27}},{"start":{"line":220,"column":31},"end":{"line":220,"column":44}}]},"32":{"line":221,"type":"if","locations":[{"start":{"line":221,"column":12},"end":{"line":221,"column":12}},{"start":{"line":221,"column":12},"end":{"line":221,"column":12}}]},"33":{"line":229,"type":"if","locations":[{"start":{"line":229,"column":12},"end":{"line":229,"column":12}},{"start":{"line":229,"column":12},"end":{"line":229,"column":12}}]},"34":{"line":231,"type":"if","locations":[{"start":{"line":231,"column":12},"end":{"line":231,"column":12}},{"start":{"line":231,"column":12},"end":{"line":231,"column":12}}]},"35":{"line":232,"type":"if","locations":[{"start":{"line":232,"column":12},"end":{"line":232,"column":12}},{"start":{"line":232,"column":12},"end":{"line":232,"column":12}}]},"36":{"line":240,"type":"cond-expr","locations":[{"start":{"line":240,"column":56},"end":{"line":240,"column":75}},{"start":{"line":240,"column":78},"end":{"line":240,"column":82}}]},"37":{"line":240,"type":"binary-expr","locations":[{"start":{"line":240,"column":19},"end":{"line":240,"column":23}},{"start":{"line":240,"column":27},"end":{"line":240,"column":35}},{"start":{"line":240,"column":39},"end":{"line":240,"column":53}}]},"38":{"line":244,"type":"cond-expr","locations":[{"start":{"line":244,"column":42},"end":{"line":244,"column":73}},{"start":{"line":244,"column":76},"end":{"line":244,"column":80}}]},"39":{"line":249,"type":"binary-expr","locations":[{"start":{"line":249,"column":19},"end":{"line":249,"column":21}},{"start":{"line":249,"column":25},"end":{"line":249,"column":70}}]},"40":{"line":304,"type":"binary-expr","locations":[{"start":{"line":304,"column":20},"end":{"line":304,"column":27}},{"start":{"line":304,"column":31},"end":{"line":312,"column":9}}]},"41":{"line":338,"type":"if","locations":[{"start":{"line":338,"column":8},"end":{"line":338,"column":8}},{"start":{"line":338,"column":8},"end":{"line":338,"column":8}}]},"42":{"line":338,"type":"binary-expr","locations":[{"start":{"line":338,"column":12},"end":{"line":338,"column":30}},{"start":{"line":338,"column":34},"end":{"line":338,"column":70}}]},"43":{"line":356,"type":"binary-expr","locations":[{"start":{"line":356,"column":23},"end":{"line":356,"column":31}},{"start":{"line":356,"column":35},"end":{"line":356,"column":71}}]},"44":{"line":375,"type":"if","locations":[{"start":{"line":375,"column":12},"end":{"line":375,"column":12}},{"start":{"line":375,"column":12},"end":{"line":375,"column":12}}]},"45":{"line":376,"type":"if","locations":[{"start":{"line":376,"column":12},"end":{"line":376,"column":12}},{"start":{"line":376,"column":12},"end":{"line":376,"column":12}}]},"46":{"line":379,"type":"if","locations":[{"start":{"line":379,"column":12},"end":{"line":379,"column":12}},{"start":{"line":379,"column":12},"end":{"line":379,"column":12}}]},"47":{"line":383,"type":"if","locations":[{"start":{"line":383,"column":12},"end":{"line":383,"column":12}},{"start":{"line":383,"column":12},"end":{"line":383,"column":12}}]},"48":{"line":387,"type":"binary-expr","locations":[{"start":{"line":387,"column":29},"end":{"line":387,"column":60}},{"start":{"line":387,"column":64},"end":{"line":387,"column":108}}]},"49":{"line":406,"type":"if","locations":[{"start":{"line":406,"column":12},"end":{"line":406,"column":12}},{"start":{"line":406,"column":12},"end":{"line":406,"column":12}}]},"50":{"line":406,"type":"binary-expr","locations":[{"start":{"line":406,"column":16},"end":{"line":406,"column":25}},{"start":{"line":406,"column":29},"end":{"line":406,"column":59}}]},"51":{"line":431,"type":"if","locations":[{"start":{"line":431,"column":20},"end":{"line":431,"column":20}},{"start":{"line":431,"column":20},"end":{"line":431,"column":20}}]},"52":{"line":434,"type":"if","locations":[{"start":{"line":434,"column":20},"end":{"line":434,"column":20}},{"start":{"line":434,"column":20},"end":{"line":434,"column":20}}]},"53":{"line":445,"type":"if","locations":[{"start":{"line":445,"column":16},"end":{"line":445,"column":16}},{"start":{"line":445,"column":16},"end":{"line":445,"column":16}}]},"54":{"line":449,"type":"if","locations":[{"start":{"line":449,"column":16},"end":{"line":449,"column":16}},{"start":{"line":449,"column":16},"end":{"line":449,"column":16}}]},"55":{"line":453,"type":"if","locations":[{"start":{"line":453,"column":16},"end":{"line":453,"column":16}},{"start":{"line":453,"column":16},"end":{"line":453,"column":16}}]},"56":{"line":463,"type":"binary-expr","locations":[{"start":{"line":463,"column":26},"end":{"line":463,"column":52}},{"start":{"line":463,"column":56},"end":{"line":463,"column":70}}]},"57":{"line":473,"type":"if","locations":[{"start":{"line":473,"column":12},"end":{"line":473,"column":12}},{"start":{"line":473,"column":12},"end":{"line":473,"column":12}}]},"58":{"line":476,"type":"if","locations":[{"start":{"line":476,"column":12},"end":{"line":476,"column":12}},{"start":{"line":476,"column":12},"end":{"line":476,"column":12}}]},"59":{"line":479,"type":"cond-expr","locations":[{"start":{"line":479,"column":43},"end":{"line":479,"column":88}},{"start":{"line":479,"column":91},"end":{"line":479,"column":122}}]},"60":{"line":495,"type":"if","locations":[{"start":{"line":495,"column":12},"end":{"line":495,"column":12}},{"start":{"line":495,"column":12},"end":{"line":495,"column":12}}]},"61":{"line":497,"type":"if","locations":[{"start":{"line":497,"column":19},"end":{"line":497,"column":19}},{"start":{"line":497,"column":19},"end":{"line":497,"column":19}}]},"62":{"line":523,"type":"if","locations":[{"start":{"line":523,"column":12},"end":{"line":523,"column":12}},{"start":{"line":523,"column":12},"end":{"line":523,"column":12}}]},"63":{"line":549,"type":"cond-expr","locations":[{"start":{"line":549,"column":50},"end":{"line":549,"column":70}},{"start":{"line":549,"column":73},"end":{"line":549,"column":77}}]},"64":{"line":550,"type":"binary-expr","locations":[{"start":{"line":550,"column":33},"end":{"line":550,"column":51}},{"start":{"line":550,"column":55},"end":{"line":550,"column":57}}]},"65":{"line":557,"type":"cond-expr","locations":[{"start":{"line":557,"column":33},"end":{"line":557,"column":45}},{"start":{"line":557,"column":48},"end":{"line":557,"column":72}}]},"66":{"line":641,"type":"if","locations":[{"start":{"line":641,"column":12},"end":{"line":641,"column":12}},{"start":{"line":641,"column":12},"end":{"line":641,"column":12}}]},"67":{"line":666,"type":"if","locations":[{"start":{"line":666,"column":12},"end":{"line":666,"column":12}},{"start":{"line":666,"column":12},"end":{"line":666,"column":12}}]},"68":{"line":666,"type":"binary-expr","locations":[{"start":{"line":666,"column":16},"end":{"line":666,"column":22}},{"start":{"line":666,"column":26},"end":{"line":666,"column":76}}]},"69":{"line":683,"type":"if","locations":[{"start":{"line":683,"column":12},"end":{"line":683,"column":12}},{"start":{"line":683,"column":12},"end":{"line":683,"column":12}}]},"70":{"line":692,"type":"if","locations":[{"start":{"line":692,"column":4},"end":{"line":692,"column":4}},{"start":{"line":692,"column":4},"end":{"line":692,"column":4}}]},"71":{"line":698,"type":"binary-expr","locations":[{"start":{"line":698,"column":2},"end":{"line":698,"column":31}},{"start":{"line":698,"column":35},"end":{"line":698,"column":72}},{"start":{"line":698,"column":76},"end":{"line":698,"column":106}}]}}}}