{"/Users/ananthk/open-source/istanbul/lib/instrumenter.js":{"path":"/Users/ananthk/open-source/istanbul/lib/instrumenter.js","s":{"1":1,"2":1,"3":1,"4":0,"5":0,"6":1,"7":1,"8":1,"9":5,"10":5,"11":0,"12":1,"13":44,"14":44,"15":0,"16":0,"17":0,"18":0,"19":44,"20":44,"21":44,"22":44,"23":1,"24":15546,"25":12958,"26":15546,"27":1,"28":1,"29":40,"30":40,"31":1,"32":8696,"33":4348,"34":1241,"35":3813,"36":4348,"37":5589,"38":4348,"39":535,"40":1,"41":1,"42":1,"43":1,"44":1,"45":1,"46":0,"47":0,"48":1,"49":42257,"50":42257,"51":0,"52":42257,"53":42257,"54":42257,"55":42257,"56":547,"57":547,"58":42257,"59":581,"60":1557,"61":1557,"62":1557,"63":0,"64":41676,"65":3046,"66":42257,"67":38180,"68":38180,"69":38180,"70":37524,"71":37524,"72":5681,"73":5681,"74":10370,"75":10370,"76":10370,"77":10370,"78":10370,"79":2588,"80":2588,"81":10370,"82":5681,"83":31843,"84":31843,"85":0,"86":31843,"87":42257,"88":42257,"89":24,"90":24,"91":42257,"92":42257,"93":1,"94":44,"95":44,"96":89688,"97":89688,"98":89688,"99":0,"100":0,"101":0,"102":0,"103":0,"104":0,"105":0,"106":89688,"107":42213,"108":89688,"109":89688,"110":42213,"111":89688,"112":0,"113":0,"114":89688,"115":1123,"116":2802,"117":2801,"118":2588,"119":2588,"120":1,"121":1,"122":1,"123":1,"124":1,"125":1,"126":44,"127":44,"128":0,"129":44,"130":1,"131":44,"132":44,"133":44,"134":44,"135":0,"136":44,"137":44,"138":44,"139":44,"140":44,"141":0,"142":44,"143":258,"144":258,"145":258,"146":258,"147":24,"148":44,"149":42257,"150":15117,"151":27140,"152":27140,"153":27140,"154":4418,"155":4418,"156":24,"157":24,"158":24,"159":4394,"160":44,"161":44,"162":44,"163":44,"164":44,"165":44,"166":1,"167":1,"168":44,"169":44,"170":44,"171":44,"172":44,"173":44,"174":0,"175":0,"176":0,"177":0,"178":0,"179":44,"180":0,"181":0,"182":0,"183":0,"184":0,"185":0,"186":0,"187":0,"188":44,"189":4499,"190":846,"191":4499,"192":845,"193":44,"194":44,"195":2739,"196":2739,"197":44,"198":44,"199":519,"200":519,"201":44,"202":44,"203":604,"204":604,"205":604,"206":1241,"207":44,"208":220,"209":748,"210":44,"211":44,"212":44,"213":0,"214":44,"215":44,"216":44,"217":24,"218":24,"219":761,"220":268,"221":493,"222":490,"223":3,"224":347,"225":347,"226":67,"227":0,"228":2739,"229":2739,"230":2739,"231":2739,"232":2739,"233":2739,"234":2739,"235":2739,"236":55,"237":54,"238":5,"239":3299,"240":3483,"241":3483,"242":9,"243":9,"244":9,"245":3474,"246":2740,"247":2740,"248":2740,"249":1,"250":1,"251":1,"252":1,"253":2739,"254":151,"255":2588,"256":2588,"257":2588,"258":2588,"259":2588,"260":2588,"261":519,"262":519,"263":519,"264":519,"265":519,"266":519,"267":519,"268":519,"269":519,"270":1,"271":519,"272":519,"273":1,"274":604,"275":604,"276":604,"277":604,"278":1241,"279":1241,"280":1241,"281":604,"282":604,"283":604,"284":1241,"285":1241,"286":257,"287":257,"288":547,"289":257,"290":347,"291":347,"292":347,"293":347,"294":5,"295":5,"296":5,"297":347,"298":7,"299":7,"300":7,"301":547,"302":4,"303":4,"304":0,"305":4,"306":4,"307":12,"308":12,"309":12,"310":12,"311":12,"312":0,"313":70,"314":70,"315":70,"316":70,"317":70,"318":535,"319":535,"320":535,"321":3,"322":3,"323":535,"324":9,"325":212,"326":212,"327":212,"328":29,"329":183,"330":183,"331":395,"332":183,"333":395,"334":395,"335":395,"336":607,"337":212,"338":212,"339":395,"340":225,"341":225,"342":673,"343":673,"344":0,"345":1,"346":0,"347":1},"b":{"1":[0,1],"2":[0,1],"3":[0,1],"4":[0,1],"5":[0,0],"6":[1,0],"7":[5,0],"8":[0,5],"9":[0,44],"10":[44,1],"11":[44,0],"12":[12958,2588],"13":[40,0],"14":[0,1],"15":[42257,15117],"16":[27184,15073],"17":[0,42257],"18":[547,41710],"19":[581,41676],"20":[0,1557],"21":[1557,0],"22":[3046,38630],"23":[37524,656],"24":[38180,37583],"25":[5681,31843],"26":[10370,0],"27":[2588,7782],"28":[0,31843],"29":[24,42233],"30":[89688,42257],"31":[0,89688],"32":[42213,47475],"33":[42213,47475],"34":[0,89688],"35":[89688,47431],"36":[1123,0],"37":[1123,1123,1123],"38":[2802,0],"39":[2588,2588],"40":[1,0],"41":[1,0],"42":[1,1],"43":[0,44],"44":[1,43],"45":[44,0],"46":[0,44],"47":[44,0],"48":[0,44],"49":[44,44],"50":[258,0],"51":[258,258,258,258],"52":[24,234],"53":[15117,27140],"54":[24,4394],"55":[44,0],"56":[1,43],"57":[44,44,44],"58":[44,44],"59":[44,0],"60":[0,44],"61":[44,0],"62":[0,0],"63":[0,0],"64":[846,3653],"65":[845,3654],"66":[2739,0],"67":[519,0],"68":[604,0],"69":[44,44],"70":[1,43],"71":[44,0],"72":[0,44],"73":[0,44],"74":[268,493],"75":[490,3],"76":[2739,2712],"77":[2739,2588],"78":[54,1],"79":[3299,3299,1606,1606,3],"80":[3483,3451,21],"81":[9,3474],"82":[1,2739],"83":[1,0],"84":[1,0],"85":[1,0,1],"86":[151,2588],"87":[0,2588],"88":[2588,2588],"89":[152,367],"90":[519,511],"91":[1,518],"92":[519,515],"93":[1,518],"94":[1241,1229,1214],"95":[347,344,12],"96":[347,344,12],"97":[347,342],"98":[347,340],"99":[5,342],"100":[7,340],"101":[0,4],"102":[4,4],"103":[0,12],"104":[535,529,3],"105":[3,532],"106":[9,526],"107":[535,532],"108":[29,183],"109":[212,212],"110":[212,395],"111":[0,673],"112":[0,1],"113":[1,0,0]},"f":{"1":1,"2":0,"3":44,"4":15546,"5":8696,"6":4348,"7":1241,"8":3813,"9":4348,"10":5589,"11":4348,"12":535,"13":1,"14":42257,"15":44,"16":89688,"17":1123,"18":2802,"19":2801,"20":2588,"21":1,"22":44,"23":44,"24":42257,"25":44,"26":0,"27":0,"28":0,"29":44,"30":4499,"31":44,"32":220,"33":748,"34":24,"35":24,"36":761,"37":347,"38":67,"39":0,"40":2739,"41":55,"42":5,"43":3299,"44":3483,"45":2740,"46":2588,"47":519,"48":519,"49":604,"50":1241,"51":257,"52":347,"53":547,"54":4,"55":12,"56":70,"57":535,"58":535,"59":212,"60":395,"61":607,"62":225},"fnMap":{"1":{"name":"(anonymous_1)","line":7,"loc":{"start":{"line":7,"column":1},"end":{"line":7,"column":19}}},"2":{"name":"(anonymous_2)","line":24,"loc":{"start":{"line":24,"column":18},"end":{"line":24,"column":35}},"skip":true},"3":{"name":"generateTrackerVar","line":43,"loc":{"start":{"line":43,"column":4},"end":{"line":43,"column":54}}},"4":{"name":"pushAll","line":61,"loc":{"start":{"line":61,"column":4},"end":{"line":61,"column":33}}},"5":{"name":"(anonymous_5)","line":120,"loc":{"start":{"line":120,"column":18},"end":{"line":120,"column":34}}},"6":{"name":"(anonymous_6)","line":121,"loc":{"start":{"line":121,"column":23},"end":{"line":121,"column":38}}},"7":{"name":"(anonymous_7)","line":122,"loc":{"start":{"line":122,"column":24},"end":{"line":122,"column":39}}},"8":{"name":"(anonymous_8)","line":123,"loc":{"start":{"line":123,"column":19},"end":{"line":123,"column":39}}},"9":{"name":"(anonymous_9)","line":124,"loc":{"start":{"line":124,"column":13},"end":{"line":124,"column":35}}},"10":{"name":"(anonymous_10)","line":125,"loc":{"start":{"line":125,"column":19},"end":{"line":125,"column":39}}},"11":{"name":"(anonymous_11)","line":126,"loc":{"start":{"line":126,"column":23},"end":{"line":126,"column":38}}},"12":{"name":"(anonymous_12)","line":127,"loc":{"start":{"line":127,"column":18},"end":{"line":127,"column":38}}},"13":{"name":"Walker","line":130,"loc":{"start":{"line":130,"column":4},"end":{"line":130,"column":57}}},"14":{"name":"defaultWalker","line":141,"loc":{"start":{"line":141,"column":4},"end":{"line":141,"column":41}}},"15":{"name":"(anonymous_15)","line":240,"loc":{"start":{"line":240,"column":19},"end":{"line":240,"column":35}}},"16":{"name":"(anonymous_16)","line":245,"loc":{"start":{"line":245,"column":15},"end":{"line":245,"column":52}}},"17":{"name":"(anonymous_17)","line":267,"loc":{"start":{"line":267,"column":26},"end":{"line":267,"column":42}}},"18":{"name":"(anonymous_18)","line":271,"loc":{"start":{"line":271,"column":18},"end":{"line":271,"column":31}}},"19":{"name":"(anonymous_19)","line":275,"loc":{"start":{"line":275,"column":16},"end":{"line":275,"column":28}}},"20":{"name":"(anonymous_20)","line":279,"loc":{"start":{"line":279,"column":19},"end":{"line":279,"column":31}}},"21":{"name":"Instrumenter","line":336,"loc":{"start":{"line":336,"column":4},"end":{"line":336,"column":35}}},"22":{"name":"(anonymous_22)","line":389,"loc":{"start":{"line":389,"column":24},"end":{"line":389,"column":50}}},"23":{"name":"(anonymous_23)","line":418,"loc":{"start":{"line":418,"column":21},"end":{"line":418,"column":41}}},"24":{"name":"(anonymous_24)","line":438,"loc":{"start":{"line":438,"column":28},"end":{"line":438,"column":44}}},"25":{"name":"(anonymous_25)","line":467,"loc":{"start":{"line":467,"column":27},"end":{"line":467,"column":70}}},"26":{"name":"(anonymous_26)","line":535,"loc":{"start":{"line":535,"column":20},"end":{"line":535,"column":56}}},"27":{"name":"(anonymous_27)","line":557,"loc":{"start":{"line":557,"column":26},"end":{"line":557,"column":38}}},"28":{"name":"(anonymous_28)","line":567,"loc":{"start":{"line":567,"column":23},"end":{"line":567,"column":35}}},"29":{"name":"(anonymous_29)","line":570,"loc":{"start":{"line":570,"column":28},"end":{"line":570,"column":50}}},"30":{"name":"(anonymous_30)","line":572,"loc":{"start":{"line":572,"column":24},"end":{"line":572,"column":39}}},"31":{"name":"(anonymous_31)","line":607,"loc":{"start":{"line":607,"column":21},"end":{"line":607,"column":58}}},"32":{"name":"(anonymous_32)","line":615,"loc":{"start":{"line":615,"column":27},"end":{"line":615,"column":40}}},"33":{"name":"(anonymous_33)","line":616,"loc":{"start":{"line":616,"column":27},"end":{"line":616,"column":39}}},"34":{"name":"(anonymous_34)","line":644,"loc":{"start":{"line":644,"column":21},"end":{"line":644,"column":33}}},"35":{"name":"(anonymous_35)","line":648,"loc":{"start":{"line":648,"column":19},"end":{"line":648,"column":31}}},"36":{"name":"(anonymous_36)","line":652,"loc":{"start":{"line":652,"column":24},"end":{"line":652,"column":40}}},"37":{"name":"(anonymous_37)","line":662,"loc":{"start":{"line":662,"column":26},"end":{"line":662,"column":42}}},"38":{"name":"(anonymous_38)","line":667,"loc":{"start":{"line":667,"column":28},"end":{"line":667,"column":44}}},"39":{"name":"(anonymous_39)","line":671,"loc":{"start":{"line":671,"column":28},"end":{"line":671,"column":44}}},"40":{"name":"(anonymous_40)","line":675,"loc":{"start":{"line":675,"column":23},"end":{"line":675,"column":54}}},"41":{"name":"(anonymous_41)","line":688,"loc":{"start":{"line":688,"column":18},"end":{"line":688,"column":48}}},"42":{"name":"(anonymous_42)","line":694,"loc":{"start":{"line":694,"column":18},"end":{"line":694,"column":48}}},"43":{"name":"(anonymous_43)","line":698,"loc":{"start":{"line":698,"column":31},"end":{"line":698,"column":47}}},"44":{"name":"(anonymous_44)","line":704,"loc":{"start":{"line":704,"column":23},"end":{"line":704,"column":45}}},"45":{"name":"(anonymous_45)","line":717,"loc":{"start":{"line":717,"column":24},"end":{"line":717,"column":48}}},"46":{"name":"(anonymous_46)","line":751,"loc":{"start":{"line":751,"column":16},"end":{"line":751,"column":52}}},"47":{"name":"(anonymous_47)","line":757,"loc":{"start":{"line":757,"column":22},"end":{"line":757,"column":54}}},"48":{"name":"(anonymous_48)","line":767,"loc":{"start":{"line":767,"column":23},"end":{"line":767,"column":47}}},"49":{"name":"(anonymous_49)","line":798,"loc":{"start":{"line":798,"column":20},"end":{"line":798,"column":62}}},"50":{"name":"(anonymous_50)","line":816,"loc":{"start":{"line":816,"column":32},"end":{"line":816,"column":70}}},"51":{"name":"(anonymous_51)","line":830,"loc":{"start":{"line":830,"column":27},"end":{"line":830,"column":44}}},"52":{"name":"(anonymous_52)","line":839,"loc":{"start":{"line":839,"column":26},"end":{"line":839,"column":50}}},"53":{"name":"(anonymous_53)","line":861,"loc":{"start":{"line":861,"column":27},"end":{"line":861,"column":50}}},"54":{"name":"(anonymous_54)","line":865,"loc":{"start":{"line":865,"column":30},"end":{"line":865,"column":54}}},"55":{"name":"(anonymous_55)","line":880,"loc":{"start":{"line":880,"column":28},"end":{"line":880,"column":44}}},"56":{"name":"(anonymous_56)","line":888,"loc":{"start":{"line":888,"column":35},"end":{"line":888,"column":59}}},"57":{"name":"(anonymous_57)","line":899,"loc":{"start":{"line":899,"column":22},"end":{"line":899,"column":48}}},"58":{"name":"(anonymous_58)","line":900,"loc":{"start":{"line":900,"column":19},"end":{"line":900,"column":35}}},"59":{"name":"(anonymous_59)","line":914,"loc":{"start":{"line":914,"column":41},"end":{"line":914,"column":65}}},"60":{"name":"(anonymous_60)","line":931,"loc":{"start":{"line":931,"column":50},"end":{"line":931,"column":66}}},"61":{"name":"(anonymous_61)","line":940,"loc":{"start":{"line":940,"column":20},"end":{"line":940,"column":67}}},"62":{"name":"(anonymous_62)","line":948,"loc":{"start":{"line":948,"column":22},"end":{"line":948,"column":52}}}},"statementMap":{"1":{"start":{"line":7,"column":0},"end":{"line":967,"column":109}},"2":{"start":{"line":9,"column":4},"end":{"line":20,"column":32}},"3":{"start":{"line":23,"column":4},"end":{"line":25,"column":5}},"4":{"start":{"line":24,"column":8},"end":{"line":24,"column":116},"skip":true},"5":{"start":{"line":24,"column":37},"end":{"line":24,"column":113},"skip":true},"6":{"start":{"line":27,"column":4},"end":{"line":41,"column":5}},"7":{"start":{"line":28,"column":8},"end":{"line":34,"column":10}},"8":{"start":{"line":36,"column":8},"end":{"line":40,"column":9},"skip":true},"9":{"start":{"line":37,"column":12},"end":{"line":39,"column":13},"skip":true},"10":{"start":{"line":38,"column":16},"end":{"line":38,"column":68},"skip":true},"11":{"start":{"line":38,"column":44},"end":{"line":38,"column":66},"skip":true},"12":{"start":{"line":43,"column":4},"end":{"line":59,"column":5}},"13":{"start":{"line":44,"column":8},"end":{"line":44,"column":25}},"14":{"start":{"line":45,"column":8},"end":{"line":57,"column":9}},"15":{"start":{"line":46,"column":12},"end":{"line":46,"column":44}},"16":{"start":{"line":47,"column":12},"end":{"line":47,"column":34}},"17":{"start":{"line":48,"column":12},"end":{"line":48,"column":43}},"18":{"start":{"line":50,"column":12},"end":{"line":52,"column":52}},"19":{"start":{"line":54,"column":12},"end":{"line":54,"column":53}},"20":{"start":{"line":55,"column":12},"end":{"line":55,"column":34}},"21":{"start":{"line":56,"column":12},"end":{"line":56,"column":38}},"22":{"start":{"line":58,"column":8},"end":{"line":58,"column":53}},"23":{"start":{"line":61,"column":4},"end":{"line":66,"column":5}},"24":{"start":{"line":62,"column":8},"end":{"line":64,"column":9}},"25":{"start":{"line":63,"column":12},"end":{"line":63,"column":30}},"26":{"start":{"line":65,"column":8},"end":{"line":65,"column":47}},"27":{"start":{"line":68,"column":4},"end":{"line":110,"column":6}},"28":{"start":{"line":112,"column":4},"end":{"line":117,"column":5}},"29":{"start":{"line":114,"column":8},"end":{"line":116,"column":9}},"30":{"start":{"line":115,"column":12},"end":{"line":115,"column":78}},"31":{"start":{"line":119,"column":4},"end":{"line":128,"column":6}},"32":{"start":{"line":120,"column":36},"end":{"line":120,"column":88}},"33":{"start":{"line":121,"column":40},"end":{"line":121,"column":97}},"34":{"start":{"line":122,"column":41},"end":{"line":122,"column":98}},"35":{"start":{"line":123,"column":41},"end":{"line":123,"column":112}},"36":{"start":{"line":124,"column":37},"end":{"line":124,"column":130}},"37":{"start":{"line":125,"column":41},"end":{"line":125,"column":131}},"38":{"start":{"line":126,"column":40},"end":{"line":126,"column":132}},"39":{"start":{"line":127,"column":40},"end":{"line":127,"column":113}},"40":{"start":{"line":130,"column":4},"end":{"line":139,"column":5}},"41":{"start":{"line":131,"column":8},"end":{"line":131,"column":31}},"42":{"start":{"line":132,"column":8},"end":{"line":132,"column":41}},"43":{"start":{"line":133,"column":8},"end":{"line":133,"column":27}},"44":{"start":{"line":134,"column":8},"end":{"line":134,"column":27}},"45":{"start":{"line":135,"column":8},"end":{"line":138,"column":9}},"46":{"start":{"line":136,"column":12},"end":{"line":136,"column":27}},"47":{"start":{"line":137,"column":12},"end":{"line":137,"column":28}},"48":{"start":{"line":141,"column":4},"end":{"line":237,"column":5}},"49":{"start":{"line":143,"column":8},"end":{"line":160,"column":19}},"50":{"start":{"line":163,"column":8},"end":{"line":163,"column":114}},"51":{"start":{"line":163,"column":28},"end":{"line":163,"column":112},"skip":true},"52":{"start":{"line":164,"column":8},"end":{"line":164,"column":28}},"53":{"start":{"line":166,"column":8},"end":{"line":166,"column":54}},"54":{"start":{"line":168,"column":8},"end":{"line":168,"column":40}},"55":{"start":{"line":169,"column":8},"end":{"line":172,"column":9}},"56":{"start":{"line":170,"column":12},"end":{"line":170,"column":36}},"57":{"start":{"line":171,"column":12},"end":{"line":171,"column":51}},"58":{"start":{"line":174,"column":8},"end":{"line":187,"column":9}},"59":{"start":{"line":175,"column":12},"end":{"line":182,"column":13}},"60":{"start":{"line":176,"column":16},"end":{"line":176,"column":61}},"61":{"start":{"line":177,"column":16},"end":{"line":177,"column":63}},"62":{"start":{"line":179,"column":16},"end":{"line":181,"column":17},"skip":true},"63":{"start":{"line":180,"column":20},"end":{"line":180,"column":122},"skip":true},"64":{"start":{"line":184,"column":12},"end":{"line":186,"column":13}},"65":{"start":{"line":185,"column":16},"end":{"line":185,"column":51}},"66":{"start":{"line":189,"column":8},"end":{"line":226,"column":9}},"67":{"start":{"line":190,"column":12},"end":{"line":190,"column":36}},"68":{"start":{"line":191,"column":12},"end":{"line":191,"column":40}},"69":{"start":{"line":192,"column":12},"end":{"line":225,"column":13}},"70":{"start":{"line":193,"column":16},"end":{"line":193,"column":66}},"71":{"start":{"line":194,"column":16},"end":{"line":224,"column":17}},"72":{"start":{"line":195,"column":20},"end":{"line":195,"column":36}},"73":{"start":{"line":196,"column":20},"end":{"line":207,"column":21}},"74":{"start":{"line":197,"column":24},"end":{"line":197,"column":52}},"75":{"start":{"line":198,"column":24},"end":{"line":198,"column":46}},"76":{"start":{"line":199,"column":24},"end":{"line":205,"column":25}},"77":{"start":{"line":200,"column":26},"end":{"line":200,"column":85}},"78":{"start":{"line":201,"column":26},"end":{"line":204,"column":27}},"79":{"start":{"line":202,"column":30},"end":{"line":202,"column":70}},"80":{"start":{"line":203,"column":30},"end":{"line":203,"column":56}},"81":{"start":{"line":206,"column":24},"end":{"line":206,"column":56}},"82":{"start":{"line":208,"column":20},"end":{"line":208,"column":49}},"83":{"start":{"line":210,"column":20},"end":{"line":210,"column":76}},"84":{"start":{"line":212,"column":20},"end":{"line":223,"column":21}},"85":{"start":{"line":213,"column":24},"end":{"line":213,"column":123},"skip":true},"86":{"start":{"line":222,"column":24},"end":{"line":222,"column":53}},"87":{"start":{"line":228,"column":8},"end":{"line":228,"column":42}},"88":{"start":{"line":229,"column":8},"end":{"line":232,"column":9}},"89":{"start":{"line":230,"column":12},"end":{"line":230,"column":37}},"90":{"start":{"line":231,"column":12},"end":{"line":231,"column":51}},"91":{"start":{"line":234,"column":8},"end":{"line":234,"column":28}},"92":{"start":{"line":236,"column":8},"end":{"line":236,"column":19}},"93":{"start":{"line":239,"column":4},"end":{"line":283,"column":6}},"94":{"start":{"line":241,"column":12},"end":{"line":241,"column":27}},"95":{"start":{"line":242,"column":12},"end":{"line":242,"column":29}},"96":{"start":{"line":246,"column":12},"end":{"line":246,"column":36}},"97":{"start":{"line":248,"column":12},"end":{"line":248,"column":45}},"98":{"start":{"line":249,"column":12},"end":{"line":256,"column":13}},"99":{"start":{"line":250,"column":16},"end":{"line":250,"column":30}},"100":{"start":{"line":251,"column":16},"end":{"line":251,"column":32}},"101":{"start":{"line":252,"column":16},"end":{"line":252,"column":31}},"102":{"start":{"line":253,"column":16},"end":{"line":253,"column":28}},"103":{"start":{"line":254,"column":16},"end":{"line":254,"column":73}},"104":{"start":{"line":254,"column":54},"end":{"line":254,"column":71}},"105":{"start":{"line":255,"column":16},"end":{"line":255,"column":73}},"106":{"start":{"line":257,"column":12},"end":{"line":257,"column":61}},"107":{"start":{"line":257,"column":31},"end":{"line":257,"column":59}},"108":{"start":{"line":258,"column":12},"end":{"line":258,"column":54}},"109":{"start":{"line":259,"column":12},"end":{"line":259,"column":49}},"110":{"start":{"line":259,"column":31},"end":{"line":259,"column":47}},"111":{"start":{"line":260,"column":12},"end":{"line":263,"column":13}},"112":{"start":{"line":261,"column":16},"end":{"line":261,"column":32}},"113":{"start":{"line":262,"column":16},"end":{"line":262,"column":74}},"114":{"start":{"line":264,"column":12},"end":{"line":264,"column":31}},"115":{"start":{"line":268,"column":12},"end":{"line":268,"column":117}},"116":{"start":{"line":272,"column":12},"end":{"line":272,"column":119}},"117":{"start":{"line":276,"column":12},"end":{"line":276,"column":36}},"118":{"start":{"line":280,"column":12},"end":{"line":280,"column":35}},"119":{"start":{"line":281,"column":12},"end":{"line":281,"column":71}},"120":{"start":{"line":336,"column":4},"end":{"line":377,"column":5}},"121":{"start":{"line":337,"column":8},"end":{"line":346,"column":10}},"122":{"start":{"line":348,"column":8},"end":{"line":371,"column":63}},"123":{"start":{"line":374,"column":8},"end":{"line":376,"column":9}},"124":{"start":{"line":375,"column":12},"end":{"line":375,"column":42}},"125":{"start":{"line":379,"column":4},"end":{"line":959,"column":6}},"126":{"start":{"line":390,"column":12},"end":{"line":390,"column":24}},"127":{"start":{"line":393,"column":12},"end":{"line":393,"column":85}},"128":{"start":{"line":393,"column":44},"end":{"line":393,"column":83}},"129":{"start":{"line":394,"column":12},"end":{"line":396,"column":13}},"130":{"start":{"line":395,"column":16},"end":{"line":395,"column":35}},"131":{"start":{"line":397,"column":12},"end":{"line":399,"column":13}},"132":{"start":{"line":398,"column":16},"end":{"line":398,"column":57}},"133":{"start":{"line":400,"column":12},"end":{"line":405,"column":15}},"134":{"start":{"line":406,"column":12},"end":{"line":408,"column":13}},"135":{"start":{"line":407,"column":16},"end":{"line":407,"column":91}},"136":{"start":{"line":409,"column":12},"end":{"line":415,"column":13}},"137":{"start":{"line":410,"column":16},"end":{"line":414,"column":18}},"138":{"start":{"line":416,"column":12},"end":{"line":416,"column":67}},"139":{"start":{"line":419,"column":12},"end":{"line":422,"column":23}},"140":{"start":{"line":423,"column":12},"end":{"line":425,"column":13}},"141":{"start":{"line":424,"column":16},"end":{"line":424,"column":27}},"142":{"start":{"line":426,"column":12},"end":{"line":435,"column":13}},"143":{"start":{"line":427,"column":16},"end":{"line":427,"column":38}},"144":{"start":{"line":429,"column":16},"end":{"line":434,"column":17}},"145":{"start":{"line":430,"column":20},"end":{"line":430,"column":69}},"146":{"start":{"line":431,"column":20},"end":{"line":433,"column":21}},"147":{"start":{"line":432,"column":24},"end":{"line":432,"column":102}},"148":{"start":{"line":436,"column":12},"end":{"line":436,"column":23}},"149":{"start":{"line":439,"column":12},"end":{"line":439,"column":40}},"150":{"start":{"line":439,"column":31},"end":{"line":439,"column":38}},"151":{"start":{"line":440,"column":12},"end":{"line":443,"column":21}},"152":{"start":{"line":444,"column":12},"end":{"line":444,"column":49}},"153":{"start":{"line":445,"column":12},"end":{"line":454,"column":13}},"154":{"start":{"line":446,"column":16},"end":{"line":446,"column":32}},"155":{"start":{"line":447,"column":16},"end":{"line":453,"column":17}},"156":{"start":{"line":448,"column":20},"end":{"line":448,"column":57}},"157":{"start":{"line":449,"column":20},"end":{"line":449,"column":59}},"158":{"start":{"line":450,"column":20},"end":{"line":450,"column":27}},"159":{"start":{"line":452,"column":20},"end":{"line":452,"column":26}},"160":{"start":{"line":468,"column":12},"end":{"line":473,"column":18}},"161":{"start":{"line":474,"column":12},"end":{"line":474,"column":72}},"162":{"start":{"line":475,"column":12},"end":{"line":475,"column":34}},"163":{"start":{"line":476,"column":12},"end":{"line":484,"column":14}},"164":{"start":{"line":485,"column":12},"end":{"line":495,"column":14}},"165":{"start":{"line":496,"column":12},"end":{"line":501,"column":13}},"166":{"start":{"line":498,"column":16},"end":{"line":498,"column":37}},"167":{"start":{"line":500,"column":16},"end":{"line":500,"column":35}},"168":{"start":{"line":502,"column":12},"end":{"line":502,"column":43}},"169":{"start":{"line":503,"column":12},"end":{"line":503,"column":109}},"170":{"start":{"line":504,"column":12},"end":{"line":504,"column":64}},"171":{"start":{"line":507,"column":12},"end":{"line":507,"column":65}},"172":{"start":{"line":508,"column":12},"end":{"line":508,"column":73}},"173":{"start":{"line":510,"column":12},"end":{"line":518,"column":13}},"174":{"start":{"line":511,"column":16},"end":{"line":511,"column":64}},"175":{"start":{"line":513,"column":16},"end":{"line":515,"column":17}},"176":{"start":{"line":514,"column":20},"end":{"line":514,"column":74}},"177":{"start":{"line":516,"column":16},"end":{"line":516,"column":47}},"178":{"start":{"line":517,"column":16},"end":{"line":517,"column":43}},"179":{"start":{"line":520,"column":12},"end":{"line":520,"column":54}},"180":{"start":{"line":537,"column":12},"end":{"line":540,"column":13}},"181":{"start":{"line":538,"column":16},"end":{"line":538,"column":36}},"182":{"start":{"line":539,"column":16},"end":{"line":539,"column":32}},"183":{"start":{"line":541,"column":12},"end":{"line":545,"column":13}},"184":{"start":{"line":542,"column":16},"end":{"line":542,"column":68}},"185":{"start":{"line":544,"column":16},"end":{"line":544,"column":29}},"186":{"start":{"line":558,"column":12},"end":{"line":558,"column":35}},"187":{"start":{"line":568,"column":12},"end":{"line":568,"column":34}},"188":{"start":{"line":571,"column":12},"end":{"line":583,"column":26}},"189":{"start":{"line":573,"column":20},"end":{"line":575,"column":21}},"190":{"start":{"line":574,"column":24},"end":{"line":574,"column":51}},"191":{"start":{"line":576,"column":20},"end":{"line":578,"column":21}},"192":{"start":{"line":577,"column":24},"end":{"line":577,"column":49}},"193":{"start":{"line":585,"column":12},"end":{"line":585,"column":42}},"194":{"start":{"line":586,"column":12},"end":{"line":589,"column":13}},"195":{"start":{"line":588,"column":16},"end":{"line":588,"column":61}},"196":{"start":{"line":588,"column":45},"end":{"line":588,"column":59}},"197":{"start":{"line":590,"column":12},"end":{"line":590,"column":35}},"198":{"start":{"line":591,"column":12},"end":{"line":594,"column":13}},"199":{"start":{"line":593,"column":16},"end":{"line":593,"column":65}},"200":{"start":{"line":593,"column":45},"end":{"line":593,"column":63}},"201":{"start":{"line":595,"column":12},"end":{"line":595,"column":39}},"202":{"start":{"line":596,"column":12},"end":{"line":604,"column":13}},"203":{"start":{"line":598,"column":16},"end":{"line":603,"column":17}},"204":{"start":{"line":599,"column":20},"end":{"line":599,"column":49}},"205":{"start":{"line":600,"column":20},"end":{"line":602,"column":21}},"206":{"start":{"line":601,"column":24},"end":{"line":601,"column":44}},"207":{"start":{"line":608,"column":12},"end":{"line":618,"column":21}},"208":{"start":{"line":616,"column":20},"end":{"line":616,"column":53}},"209":{"start":{"line":616,"column":41},"end":{"line":616,"column":50}},"210":{"start":{"line":619,"column":12},"end":{"line":621,"column":13}},"211":{"start":{"line":620,"column":16},"end":{"line":620,"column":57}},"212":{"start":{"line":622,"column":12},"end":{"line":624,"column":13}},"213":{"start":{"line":623,"column":16},"end":{"line":623,"column":72}},"214":{"start":{"line":625,"column":12},"end":{"line":625,"column":123}},"215":{"start":{"line":626,"column":12},"end":{"line":640,"column":60}},"216":{"start":{"line":641,"column":12},"end":{"line":641,"column":24}},"217":{"start":{"line":645,"column":12},"end":{"line":645,"column":44}},"218":{"start":{"line":649,"column":12},"end":{"line":649,"column":44}},"219":{"start":{"line":653,"column":12},"end":{"line":659,"column":13}},"220":{"start":{"line":654,"column":16},"end":{"line":654,"column":60}},"221":{"start":{"line":655,"column":19},"end":{"line":659,"column":13}},"222":{"start":{"line":656,"column":16},"end":{"line":656,"column":28}},"223":{"start":{"line":658,"column":16},"end":{"line":658,"column":66}},"224":{"start":{"line":663,"column":12},"end":{"line":663,"column":67}},"225":{"start":{"line":664,"column":12},"end":{"line":664,"column":65}},"226":{"start":{"line":668,"column":12},"end":{"line":668,"column":55}},"227":{"start":{"line":672,"column":12},"end":{"line":672,"column":55}},"228":{"start":{"line":676,"column":12},"end":{"line":677,"column":56}},"229":{"start":{"line":679,"column":12},"end":{"line":679,"column":50}},"230":{"start":{"line":680,"column":12},"end":{"line":680,"column":39}},"231":{"start":{"line":681,"column":12},"end":{"line":681,"column":45}},"232":{"start":{"line":682,"column":12},"end":{"line":682,"column":48}},"233":{"start":{"line":683,"column":12},"end":{"line":683,"column":59}},"234":{"start":{"line":684,"column":12},"end":{"line":684,"column":49}},"235":{"start":{"line":685,"column":12},"end":{"line":685,"column":25}},"236":{"start":{"line":689,"column":12},"end":{"line":691,"column":13}},"237":{"start":{"line":690,"column":16},"end":{"line":690,"column":42}},"238":{"start":{"line":695,"column":12},"end":{"line":695,"column":38}},"239":{"start":{"line":699,"column":12},"end":{"line":701,"column":55}},"240":{"start":{"line":705,"column":12},"end":{"line":707,"column":76}},"241":{"start":{"line":709,"column":12},"end":{"line":713,"column":13}},"242":{"start":{"line":710,"column":16},"end":{"line":710,"column":35}},"243":{"start":{"line":711,"column":16},"end":{"line":711,"column":52}},"244":{"start":{"line":712,"column":16},"end":{"line":712,"column":28}},"245":{"start":{"line":714,"column":12},"end":{"line":714,"column":25}},"246":{"start":{"line":718,"column":12},"end":{"line":720,"column":28}},"247":{"start":{"line":722,"column":12},"end":{"line":722,"column":45}},"248":{"start":{"line":724,"column":12},"end":{"line":734,"column":13}},"249":{"start":{"line":725,"column":16},"end":{"line":725,"column":49}},"250":{"start":{"line":727,"column":16},"end":{"line":733,"column":17}},"251":{"start":{"line":728,"column":20},"end":{"line":732,"column":21}},"252":{"start":{"line":731,"column":24},"end":{"line":731,"column":31}},"253":{"start":{"line":735,"column":12},"end":{"line":748,"column":13}},"254":{"start":{"line":736,"column":16},"end":{"line":736,"column":56}},"255":{"start":{"line":738,"column":16},"end":{"line":738,"column":53}},"256":{"start":{"line":739,"column":16},"end":{"line":746,"column":18}},"257":{"start":{"line":747,"column":16},"end":{"line":747,"column":62}},"258":{"start":{"line":752,"column":12},"end":{"line":752,"column":78}},"259":{"start":{"line":753,"column":12},"end":{"line":753,"column":58}},"260":{"start":{"line":754,"column":12},"end":{"line":754,"column":52}},"261":{"start":{"line":758,"column":12},"end":{"line":758,"column":40}},"262":{"start":{"line":759,"column":12},"end":{"line":761,"column":73}},"263":{"start":{"line":762,"column":12},"end":{"line":762,"column":111}},"264":{"start":{"line":763,"column":12},"end":{"line":763,"column":38}},"265":{"start":{"line":764,"column":12},"end":{"line":764,"column":22}},"266":{"start":{"line":768,"column":12},"end":{"line":771,"column":23}},"267":{"start":{"line":773,"column":12},"end":{"line":773,"column":45}},"268":{"start":{"line":775,"column":12},"end":{"line":778,"column":15}},"269":{"start":{"line":780,"column":12},"end":{"line":782,"column":13}},"270":{"start":{"line":781,"column":16},"end":{"line":781,"column":43}},"271":{"start":{"line":783,"column":12},"end":{"line":792,"column":14}},"272":{"start":{"line":793,"column":12},"end":{"line":795,"column":13}},"273":{"start":{"line":794,"column":16},"end":{"line":794,"column":42}},"274":{"start":{"line":799,"column":12},"end":{"line":803,"column":56}},"275":{"start":{"line":804,"column":12},"end":{"line":804,"column":42}},"276":{"start":{"line":805,"column":12},"end":{"line":805,"column":45}},"277":{"start":{"line":806,"column":12},"end":{"line":810,"column":13}},"278":{"start":{"line":807,"column":16},"end":{"line":807,"column":87}},"279":{"start":{"line":808,"column":16},"end":{"line":808,"column":49}},"280":{"start":{"line":809,"column":16},"end":{"line":809,"column":30}},"281":{"start":{"line":811,"column":12},"end":{"line":811,"column":45}},"282":{"start":{"line":812,"column":12},"end":{"line":812,"column":101}},"283":{"start":{"line":813,"column":12},"end":{"line":813,"column":25}},"284":{"start":{"line":817,"column":12},"end":{"line":826,"column":14}},"285":{"start":{"line":827,"column":12},"end":{"line":827,"column":23}},"286":{"start":{"line":831,"column":12},"end":{"line":832,"column":18}},"287":{"start":{"line":833,"column":12},"end":{"line":835,"column":13}},"288":{"start":{"line":834,"column":16},"end":{"line":834,"column":39}},"289":{"start":{"line":836,"column":12},"end":{"line":836,"column":23}},"290":{"start":{"line":840,"column":12},"end":{"line":854,"column":22}},"291":{"start":{"line":855,"column":12},"end":{"line":855,"column":86}},"292":{"start":{"line":856,"column":12},"end":{"line":856,"column":86}},"293":{"start":{"line":857,"column":12},"end":{"line":857,"column":133}},"294":{"start":{"line":857,"column":30},"end":{"line":857,"column":54}},"295":{"start":{"line":857,"column":55},"end":{"line":857,"column":93}},"296":{"start":{"line":857,"column":94},"end":{"line":857,"column":131}},"297":{"start":{"line":858,"column":12},"end":{"line":858,"column":132}},"298":{"start":{"line":858,"column":30},"end":{"line":858,"column":53}},"299":{"start":{"line":858,"column":54},"end":{"line":858,"column":92}},"300":{"start":{"line":858,"column":93},"end":{"line":858,"column":130}},"301":{"start":{"line":862,"column":12},"end":{"line":862,"column":68}},"302":{"start":{"line":866,"column":12},"end":{"line":868,"column":18}},"303":{"start":{"line":870,"column":12},"end":{"line":872,"column":13}},"304":{"start":{"line":871,"column":16},"end":{"line":871,"column":23}},"305":{"start":{"line":873,"column":12},"end":{"line":873,"column":108}},"306":{"start":{"line":874,"column":12},"end":{"line":877,"column":13}},"307":{"start":{"line":875,"column":16},"end":{"line":875,"column":75}},"308":{"start":{"line":876,"column":16},"end":{"line":876,"column":101}},"309":{"start":{"line":881,"column":12},"end":{"line":881,"column":47}},"310":{"start":{"line":882,"column":12},"end":{"line":882,"column":39}},"311":{"start":{"line":883,"column":12},"end":{"line":885,"column":13}},"312":{"start":{"line":884,"column":16},"end":{"line":884,"column":37}},"313":{"start":{"line":889,"column":12},"end":{"line":891,"column":61}},"314":{"start":{"line":893,"column":12},"end":{"line":893,"column":95}},"315":{"start":{"line":894,"column":12},"end":{"line":894,"column":94}},"316":{"start":{"line":895,"column":12},"end":{"line":895,"column":69}},"317":{"start":{"line":896,"column":12},"end":{"line":896,"column":67}},"318":{"start":{"line":900,"column":12},"end":{"line":911,"column":14}},"319":{"start":{"line":901,"column":16},"end":{"line":903,"column":82}},"320":{"start":{"line":904,"column":16},"end":{"line":907,"column":17}},"321":{"start":{"line":905,"column":20},"end":{"line":905,"column":39}},"322":{"start":{"line":906,"column":20},"end":{"line":906,"column":56}},"323":{"start":{"line":908,"column":16},"end":{"line":910,"column":17}},"324":{"start":{"line":909,"column":20},"end":{"line":909,"column":47}},"325":{"start":{"line":915,"column":12},"end":{"line":919,"column":18}},"326":{"start":{"line":921,"column":12},"end":{"line":921,"column":45}},"327":{"start":{"line":923,"column":12},"end":{"line":926,"column":13}},"328":{"start":{"line":925,"column":16},"end":{"line":925,"column":23}},"329":{"start":{"line":928,"column":12},"end":{"line":928,"column":42}},"330":{"start":{"line":929,"column":12},"end":{"line":932,"column":14}},"331":{"start":{"line":931,"column":68},"end":{"line":931,"column":85}},"332":{"start":{"line":933,"column":12},"end":{"line":937,"column":13}},"333":{"start":{"line":934,"column":16},"end":{"line":934,"column":34}},"334":{"start":{"line":935,"column":16},"end":{"line":935,"column":114}},"335":{"start":{"line":936,"column":16},"end":{"line":936,"column":94}},"336":{"start":{"line":941,"column":12},"end":{"line":946,"column":13}},"337":{"start":{"line":942,"column":16},"end":{"line":942,"column":70}},"338":{"start":{"line":943,"column":16},"end":{"line":943,"column":72}},"339":{"start":{"line":945,"column":16},"end":{"line":945,"column":85}},"340":{"start":{"line":949,"column":12},"end":{"line":951,"column":22}},"341":{"start":{"line":952,"column":12},"end":{"line":957,"column":13}},"342":{"start":{"line":953,"column":16},"end":{"line":953,"column":33}},"343":{"start":{"line":954,"column":16},"end":{"line":956,"column":17}},"344":{"start":{"line":955,"column":20},"end":{"line":955,"column":54}},"345":{"start":{"line":961,"column":4},"end":{"line":965,"column":5}},"346":{"start":{"line":962,"column":8},"end":{"line":962,"column":38}},"347":{"start":{"line":964,"column":8},"end":{"line":964,"column":43}}},"branchMap":{"1":{"line":11,"type":"cond-expr","locations":[{"start":{"line":11,"column":23},"end":{"line":11,"column":41}},{"start":{"line":11,"column":44},"end":{"line":11,"column":51}}]},"2":{"line":12,"type":"cond-expr","locations":[{"start":{"line":12,"column":26},"end":{"line":12,"column":46}},{"start":{"line":12,"column":49},"end":{"line":12,"column":58}}]},"3":{"line":13,"type":"cond-expr","locations":[{"start":{"line":13,"column":26},"end":{"line":13,"column":43}},{"start":{"line":13,"column":46},"end":{"line":13,"column":50}}]},"4":{"line":23,"type":"if","locations":[{"start":{"line":23,"column":4},"end":{"line":23,"column":4},"skip":true},{"start":{"line":23,"column":4},"end":{"line":23,"column":4}}]},"5":{"line":24,"type":"binary-expr","locations":[{"start":{"line":24,"column":44},"end":{"line":24,"column":49},"skip":true},{"start":{"line":24,"column":54},"end":{"line":24,"column":112},"skip":true}]},"6":{"line":27,"type":"if","locations":[{"start":{"line":27,"column":4},"end":{"line":27,"column":4}},{"start":{"line":27,"column":4},"end":{"line":27,"column":4}}]},"7":{"line":37,"type":"if","locations":[{"start":{"line":37,"column":12},"end":{"line":37,"column":12},"skip":true},{"start":{"line":37,"column":12},"end":{"line":37,"column":12},"skip":true}]},"8":{"line":38,"type":"if","locations":[{"start":{"line":38,"column":16},"end":{"line":38,"column":16},"skip":true},{"start":{"line":38,"column":16},"end":{"line":38,"column":16},"skip":true}]},"9":{"line":45,"type":"if","locations":[{"start":{"line":45,"column":8},"end":{"line":45,"column":8}},{"start":{"line":45,"column":8},"end":{"line":45,"column":8}}]},"10":{"line":54,"type":"binary-expr","locations":[{"start":{"line":54,"column":31},"end":{"line":54,"column":47}},{"start":{"line":54,"column":51},"end":{"line":54,"column":52}}]},"11":{"line":58,"type":"cond-expr","locations":[{"start":{"line":58,"column":40},"end":{"line":58,"column":42}},{"start":{"line":58,"column":45},"end":{"line":58,"column":51}}]},"12":{"line":62,"type":"if","locations":[{"start":{"line":62,"column":8},"end":{"line":62,"column":8}},{"start":{"line":62,"column":8},"end":{"line":62,"column":8}}]},"13":{"line":114,"type":"if","locations":[{"start":{"line":114,"column":8},"end":{"line":114,"column":8}},{"start":{"line":114,"column":8},"end":{"line":114,"column":8},"skip":true}]},"14":{"line":135,"type":"if","locations":[{"start":{"line":135,"column":8},"end":{"line":135,"column":8}},{"start":{"line":135,"column":8},"end":{"line":135,"column":8}}]},"15":{"line":148,"type":"binary-expr","locations":[{"start":{"line":148,"column":32},"end":{"line":148,"column":42}},{"start":{"line":148,"column":46},"end":{"line":148,"column":79}}]},"16":{"line":149,"type":"cond-expr","locations":[{"start":{"line":149,"column":43},"end":{"line":149,"column":63}},{"start":{"line":149,"column":66},"end":{"line":149,"column":70}}]},"17":{"line":163,"type":"if","locations":[{"start":{"line":163,"column":8},"end":{"line":163,"column":8},"skip":true},{"start":{"line":163,"column":8},"end":{"line":163,"column":8}}]},"18":{"line":169,"type":"if","locations":[{"start":{"line":169,"column":8},"end":{"line":169,"column":8}},{"start":{"line":169,"column":8},"end":{"line":169,"column":8}}]},"19":{"line":174,"type":"if","locations":[{"start":{"line":174,"column":8},"end":{"line":174,"column":8}},{"start":{"line":174,"column":8},"end":{"line":174,"column":8}}]},"20":{"line":179,"type":"if","locations":[{"start":{"line":179,"column":16},"end":{"line":179,"column":16},"skip":true},{"start":{"line":179,"column":16},"end":{"line":179,"column":16},"skip":true}]},"21":{"line":179,"type":"binary-expr","locations":[{"start":{"line":179,"column":20},"end":{"line":179,"column":37},"skip":true},{"start":{"line":179,"column":41},"end":{"line":179,"column":48},"skip":true}]},"22":{"line":184,"type":"if","locations":[{"start":{"line":184,"column":12},"end":{"line":184,"column":12}},{"start":{"line":184,"column":12},"end":{"line":184,"column":12}}]},"23":{"line":192,"type":"if","locations":[{"start":{"line":192,"column":12},"end":{"line":192,"column":12}},{"start":{"line":192,"column":12},"end":{"line":192,"column":12}}]},"24":{"line":192,"type":"binary-expr","locations":[{"start":{"line":192,"column":16},"end":{"line":192,"column":25}},{"start":{"line":192,"column":29},"end":{"line":192,"column":48}}]},"25":{"line":194,"type":"if","locations":[{"start":{"line":194,"column":16},"end":{"line":194,"column":16}},{"start":{"line":194,"column":16},"end":{"line":194,"column":16}}]},"26":{"line":199,"type":"if","locations":[{"start":{"line":199,"column":24},"end":{"line":199,"column":24}},{"start":{"line":199,"column":24},"end":{"line":199,"column":24}}]},"27":{"line":201,"type":"if","locations":[{"start":{"line":201,"column":26},"end":{"line":201,"column":26}},{"start":{"line":201,"column":26},"end":{"line":201,"column":26}}]},"28":{"line":212,"type":"if","locations":[{"start":{"line":212,"column":20},"end":{"line":212,"column":20},"skip":true},{"start":{"line":212,"column":20},"end":{"line":212,"column":20}}]},"29":{"line":229,"type":"if","locations":[{"start":{"line":229,"column":8},"end":{"line":229,"column":8}},{"start":{"line":229,"column":8},"end":{"line":229,"column":8}}]},"30":{"line":248,"type":"binary-expr","locations":[{"start":{"line":248,"column":21},"end":{"line":248,"column":27}},{"start":{"line":248,"column":31},"end":{"line":248,"column":44}}]},"31":{"line":249,"type":"if","locations":[{"start":{"line":249,"column":12},"end":{"line":249,"column":12}},{"start":{"line":249,"column":12},"end":{"line":249,"column":12}}]},"32":{"line":257,"type":"if","locations":[{"start":{"line":257,"column":12},"end":{"line":257,"column":12}},{"start":{"line":257,"column":12},"end":{"line":257,"column":12}}]},"33":{"line":259,"type":"if","locations":[{"start":{"line":259,"column":12},"end":{"line":259,"column":12}},{"start":{"line":259,"column":12},"end":{"line":259,"column":12}}]},"34":{"line":260,"type":"if","locations":[{"start":{"line":260,"column":12},"end":{"line":260,"column":12}},{"start":{"line":260,"column":12},"end":{"line":260,"column":12}}]},"35":{"line":264,"type":"binary-expr","locations":[{"start":{"line":264,"column":19},"end":{"line":264,"column":22}},{"start":{"line":264,"column":26},"end":{"line":264,"column":30}}]},"36":{"line":268,"type":"cond-expr","locations":[{"start":{"line":268,"column":56},"end":{"line":268,"column":75}},{"start":{"line":268,"column":112},"end":{"line":268,"column":116},"skip":true}]},"37":{"line":268,"type":"binary-expr","locations":[{"start":{"line":268,"column":19},"end":{"line":268,"column":23}},{"start":{"line":268,"column":27},"end":{"line":268,"column":35}},{"start":{"line":268,"column":39},"end":{"line":268,"column":53}}]},"38":{"line":272,"type":"cond-expr","locations":[{"start":{"line":272,"column":46},"end":{"line":272,"column":77}},{"start":{"line":272,"column":114},"end":{"line":272,"column":118},"skip":true}]},"39":{"line":281,"type":"binary-expr","locations":[{"start":{"line":281,"column":19},"end":{"line":281,"column":21}},{"start":{"line":281,"column":25},"end":{"line":281,"column":70}}]},"40":{"line":337,"type":"binary-expr","locations":[{"start":{"line":337,"column":20},"end":{"line":337,"column":27}},{"start":{"line":337,"column":31},"end":{"line":346,"column":9}}]},"41":{"line":374,"type":"if","locations":[{"start":{"line":374,"column":8},"end":{"line":374,"column":8}},{"start":{"line":374,"column":8},"end":{"line":374,"column":8}}]},"42":{"line":374,"type":"binary-expr","locations":[{"start":{"line":374,"column":12},"end":{"line":374,"column":30}},{"start":{"line":374,"column":34},"end":{"line":374,"column":70}}]},"43":{"line":393,"type":"if","locations":[{"start":{"line":393,"column":12},"end":{"line":393,"column":12}},{"start":{"line":393,"column":12},"end":{"line":393,"column":12}}]},"44":{"line":394,"type":"if","locations":[{"start":{"line":394,"column":12},"end":{"line":394,"column":12}},{"start":{"line":394,"column":12},"end":{"line":394,"column":12}}]},"45":{"line":397,"type":"if","locations":[{"start":{"line":397,"column":12},"end":{"line":397,"column":12}},{"start":{"line":397,"column":12},"end":{"line":397,"column":12}}]},"46":{"line":406,"type":"if","locations":[{"start":{"line":406,"column":12},"end":{"line":406,"column":12}},{"start":{"line":406,"column":12},"end":{"line":406,"column":12}}]},"47":{"line":409,"type":"if","locations":[{"start":{"line":409,"column":12},"end":{"line":409,"column":12}},{"start":{"line":409,"column":12},"end":{"line":409,"column":12}}]},"48":{"line":423,"type":"if","locations":[{"start":{"line":423,"column":12},"end":{"line":423,"column":12}},{"start":{"line":423,"column":12},"end":{"line":423,"column":12}}]},"49":{"line":423,"type":"binary-expr","locations":[{"start":{"line":423,"column":18},"end":{"line":423,"column":26}},{"start":{"line":423,"column":30},"end":{"line":423,"column":47}}]},"50":{"line":429,"type":"if","locations":[{"start":{"line":429,"column":16},"end":{"line":429,"column":16}},{"start":{"line":429,"column":16},"end":{"line":429,"column":16},"skip":true}]},"51":{"line":429,"type":"binary-expr","locations":[{"start":{"line":429,"column":20},"end":{"line":429,"column":27}},{"start":{"line":429,"column":31},"end":{"line":429,"column":44}},{"start":{"line":429,"column":48},"end":{"line":429,"column":61}},{"start":{"line":429,"column":65},"end":{"line":429,"column":87}}]},"52":{"line":431,"type":"if","locations":[{"start":{"line":431,"column":20},"end":{"line":431,"column":20}},{"start":{"line":431,"column":20},"end":{"line":431,"column":20}}]},"53":{"line":439,"type":"if","locations":[{"start":{"line":439,"column":12},"end":{"line":439,"column":12}},{"start":{"line":439,"column":12},"end":{"line":439,"column":12}}]},"54":{"line":447,"type":"if","locations":[{"start":{"line":447,"column":16},"end":{"line":447,"column":16}},{"start":{"line":447,"column":16},"end":{"line":447,"column":16}}]},"55":{"line":474,"type":"binary-expr","locations":[{"start":{"line":474,"column":23},"end":{"line":474,"column":31}},{"start":{"line":474,"column":35},"end":{"line":474,"column":71}}]},"56":{"line":496,"type":"if","locations":[{"start":{"line":496,"column":12},"end":{"line":496,"column":12}},{"start":{"line":496,"column":12},"end":{"line":496,"column":12}}]},"57":{"line":496,"type":"binary-expr","locations":[{"start":{"line":496,"column":16},"end":{"line":496,"column":28}},{"start":{"line":496,"column":32},"end":{"line":496,"column":55}},{"start":{"line":496,"column":59},"end":{"line":496,"column":102}}]},"58":{"line":503,"type":"binary-expr","locations":[{"start":{"line":503,"column":29},"end":{"line":503,"column":60}},{"start":{"line":503,"column":64},"end":{"line":503,"column":108}}]},"59":{"line":508,"type":"binary-expr","locations":[{"start":{"line":508,"column":40},"end":{"line":508,"column":52}},{"start":{"line":508,"column":56},"end":{"line":508,"column":58}}]},"60":{"line":510,"type":"if","locations":[{"start":{"line":510,"column":12},"end":{"line":510,"column":12}},{"start":{"line":510,"column":12},"end":{"line":510,"column":12}}]},"61":{"line":510,"type":"binary-expr","locations":[{"start":{"line":510,"column":16},"end":{"line":510,"column":29}},{"start":{"line":510,"column":33},"end":{"line":510,"column":47}}]},"62":{"line":537,"type":"if","locations":[{"start":{"line":537,"column":12},"end":{"line":537,"column":12}},{"start":{"line":537,"column":12},"end":{"line":537,"column":12}}]},"63":{"line":537,"type":"binary-expr","locations":[{"start":{"line":537,"column":16},"end":{"line":537,"column":25}},{"start":{"line":537,"column":29},"end":{"line":537,"column":59}}]},"64":{"line":573,"type":"if","locations":[{"start":{"line":573,"column":20},"end":{"line":573,"column":20}},{"start":{"line":573,"column":20},"end":{"line":573,"column":20}}]},"65":{"line":576,"type":"if","locations":[{"start":{"line":576,"column":20},"end":{"line":576,"column":20}},{"start":{"line":576,"column":20},"end":{"line":576,"column":20}}]},"66":{"line":588,"type":"if","locations":[{"start":{"line":588,"column":16},"end":{"line":588,"column":16}},{"start":{"line":588,"column":16},"end":{"line":588,"column":16},"skip":true}]},"67":{"line":593,"type":"if","locations":[{"start":{"line":593,"column":16},"end":{"line":593,"column":16}},{"start":{"line":593,"column":16},"end":{"line":593,"column":16},"skip":true}]},"68":{"line":598,"type":"if","locations":[{"start":{"line":598,"column":16},"end":{"line":598,"column":16}},{"start":{"line":598,"column":16},"end":{"line":598,"column":16},"skip":true}]},"69":{"line":608,"type":"binary-expr","locations":[{"start":{"line":608,"column":26},"end":{"line":608,"column":52}},{"start":{"line":608,"column":56},"end":{"line":608,"column":70}}]},"70":{"line":612,"type":"cond-expr","locations":[{"start":{"line":612,"column":45},"end":{"line":612,"column":60}},{"start":{"line":612,"column":63},"end":{"line":612,"column":65}}]},"71":{"line":619,"type":"if","locations":[{"start":{"line":619,"column":12},"end":{"line":619,"column":12}},{"start":{"line":619,"column":12},"end":{"line":619,"column":12}}]},"72":{"line":622,"type":"if","locations":[{"start":{"line":622,"column":12},"end":{"line":622,"column":12}},{"start":{"line":622,"column":12},"end":{"line":622,"column":12}}]},"73":{"line":625,"type":"cond-expr","locations":[{"start":{"line":625,"column":43},"end":{"line":625,"column":88}},{"start":{"line":625,"column":91},"end":{"line":625,"column":122}}]},"74":{"line":653,"type":"if","locations":[{"start":{"line":653,"column":12},"end":{"line":653,"column":12}},{"start":{"line":653,"column":12},"end":{"line":653,"column":12}}]},"75":{"line":655,"type":"if","locations":[{"start":{"line":655,"column":19},"end":{"line":655,"column":19}},{"start":{"line":655,"column":19},"end":{"line":655,"column":19}}]},"76":{"line":679,"type":"binary-expr","locations":[{"start":{"line":679,"column":28},"end":{"line":679,"column":36}},{"start":{"line":679,"column":40},"end":{"line":679,"column":49}}]},"77":{"line":680,"type":"binary-expr","locations":[{"start":{"line":680,"column":24},"end":{"line":680,"column":33}},{"start":{"line":680,"column":37},"end":{"line":680,"column":38}}]},"78":{"line":689,"type":"if","locations":[{"start":{"line":689,"column":12},"end":{"line":689,"column":12}},{"start":{"line":689,"column":12},"end":{"line":689,"column":12}}]},"79":{"line":699,"type":"binary-expr","locations":[{"start":{"line":699,"column":19},"end":{"line":699,"column":23}},{"start":{"line":699,"column":27},"end":{"line":699,"column":72}},{"start":{"line":700,"column":16},"end":{"line":700,"column":31}},{"start":{"line":700,"column":36},"end":{"line":700,"column":80}},{"start":{"line":701,"column":16},"end":{"line":701,"column":54}}]},"80":{"line":707,"type":"binary-expr","locations":[{"start":{"line":707,"column":29},"end":{"line":707,"column":45}},{"start":{"line":707,"column":49},"end":{"line":707,"column":53}},{"start":{"line":707,"column":57},"end":{"line":707,"column":75}}]},"81":{"line":709,"type":"if","locations":[{"start":{"line":709,"column":12},"end":{"line":709,"column":12}},{"start":{"line":709,"column":12},"end":{"line":709,"column":12}}]},"82":{"line":724,"type":"if","locations":[{"start":{"line":724,"column":12},"end":{"line":724,"column":12}},{"start":{"line":724,"column":12},"end":{"line":724,"column":12}}]},"83":{"line":727,"type":"if","locations":[{"start":{"line":727,"column":16},"end":{"line":727,"column":16}},{"start":{"line":727,"column":16},"end":{"line":727,"column":16},"skip":true}]},"84":{"line":728,"type":"if","locations":[{"start":{"line":728,"column":20},"end":{"line":728,"column":20}},{"start":{"line":728,"column":20},"end":{"line":728,"column":20}}]},"85":{"line":728,"type":"binary-expr","locations":[{"start":{"line":728,"column":25},"end":{"line":728,"column":81}},{"start":{"line":729,"column":24},"end":{"line":729,"column":81}},{"start":{"line":730,"column":24},"end":{"line":730,"column":61}}]},"86":{"line":735,"type":"if","locations":[{"start":{"line":735,"column":12},"end":{"line":735,"column":12}},{"start":{"line":735,"column":12},"end":{"line":735,"column":12}}]},"87":{"line":752,"type":"cond-expr","locations":[{"start":{"line":752,"column":50},"end":{"line":752,"column":70}},{"start":{"line":752,"column":73},"end":{"line":752,"column":77}}]},"88":{"line":753,"type":"binary-expr","locations":[{"start":{"line":753,"column":33},"end":{"line":753,"column":51}},{"start":{"line":753,"column":55},"end":{"line":753,"column":57}}]},"89":{"line":761,"type":"cond-expr","locations":[{"start":{"line":761,"column":33},"end":{"line":761,"column":45}},{"start":{"line":761,"column":48},"end":{"line":761,"column":72}}]},"90":{"line":762,"type":"binary-expr","locations":[{"start":{"line":762,"column":87},"end":{"line":762,"column":95}},{"start":{"line":762,"column":99},"end":{"line":762,"column":108}}]},"91":{"line":780,"type":"if","locations":[{"start":{"line":780,"column":12},"end":{"line":780,"column":12}},{"start":{"line":780,"column":12},"end":{"line":780,"column":12}}]},"92":{"line":780,"type":"binary-expr","locations":[{"start":{"line":780,"column":16},"end":{"line":780,"column":36}},{"start":{"line":780,"column":40},"end":{"line":780,"column":80}}]},"93":{"line":793,"type":"if","locations":[{"start":{"line":793,"column":12},"end":{"line":793,"column":12}},{"start":{"line":793,"column":12},"end":{"line":793,"column":12}}]},"94":{"line":807,"type":"binary-expr","locations":[{"start":{"line":807,"column":40},"end":{"line":807,"column":61}},{"start":{"line":807,"column":65},"end":{"line":807,"column":73}},{"start":{"line":807,"column":77},"end":{"line":807,"column":86}}]},"95":{"line":842,"type":"binary-expr","locations":[{"start":{"line":842,"column":29},"end":{"line":842,"column":45}},{"start":{"line":842,"column":49},"end":{"line":842,"column":53}},{"start":{"line":842,"column":57},"end":{"line":842,"column":75}}]},"96":{"line":843,"type":"binary-expr","locations":[{"start":{"line":843,"column":29},"end":{"line":843,"column":45}},{"start":{"line":843,"column":49},"end":{"line":843,"column":53}},{"start":{"line":843,"column":57},"end":{"line":843,"column":77}}]},"97":{"line":849,"type":"binary-expr","locations":[{"start":{"line":849,"column":52},"end":{"line":849,"column":62}},{"start":{"line":849,"column":66},"end":{"line":849,"column":75}}]},"98":{"line":850,"type":"binary-expr","locations":[{"start":{"line":850,"column":52},"end":{"line":850,"column":62}},{"start":{"line":850,"column":66},"end":{"line":850,"column":75}}]},"99":{"line":857,"type":"if","locations":[{"start":{"line":857,"column":12},"end":{"line":857,"column":12}},{"start":{"line":857,"column":12},"end":{"line":857,"column":12}}]},"100":{"line":858,"type":"if","locations":[{"start":{"line":858,"column":12},"end":{"line":858,"column":12}},{"start":{"line":858,"column":12},"end":{"line":858,"column":12}}]},"101":{"line":870,"type":"if","locations":[{"start":{"line":870,"column":12},"end":{"line":870,"column":12}},{"start":{"line":870,"column":12},"end":{"line":870,"column":12}}]},"102":{"line":870,"type":"binary-expr","locations":[{"start":{"line":870,"column":18},"end":{"line":870,"column":23}},{"start":{"line":870,"column":27},"end":{"line":870,"column":43}}]},"103":{"line":883,"type":"if","locations":[{"start":{"line":883,"column":12},"end":{"line":883,"column":12}},{"start":{"line":883,"column":12},"end":{"line":883,"column":12}}]},"104":{"line":903,"type":"binary-expr","locations":[{"start":{"line":903,"column":33},"end":{"line":903,"column":49}},{"start":{"line":903,"column":53},"end":{"line":903,"column":57}},{"start":{"line":903,"column":61},"end":{"line":903,"column":81}}]},"105":{"line":904,"type":"if","locations":[{"start":{"line":904,"column":16},"end":{"line":904,"column":16}},{"start":{"line":904,"column":16},"end":{"line":904,"column":16}}]},"106":{"line":908,"type":"if","locations":[{"start":{"line":908,"column":16},"end":{"line":908,"column":16}},{"start":{"line":908,"column":16},"end":{"line":908,"column":16}}]},"107":{"line":908,"type":"binary-expr","locations":[{"start":{"line":908,"column":20},"end":{"line":908,"column":30}},{"start":{"line":908,"column":34},"end":{"line":908,"column":49}}]},"108":{"line":923,"type":"if","locations":[{"start":{"line":923,"column":12},"end":{"line":923,"column":12}},{"start":{"line":923,"column":12},"end":{"line":923,"column":12}}]},"109":{"line":923,"type":"binary-expr","locations":[{"start":{"line":923,"column":16},"end":{"line":923,"column":22}},{"start":{"line":923,"column":26},"end":{"line":923,"column":76}}]},"110":{"line":941,"type":"if","locations":[{"start":{"line":941,"column":12},"end":{"line":941,"column":12}},{"start":{"line":941,"column":12},"end":{"line":941,"column":12}}]},"111":{"line":954,"type":"if","locations":[{"start":{"line":954,"column":16},"end":{"line":954,"column":16}},{"start":{"line":954,"column":16},"end":{"line":954,"column":16}}]},"112":{"line":961,"type":"if","locations":[{"start":{"line":961,"column":4},"end":{"line":961,"column":4}},{"start":{"line":961,"column":4},"end":{"line":961,"column":4}}]},"113":{"line":967,"type":"binary-expr","locations":[{"start":{"line":967,"column":2},"end":{"line":967,"column":31}},{"start":{"line":967,"column":35},"end":{"line":967,"column":72}},{"start":{"line":967,"column":76},"end":{"line":967,"column":106}}]}}}}