TN:
SF:/Users/ananthk/open-source/istanbul/lib/cli.js
FN:15,findCommandPosition
FN:27,errHandler
FN:39,runCommand
FN:61,runToCompletion
FNF:4
FNH:4
FNDA:72,findCommandPosition
FNDA:31,errHandler
FNDA:72,runCommand
FNDA:72,runToCompletion
DA:9,72
DA:13,72
DA:15,72
DA:16,72
DA:18,72
DA:19,72
DA:20,70
DA:24,2
DA:27,72
DA:28,31
DA:29,15
DA:30,6
DA:33,9
DA:34,9
DA:35,9
DA:39,72
DA:40,72
DA:45,72
DA:46,2
DA:49,70
DA:50,70
DA:51,70
DA:53,70
DA:54,70
DA:56,1
DA:58,69
DA:61,72
DA:62,72
DA:65,72
DA:66,0
DA:67,0
DA:70,72
LF:32
LH:30
BRDA:19,1,0,70
BRDA:19,1,1,2
BRDA:28,2,0,16
BRDA:28,2,1,15
BRDA:29,3,0,6
BRDA:29,3,1,9
BRDA:45,4,0,2
BRDA:45,4,1,70
BRDA:65,5,0,0
BRDA:65,5,1,72
BRF:10
BRH:9
end_of_record
TN:
SF:/Users/ananthk/open-source/istanbul/lib/command/index.js
FN:9,Command
FN:14,(anonymous_2)
FN:18,(anonymous_3)
FN:21,(anonymous_4)
FN:24,(anonymous_5)
FN:27,(anonymous_6)
FNF:6
FNH:6
FNDA:105,Command
FNDA:18,(anonymous_2)
FNDA:55,(anonymous_3)
FNDA:0,(anonymous_4)
FNDA:0,(anonymous_5)
FNDA:0,(anonymous_6)
DA:6,73
DA:9,73
DA:11,73
DA:13,73
DA:15,18
DA:19,55
DA:22,1
DA:25,1
DA:28,1
DA:32,73
LF:10
LH:10
BRF:0
BRH:0
end_of_record
TN:
SF:/Users/ananthk/open-source/istanbul/lib/util/factory.js
FN:11,Factory
FN:21,(anonymous_2)
FN:27,(anonymous_3)
FN:34,(anonymous_4)
FN:41,(anonymous_5)
FN:51,(anonymous_6)
FN:53,(anonymous_7)
FN:66,(anonymous_8)
FN:81,(anonymous_9)
FN:82,(anonymous_10)
FNF:10
FNH:10
FNDA:219,Factory
FNDA:83,(anonymous_2)
FNDA:114,(anonymous_3)
FNDA:1317,(anonymous_4)
FNDA:215,(anonymous_5)
FNDA:219,(anonymous_6)
FNDA:1679,(anonymous_7)
FNDA:219,(anonymous_8)
FNDA:1314,(anonymous_9)
FNDA:3577,(anonymous_10)
DA:6,73
DA:11,73
DA:12,219
DA:13,219
DA:14,219
DA:15,219
DA:16,219
DA:19,73
DA:22,83
DA:23,83
DA:24,83
DA:28,114
DA:29,71
DA:31,114
DA:35,1317
DA:36,1317
DA:37,1316
DA:38,1316
DA:42,215
DA:46,215
DA:47,215
DA:48,209
DA:52,219
DA:53,219
DA:54,1679
DA:55,1314
DA:56,1314
DA:58,0
DA:59,0
DA:60,0
DA:67,219
DA:70,219
DA:71,219
DA:72,219
DA:73,219
DA:74,219
DA:75,219
DA:76,73
DA:81,73
DA:82,1314
DA:83,3577
DA:87,73
LF:42
LH:39
BRDA:28,1,0,71
BRDA:28,1,1,43
BRDA:36,2,0,1
BRDA:36,2,1,1316
BRDA:43,3,0,109
BRDA:43,3,1,106
BRDA:46,4,0,211
BRDA:46,4,1,4
BRDA:47,5,0,6
BRDA:47,5,1,209
BRDA:54,6,0,1314
BRDA:54,6,1,365
BRDA:54,7,0,1679
BRDA:54,7,1,1460
BRDA:75,8,0,73
BRDA:75,8,1,146
BRF:16
BRH:16
end_of_record
TN:
SF:/Users/ananthk/open-source/istanbul/lib/util/input-error.js
FN:6,(anonymous_1)
FNF:1
FNH:1
FNDA:10,(anonymous_1)
DA:6,73
DA:7,10
DA:8,10
DA:9,10
LF:4
LH:4
BRF:0
BRH:0
end_of_record
TN:
SF:/Users/ananthk/open-source/istanbul/lib/register-plugins.js
FNF:0
FNH:0
DA:6,73
DA:10,73
DA:11,73
DA:12,73
LF:4
LH:4
BRF:0
BRH:0
end_of_record
TN:
SF:/Users/ananthk/open-source/istanbul/lib/store/index.js
FN:41,Store
FN:72,(anonymous_2)
FN:80,(anonymous_3)
FN:86,(anonymous_4)
FN:93,(anonymous_5)
FN:98,(anonymous_6)
FN:106,(anonymous_7)
FN:115,(anonymous_8)
FNF:8
FNH:8
FNDA:59,Store
FNDA:1,(anonymous_2)
FNDA:1,(anonymous_3)
FNDA:1,(anonymous_4)
FNDA:1,(anonymous_5)
FNDA:1,(anonymous_6)
FNDA:3265,(anonymous_7)
FNDA:1126,(anonymous_8)
DA:6,73
DA:41,73
DA:44,73
DA:62,73
DA:72,1
DA:80,1
DA:86,1
DA:93,1
DA:107,3265
DA:116,1126
DA:120,73
LF:11
LH:11
BRF:0
BRH:0
end_of_record
TN:
SF:/Users/ananthk/open-source/istanbul/lib/report/index.js
FN:26,Report
FN:53,(anonymous_2)
FNF:2
FNH:2
FNDA:103,Report
FNDA:1,(anonymous_2)
DA:6,73
DA:26,73
DA:28,73
DA:46,73
DA:54,1
DA:58,73
LF:6
LH:6
BRF:0
BRH:0
end_of_record
TN:
SF:/Users/ananthk/open-source/istanbul/lib/store/fslookup.js
FN:27,LookupStore
FN:35,(anonymous_2)
FN:38,(anonymous_3)
FN:41,(anonymous_4)
FN:50,(anonymous_5)
FNF:5
FNH:5
FNDA:20,LookupStore
FNDA:1,(anonymous_2)
FNDA:1055,(anonymous_3)
FNDA:5,(anonymous_4)
FNDA:2,(anonymous_5)
DA:6,73
DA:27,73
DA:28,20
DA:31,73
DA:32,73
DA:34,73
DA:36,1
DA:39,1055
DA:42,5
DA:43,5
DA:44,5
DA:45,3
DA:47,2
DA:51,2
DA:52,1
DA:54,1
DA:59,73
LF:17
LH:17
BRDA:51,1,0,1
BRDA:51,1,1,1
BRF:2
BRH:2
end_of_record
TN:
SF:/Users/ananthk/open-source/istanbul/lib/store/memory.js
FN:22,MemoryStore
FN:31,(anonymous_2)
FN:35,(anonymous_3)
FN:42,(anonymous_4)
FN:46,(anonymous_5)
FN:50,(anonymous_6)
FNF:6
FNH:6
FNDA:39,MemoryStore
FNDA:1128,(anonymous_2)
FNDA:3268,(anonymous_3)
FNDA:4397,(anonymous_4)
FNDA:63,(anonymous_5)
FNDA:3,(anonymous_6)
DA:6,73
DA:22,73
DA:23,39
DA:24,39
DA:27,73
DA:28,73
DA:30,73
DA:32,1128
DA:36,3268
DA:37,1
DA:39,3267
DA:43,4397
DA:47,63
DA:51,3
DA:55,73
LF:15
LH:15
BRDA:36,1,0,1
BRDA:36,1,1,3267
BRF:2
BRH:2
end_of_record
TN:
SF:/Users/ananthk/open-source/istanbul/lib/store/tmp.js
FN:13,makeTempDir
FN:34,TmpStore
FN:46,(anonymous_3)
FN:51,(anonymous_4)
FN:57,(anonymous_5)
FN:63,(anonymous_6)
FN:67,(anonymous_7)
FN:71,(anonymous_8)
FN:73,(anonymous_9)
FNF:9
FNH:9
FNDA:1,makeTempDir
FNDA:1,TmpStore
FNDA:2,(anonymous_3)
FNDA:2,(anonymous_4)
FNDA:3,(anonymous_5)
FNDA:3,(anonymous_6)
FNDA:4,(anonymous_7)
FNDA:1,(anonymous_8)
FNDA:2,(anonymous_9)
DA:6,73
DA:13,73
DA:14,1
DA:15,1
DA:16,1
DA:34,73
DA:35,1
DA:36,1
DA:37,1
DA:38,1
DA:39,1
DA:42,73
DA:43,73
DA:45,73
DA:47,2
DA:48,2
DA:52,2
DA:53,2
DA:54,2
DA:58,3
DA:59,3
DA:60,2
DA:64,3
DA:68,4
DA:72,1
DA:73,1
DA:74,2
DA:76,1
DA:80,73
LF:29
LH:29
BRDA:14,1,0,1
BRDA:14,1,1,0
BRDA:14,2,0,0
BRDA:14,2,1,0
BRDA:35,3,0,1
BRDA:35,3,1,1
BRDA:36,4,0,1
BRDA:36,4,1,1
BRDA:59,5,0,1
BRDA:59,5,1,2
BRF:10
BRH:10
end_of_record
TN:
SF:/Users/ananthk/open-source/istanbul/lib/report/cobertura.js
FN:27,CoberturaReport
FN:38,asJavaPackage
FN:45,asClassName
FN:50,quote
FN:54,attr
FN:58,branchCoverageByLine
FN:62,(anonymous_7)
FN:68,(anonymous_8)
FN:70,(anonymous_9)
FN:77,addClassStats
FN:92,(anonymous_11)
FN:121,(anonymous_12)
FN:141,walk
FN:169,(anonymous_14)
FN:170,(anonymous_15)
FN:176,(anonymous_16)
FN:177,(anonymous_17)
FN:188,(anonymous_18)
FN:196,(anonymous_19)
FN:201,(anonymous_20)
FNF:20
FNH:20
FNDA:2,CoberturaReport
FNDA:6,asJavaPackage
FNDA:8,asClassName
FNDA:202,quote
FNDA:202,attr
FNDA:8,branchCoverageByLine
FNDA:6,(anonymous_7)
FNDA:6,(anonymous_8)
FNDA:12,(anonymous_9)
FNDA:8,addClassStats
FNDA:10,(anonymous_11)
FNDA:28,(anonymous_12)
FNDA:8,walk
FNDA:8,(anonymous_14)
FNDA:8,(anonymous_15)
FNDA:14,(anonymous_16)
FNDA:6,(anonymous_17)
FNDA:2,(anonymous_18)
FNDA:8,(anonymous_19)
FNDA:2,(anonymous_20)
DA:6,73
DA:27,73
DA:28,2
DA:29,2
DA:30,2
DA:31,2
DA:32,2
DA:33,2
DA:36,73
DA:38,73
DA:39,6
DA:45,73
DA:47,8
DA:50,73
DA:51,202
DA:54,73
DA:55,202
DA:58,73
DA:59,8
DA:62,8
DA:63,6
DA:65,6
DA:66,6
DA:68,8
DA:69,6
DA:70,12
DA:72,6
DA:74,8
DA:77,73
DA:78,8
DA:83,8
DA:90,8
DA:91,8
DA:92,8
DA:93,10
DA:96,10
DA:105,10
DA:114,10
DA:117,8
DA:119,8
DA:120,8
DA:121,8
DA:122,28
DA:127,28
DA:128,24
DA:130,4
DA:134,28
DA:136,8
DA:138,8
DA:141,73
DA:142,8
DA:143,8
DA:144,2
DA:145,2
DA:146,2
DA:147,2
DA:156,2
DA:157,2
DA:158,2
DA:159,2
DA:161,8
DA:162,6
DA:163,6
DA:168,6
DA:169,8
DA:171,8
DA:173,6
DA:174,6
DA:176,14
DA:178,6
DA:181,8
DA:182,2
DA:183,2
DA:187,73
DA:189,2
DA:196,2
DA:197,8
DA:199,2
DA:200,2
DA:201,2
DA:202,2
DA:207,73
LF:82
LH:82
BRDA:29,1,0,2
BRDA:29,1,1,1
BRDA:31,2,0,2
BRDA:31,2,1,1
BRDA:32,3,0,2
BRDA:32,3,1,2
BRDA:65,4,0,6
BRDA:65,4,1,6
BRDA:85,5,0,8
BRDA:85,5,1,0
BRDA:127,6,0,24
BRDA:127,6,1,4
BRDA:143,7,0,2
BRDA:143,7,1,6
BRDA:161,8,0,6
BRDA:161,8,1,2
BRDA:181,9,0,2
BRDA:181,9,1,6
BRDA:191,10,0,2
BRDA:191,10,1,2
BRF:20
BRH:19
end_of_record
TN:
SF:/Users/ananthk/open-source/istanbul/lib/util/file-writer.js
FN:15,extend
FN:16,(anonymous_2)
FN:21,BufferedContentWriter
FN:28,(anonymous_4)
FN:31,(anonymous_5)
FN:36,StreamContentWriter
FN:43,(anonymous_7)
FN:48,SyncFileWriter
FN:54,(anonymous_9)
FN:60,(anonymous_10)
FN:65,AsyncFileWriter
FN:73,(anonymous_12)
FN:77,(anonymous_13)
FN:86,(anonymous_14)
FN:91,(anonymous_15)
FN:96,(anonymous_16)
FN:100,(anonymous_17)
FN:108,FileWriter
FN:112,(anonymous_19)
FN:113,(anonymous_20)
FN:119,(anonymous_21)
FN:123,(anonymous_22)
FN:126,(anonymous_23)
FNF:23
FNH:21
FNDA:365,extend
FNDA:876,(anonymous_2)
FNDA:1118,BufferedContentWriter
FNDA:4493,(anonymous_4)
FNDA:1118,(anonymous_5)
FNDA:2022,StreamContentWriter
FNDA:32233,(anonymous_7)
FNDA:32,SyncFileWriter
FNDA:1118,(anonymous_9)
FNDA:2,(anonymous_10)
FNDA:8,AsyncFileWriter
FNDA:2022,(anonymous_12)
FNDA:2022,(anonymous_13)
FNDA:2022,(anonymous_14)
FNDA:0,(anonymous_15)
FNDA:2,(anonymous_16)
FNDA:2024,(anonymous_17)
FNDA:40,FileWriter
FNDA:0,(anonymous_19)
FNDA:4,(anonymous_20)
FNDA:32,(anonymous_21)
FNDA:3140,(anonymous_22)
FNDA:4,(anonymous_23)
DA:6,73
DA:15,73
DA:16,365
DA:17,876
DA:21,73
DA:22,1118
DA:23,1118
DA:25,73
DA:27,73
DA:29,4493
DA:32,1118
DA:36,73
DA:37,2022
DA:38,2022
DA:40,73
DA:42,73
DA:44,32233
DA:48,73
DA:49,32
DA:51,73
DA:53,73
DA:55,1118
DA:56,1118
DA:57,1118
DA:58,1118
DA:61,2
DA:65,73
DA:66,8
DA:67,8
DA:70,73
DA:72,73
DA:74,2022
DA:75,2022
DA:78,2022
DA:84,2022
DA:85,2022
DA:86,2022
DA:87,2022
DA:88,2022
DA:89,2022
DA:91,2022
DA:92,2022
DA:93,2022
DA:94,2022
DA:97,2
DA:98,2
DA:101,2024
DA:102,1003
DA:103,2
DA:108,73
DA:109,40
DA:110,40
DA:111,40
DA:112,40
DA:113,40
DA:116,73
DA:118,73
DA:120,32
DA:121,32
DA:124,3140
DA:127,4
DA:131,73
LF:62
LH:62
BRDA:101,1,0,1021
BRDA:101,1,1,1003
BRDA:102,2,0,2
BRDA:102,2,1,1001
BRDA:111,3,0,32
BRDA:111,3,1,8
BRF:6
BRH:6
end_of_record
TN:
SF:/Users/ananthk/open-source/istanbul/lib/util/writer.js
FN:9,extend
FN:10,(anonymous_2)
FN:16,ContentWriter
FN:20,(anonymous_4)
FN:23,(anonymous_5)
FN:27,Writer
FN:39,(anonymous_7)
FN:47,(anonymous_8)
FN:55,(anonymous_9)
FNF:9
FNH:9
FNDA:73,extend
FNDA:219,(anonymous_2)
FNDA:3140,ContentWriter
FNDA:0,(anonymous_4)
FNDA:15036,(anonymous_5)
FNDA:72,Writer
FNDA:0,(anonymous_7)
FNDA:0,(anonymous_8)
FNDA:0,(anonymous_9)
DA:6,73
DA:9,73
DA:10,73
DA:11,219
DA:16,73
DA:19,73
DA:21,1
DA:23,15036
DA:27,73
DA:28,72
DA:31,73
DA:33,73
DA:40,1
DA:48,1
DA:56,1
DA:60,73
LF:16
LH:16
BRF:0
BRH:0
end_of_record
TN:
SF:/Users/ananthk/open-source/istanbul/lib/util/tree-summarizer.js
FN:10,commonArrayPrefix
FN:24,findCommonArrayPrefix
FN:29,(anonymous_3)
FN:39,Node
FN:49,(anonymous_5)
FN:52,(anonymous_6)
FN:55,(anonymous_7)
FN:59,(anonymous_8)
FN:67,(anonymous_9)
FN:72,TreeSummary
FN:78,(anonymous_11)
FN:81,(anonymous_12)
FN:91,(anonymous_13)
FN:120,(anonymous_14)
FN:135,(anonymous_15)
FN:152,(anonymous_16)
FN:156,(anonymous_17)
FN:160,(anonymous_18)
FN:165,(anonymous_19)
FN:169,(anonymous_20)
FN:173,(anonymous_21)
FN:179,(anonymous_22)
FN:182,(anonymous_23)
FN:187,(anonymous_24)
FN:191,(anonymous_25)
FN:199,TreeSummarizer
FN:204,(anonymous_27)
FN:207,(anonymous_28)
FNF:28
FNH:28
FNDA:1057,commonArrayPrefix
FNDA:24,findCommonArrayPrefix
FNDA:1080,(anonymous_3)
FNDA:1167,Node
FNDA:2236,(anonymous_5)
FNDA:1090,(anonymous_6)
FNDA:2151,(anonymous_7)
FNDA:6,(anonymous_8)
FNDA:5,(anonymous_9)
FNDA:24,TreeSummary
FNDA:18,(anonymous_11)
FNDA:24,(anonymous_12)
FNDA:1080,(anonymous_13)
FNDA:1008,(anonymous_14)
FNDA:1167,(anonymous_15)
FNDA:1143,(anonymous_16)
FNDA:1167,(anonymous_17)
FNDA:1143,(anonymous_18)
FNDA:1143,(anonymous_19)
FNDA:1143,(anonymous_20)
FNDA:1080,(anonymous_21)
FNDA:1167,(anonymous_22)
FNDA:9784,(anonymous_23)
FNDA:1143,(anonymous_24)
FNDA:1,(anonymous_25)
FNDA:24,TreeSummarizer
FNDA:1080,(anonymous_27)
FNDA:24,(anonymous_28)
DA:6,73
DA:10,73
DA:11,1057
DA:14,1057
DA:15,9461
DA:16,9425
DA:18,36
DA:21,1057
DA:24,73
DA:25,24
DA:26,1
DA:29,1080
DA:32,23
DA:33,0
DA:35,23
DA:39,73
DA:40,1167
DA:41,1167
DA:42,1167
DA:43,1167
DA:44,1167
DA:45,1167
DA:48,73
DA:50,2236
DA:53,1090
DA:56,2151
DA:57,2151
DA:60,6
DA:67,5
DA:72,73
DA:73,24
DA:74,24
DA:77,73
DA:79,18
DA:82,24
DA:90,24
DA:91,24
DA:92,1080
DA:96,1080
DA:97,1080
DA:98,1080
DA:99,1080
DA:100,1080
DA:101,2
DA:103,1080
DA:104,1080
DA:105,59
DA:106,59
DA:107,59
DA:109,1080
DA:110,1080
DA:113,24
DA:114,4
DA:115,4
DA:116,4
DA:117,4
DA:118,4
DA:119,4
DA:120,4
DA:121,1008
DA:122,2
DA:124,1006
DA:128,24
DA:129,24
DA:130,24
DA:131,24
DA:132,24
DA:136,1167
DA:137,1167
DA:138,1167
DA:140,1167
DA:141,0
DA:143,1167
DA:144,1143
DA:145,1141
DA:147,2
DA:150,24
DA:152,1167
DA:153,1143
DA:157,1167
DA:159,1167
DA:160,87
DA:161,1143
DA:163,87
DA:165,1143
DA:169,1143
DA:170,87
DA:171,63
DA:173,1080
DA:176,24
DA:180,1167
DA:181,1167
DA:182,1167
DA:183,9784
DA:184,9784
DA:185,9784
DA:187,1167
DA:188,1143
DA:192,1
DA:199,73
DA:200,24
DA:203,73
DA:205,1080
DA:208,24
DA:209,24
DA:213,73
LF:106
LH:104
BRDA:7,1,0,73
BRDA:7,1,1,0
BRDA:11,2,0,1034
BRDA:11,2,1,23
BRDA:15,3,0,9425
BRDA:15,3,1,36
BRDA:25,4,0,1
BRDA:25,4,1,23
BRDA:32,5,0,0
BRDA:32,5,1,23
BRDA:43,6,0,1167
BRDA:43,6,1,87
BRDA:66,7,0,1
BRDA:66,7,1,5
BRDA:100,8,0,2
BRDA:100,8,1,1078
BRDA:104,9,0,59
BRDA:104,9,1,1021
BRDA:110,10,0,1006
BRDA:110,10,1,74
BRDA:113,11,0,4
BRDA:113,11,1,20
BRDA:113,12,0,24
BRDA:113,12,1,4
BRDA:121,13,0,2
BRDA:121,13,1,1006
BRDA:137,14,0,1167
BRDA:137,14,1,0
BRDA:140,15,0,0
BRDA:140,15,1,1167
BRDA:143,16,0,1143
BRDA:143,16,1,24
BRDA:144,17,0,1141
BRDA:144,17,1,2
BRDA:159,18,0,1080
BRDA:159,18,1,87
BRDA:170,19,0,63
BRDA:170,19,1,24
BRDA:185,20,0,5004
BRDA:185,20,1,4780
BRDA:185,21,0,4780
BRDA:185,21,1,0
BRF:42
BRH:37
end_of_record
TN:
SF:/Users/ananthk/open-source/istanbul/lib/object-utils.js
FN:38,(anonymous_1)
FN:50,addDerivedInfoForFile
FN:57,(anonymous_3)
FN:75,addDerivedInfo
FN:76,(anonymous_5)
FN:86,removeDerivedInfo
FN:87,(anonymous_7)
FN:92,percent
FN:102,computeSimpleTotals
FN:107,(anonymous_10)
FN:122,computeBranchTotals
FN:127,(anonymous_12)
FN:171,blankSummary
FN:208,summarizeFileCoverage
FN:228,mergeFileCoverage
FN:234,(anonymous_16)
FN:237,(anonymous_17)
FN:240,(anonymous_18)
FN:260,mergeSummaryObjects
FN:264,(anonymous_20)
FN:266,(anonymous_21)
FN:273,(anonymous_22)
FN:276,(anonymous_23)
FN:291,summarizeCoverage
FN:293,(anonymous_25)
FN:309,toYUICoverage
FN:314,(anonymous_27)
FN:329,(anonymous_28)
FN:336,(anonymous_29)
FNF:29
FNH:29
FNDA:73,(anonymous_1)
FNDA:5600,addDerivedInfoForFile
FNDA:7584,(anonymous_3)
FNDA:141,addDerivedInfo
FNDA:144,(anonymous_5)
FNDA:1,removeDerivedInfo
FNDA:1,(anonymous_7)
FNDA:9492,percent
FNDA:6576,computeSimpleTotals
FNDA:9672,(anonymous_10)
FNDA:2192,computeBranchTotals
FNDA:149,(anonymous_12)
FNDA:2374,blankSummary
FNDA:2192,summarizeFileCoverage
FNDA:3,mergeFileCoverage
FNDA:11,(anonymous_16)
FNDA:8,(anonymous_17)
FNDA:8,(anonymous_18)
FNDA:181,mergeSummaryObjects
FNDA:2310,(anonymous_20)
FNDA:9232,(anonymous_21)
FNDA:2310,(anonymous_22)
FNDA:724,(anonymous_23)
FNDA:9,summarizeCoverage
FNDA:30,(anonymous_25)
FNDA:1,toYUICoverage
FNDA:1,(anonymous_27)
FNDA:4,(anonymous_28)
FNDA:2,(anonymous_29)
DA:38,73
DA:50,73
DA:51,5600
DA:55,5600
DA:56,3412
DA:57,3412
DA:58,7584
DA:61,7584
DA:62,7584
DA:63,4437
DA:75,73
DA:76,141
DA:77,144
DA:86,73
DA:87,1
DA:88,1
DA:92,73
DA:93,9492
DA:94,9492
DA:95,7385
DA:96,7385
DA:98,2107
DA:102,73
DA:103,6576
DA:107,6576
DA:108,9672
DA:110,9672
DA:111,9672
DA:112,9161
DA:114,9672
DA:115,0
DA:118,6576
DA:119,6576
DA:122,73
DA:123,2192
DA:127,2192
DA:128,149
DA:133,149
DA:134,305
DA:135,305
DA:136,305
DA:137,177
DA:139,305
DA:140,0
DA:143,149
DA:145,2192
DA:146,2192
DA:171,73
DA:172,2374
DA:208,73
DA:209,2192
DA:210,2192
DA:211,2192
DA:212,2192
DA:213,2192
DA:214,2192
DA:215,2192
DA:228,73
DA:229,3
DA:232,3
DA:234,3
DA:235,11
DA:237,3
DA:238,8
DA:240,3
DA:241,8
DA:243,8
DA:244,17
DA:248,3
DA:260,73
DA:261,181
DA:265,2310
DA:266,2308
DA:267,9232
DA:268,9232
DA:269,9232
DA:273,181
DA:274,2310
DA:276,181
DA:277,724
DA:280,181
DA:291,73
DA:292,9
DA:293,9
DA:294,30
DA:296,9
DA:309,73
DA:310,1
DA:312,1
DA:314,1
DA:315,1
DA:321,1
DA:329,1
DA:330,4
DA:331,4
DA:332,4
DA:333,3
DA:336,1
DA:337,2
DA:338,2
DA:339,2
DA:340,2
DA:341,1
DA:345,1
DA:348,73
DA:361,73
DA:362,73
DA:364,1
LF:108
LH:106
BRDA:55,1,0,3412
BRDA:55,1,1,2188
BRDA:61,2,0,11
BRDA:61,2,1,7573
BRDA:61,3,0,7584
BRDA:61,3,1,439
BRDA:62,4,0,4437
BRDA:62,4,1,3147
BRDA:62,5,0,7584
BRDA:62,5,1,3181
BRDA:94,6,0,7385
BRDA:94,6,1,2107
BRDA:104,7,0,4384
BRDA:104,7,1,2192
BRDA:109,8,0,9672
BRDA:109,8,1,6972
BRDA:111,9,0,9161
BRDA:111,9,1,511
BRDA:111,10,0,9672
BRDA:111,10,1,511
BRDA:114,11,0,0
BRDA:114,11,1,9672
BRDA:114,12,0,9672
BRDA:114,12,1,511
BRDA:135,13,0,305
BRDA:135,13,1,305
BRDA:135,13,2,270
BRDA:136,14,0,177
BRDA:136,14,1,128
BRDA:136,15,0,305
BRDA:136,15,1,128
BRDA:139,16,0,0
BRDA:139,16,1,305
BRDA:139,17,0,305
BRDA:139,17,1,128
BRDA:265,18,0,2308
BRDA:265,18,1,2
BRDA:332,19,0,3
BRDA:332,19,1,1
BRDA:340,20,0,1
BRDA:340,20,1,1
BRDA:361,21,0,73
BRDA:361,21,1,0
BRDA:366,22,0,73
BRDA:366,22,1,73
BRDA:366,22,2,73
BRF:46
BRH:44
end_of_record
TN:
SF:/Users/ananthk/open-source/istanbul/lib/report/html.js
FN:18,(anonymous_1)
FN:75,(anonymous_2)
FN:92,(anonymous_3)
FN:110,(anonymous_4)
FN:121,(anonymous_5)
FN:147,customEscape
FN:156,(anonymous_7)
FN:159,(anonymous_8)
FN:165,title
FN:169,annotateLines
FN:172,(anonymous_11)
FN:176,(anonymous_12)
FN:183,annotateStatements
FN:186,(anonymous_14)
FN:212,annotateFunctions
FN:217,(anonymous_16)
FN:243,annotateBranches
FN:248,(anonymous_18)
FN:250,(anonymous_19)
FN:298,getReportClass
FN:323,HtmlReport
FN:338,(anonymous_22)
FN:358,(anonymous_23)
FN:371,(anonymous_24)
FN:379,(anonymous_25)
FN:406,(anonymous_26)
FN:411,(anonymous_27)
FN:418,(anonymous_28)
FN:438,(anonymous_29)
FN:443,(anonymous_30)
FN:446,(anonymous_31)
FN:452,(anonymous_32)
FN:459,(anonymous_33)
FN:461,(anonymous_34)
FN:478,(anonymous_35)
FN:494,(anonymous_36)
FN:497,(anonymous_37)
FN:506,(anonymous_38)
FN:513,(anonymous_39)
FN:517,(anonymous_40)
FNF:40
FNH:40
FNDA:146,(anonymous_1)
FNDA:1102,(anonymous_2)
FNDA:1118,(anonymous_3)
FNDA:1056,(anonymous_4)
FNDA:1056,(anonymous_5)
FNDA:2620,customEscape
FNDA:1056,(anonymous_7)
FNDA:2620,(anonymous_8)
FNDA:3333,title
FNDA:1056,annotateLines
FNDA:1204,(anonymous_11)
FNDA:3676,(anonymous_12)
FNDA:1056,annotateStatements
FNDA:2206,(anonymous_14)
FNDA:1056,annotateFunctions
FNDA:1074,(anonymous_16)
FNDA:1056,annotateBranches
FNDA:41,(anonymous_18)
FNDA:82,(anonymous_19)
FNDA:5526,getReportClass
FNDA:19,HtmlReport
FNDA:1118,(anonymous_22)
FNDA:1118,(anonymous_23)
FNDA:1056,(anonymous_24)
FNDA:2620,(anonymous_25)
FNDA:62,(anonymous_26)
FNDA:11888,(anonymous_27)
FNDA:1102,(anonymous_28)
FNDA:62,(anonymous_29)
FNDA:62,(anonymous_30)
FNDA:1102,(anonymous_31)
FNDA:1056,(anonymous_32)
FNDA:19,(anonymous_33)
FNDA:1102,(anonymous_34)
FNDA:4394,(anonymous_35)
FNDA:2158,(anonymous_36)
FNDA:2236,(anonymous_37)
FNDA:16,(anonymous_38)
FNDA:1056,(anonymous_39)
FNDA:32,(anonymous_40)
DA:7,73
DA:18,146
DA:75,73
DA:76,1102
DA:79,1102
DA:80,1102
DA:81,1040
DA:83,1102
DA:84,1102
DA:85,1102
DA:88,0
DA:92,73
DA:93,1118
DA:98,1118
DA:99,1118
DA:102,0
DA:103,0
DA:104,0
DA:105,0
DA:107,0
DA:110,73
DA:111,1056
DA:115,1056
DA:116,2620
DA:118,1056
DA:121,73
DA:122,1056
DA:130,1056
DA:131,2620
DA:132,2620
DA:133,2620
DA:134,2620
DA:135,1204
DA:136,1145
DA:137,1145
DA:139,59
DA:142,2620
DA:144,1056
DA:147,73
DA:148,2620
DA:149,2620
DA:156,73
DA:157,1056
DA:159,1056
DA:160,2620
DA:162,1056
DA:165,73
DA:166,3333
DA:169,73
DA:170,1056
DA:171,1056
DA:172,1056
DA:173,1204
DA:174,1204
DA:176,1056
DA:177,3676
DA:178,2472
DA:183,73
DA:184,1056
DA:186,1056
DA:187,2206
DA:198,2206
DA:199,59
DA:200,14
DA:201,14
DA:203,59
DA:204,59
DA:212,73
DA:214,1056
DA:216,1056
DA:217,1056
DA:218,1074
DA:229,1074
DA:230,31
DA:231,0
DA:232,0
DA:234,31
DA:235,31
DA:243,73
DA:244,1056
DA:246,1056
DA:248,1056
DA:249,41
DA:250,82
DA:264,41
DA:265,26
DA:266,52
DA:267,52
DA:268,52
DA:269,52
DA:270,52
DA:271,52
DA:272,52
DA:273,52
DA:274,52
DA:276,52
DA:277,3
DA:278,0
DA:279,0
DA:281,3
DA:282,3
DA:283,1
DA:287,2
DA:298,73
DA:299,5526
DA:301,5526
DA:302,5526
DA:304,0
DA:323,73
DA:324,19
DA:325,19
DA:326,19
DA:327,19
DA:328,19
DA:329,19
DA:330,19
DA:333,73
DA:334,73
DA:336,73
DA:339,1118
DA:344,1118
DA:345,2158
DA:346,2158
DA:349,1118
DA:350,2158
DA:353,1118
DA:354,1118
DA:359,1118
DA:362,1118
DA:363,1118
DA:364,1118
DA:365,1118
DA:366,1118
DA:372,1056
DA:379,2620
DA:382,1056
DA:384,1056
DA:385,1056
DA:386,1056
DA:388,1056
DA:391,1056
DA:392,1056
DA:393,1056
DA:395,1056
DA:396,1056
DA:401,1056
DA:402,1056
DA:403,1056
DA:407,62
DA:411,62
DA:412,11888
DA:415,62
DA:416,62
DA:417,62
DA:418,62
DA:419,1102
DA:432,1102
DA:434,62
DA:435,62
DA:439,62
DA:442,62
DA:443,62
DA:444,62
DA:446,62
DA:447,1102
DA:448,46
DA:450,1056
DA:451,1056
DA:452,1056
DA:453,1056
DA:460,19
DA:462,1102
DA:465,1102
DA:466,0
DA:467,0
DA:468,0
DA:469,0
DA:470,0
DA:472,0
DA:476,1102
DA:479,4394
DA:484,4394
DA:485,7530
DA:486,7530
DA:487,7530
DA:488,3396
DA:490,7530
DA:492,4394
DA:495,2158
DA:498,2236
DA:500,4316
DA:501,2236
DA:507,16
DA:513,16
DA:514,1056
DA:516,16
DA:517,16
DA:518,32
DA:522,32
DA:523,32
DA:524,4
DA:526,32
DA:530,16
DA:534,73
LF:204
LH:187
BRDA:9,1,0,73
BRDA:9,1,1,0
BRDA:79,2,0,1102
BRDA:79,2,1,0
BRDA:80,3,0,1040
BRDA:80,3,1,62
BRDA:98,4,0,1118
BRDA:98,4,1,0
BRDA:98,5,0,1118
BRDA:98,5,1,1118
BRDA:98,5,2,1118
BRDA:103,6,0,0
BRDA:103,6,1,0
BRDA:103,7,0,0
BRDA:103,7,1,0
BRDA:104,8,0,0
BRDA:104,8,1,0
BRDA:104,9,0,0
BRDA:104,9,1,0
BRDA:105,10,0,0
BRDA:105,10,1,0
BRDA:105,11,0,0
BRDA:105,11,1,0
BRDA:134,12,0,1204
BRDA:134,12,1,1416
BRDA:135,13,0,1145
BRDA:135,13,1,59
BRDA:160,14,0,2620
BRDA:160,14,1,1145
BRDA:171,15,0,0
BRDA:171,15,1,1056
BRDA:174,16,0,1145
BRDA:174,16,1,59
BRDA:177,17,0,2472
BRDA:177,17,1,1204
BRDA:189,18,0,2147
BRDA:189,18,1,59
BRDA:194,19,0,0
BRDA:194,19,1,2206
BRDA:198,20,0,59
BRDA:198,20,1,2147
BRDA:199,21,0,14
BRDA:199,21,1,45
BRDA:206,22,0,59
BRDA:206,22,1,0
BRDA:216,23,0,0
BRDA:216,23,1,1056
BRDA:220,24,0,1043
BRDA:220,24,1,31
BRDA:225,25,0,0
BRDA:225,25,1,1074
BRDA:229,26,0,31
BRDA:229,26,1,1043
BRDA:230,27,0,0
BRDA:230,27,1,31
BRDA:237,28,0,31
BRDA:237,28,1,0
BRDA:246,29,0,0
BRDA:246,29,1,1056
BRDA:264,30,0,26
BRDA:264,30,1,15
BRDA:268,31,0,49
BRDA:268,31,1,3
BRDA:273,32,0,0
BRDA:273,32,1,52
BRDA:276,33,0,3
BRDA:276,33,1,49
BRDA:277,34,0,0
BRDA:277,34,1,3
BRDA:282,35,0,1
BRDA:282,35,1,2
BRDA:283,36,0,0
BRDA:283,36,1,1
BRDA:284,37,0,1
BRDA:284,37,1,0
BRDA:285,38,0,1
BRDA:285,38,1,0
BRDA:289,39,0,2
BRDA:289,39,1,0
BRDA:301,40,0,5526
BRDA:301,40,1,0
BRDA:302,41,0,5239
BRDA:302,41,1,287
BRDA:302,42,0,190
BRDA:302,42,1,97
BRDA:325,43,0,19
BRDA:325,43,1,1
BRDA:326,44,0,19
BRDA:326,44,1,1
BRDA:327,45,0,19
BRDA:327,45,1,19
BRDA:328,46,0,19
BRDA:328,46,1,19
BRDA:329,47,0,19
BRDA:329,47,1,19
BRDA:351,48,0,2158
BRDA:351,48,1,1102
BRDA:354,49,0,1102
BRDA:354,49,1,16
BRDA:362,50,0,1118
BRDA:362,50,1,16
BRDA:375,51,0,4
BRDA:375,51,1,1052
BRDA:375,52,0,1056
BRDA:375,52,1,4
BRDA:412,53,0,3876
BRDA:412,53,1,8012
BRDA:442,54,0,8
BRDA:442,54,1,54
BRDA:447,55,0,46
BRDA:447,55,1,1056
BRDA:451,56,0,8
BRDA:451,56,1,1048
BRDA:465,57,0,0
BRDA:465,57,1,1102
BRDA:469,58,0,0
BRDA:469,58,1,0
BRDA:476,59,0,46
BRDA:476,59,1,1056
BRDA:510,60,0,16
BRDA:510,60,1,16
BRDA:522,61,0,32
BRDA:522,61,1,0
BRDA:523,62,0,4
BRDA:523,62,1,28
BRF:125
BRH:91
end_of_record
TN:
SF:/Users/ananthk/open-source/istanbul/lib/util/insertion-text.js
FN:6,InsertionText
FN:19,(anonymous_2)
FN:32,(anonymous_3)
FN:45,(anonymous_4)
FN:49,(anonymous_5)
FN:71,(anonymous_6)
FN:94,(anonymous_7)
FN:100,(anonymous_8)
FN:104,(anonymous_9)
FNF:9
FNH:9
FNDA:3692,InsertionText
FNDA:3692,(anonymous_2)
FNDA:3692,(anonymous_3)
FNDA:281,(anonymous_4)
FNDA:220,(anonymous_5)
FNDA:220,(anonymous_6)
FNDA:102,(anonymous_7)
FNDA:1,(anonymous_8)
FNDA:2634,(anonymous_9)
DA:6,73
DA:7,3692
DA:8,3692
DA:9,3692
DA:10,3692
DA:11,3692
DA:12,3692
DA:15,73
DA:17,73
DA:20,3692
DA:24,3692
DA:25,3275
DA:26,1491
DA:27,1491
DA:30,3692
DA:33,3692
DA:37,3692
DA:38,1507
DA:39,1491
DA:40,1491
DA:43,3692
DA:46,281
DA:50,220
DA:51,220
DA:52,220
DA:54,220
DA:55,190
DA:56,61
DA:58,190
DA:59,93
DA:63,220
DA:67,220
DA:68,220
DA:72,220
DA:77,220
DA:78,118
DA:79,118
DA:80,114
DA:82,118
DA:83,9
DA:86,220
DA:87,8
DA:89,212
DA:91,220
DA:95,102
DA:96,102
DA:97,102
DA:101,1
DA:105,2634
DA:109,73
LF:50
LH:50
BRDA:25,1,0,1491
BRDA:25,1,1,1784
BRDA:38,2,0,1491
BRDA:38,2,1,16
BRDA:50,3,0,215
BRDA:50,3,1,5
BRDA:51,4,0,46
BRDA:51,4,1,174
BRDA:52,5,0,1
BRDA:52,5,1,219
BRDA:54,6,0,190
BRDA:54,6,1,30
BRDA:55,7,0,61
BRDA:55,7,1,129
BRDA:58,8,0,93
BRDA:58,8,1,97
BRDA:79,9,0,114
BRDA:79,9,1,4
BRDA:79,10,0,118
BRDA:79,10,1,9
BRDA:79,10,2,8
BRDA:82,11,0,9
BRDA:82,11,1,109
BRDA:86,12,0,8
BRDA:86,12,1,212
BRDA:86,13,0,220
BRDA:86,13,1,113
BRF:27
BRH:27
end_of_record
TN:
SF:/Users/ananthk/open-source/istanbul/lib/report/json.js
FN:25,JsonReport
FN:34,(anonymous_2)
FN:37,(anonymous_3)
FN:40,(anonymous_4)
FNF:4
FNH:4
FNDA:2,JsonReport
FNDA:2,(anonymous_2)
FNDA:2,(anonymous_3)
FNDA:8,(anonymous_4)
DA:6,73
DA:25,73
DA:26,2
DA:27,2
DA:28,2
DA:30,73
DA:31,73
DA:33,73
DA:35,2
DA:37,2
DA:38,2
DA:39,2
DA:40,2
DA:41,8
DA:42,2
DA:44,6
DA:46,8
DA:47,8
DA:48,8
DA:50,2
DA:55,73
LF:21
LH:21
BRDA:26,1,0,2
BRDA:26,1,1,1
BRDA:27,2,0,2
BRDA:27,2,1,1
BRDA:28,3,0,2
BRDA:28,3,1,2
BRDA:36,4,0,2
BRDA:36,4,1,2
BRDA:41,5,0,2
BRDA:41,5,1,6
BRF:10
BRH:10
end_of_record
TN:
SF:/Users/ananthk/open-source/istanbul/lib/report/lcov.js
FN:29,LcovReport
FN:43,(anonymous_2)
FNF:2
FNH:2
FNDA:15,LcovReport
FNDA:12,(anonymous_2)
DA:6,73
DA:29,73
DA:30,15
DA:31,15
DA:32,15
DA:35,15
DA:36,15
DA:37,15
DA:40,73
DA:42,73
DA:44,12
DA:45,12
DA:49,73
LF:13
LH:13
BRDA:31,1,0,15
BRDA:31,1,1,1
BRDA:32,2,0,15
BRDA:32,2,1,1
BRF:4
BRH:4
end_of_record
TN:
SF:/Users/ananthk/open-source/istanbul/lib/report/lcovonly.js
FN:26,LcovOnlyReport
FN:35,(anonymous_2)
FN:46,(anonymous_3)
FN:53,(anonymous_4)
FN:59,(anonymous_5)
FN:66,(anonymous_6)
FN:71,(anonymous_7)
FN:81,(anonymous_8)
FN:85,(anonymous_9)
FN:86,(anonymous_10)
FNF:10
FNH:10
FNDA:19,LcovOnlyReport
FNDA:1052,(anonymous_2)
FNDA:1069,(anonymous_3)
FNDA:1069,(anonymous_4)
FNDA:1190,(anonymous_5)
FNDA:38,(anonymous_6)
FNDA:76,(anonymous_7)
FNDA:16,(anonymous_8)
FNDA:16,(anonymous_9)
FNDA:1052,(anonymous_10)
DA:6,73
DA:26,73
DA:27,19
DA:28,19
DA:29,19
DA:31,73
DA:32,73
DA:34,73
DA:36,1052
DA:43,1052
DA:44,1052
DA:46,1052
DA:47,1069
DA:48,1069
DA:50,1052
DA:51,1052
DA:53,1052
DA:54,1069
DA:56,1069
DA:59,1052
DA:60,1190
DA:61,1190
DA:63,1052
DA:64,1052
DA:66,1052
DA:67,38
DA:71,38
DA:72,76
DA:73,76
DA:76,1052
DA:77,1052
DA:78,1052
DA:82,16
DA:85,16
DA:86,16
DA:87,1052
DA:93,73
LF:37
LH:37
BRDA:27,1,0,19
BRDA:27,1,1,1
BRDA:28,2,0,19
BRDA:28,2,1,1
BRDA:29,3,0,19
BRDA:29,3,1,19
BRDA:83,4,0,16
BRDA:83,4,1,16
BRF:8
BRH:8
end_of_record
TN:
SF:/Users/ananthk/open-source/istanbul/lib/report/none.js
FN:8,NoneReport
FN:15,(anonymous_2)
FNF:2
FNH:2
FNDA:27,NoneReport
FNDA:2,(anonymous_2)
DA:6,73
DA:8,73
DA:9,27
DA:12,73
DA:14,73
DA:20,73
LF:6
LH:6
BRF:0
BRH:0
end_of_record
TN:
SF:/Users/ananthk/open-source/istanbul/lib/report/teamcity.js
FN:27,TeamcityReport
FN:36,lineForKey
FN:41,(anonymous_3)
FN:47,(anonymous_4)
FNF:4
FNH:4
FNDA:1,TeamcityReport
FNDA:7,lineForKey
FNDA:1,(anonymous_3)
FNDA:4,(anonymous_4)
DA:6,73
DA:27,73
DA:28,1
DA:29,1
DA:30,1
DA:31,1
DA:34,73
DA:36,73
DA:37,7
DA:40,73
DA:42,1
DA:47,1
DA:48,4
DA:51,1
DA:53,1
DA:54,1
DA:57,1
DA:60,1
DA:61,1
DA:62,1
DA:65,1
DA:66,1
DA:67,1
DA:69,1
DA:71,1
DA:72,1
DA:73,1
DA:74,1
DA:75,1
DA:77,0
DA:82,73
LF:31
LH:30
BRDA:29,1,0,1
BRDA:29,1,1,0
BRDA:30,2,0,1
BRDA:30,2,1,0
BRDA:72,3,0,1
BRDA:72,3,1,0
BRF:6
BRH:3
end_of_record
TN:
SF:/Users/ananthk/open-source/istanbul/lib/report/text-summary.js
FN:27,TextSummaryReport
FN:36,lineForKey
FN:51,(anonymous_3)
FN:56,(anonymous_4)
FNF:4
FNH:4
FNDA:37,TextSummaryReport
FNDA:36,lineForKey
FNDA:9,(anonymous_3)
FNDA:32,(anonymous_4)
DA:6,73
DA:27,73
DA:28,37
DA:29,37
DA:30,37
DA:31,37
DA:34,73
DA:36,73
DA:37,36
DA:40,36
DA:41,36
DA:42,36
DA:43,36
DA:44,36
DA:45,0
DA:47,36
DA:50,73
DA:52,9
DA:56,9
DA:57,32
DA:59,9
DA:60,9
DA:61,9
DA:62,9
DA:68,9
DA:69,9
DA:70,9
DA:71,0
DA:72,0
DA:74,9
DA:79,73
LF:31
LH:28
BRDA:29,1,0,37
BRDA:29,1,1,37
BRDA:30,2,0,37
BRDA:30,2,1,37
BRDA:41,3,0,36
BRDA:41,3,1,0
BRDA:44,4,0,0
BRDA:44,4,1,36
BRDA:70,5,0,0
BRDA:70,5,1,9
BRF:10
BRH:7
end_of_record
TN:
SF:/Users/ananthk/open-source/istanbul/lib/report/text.js
FN:34,TextReport
FN:45,padding
FN:55,fill
FN:91,formatName
FN:95,formatPct
FN:99,nodeName
FN:103,tableHeader
FN:113,tableRow
FN:130,findNameWidth
FN:137,(anonymous_10)
FN:143,makeLine
FN:156,walk
FN:166,(anonymous_13)
FN:177,(anonymous_14)
FN:187,(anonymous_15)
FNF:15
FNH:15
FNDA:1,TextReport
FNDA:92,padding
FNDA:45,fill
FNDA:9,formatName
FNDA:36,formatPct
FNDA:16,nodeName
FNDA:1,tableHeader
FNDA:8,tableRow
FNDA:8,findNameWidth
FNDA:7,(anonymous_10)
FNDA:1,makeLine
FNDA:8,walk
FNDA:7,(anonymous_13)
FNDA:1,(anonymous_14)
FNDA:4,(anonymous_15)
DA:6,73
DA:34,73
DA:35,1
DA:36,1
DA:37,1
DA:38,1
DA:39,1
DA:40,1
DA:43,73
DA:45,73
DA:46,92
DA:48,92
DA:49,92
DA:50,405
DA:52,92
DA:55,73
DA:56,45
DA:57,45
DA:59,45
DA:68,45
DA:70,0
DA:71,0
DA:72,0
DA:73,0
DA:75,0
DA:79,45
DA:80,45
DA:81,45
DA:82,45
DA:84,0
DA:85,0
DA:88,45
DA:91,73
DA:92,9
DA:95,73
DA:96,36
DA:99,73
DA:100,16
DA:103,73
DA:104,1
DA:105,1
DA:106,1
DA:107,1
DA:108,1
DA:109,1
DA:110,1
DA:113,73
DA:114,8
DA:121,8
DA:122,8
DA:123,8
DA:124,8
DA:125,8
DA:127,8
DA:130,73
DA:131,8
DA:132,8
DA:133,8
DA:134,8
DA:135,4
DA:137,8
DA:138,7
DA:140,8
DA:143,73
DA:144,1
DA:148,1
DA:149,1
DA:150,1
DA:151,1
DA:152,1
DA:153,1
DA:156,73
DA:157,8
DA:158,8
DA:159,1
DA:160,1
DA:161,1
DA:162,1
DA:164,7
DA:166,8
DA:167,7
DA:169,8
DA:170,1
DA:171,1
DA:172,1
DA:176,73
DA:178,1
DA:187,1
DA:188,4
DA:190,1
DA:191,1
DA:192,1
DA:193,1
DA:194,0
DA:195,0
DA:196,0
DA:199,1
DA:200,1
DA:201,1
DA:202,0
DA:203,0
DA:205,1
DA:210,73
LF:103
LH:91
BRDA:36,1,0,1
BRDA:36,1,1,1
BRDA:37,2,0,1
BRDA:37,2,1,1
BRDA:40,3,0,1
BRDA:40,3,1,1
BRDA:48,4,0,92
BRDA:48,4,1,90
BRDA:56,5,0,45
BRDA:56,5,1,38
BRDA:64,6,0,45
BRDA:64,6,1,32
BRDA:68,7,0,0
BRDA:68,7,1,45
BRDA:68,8,0,45
BRDA:68,8,1,32
BRDA:70,9,0,0
BRDA:70,9,1,0
BRDA:72,10,0,0
BRDA:72,10,1,0
BRDA:79,11,0,45
BRDA:79,11,1,0
BRDA:80,12,0,45
BRDA:80,12,1,0
BRDA:82,13,0,36
BRDA:82,13,1,9
BRDA:100,14,0,16
BRDA:100,14,1,2
BRDA:131,15,0,8
BRDA:131,15,1,1
BRDA:132,16,0,8
BRDA:132,16,1,1
BRDA:134,17,0,4
BRDA:134,17,1,4
BRDA:158,18,0,1
BRDA:158,18,1,7
BRDA:169,19,0,1
BRDA:169,19,1,7
BRDA:193,20,0,0
BRDA:193,20,1,1
BRDA:195,21,0,0
BRDA:195,21,1,0
BRDA:201,22,0,0
BRDA:201,22,1,1
BRF:44
BRH:33
end_of_record
TN:
SF:/Users/ananthk/open-source/istanbul/lib/command/check-coverage.js
FN:16,CheckCoverageCommand
FN:24,(anonymous_2)
FN:28,(anonymous_3)
FN:49,(anonymous_4)
FN:74,(anonymous_5)
FN:76,(anonymous_6)
FN:93,(anonymous_7)
FNF:7
FNH:7
FNDA:14,CheckCoverageCommand
FNDA:5,(anonymous_2)
FNDA:2,(anonymous_3)
FNDA:8,(anonymous_4)
FNDA:8,(anonymous_5)
FNDA:7,(anonymous_6)
FNDA:32,(anonymous_7)
DA:6,73
DA:16,73
DA:17,14
DA:20,73
DA:21,73
DA:23,73
DA:25,5
DA:29,2
DA:37,2
DA:39,2
DA:40,2
DA:41,2
DA:42,2
DA:43,2
DA:46,2
DA:51,8
DA:66,8
DA:67,1
DA:70,8
DA:71,8
DA:75,8
DA:76,8
DA:77,7
DA:78,7
DA:80,8
DA:88,8
DA:89,1
DA:90,1
DA:93,8
DA:94,32
DA:98,32
DA:99,4
DA:100,3
DA:103,28
DA:104,7
DA:108,8
DA:113,73
LF:37
LH:37
BRDA:66,1,0,1
BRDA:66,1,1,7
BRDA:70,2,0,8
BRDA:70,2,1,8
BRDA:75,3,0,0
BRDA:75,3,1,8
BRDA:81,4,0,8
BRDA:81,4,1,3
BRDA:82,5,0,8
BRDA:82,5,1,4
BRDA:83,6,0,8
BRDA:83,6,1,4
BRDA:84,7,0,8
BRDA:84,7,1,4
BRDA:88,8,0,1
BRDA:88,8,1,7
BRDA:98,9,0,4
BRDA:98,9,1,28
BRDA:99,10,0,3
BRDA:99,10,1,1
BRDA:103,11,0,7
BRDA:103,11,1,21
BRDA:108,12,0,2
BRDA:108,12,1,6
BRF:24
BRH:23
end_of_record
TN:
SF:/Users/ananthk/open-source/istanbul/lib/collector.js
FN:51,Collector
FN:65,(anonymous_2)
FN:67,(anonymous_3)
FN:81,(anonymous_4)
FN:91,(anonymous_5)
FN:103,(anonymous_6)
FN:106,(anonymous_7)
FN:116,(anonymous_8)
FNF:8
FNH:8
FNDA:38,Collector
FNDA:36,(anonymous_2)
FNDA:1126,(anonymous_3)
FNDA:59,(anonymous_4)
FNDA:3264,(anonymous_5)
FNDA:10,(anonymous_6)
FNDA:32,(anonymous_7)
FNDA:2,(anonymous_8)
DA:6,73
DA:51,73
DA:52,38
DA:53,38
DA:56,73
DA:66,36
DA:67,36
DA:68,1126
DA:69,1126
DA:70,1
DA:72,1125
DA:82,59
DA:92,3264
DA:93,3264
DA:94,3264
DA:104,10
DA:106,10
DA:107,32
DA:109,10
DA:117,2
DA:121,73
LF:21
LH:21
BRDA:52,1,0,38
BRDA:52,1,1,38
BRDA:53,2,0,38
BRDA:53,2,1,38
BRDA:69,3,0,1
BRDA:69,3,1,1125
BRF:6
BRH:6
end_of_record
TN:
SF:/Users/ananthk/open-source/istanbul/lib/util/help-formatter.js
FN:12,formatOption
FNF:1
FNH:1
FNDA:96,formatOption
DA:6,73
DA:12,73
DA:13,96
DA:15,96
DA:16,78
DA:18,18
DA:22,73
LF:7
LH:7
BRDA:15,1,0,78
BRDA:15,1,1,18
BRF:2
BRH:2
end_of_record
TN:
SF:/Users/ananthk/open-source/istanbul/lib/command/cover.js
FN:10,CoverCommand
FN:18,(anonymous_2)
FN:22,(anonymous_3)
FN:26,(anonymous_4)
FNF:4
FNH:4
FNDA:45,CoverCommand
FNDA:5,(anonymous_2)
FNDA:2,(anonymous_3)
FNDA:39,(anonymous_4)
DA:6,73
DA:10,73
DA:11,45
DA:14,73
DA:15,73
DA:17,73
DA:19,5
DA:23,2
DA:27,39
DA:32,73
LF:10
LH:10
BRF:0
BRH:0
end_of_record
TN:
SF:/Users/ananthk/open-source/istanbul/lib/command/common/run-with-cover.js
FN:22,usage
FN:38,run
FN:80,(anonymous_3)
FN:118,(anonymous_4)
FN:160,(anonymous_5)
FN:184,(anonymous_6)
FNF:6
FNH:6
FNDA:4,usage
FNDA:41,run
FNDA:38,(anonymous_3)
FNDA:38,(anonymous_4)
FNDA:11,(anonymous_5)
FNDA:20,(anonymous_6)
DA:5,73
DA:22,73
DA:23,4
DA:35,4
DA:38,73
DA:40,41
DA:63,41
DA:64,1
DA:67,40
DA:68,40
DA:70,40
DA:71,1
DA:72,1
DA:74,1
DA:77,39
DA:80,39
DA:81,38
DA:82,38
DA:83,5
DA:85,38
DA:86,38
DA:89,39
DA:91,39
DA:93,39
DA:94,38
DA:95,38
DA:96,38
DA:97,38
DA:98,38
DA:99,38
DA:101,1
DA:102,1
DA:104,0
DA:105,0
DA:106,0
DA:108,37
DA:109,37
DA:113,38
DA:119,38
DA:121,38
DA:128,38
DA:129,3
DA:130,35
DA:131,0
DA:134,38
DA:135,3
DA:136,2
DA:137,2
DA:139,1
DA:143,38
DA:144,3
DA:145,3
DA:148,37
DA:149,0
DA:152,37
DA:153,1
DA:155,37
DA:158,37
DA:160,37
DA:161,11
DA:164,11
DA:165,1
DA:166,1
DA:168,10
DA:172,10
DA:173,10
DA:174,10
DA:175,10
DA:177,10
DA:178,10
DA:179,10
DA:180,10
DA:181,10
DA:182,10
DA:184,10
DA:185,20
DA:187,10
DA:189,37
DA:192,1
DA:196,73
LF:80
LH:75
BRDA:11,1,0,73
BRDA:11,1,1,0
BRDA:63,2,0,1
BRDA:63,2,1,40
BRDA:70,3,0,1
BRDA:70,3,1,39
BRDA:82,4,0,5
BRDA:82,4,1,33
BRDA:89,5,0,38
BRDA:89,5,1,1
BRDA:89,6,0,39
BRDA:89,6,1,1
BRDA:93,7,0,38
BRDA:93,7,1,1
BRDA:94,8,0,38
BRDA:94,8,1,38
BRDA:96,9,0,38
BRDA:96,9,1,11
BRDA:98,10,0,38
BRDA:98,10,1,0
BRDA:99,11,0,1
BRDA:99,11,1,0
BRDA:99,11,2,37
BRDA:114,12,0,38
BRDA:114,12,1,38
BRDA:119,13,0,0
BRDA:119,13,1,38
BRDA:128,14,0,3
BRDA:128,14,1,35
BRDA:130,15,0,0
BRDA:130,15,1,35
BRDA:134,16,0,3
BRDA:134,16,1,35
BRDA:135,17,0,2
BRDA:135,17,1,1
BRDA:139,18,0,1
BRDA:139,18,1,0
BRDA:143,19,0,3
BRDA:143,19,1,35
BRDA:144,20,0,3
BRDA:144,20,1,0
BRDA:148,21,0,0
BRDA:148,21,1,37
BRDA:152,22,0,1
BRDA:152,22,1,36
BRDA:164,23,0,1
BRDA:164,23,1,10
BRDA:164,24,0,11
BRDA:164,24,1,11
BRDA:173,25,0,10
BRDA:173,25,1,0
BRDA:180,26,0,10
BRDA:180,26,1,0
BRF:53
BRH:43
end_of_record
TN:
SF:/Users/ananthk/open-source/istanbul/lib/hook.js
FN:41,transformFn
FN:43,(anonymous_2)
FN:67,unloadRequireCache
FN:69,(anonymous_4)
FN:90,hookRequire
FN:96,(anonymous_6)
FN:113,unhookRequire
FN:128,hookCreateScript
FN:131,(anonymous_9)
FN:142,unhookCreateScript
FN:158,hookRunInThisContext
FN:161,(anonymous_12)
FN:172,unhookRunInThisContext
FNF:13
FNH:12
FNDA:47,transformFn
FNDA:1221,(anonymous_2)
FNDA:5,unloadRequireCache
FNDA:743,(anonymous_4)
FNDA:45,hookRequire
FNDA:1217,(anonymous_6)
FNDA:3,unhookRequire
FNDA:1,hookCreateScript
FNDA:1,(anonymous_9)
FNDA:1,unhookCreateScript
FNDA:1,hookRunInThisContext
FNDA:3,(anonymous_12)
FNDA:0,unhookRunInThisContext
DA:33,73
DA:41,73
DA:43,47
DA:44,1221
DA:48,1221
DA:49,1141
DA:50,16
DA:52,1141
DA:53,1141
DA:54,1140
DA:56,1
DA:57,1
DA:58,1
DA:61,80
DA:63,1221
DA:67,73
DA:68,5
DA:69,5
DA:70,743
DA:71,4
DA:90,73
DA:91,45
DA:92,45
DA:96,45
DA:97,1217
DA:98,1217
DA:99,1137
DA:101,80
DA:103,1217
DA:104,13
DA:113,73
DA:114,3
DA:128,73
DA:129,1
DA:130,1
DA:131,1
DA:132,1
DA:133,1
DA:142,73
DA:143,1
DA:158,73
DA:159,1
DA:160,1
DA:161,1
DA:162,3
DA:163,3
DA:172,73
DA:173,0
DA:177,73
LF:49
LH:48
BRDA:48,1,0,1141
BRDA:48,1,1,80
BRDA:49,2,0,16
BRDA:49,2,1,1125
BRDA:68,3,0,5
BRDA:68,3,1,0
BRDA:68,4,0,5
BRDA:68,4,1,5
BRDA:68,4,2,5
BRDA:68,4,3,5
BRDA:70,5,0,4
BRDA:70,5,1,739
BRDA:91,6,0,45
BRDA:91,6,1,2
BRDA:93,7,0,3
BRDA:93,7,1,42
BRDA:93,8,0,45
BRDA:93,8,1,3
BRDA:98,9,0,1137
BRDA:98,9,1,80
BRDA:103,10,0,13
BRDA:103,10,1,1204
BRDA:129,11,0,1
BRDA:129,11,1,1
BRDA:159,12,0,1
BRDA:159,12,1,0
BRF:26
BRH:24
end_of_record
TN:
SF:/Users/ananthk/open-source/istanbul/lib/command/help.js
FN:11,HelpCommand
FN:19,(anonymous_2)
FN:23,(anonymous_3)
FN:29,(anonymous_4)
FN:38,(anonymous_5)
FNF:5
FNH:5
FNDA:6,HelpCommand
FNDA:5,(anonymous_2)
FNDA:4,(anonymous_3)
FNDA:24,(anonymous_4)
FNDA:8,(anonymous_5)
DA:6,73
DA:11,73
DA:12,6
DA:15,73
DA:16,73
DA:18,73
DA:20,5
DA:25,4
DA:26,4
DA:28,4
DA:29,4
DA:30,24
DA:31,24
DA:32,24
DA:34,4
DA:35,4
DA:36,4
DA:39,8
DA:40,8
DA:41,1
DA:43,7
DA:44,7
DA:45,5
DA:47,2
DA:48,2
DA:51,8
DA:56,73
LF:27
LH:27
BRDA:40,1,0,1
BRDA:40,1,1,7
BRF:2
BRH:2
end_of_record
TN:
SF:/Users/ananthk/open-source/istanbul/index.js
FNF:0
FNH:0
DA:14,73
DA:21,73
DA:35,73
LF:3
LH:3
BRF:0
BRH:0
end_of_record
TN:
SF:/Users/ananthk/open-source/istanbul/lib/util/meta.js
FNF:0
FNH:0
DA:5,73
DA:9,73
LF:2
LH:2
BRF:0
BRH:0
end_of_record
TN:
SF:/Users/ananthk/open-source/istanbul/lib/command/instrument.js
FN:28,BaselineCollector
FN:34,(anonymous_2)
FN:48,(anonymous_3)
FN:54,processFiles
FN:55,(anonymous_5)
FN:71,(anonymous_6)
FN:73,(anonymous_7)
FN:75,(anonymous_8)
FN:90,(anonymous_9)
FN:100,(anonymous_10)
FN:116,(anonymous_11)
FN:127,InstrumentCommand
FN:135,synopsis
FN:139,(anonymous_14)
FN:158,(anonymous_15)
FN:211,(anonymous_16)
FN:228,(anonymous_17)
FNF:17
FNH:15
FNDA:1,BaselineCollector
FNDA:1,(anonymous_2)
FNDA:0,(anonymous_3)
FNDA:5,processFiles
FNDA:18,(anonymous_5)
FNDA:13,(anonymous_6)
FNDA:13,(anonymous_7)
FNDA:12,(anonymous_8)
FNDA:4,(anonymous_9)
FNDA:18,(anonymous_10)
FNDA:5,(anonymous_11)
FNDA:21,InstrumentCommand
FNDA:5,synopsis
FNDA:2,(anonymous_14)
FNDA:15,(anonymous_15)
FNDA:0,(anonymous_16)
FNDA:5,(anonymous_17)
DA:6,73
DA:26,73
DA:28,73
DA:29,1
DA:30,1
DA:31,1
DA:33,1
DA:34,1
DA:35,1
DA:39,1
DA:40,1
DA:41,1
DA:44,1
DA:47,73
DA:49,0
DA:54,73
DA:55,5
DA:56,18
DA:63,18
DA:64,18
DA:66,18
DA:67,1
DA:70,17
DA:71,13
DA:72,13
DA:73,13
DA:74,13
DA:75,12
DA:76,12
DA:83,4
DA:84,4
DA:86,4
DA:87,4
DA:89,4
DA:90,4
DA:91,4
DA:100,5
DA:101,18
DA:102,18
DA:103,1
DA:104,1
DA:105,1
DA:106,1
DA:108,18
DA:109,4
DA:111,14
DA:113,18
DA:116,5
DA:117,5
DA:118,5
DA:119,5
DA:120,1
DA:121,1
DA:127,73
DA:128,21
DA:131,73
DA:132,73
DA:134,73
DA:136,5
DA:140,2
DA:155,2
DA:160,15
DA:182,15
DA:183,15
DA:184,1
DA:186,14
DA:187,13
DA:189,14
DA:191,12
DA:194,14
DA:195,1
DA:198,13
DA:201,14
DA:208,14
DA:209,1
DA:210,1
DA:211,1
DA:212,0
DA:213,0
DA:217,14
DA:218,14
DA:219,13
DA:220,7
DA:221,6
DA:222,5
DA:223,5
DA:229,5
DA:230,5
DA:233,6
DA:234,1
DA:236,5
DA:238,6
DA:239,6
DA:240,1
DA:246,73
LF:95
LH:92
BRDA:66,1,0,1
BRDA:66,1,1,17
BRDA:70,2,0,13
BRDA:70,2,1,4
BRDA:72,3,0,0
BRDA:72,3,1,13
BRDA:74,4,0,1
BRDA:74,4,1,12
BRDA:102,5,0,1
BRDA:102,5,1,17
BRDA:103,6,0,1
BRDA:103,6,1,0
BRDA:108,7,0,4
BRDA:108,7,1,14
BRDA:111,8,0,4
BRDA:111,8,1,10
BRDA:119,9,0,1
BRDA:119,9,1,4
BRDA:180,10,0,15
BRDA:180,10,1,14
BRDA:183,11,0,1
BRDA:183,11,1,14
BRDA:186,12,0,13
BRDA:186,12,1,1
BRDA:189,13,0,12
BRDA:189,13,1,2
BRDA:194,14,0,1
BRDA:194,14,1,13
BRDA:208,15,0,1
BRDA:208,15,1,13
BRDA:219,16,0,7
BRDA:219,16,1,6
BRDA:220,17,0,1
BRDA:220,17,1,6
BRDA:221,18,0,1
BRDA:221,18,1,5
BRDA:226,19,0,5
BRDA:226,19,1,4
BRDA:229,20,0,0
BRDA:229,20,1,5
BRDA:233,21,0,1
BRDA:233,21,1,5
BRDA:239,22,0,1
BRDA:239,22,1,5
BRF:44
BRH:41
end_of_record
TN:
SF:/Users/ananthk/open-source/istanbul/lib/util/flow-control.js
FN:13,callOnce
FN:16,wrapped
FNF:2
FNH:2
FNDA:18,callOnce
FNDA:18,wrapped
DA:13,73
DA:14,18
DA:16,18
DA:17,18
DA:18,18
DA:19,18
DA:24,73
LF:7
LH:7
BRDA:17,1,0,18
BRDA:17,1,1,0
BRF:2
BRH:1
end_of_record
TN:
SF:/Users/ananthk/open-source/istanbul/lib/command/report.js
FN:17,ReportCommand
FN:25,(anonymous_2)
FN:29,(anonymous_3)
FN:46,(anonymous_4)
FN:81,(anonymous_5)
FN:83,(anonymous_6)
FNF:6
FNH:6
FNDA:11,ReportCommand
FNDA:5,(anonymous_2)
FNDA:2,(anonymous_3)
FNDA:5,(anonymous_4)
FNDA:4,(anonymous_5)
FNDA:3,(anonymous_6)
DA:6,73
DA:17,73
DA:18,11
DA:21,73
DA:22,73
DA:24,73
DA:26,5
DA:30,2
DA:37,2
DA:39,2
DA:40,2
DA:43,2
DA:48,5
DA:61,5
DA:62,3
DA:65,5
DA:66,1
DA:69,5
DA:71,5
DA:72,5
DA:74,1
DA:77,4
DA:78,4
DA:82,4
DA:83,4
DA:84,3
DA:85,3
DA:87,4
DA:88,4
DA:89,4
DA:90,4
DA:95,73
LF:32
LH:32
BRDA:61,1,0,3
BRDA:61,1,1,2
BRDA:65,2,0,1
BRDA:65,2,1,4
BRDA:69,3,0,5
BRDA:69,3,1,5
BRDA:77,4,0,4
BRDA:77,4,1,4
BRDA:82,5,0,0
BRDA:82,5,1,4
BRF:10
BRH:9
end_of_record
TN:
SF:/Users/ananthk/open-source/istanbul/lib/command/test.js
FN:10,TestCommand
FN:18,(anonymous_2)
FN:22,(anonymous_3)
FN:26,(anonymous_4)
FNF:4
FNH:4
FNDA:8,TestCommand
FNDA:5,(anonymous_2)
FNDA:2,(anonymous_3)
FNDA:2,(anonymous_4)
DA:6,73
DA:10,73
DA:11,8
DA:14,73
DA:15,73
DA:17,73
DA:19,5
DA:23,2
DA:27,2
DA:31,73
LF:10
LH:10
BRF:0
BRH:0
end_of_record
TN:
SF:/Users/ananthk/open-source/istanbul/lib/instrumenter.js
FN:7,(anonymous_1)
FN:24,(anonymous_2)
FN:43,generateTrackerVar
FN:61,pushAll
FN:120,(anonymous_5)
FN:121,(anonymous_6)
FN:122,(anonymous_7)
FN:123,(anonymous_8)
FN:124,(anonymous_9)
FN:125,(anonymous_10)
FN:126,(anonymous_11)
FN:127,(anonymous_12)
FN:130,Walker
FN:141,defaultWalker
FN:240,(anonymous_15)
FN:245,(anonymous_16)
FN:267,(anonymous_17)
FN:271,(anonymous_18)
FN:275,(anonymous_19)
FN:279,(anonymous_20)
FN:336,Instrumenter
FN:389,(anonymous_22)
FN:418,(anonymous_23)
FN:438,(anonymous_24)
FN:467,(anonymous_25)
FN:516,(anonymous_26)
FN:537,(anonymous_27)
FN:540,(anonymous_28)
FN:542,(anonymous_29)
FN:577,(anonymous_30)
FN:585,(anonymous_31)
FN:586,(anonymous_32)
FN:614,(anonymous_33)
FN:618,(anonymous_34)
FN:622,(anonymous_35)
FN:632,(anonymous_36)
FN:637,(anonymous_37)
FN:641,(anonymous_38)
FN:654,(anonymous_39)
FN:660,(anonymous_40)
FN:664,(anonymous_41)
FN:670,(anonymous_42)
FN:683,(anonymous_43)
FN:717,(anonymous_44)
FN:723,(anonymous_45)
FN:733,(anonymous_46)
FN:764,(anonymous_47)
FN:782,(anonymous_48)
FN:796,(anonymous_49)
FN:805,(anonymous_50)
FN:827,(anonymous_51)
FN:831,(anonymous_52)
FN:846,(anonymous_53)
FN:854,(anonymous_54)
FN:865,(anonymous_55)
FN:866,(anonymous_56)
FN:880,(anonymous_57)
FN:897,(anonymous_58)
FN:906,(anonymous_59)
FN:914,(anonymous_60)
FNF:60
FNH:59
FNDA:2,(anonymous_1)
FNDA:0,(anonymous_2)
FNDA:222,generateTrackerVar
FNDA:31438,pushAll
FNDA:18330,(anonymous_5)
FNDA:9165,(anonymous_6)
FNDA:2825,(anonymous_7)
FNDA:8014,(anonymous_8)
FNDA:9165,(anonymous_9)
FNDA:11990,(anonymous_10)
FNDA:9165,(anonymous_11)
FNDA:1151,(anonymous_12)
FNDA:146,Walker
FNDA:87056,defaultWalker
FNDA:222,(anonymous_15)
FNDA:185046,(anonymous_16)
FNDA:2288,(anonymous_17)
FNDA:5883,(anonymous_18)
FNDA:5877,(anonymous_19)
FNDA:5419,(anonymous_20)
FNDA:146,Instrumenter
FNDA:223,(anonymous_22)
FNDA:222,(anonymous_23)
FNDA:87055,(anonymous_24)
FNDA:222,(anonymous_25)
FNDA:141,(anonymous_26)
FNDA:0,(anonymous_27)
FNDA:216,(anonymous_28)
FNDA:9409,(anonymous_29)
FNDA:221,(anonymous_30)
FNDA:1105,(anonymous_31)
FNDA:3757,(anonymous_32)
FNDA:78,(anonymous_33)
FNDA:78,(anonymous_34)
FNDA:1786,(anonymous_35)
FNDA:805,(anonymous_36)
FNDA:176,(anonymous_37)
FNDA:5683,(anonymous_38)
FNDA:131,(anonymous_39)
FNDA:17,(anonymous_40)
FNDA:6819,(anonymous_41)
FNDA:7120,(anonymous_42)
FNDA:5688,(anonymous_43)
FNDA:5419,(anonymous_44)
FNDA:921,(anonymous_45)
FNDA:921,(anonymous_46)
FNDA:1367,(anonymous_47)
FNDA:2825,(anonymous_48)
FNDA:562,(anonymous_49)
FNDA:805,(anonymous_50)
FNDA:1215,(anonymous_51)
FNDA:24,(anonymous_52)
FNDA:64,(anonymous_53)
FNDA:165,(anonymous_54)
FNDA:1151,(anonymous_55)
FNDA:1151,(anonymous_56)
FNDA:447,(anonymous_57)
FNDA:821,(anonymous_58)
FNDA:1268,(anonymous_59)
FNDA:424,(anonymous_60)
DA:7,2
DA:9,2
DA:23,2
DA:24,1
DA:27,2
DA:28,1
DA:36,1
DA:37,5
DA:38,5
DA:43,2
DA:44,222
DA:45,222
DA:46,182
DA:47,182
DA:48,182
DA:50,182
DA:54,40
DA:55,40
DA:56,40
DA:58,222
DA:61,2
DA:62,31438
DA:63,26024
DA:65,31438
DA:68,2
DA:112,2
DA:114,80
DA:115,80
DA:119,2
DA:120,18330
DA:121,9165
DA:122,2825
DA:123,8014
DA:124,9165
DA:125,11990
DA:126,9165
DA:127,1151
DA:130,2
DA:131,146
DA:132,146
DA:133,146
DA:134,146
DA:135,146
DA:136,2
DA:137,2
DA:141,2
DA:143,87056
DA:163,87055
DA:164,87055
DA:166,87055
DA:168,87055
DA:169,87055
DA:170,1190
DA:171,1190
DA:174,87055
DA:175,1333
DA:176,3555
DA:177,3555
DA:179,3555
DA:180,1
DA:184,85722
DA:185,6112
DA:189,87055
DA:190,78692
DA:191,78692
DA:192,78692
DA:193,77357
DA:194,77357
DA:195,11127
DA:196,11127
DA:197,20606
DA:198,20606
DA:199,20606
DA:200,20604
DA:201,20603
DA:202,5414
DA:203,5414
DA:206,20605
DA:208,11126
DA:210,66230
DA:212,66230
DA:213,1
DA:222,66230
DA:228,87054
DA:229,87054
DA:230,78
DA:231,78
DA:234,87054
DA:236,87054
DA:239,2
DA:241,222
DA:242,222
DA:246,185046
DA:248,185046
DA:249,185046
DA:250,15
DA:251,15
DA:252,15
DA:253,15
DA:254,58
DA:255,15
DA:257,185046
DA:258,185046
DA:259,185044
DA:260,185044
DA:261,15
DA:262,15
DA:264,185044
DA:268,2288
DA:272,5883
DA:276,5877
DA:280,5419
DA:281,5419
DA:336,2
DA:337,146
DA:348,146
DA:374,146
DA:375,2
DA:379,2
DA:390,223
DA:393,223
DA:394,222
DA:395,9
DA:397,222
DA:398,216
DA:400,222
DA:406,220
DA:407,3
DA:409,220
DA:410,215
DA:416,220
DA:419,222
DA:423,222
DA:424,2
DA:426,220
DA:427,469
DA:429,469
DA:430,469
DA:431,469
DA:432,78
DA:436,220
DA:439,87055
DA:440,54239
DA:444,54239
DA:445,54239
DA:446,10934
DA:447,10934
DA:448,78
DA:449,78
DA:450,78
DA:452,10856
DA:468,222
DA:470,222
DA:471,222
DA:480,222
DA:491,222
DA:493,3
DA:495,3
DA:497,222
DA:498,221
DA:499,221
DA:501,221
DA:518,141
DA:519,2
DA:520,2
DA:522,141
DA:523,141
DA:525,2
DA:538,0
DA:541,216
DA:543,9409
DA:544,1979
DA:546,9409
DA:547,1954
DA:555,216
DA:556,216
DA:558,5673
DA:560,216
DA:561,216
DA:563,921
DA:565,216
DA:566,216
DA:568,1362
DA:569,1362
DA:570,1362
DA:571,2815
DA:578,221
DA:586,3757
DA:589,221
DA:590,216
DA:592,221
DA:593,3
DA:595,221
DA:596,221
DA:611,221
DA:615,78
DA:619,78
DA:623,1786
DA:624,583
DA:625,1203
DA:626,1066
DA:628,137
DA:633,805
DA:634,805
DA:638,176
DA:642,5683
DA:645,5683
DA:646,5683
DA:647,5683
DA:648,5683
DA:649,5683
DA:650,5683
DA:651,5683
DA:655,131
DA:656,128
DA:661,17
DA:665,6819
DA:671,7120
DA:675,7120
DA:676,29
DA:677,29
DA:678,29
DA:680,7091
DA:684,5688
DA:688,5688
DA:690,5688
DA:691,6
DA:693,6
DA:694,6
DA:697,5
DA:701,5683
DA:702,264
DA:704,5419
DA:705,5419
DA:713,5419
DA:718,5419
DA:719,5419
DA:720,5419
DA:724,921
DA:725,921
DA:728,921
DA:729,921
DA:730,921
DA:734,921
DA:739,921
DA:741,921
DA:746,921
DA:747,5
DA:749,921
DA:759,921
DA:760,5
DA:765,1367
DA:770,1367
DA:771,1367
DA:772,1367
DA:773,2825
DA:774,2825
DA:775,2825
DA:777,1367
DA:778,1367
DA:779,1367
DA:783,2825
DA:793,2825
DA:797,562
DA:799,562
DA:800,1215
DA:802,562
DA:806,805
DA:821,805
DA:822,805
DA:823,805
DA:824,805
DA:828,1215
DA:832,24
DA:836,24
DA:837,1
DA:839,23
DA:840,23
DA:841,64
DA:842,64
DA:847,64
DA:848,64
DA:849,64
DA:850,1
DA:855,165
DA:859,165
DA:860,165
DA:861,165
DA:862,165
DA:866,1151
DA:867,1151
DA:870,1151
DA:871,10
DA:872,10
DA:874,1151
DA:875,34
DA:881,447
DA:887,447
DA:889,447
DA:891,73
DA:894,374
DA:895,374
DA:897,821
DA:899,374
DA:900,821
DA:901,821
DA:902,821
DA:907,1268
DA:908,447
DA:909,447
DA:911,821
DA:915,424
DA:918,424
DA:919,1334
DA:920,1334
DA:921,1
DA:927,2
DA:928,1
DA:930,1
LF:319
LH:318
BRDA:11,1,0,1
BRDA:11,1,1,1
BRDA:12,2,0,1
BRDA:12,2,1,1
BRDA:13,3,0,1
BRDA:13,3,1,1
BRDA:23,4,0,0
BRDA:23,4,1,2
BRDA:24,5,0,0
BRDA:24,5,1,0
BRDA:27,6,0,1
BRDA:27,6,1,1
BRDA:37,7,0,5
BRDA:37,7,1,0
BRDA:38,8,0,0
BRDA:38,8,1,5
BRDA:45,9,0,182
BRDA:45,9,1,40
BRDA:54,10,0,40
BRDA:54,10,1,1
BRDA:58,11,0,81
BRDA:58,11,1,141
BRDA:62,12,0,26024
BRDA:62,12,1,5414
BRDA:114,13,0,80
BRDA:114,13,1,0
BRDA:135,14,0,2
BRDA:135,14,1,144
BRDA:148,15,0,87055
BRDA:148,15,1,32807
BRDA:149,16,0,54463
BRDA:149,16,1,32592
BRDA:163,17,0,0
BRDA:163,17,1,87055
BRDA:169,18,0,1190
BRDA:169,18,1,85865
BRDA:174,19,0,1333
BRDA:174,19,1,85722
BRDA:179,20,0,0
BRDA:179,20,1,3555
BRDA:179,21,0,3555
BRDA:179,21,1,0
BRDA:184,22,0,6112
BRDA:184,22,1,79610
BRDA:192,23,0,77357
BRDA:192,23,1,1335
BRDA:192,24,0,78692
BRDA:192,24,1,77502
BRDA:194,25,0,11127
BRDA:194,25,1,66230
BRDA:199,26,0,20604
BRDA:199,26,1,2
BRDA:201,27,0,5414
BRDA:201,27,1,15189
BRDA:212,28,0,0
BRDA:212,28,1,66230
BRDA:229,29,0,78
BRDA:229,29,1,86976
BRDA:248,30,0,185046
BRDA:248,30,1,87056
BRDA:249,31,0,15
BRDA:249,31,1,185031
BRDA:257,32,0,86834
BRDA:257,32,1,98212
BRDA:259,33,0,86833
BRDA:259,33,1,98211
BRDA:260,34,0,15
BRDA:260,34,1,185029
BRDA:264,35,0,185044
BRDA:264,35,1,97990
BRDA:268,36,0,2288
BRDA:268,36,1,0
BRDA:268,37,0,2288
BRDA:268,37,1,2288
BRDA:268,37,2,2288
BRDA:272,38,0,5883
BRDA:272,38,1,0
BRDA:281,39,0,5419
BRDA:281,39,1,5419
BRDA:337,40,0,146
BRDA:337,40,1,3
BRDA:374,41,0,2
BRDA:374,41,1,144
BRDA:374,42,0,146
BRDA:374,42,1,2
BRDA:393,43,0,1
BRDA:393,43,1,222
BRDA:394,44,0,9
BRDA:394,44,1,213
BRDA:397,45,0,216
BRDA:397,45,1,6
BRDA:406,46,0,3
BRDA:406,46,1,217
BRDA:409,47,0,215
BRDA:409,47,1,5
BRDA:423,48,0,2
BRDA:423,48,1,220
BRDA:423,49,0,222
BRDA:423,49,1,220
BRDA:429,50,0,469
BRDA:429,50,1,0
BRDA:429,51,0,469
BRDA:429,51,1,469
BRDA:429,51,2,469
BRDA:429,51,3,469
BRDA:431,52,0,78
BRDA:431,52,1,391
BRDA:439,53,0,32816
BRDA:439,53,1,54239
BRDA:447,54,0,78
BRDA:447,54,1,10856
BRDA:470,55,0,222
BRDA:470,55,1,3
BRDA:491,56,0,3
BRDA:491,56,1,219
BRDA:491,57,0,222
BRDA:491,57,1,222
BRDA:491,57,2,222
BRDA:498,58,0,221
BRDA:498,58,1,221
BRDA:501,59,0,221
BRDA:501,59,1,1
BRDA:518,60,0,2
BRDA:518,60,1,139
BRDA:518,61,0,141
BRDA:518,61,1,2
BRDA:543,62,0,1979
BRDA:543,62,1,7430
BRDA:546,63,0,1954
BRDA:546,63,1,7455
BRDA:558,64,0,5673
BRDA:558,64,1,0
BRDA:563,65,0,921
BRDA:563,65,1,0
BRDA:568,66,0,1362
BRDA:568,66,1,0
BRDA:578,67,0,221
BRDA:578,67,1,84
BRDA:582,68,0,3
BRDA:582,68,1,218
BRDA:589,69,0,216
BRDA:589,69,1,5
BRDA:592,70,0,3
BRDA:592,70,1,218
BRDA:595,71,0,1
BRDA:595,71,1,220
BRDA:623,72,0,583
BRDA:623,72,1,1203
BRDA:625,73,0,1066
BRDA:625,73,1,137
BRDA:645,74,0,5683
BRDA:645,74,1,5617
BRDA:646,75,0,5683
BRDA:646,75,1,5419
BRDA:655,76,0,128
BRDA:655,76,1,3
BRDA:665,77,0,6819
BRDA:665,77,1,6819
BRDA:665,77,2,3316
BRDA:665,77,3,3316
BRDA:665,77,4,16
BRDA:673,78,0,7120
BRDA:673,78,1,7051
BRDA:673,78,2,68
BRDA:675,79,0,29
BRDA:675,79,1,7091
BRDA:690,80,0,6
BRDA:690,80,1,5682
BRDA:693,81,0,6
BRDA:693,81,1,0
BRDA:694,82,0,5
BRDA:694,82,1,1
BRDA:694,83,0,6
BRDA:694,83,1,2
BRDA:694,83,2,6
BRDA:701,84,0,264
BRDA:701,84,1,5419
BRDA:718,85,0,5
BRDA:718,85,1,5414
BRDA:719,86,0,5419
BRDA:719,86,1,5414
BRDA:727,87,0,268
BRDA:727,87,1,653
BRDA:728,88,0,921
BRDA:728,88,1,902
BRDA:746,89,0,5
BRDA:746,89,1,916
BRDA:746,90,0,921
BRDA:746,90,1,909
BRDA:759,91,0,5
BRDA:759,91,1,916
BRDA:773,92,0,2825
BRDA:773,92,1,2786
BRDA:773,92,2,2744
BRDA:808,93,0,805
BRDA:808,93,1,795
BRDA:808,93,2,39
BRDA:809,94,0,805
BRDA:809,94,1,795
BRDA:809,94,2,39
BRDA:815,95,0,805
BRDA:815,95,1,791
BRDA:816,96,0,805
BRDA:816,96,1,780
BRDA:823,97,0,14
BRDA:823,97,1,791
BRDA:824,98,0,25
BRDA:824,98,1,780
BRDA:836,99,0,1
BRDA:836,99,1,23
BRDA:836,100,0,24
BRDA:836,100,1,24
BRDA:849,101,0,1
BRDA:849,101,1,63
BRDA:869,102,0,1151
BRDA:869,102,1,1127
BRDA:869,102,2,10
BRDA:870,103,0,10
BRDA:870,103,1,1141
BRDA:874,104,0,34
BRDA:874,104,1,1117
BRDA:874,105,0,1151
BRDA:874,105,1,1141
BRDA:889,106,0,73
BRDA:889,106,1,374
BRDA:889,107,0,447
BRDA:889,107,1,447
BRDA:907,108,0,447
BRDA:907,108,1,821
BRDA:920,109,0,1
BRDA:920,109,1,1333
BRDA:927,110,0,1
BRDA:927,110,1,1
BRDA:933,111,0,2
BRDA:933,111,1,1
BRDA:933,111,2,1
BRF:236
BRH:236
end_of_record
TN:
SF:/Users/ananthk/open-source/istanbul/lib/util/file-matcher.js
FN:10,filesFor
FN:30,(anonymous_2)
FN:33,(anonymous_3)
FN:39,matcherFor
FN:48,(anonymous_5)
FN:51,(anonymous_6)
FN:52,(anonymous_7)
FNF:7
FNH:7
FNDA:7,filesFor
FNDA:7,(anonymous_2)
FNDA:427,(anonymous_3)
FNDA:4,matcherFor
FNDA:4,(anonymous_5)
FNDA:286,(anonymous_6)
FNDA:10,(anonymous_7)
DA:6,1
DA:10,1
DA:11,7
DA:12,1
DA:13,1
DA:15,7
DA:17,7
DA:23,7
DA:24,7
DA:25,7
DA:27,7
DA:28,7
DA:29,7
DA:30,7
DA:31,7
DA:32,7
DA:33,427
DA:35,7
DA:39,1
DA:41,4
DA:42,1
DA:43,1
DA:45,4
DA:46,4
DA:48,4
DA:49,4
DA:50,4
DA:51,286
DA:52,10
DA:56,1
LF:30
LH:30
BRDA:11,1,0,1
BRDA:11,1,1,6
BRDA:11,2,0,7
BRDA:11,2,1,1
BRDA:15,3,0,7
BRDA:15,3,1,1
BRDA:23,4,0,7
BRDA:23,4,1,3
BRDA:24,5,0,2
BRDA:24,5,1,5
BRDA:24,6,0,7
BRDA:24,6,1,2
BRDA:25,7,0,1
BRDA:25,7,1,6
BRDA:25,8,0,7
BRDA:25,8,1,1
BRDA:31,9,0,0
BRDA:31,9,1,7
BRDA:32,10,0,5
BRDA:32,10,1,2
BRDA:41,11,0,1
BRDA:41,11,1,3
BRDA:41,12,0,4
BRDA:41,12,1,1
BRDA:45,13,0,4
BRDA:45,13,1,1
BRDA:50,14,0,0
BRDA:50,14,1,4
BRF:28
BRH:26
end_of_record
