TN:
SF:/Users/ananthk/tmp/istanbul/lib/cli.js
FN:18,findCommandPosition
FN:30,(anonymous_2)
FN:40,runCommand
FNDA:38,findCommandPosition
FNDA:10,(anonymous_2)
FNDA:38,runCommand
DA:9,38
DA:16,38
DA:18,38
DA:19,38
DA:21,38
DA:22,38
DA:23,36
DA:27,2
DA:30,38
DA:31,10
DA:32,10
DA:33,1
DA:35,9
DA:37,10
DA:40,38
DA:41,38
DA:47,38
DA:48,2
DA:51,36
DA:52,36
DA:53,36
DA:55,36
DA:56,36
DA:58,1
DA:60,35
DA:63,38
DA:64,0
DA:65,0
DA:68,38
BRDA:22,1,0,36
BRDA:22,1,1,2
BRDA:31,2,0,10
BRDA:31,2,1,0
BRDA:32,3,0,1
BRDA:32,3,1,9
BRDA:47,4,0,2
BRDA:47,4,1,36
BRDA:63,5,0,0
BRDA:63,5,1,38
end_of_record
TN:
SF:/Users/ananthk/tmp/istanbul/lib/hook.js
FN:42,transformFn
FN:44,(anonymous_2)
FN:68,unloadRequireCache
FN:70,(anonymous_4)
FN:89,hookRequire
FN:96,(anonymous_6)
FN:116,unhookRequire
FN:132,hookCreateScript
FN:135,(anonymous_9)
FN:146,unhookCreateScript
FNDA:27,transformFn
FNDA:114,(anonymous_2)
FNDA:29,unloadRequireCache
FNDA:2401,(anonymous_4)
FNDA:26,hookRequire
FNDA:113,(anonymous_6)
FNDA:3,unhookRequire
FNDA:1,hookCreateScript
FNDA:1,(anonymous_9)
FNDA:1,unhookCreateScript
DA:34,39
DA:42,39
DA:44,27
DA:45,114
DA:49,114
DA:50,74
DA:51,5
DA:53,74
DA:54,74
DA:55,73
DA:57,1
DA:58,1
DA:59,1
DA:62,40
DA:64,114
DA:68,39
DA:69,29
DA:70,29
DA:71,2401
DA:72,3
DA:89,39
DA:90,26
DA:91,26
DA:92,26
DA:96,26
DA:97,113
DA:98,113
DA:99,72
DA:101,41
DA:103,113
DA:104,1
DA:107,26
DA:116,39
DA:117,3
DA:118,3
DA:132,39
DA:133,1
DA:134,1
DA:135,1
DA:136,1
DA:137,1
DA:146,39
DA:147,1
DA:150,39
BRDA:49,1,0,74
BRDA:49,1,1,40
BRDA:50,2,0,5
BRDA:50,2,1,69
BRDA:69,3,0,29
BRDA:69,3,1,0
BRDA:69,4,0,29
BRDA:69,4,1,29
BRDA:69,4,2,29
BRDA:69,4,3,29
BRDA:71,5,0,3
BRDA:71,5,1,2398
BRDA:90,6,0,26
BRDA:90,6,1,2
BRDA:93,7,0,1
BRDA:93,7,1,25
BRDA:93,8,0,26
BRDA:93,8,1,1
BRDA:98,9,0,72
BRDA:98,9,1,41
BRDA:103,10,0,1
BRDA:103,10,1,112
BRDA:133,11,0,1
BRDA:133,11,1,1
end_of_record
TN:
SF:/Users/ananthk/tmp/istanbul/lib/command/index.js
FN:10,Command
FN:15,(anonymous_2)
FN:19,(anonymous_3)
FN:22,(anonymous_4)
FN:25,(anonymous_5)
FN:28,(anonymous_6)
FNDA:65,Command
FNDA:16,(anonymous_2)
FNDA:33,(anonymous_3)
FNDA:0,(anonymous_4)
FNDA:0,(anonymous_5)
FNDA:0,(anonymous_6)
DA:7,39
DA:10,39
DA:12,39
DA:14,39
DA:16,16
DA:20,33
DA:23,0
DA:26,0
DA:29,0
DA:33,39
end_of_record
TN:
SF:/Users/ananthk/tmp/istanbul/lib/util/factory.js
FN:11,Factory
FN:21,(anonymous_2)
FN:27,(anonymous_3)
FN:34,(anonymous_4)
FN:41,(anonymous_5)
FN:51,(anonymous_6)
FN:53,(anonymous_7)
FN:66,(anonymous_8)
FN:81,(anonymous_9)
FN:82,(anonymous_10)
FNDA:117,Factory
FNDA:49,(anonymous_2)
FNDA:73,(anonymous_3)
FNDA:471,(anonymous_4)
FNDA:108,(anonymous_5)
FNDA:117,(anonymous_6)
FNDA:780,(anonymous_7)
FNDA:117,(anonymous_8)
FNDA:468,(anonymous_9)
FNDA:1521,(anonymous_10)
DA:6,39
DA:11,39
DA:12,117
DA:13,117
DA:14,117
DA:15,117
DA:16,117
DA:19,39
DA:22,49
DA:23,49
DA:24,49
DA:28,73
DA:29,37
DA:31,73
DA:35,471
DA:36,471
DA:37,470
DA:38,470
DA:42,108
DA:46,108
DA:47,108
DA:48,102
DA:52,117
DA:53,117
DA:54,780
DA:55,468
DA:56,468
DA:58,0
DA:59,0
DA:60,0
DA:67,117
DA:70,117
DA:71,117
DA:72,117
DA:73,117
DA:74,117
DA:75,117
DA:76,39
DA:81,39
DA:82,468
DA:83,1521
DA:87,39
BRDA:28,1,0,37
BRDA:28,1,1,36
BRDA:36,2,0,1
BRDA:36,2,1,470
BRDA:43,3,0,69
BRDA:43,3,1,39
BRDA:46,4,0,104
BRDA:46,4,1,4
BRDA:47,5,0,6
BRDA:47,5,1,102
BRDA:54,6,0,468
BRDA:54,6,1,312
BRDA:54,7,0,780
BRDA:54,7,1,663
BRDA:75,8,0,39
BRDA:75,8,1,78
end_of_record
TN:
SF:/Users/ananthk/tmp/istanbul/lib/util/input-error.js
FN:6,(anonymous_1)
FNDA:10,(anonymous_1)
DA:6,39
DA:7,10
DA:8,10
DA:9,10
end_of_record
TN:
SF:/Users/ananthk/tmp/istanbul/lib/store/index.js
FN:42,Store
FN:73,(anonymous_2)
FN:81,(anonymous_3)
FN:87,(anonymous_4)
FN:94,(anonymous_5)
FN:99,(anonymous_6)
FN:107,(anonymous_7)
FN:116,(anonymous_8)
FNDA:31,Store
FNDA:1,(anonymous_2)
FNDA:1,(anonymous_3)
FNDA:1,(anonymous_4)
FNDA:1,(anonymous_5)
FNDA:1,(anonymous_6)
FNDA:132,(anonymous_7)
FNDA:62,(anonymous_8)
DA:7,39
DA:42,39
DA:45,39
DA:63,39
DA:73,1
DA:81,1
DA:87,1
DA:94,1
DA:108,132
DA:117,62
DA:121,39
end_of_record
TN:
SF:/Users/ananthk/tmp/istanbul/lib/report/index.js
FN:27,Report
FN:54,(anonymous_2)
FNDA:33,Report
FNDA:1,(anonymous_2)
DA:7,39
DA:27,39
DA:29,39
DA:47,39
DA:55,1
DA:59,39
end_of_record
TN:
SF:/Users/ananthk/tmp/istanbul/lib/register-plugins.js
DA:6,39
DA:10,39
DA:11,39
DA:12,39
end_of_record
TN:
SF:/Users/ananthk/tmp/istanbul/lib/store/fslookup.js
FN:27,LookupStore
FN:35,(anonymous_2)
FN:38,(anonymous_3)
FN:41,(anonymous_4)
FN:50,(anonymous_5)
FNDA:12,LookupStore
FNDA:1,(anonymous_2)
FNDA:44,(anonymous_3)
FNDA:5,(anonymous_4)
FNDA:2,(anonymous_5)
DA:6,39
DA:27,39
DA:28,12
DA:31,39
DA:32,39
DA:34,39
DA:36,1
DA:39,44
DA:42,5
DA:43,5
DA:44,5
DA:45,3
DA:47,2
DA:51,2
DA:52,1
DA:54,1
DA:59,39
BRDA:51,1,0,1
BRDA:51,1,1,1
end_of_record
TN:
SF:/Users/ananthk/tmp/istanbul/lib/store/memory.js
FN:22,MemoryStore
FN:31,(anonymous_2)
FN:35,(anonymous_3)
FN:42,(anonymous_4)
FN:46,(anonymous_5)
FN:50,(anonymous_6)
FNDA:19,MemoryStore
FNDA:64,(anonymous_2)
FNDA:135,(anonymous_3)
FNDA:200,(anonymous_4)
FNDA:29,(anonymous_5)
FNDA:3,(anonymous_6)
DA:6,39
DA:22,39
DA:23,19
DA:24,19
DA:27,39
DA:28,39
DA:30,39
DA:32,64
DA:36,135
DA:37,1
DA:39,134
DA:43,200
DA:47,29
DA:51,3
DA:55,39
BRDA:36,1,0,1
BRDA:36,1,1,134
end_of_record
TN:
SF:/Users/ananthk/tmp/istanbul/lib/store/tmp.js
FN:13,makeTempDir
FN:34,TmpStore
FN:46,(anonymous_3)
FN:51,(anonymous_4)
FN:57,(anonymous_5)
FN:63,(anonymous_6)
FN:67,(anonymous_7)
FN:71,(anonymous_8)
FN:73,(anonymous_9)
FNDA:1,makeTempDir
FNDA:1,TmpStore
FNDA:2,(anonymous_3)
FNDA:2,(anonymous_4)
FNDA:3,(anonymous_5)
FNDA:3,(anonymous_6)
FNDA:4,(anonymous_7)
FNDA:1,(anonymous_8)
FNDA:2,(anonymous_9)
DA:6,39
DA:13,39
DA:14,1
DA:15,1
DA:16,1
DA:34,39
DA:35,1
DA:36,1
DA:37,1
DA:38,1
DA:39,1
DA:42,39
DA:43,39
DA:45,39
DA:47,2
DA:48,2
DA:52,2
DA:53,2
DA:54,2
DA:58,3
DA:59,3
DA:60,2
DA:64,3
DA:68,4
DA:72,1
DA:73,1
DA:74,2
DA:76,1
DA:80,39
BRDA:14,1,0,0
BRDA:14,1,1,1
BRDA:14,2,0,1
BRDA:14,2,1,0
BRDA:35,3,0,1
BRDA:35,3,1,1
BRDA:36,4,0,1
BRDA:36,4,1,1
BRDA:59,5,0,1
BRDA:59,5,1,2
end_of_record
TN:
SF:/Users/ananthk/tmp/istanbul/lib/report/html.js
FN:19,(anonymous_1)
FN:77,(anonymous_2)
FN:94,annotateLines
FN:97,(anonymous_4)
FN:101,(anonymous_5)
FN:108,annotateStatements
FN:111,(anonymous_7)
FN:137,annotateFunctions
FN:142,(anonymous_9)
FN:168,annotateBranches
FN:173,(anonymous_11)
FN:175,(anonymous_12)
FN:221,customEscape
FN:230,getReportClass
FN:255,HtmlReport
FN:267,(anonymous_16)
FN:287,(anonymous_17)
FN:293,(anonymous_18)
FN:312,(anonymous_19)
FN:322,(anonymous_20)
FN:325,(anonymous_21)
FN:335,(anonymous_22)
FN:355,(anonymous_23)
FN:362,(anonymous_24)
FN:365,(anonymous_25)
FN:372,(anonymous_26)
FN:379,(anonymous_27)
FN:385,(anonymous_28)
FN:402,(anonymous_29)
FN:422,(anonymous_30)
FNDA:78,(anonymous_1)
FNDA:73,(anonymous_2)
FNDA:41,annotateLines
FNDA:154,(anonymous_4)
FNDA:494,(anonymous_5)
FNDA:41,annotateStatements
FNDA:154,(anonymous_7)
FNDA:41,annotateFunctions
FNDA:51,(anonymous_9)
FNDA:41,annotateBranches
FNDA:32,(anonymous_11)
FNDA:64,(anonymous_12)
FNDA:453,customEscape
FNDA:375,getReportClass
FNDA:11,HtmlReport
FNDA:83,(anonymous_16)
FNDA:41,(anonymous_17)
FNDA:453,(anonymous_18)
FNDA:453,(anonymous_19)
FNDA:42,(anonymous_20)
FNDA:31,(anonymous_21)
FNDA:73,(anonymous_22)
FNDA:42,(anonymous_23)
FNDA:42,(anonymous_24)
FNDA:73,(anonymous_25)
FNDA:41,(anonymous_26)
FNDA:10,(anonymous_27)
FNDA:73,(anonymous_28)
FNDA:114,(anonymous_29)
FNDA:41,(anonymous_30)
DA:7,39
DA:19,78
DA:77,39
DA:78,73
DA:81,73
DA:82,73
DA:83,29
DA:85,73
DA:86,73
DA:87,73
DA:90,0
DA:94,39
DA:95,41
DA:96,41
DA:97,41
DA:98,154
DA:99,154
DA:101,41
DA:102,494
DA:103,340
DA:108,39
DA:109,41
DA:111,41
DA:112,154
DA:123,154
DA:124,42
DA:125,10
DA:126,10
DA:128,42
DA:129,42
DA:137,39
DA:139,41
DA:141,41
DA:142,41
DA:143,51
DA:154,51
DA:155,21
DA:156,0
DA:157,0
DA:159,21
DA:160,21
DA:168,39
DA:169,41
DA:171,41
DA:173,41
DA:174,32
DA:175,64
DA:189,32
DA:190,22
DA:191,44
DA:192,44
DA:193,44
DA:194,44
DA:195,44
DA:196,44
DA:197,44
DA:198,44
DA:199,44
DA:201,44
DA:202,3
DA:203,0
DA:204,0
DA:206,3
DA:207,3
DA:208,1
DA:210,2
DA:221,39
DA:222,453
DA:223,453
DA:230,39
DA:231,375
DA:233,375
DA:234,375
DA:236,0
DA:255,39
DA:256,11
DA:257,11
DA:258,11
DA:259,11
DA:262,39
DA:263,39
DA:265,39
DA:268,83
DA:273,83
DA:274,114
DA:275,114
DA:278,83
DA:279,114
DA:282,83
DA:283,83
DA:288,41
DA:293,453
DA:296,41
DA:298,41
DA:299,41
DA:300,41
DA:301,41
DA:302,41
DA:304,41
DA:307,41
DA:308,41
DA:309,41
DA:311,41
DA:312,41
DA:313,453
DA:314,453
DA:315,453
DA:316,453
DA:318,41
DA:319,41
DA:323,42
DA:325,42
DA:326,31
DA:329,42
DA:330,42
DA:331,42
DA:333,42
DA:334,42
DA:335,42
DA:336,73
DA:349,73
DA:351,42
DA:352,42
DA:356,42
DA:359,42
DA:360,42
DA:361,42
DA:362,42
DA:363,42
DA:365,42
DA:366,73
DA:367,32
DA:369,41
DA:370,41
DA:371,41
DA:372,41
DA:373,41
DA:380,10
DA:386,73
DA:389,73
DA:390,0
DA:391,0
DA:392,0
DA:393,0
DA:394,0
DA:396,0
DA:400,73
DA:403,114
DA:408,114
DA:409,155
DA:410,155
DA:411,155
DA:412,95
DA:414,155
DA:416,114
DA:422,10
DA:423,41
DA:425,10
DA:427,10
DA:431,39
BRDA:9,1,0,39
BRDA:9,1,1,39
BRDA:81,2,0,73
BRDA:81,2,1,0
BRDA:82,3,0,29
BRDA:82,3,1,44
BRDA:96,4,0,0
BRDA:96,4,1,41
BRDA:99,5,0,112
BRDA:99,5,1,42
BRDA:102,6,0,340
BRDA:102,6,1,154
BRDA:114,7,0,112
BRDA:114,7,1,42
BRDA:123,8,0,42
BRDA:123,8,1,112
BRDA:124,9,0,10
BRDA:124,9,1,32
BRDA:131,10,0,42
BRDA:131,10,1,0
BRDA:141,11,0,0
BRDA:141,11,1,41
BRDA:145,12,0,30
BRDA:145,12,1,21
BRDA:154,13,0,21
BRDA:154,13,1,30
BRDA:155,14,0,0
BRDA:155,14,1,21
BRDA:162,15,0,21
BRDA:162,15,1,0
BRDA:171,16,0,0
BRDA:171,16,1,41
BRDA:189,17,0,22
BRDA:189,17,1,10
BRDA:193,18,0,41
BRDA:193,18,1,3
BRDA:201,19,0,3
BRDA:201,19,1,41
BRDA:202,20,0,0
BRDA:202,20,1,3
BRDA:207,21,0,1
BRDA:207,21,1,2
BRDA:208,22,0,1
BRDA:208,22,1,0
BRDA:212,23,0,2
BRDA:212,23,1,0
BRDA:233,24,0,375
BRDA:233,24,1,0
BRDA:234,25,0,174
BRDA:234,25,1,201
BRDA:234,26,0,146
BRDA:234,26,1,55
BRDA:257,27,0,11
BRDA:257,27,1,1
BRDA:258,28,0,11
BRDA:258,28,1,1
BRDA:259,29,0,11
BRDA:259,29,1,11
BRDA:280,30,0,114
BRDA:280,30,1,73
BRDA:283,31,0,73
BRDA:283,31,1,10
BRDA:314,32,0,453
BRDA:314,32,1,0
BRDA:314,33,0,453
BRDA:314,33,1,341
BRDA:326,34,0,31
BRDA:326,34,1,0
BRDA:360,35,0,42
BRDA:360,35,1,10
BRDA:361,36,0,4
BRDA:361,36,1,38
BRDA:366,37,0,32
BRDA:366,37,1,41
BRDA:370,38,0,4
BRDA:370,38,1,37
BRDA:389,39,0,0
BRDA:389,39,1,73
BRDA:393,40,0,0
BRDA:393,40,1,0
BRDA:400,41,0,32
BRDA:400,41,1,41
end_of_record
TN:
SF:/Users/ananthk/tmp/istanbul/lib/util/file-writer.js
FN:8,FileWriter
FN:16,(anonymous_2)
FN:21,(anonymous_3)
FN:25,(anonymous_4)
FN:30,(anonymous_5)
FN:33,(anonymous_6)
FN:37,(anonymous_7)
FN:41,(anonymous_8)
FN:44,(anonymous_9)
FN:48,(anonymous_10)
FN:52,(anonymous_11)
FNDA:29,FileWriter
FNDA:85,(anonymous_2)
FNDA:449,(anonymous_3)
FNDA:80,(anonymous_4)
FNDA:1508,(anonymous_5)
FNDA:79,(anonymous_6)
FNDA:22,(anonymous_7)
FNDA:260,(anonymous_8)
FNDA:21,(anonymous_9)
FNDA:102,(anonymous_10)
FNDA:100,(anonymous_11)
DA:6,39
DA:8,39
DA:9,29
DA:10,29
DA:11,29
DA:12,29
DA:15,39
DA:17,85
DA:18,85
DA:19,85
DA:22,449
DA:23,449
DA:26,80
DA:27,79
DA:28,79
DA:31,1508
DA:34,79
DA:35,78
DA:38,22
DA:39,21
DA:42,260
DA:45,21
DA:46,20
DA:49,102
DA:50,100
DA:53,100
DA:54,98
DA:58,39
BRDA:10,1,0,21
BRDA:10,1,1,8
BRDA:11,2,0,21
BRDA:11,2,1,8
BRDA:12,3,0,21
BRDA:12,3,1,8
BRDA:49,4,0,2
BRDA:49,4,1,100
BRDA:53,5,0,2
BRDA:53,5,1,98
end_of_record
TN:
SF:/Users/ananthk/tmp/istanbul/lib/util/insertion-text.js
FN:6,InsertionText
FN:19,(anonymous_2)
FN:32,(anonymous_3)
FN:45,(anonymous_4)
FN:49,(anonymous_5)
FN:71,(anonymous_6)
FN:94,(anonymous_7)
FN:100,(anonymous_8)
FN:104,(anonymous_9)
FNDA:510,InsertionText
FNDA:510,(anonymous_2)
FNDA:510,(anonymous_3)
FNDA:210,(anonymous_4)
FNDA:166,(anonymous_5)
FNDA:166,(anonymous_6)
FNDA:75,(anonymous_7)
FNDA:1,(anonymous_8)
FNDA:467,(anonymous_9)
DA:6,39
DA:7,510
DA:8,510
DA:9,510
DA:10,510
DA:11,510
DA:12,510
DA:15,39
DA:17,39
DA:20,510
DA:24,510
DA:25,1705
DA:26,365
DA:27,365
DA:30,510
DA:33,510
DA:37,510
DA:38,381
DA:39,365
DA:40,365
DA:43,510
DA:46,210
DA:50,166
DA:51,166
DA:52,166
DA:54,166
DA:55,136
DA:56,44
DA:58,136
DA:59,66
DA:63,166
DA:67,166
DA:68,166
DA:72,166
DA:77,166
DA:78,91
DA:79,91
DA:80,87
DA:82,91
DA:83,9
DA:86,166
DA:87,8
DA:89,158
DA:91,166
DA:95,75
DA:96,75
DA:97,75
DA:101,1
DA:105,467
DA:109,39
BRDA:25,1,0,365
BRDA:25,1,1,1340
BRDA:38,2,0,365
BRDA:38,2,1,16
BRDA:50,3,0,161
BRDA:50,3,1,5
BRDA:51,4,0,33
BRDA:51,4,1,133
BRDA:52,5,0,1
BRDA:52,5,1,165
BRDA:54,6,0,136
BRDA:54,6,1,30
BRDA:55,7,0,44
BRDA:55,7,1,92
BRDA:58,8,0,66
BRDA:58,8,1,70
BRDA:79,9,0,87
BRDA:79,9,1,4
BRDA:79,10,0,91
BRDA:79,10,1,9
BRDA:79,10,2,8
BRDA:82,11,0,9
BRDA:82,11,1,82
BRDA:86,12,0,8
BRDA:86,12,1,158
BRDA:86,13,0,166
BRDA:86,13,1,86
end_of_record
TN:
SF:/Users/ananthk/tmp/istanbul/lib/util/tree-summarizer.js
FN:10,commonArrayPrefix
FN:24,findCommonArrayPrefix
FN:29,(anonymous_3)
FN:35,Node
FN:45,(anonymous_5)
FN:48,(anonymous_6)
FN:51,(anonymous_7)
FN:55,(anonymous_8)
FN:63,(anonymous_9)
FN:68,TreeSummary
FN:74,(anonymous_11)
FN:77,(anonymous_12)
FN:87,(anonymous_13)
FN:116,(anonymous_14)
FN:131,(anonymous_15)
FN:148,(anonymous_16)
FN:152,(anonymous_17)
FN:156,(anonymous_18)
FN:161,(anonymous_19)
FN:164,(anonymous_20)
FN:167,(anonymous_21)
FN:172,(anonymous_22)
FN:176,(anonymous_23)
FN:184,TreeSummarizer
FN:189,(anonymous_25)
FN:192,(anonymous_26)
FNDA:39,commonArrayPrefix
FNDA:15,findCommonArrayPrefix
FNDA:53,(anonymous_3)
FNDA:108,Node
FNDA:156,(anonymous_5)
FNDA:51,(anonymous_6)
FNDA:99,(anonymous_7)
FNDA:6,(anonymous_8)
FNDA:5,(anonymous_9)
FNDA:15,TreeSummary
FNDA:18,(anonymous_11)
FNDA:15,(anonymous_12)
FNDA:53,(anonymous_13)
FNDA:6,(anonymous_14)
FNDA:108,(anonymous_15)
FNDA:93,(anonymous_16)
FNDA:108,(anonymous_17)
FNDA:93,(anonymous_18)
FNDA:93,(anonymous_19)
FNDA:108,(anonymous_20)
FNDA:52,(anonymous_21)
FNDA:93,(anonymous_22)
FNDA:1,(anonymous_23)
FNDA:15,TreeSummarizer
FNDA:53,(anonymous_25)
FNDA:15,(anonymous_26)
DA:6,39
DA:10,39
DA:11,39
DA:14,39
DA:15,298
DA:16,276
DA:18,22
DA:21,39
DA:24,39
DA:25,15
DA:26,1
DA:29,53
DA:32,14
DA:35,39
DA:36,108
DA:37,108
DA:38,108
DA:39,108
DA:40,108
DA:41,108
DA:44,39
DA:46,156
DA:49,51
DA:52,99
DA:53,99
DA:56,6
DA:63,5
DA:68,39
DA:69,15
DA:70,15
DA:73,39
DA:75,18
DA:78,15
DA:86,15
DA:87,15
DA:88,53
DA:92,53
DA:93,53
DA:94,53
DA:95,53
DA:96,53
DA:97,2
DA:99,53
DA:100,53
DA:101,38
DA:102,38
DA:103,38
DA:105,53
DA:106,53
DA:109,15
DA:110,2
DA:111,2
DA:112,2
DA:113,2
DA:114,2
DA:115,2
DA:116,2
DA:117,6
DA:118,2
DA:120,4
DA:124,15
DA:125,15
DA:126,15
DA:127,15
DA:128,15
DA:132,108
DA:133,108
DA:134,108
DA:136,108
DA:137,0
DA:139,108
DA:140,93
DA:141,91
DA:143,2
DA:146,15
DA:148,108
DA:149,93
DA:153,108
DA:155,108
DA:156,55
DA:157,93
DA:159,55
DA:161,93
DA:165,108
DA:166,108
DA:167,108
DA:168,52
DA:169,52
DA:170,52
DA:172,108
DA:173,93
DA:177,1
DA:184,39
DA:185,15
DA:188,39
DA:190,53
DA:193,15
DA:194,15
DA:198,39
BRDA:7,1,0,39
BRDA:7,1,1,39
BRDA:11,2,0,25
BRDA:11,2,1,14
BRDA:15,3,0,276
BRDA:15,3,1,22
BRDA:25,4,0,1
BRDA:25,4,1,14
BRDA:39,5,0,108
BRDA:39,5,1,55
BRDA:62,6,0,1
BRDA:62,6,1,5
BRDA:96,7,0,2
BRDA:96,7,1,51
BRDA:100,8,0,38
BRDA:100,8,1,15
BRDA:106,9,0,4
BRDA:106,9,1,49
BRDA:109,10,0,2
BRDA:109,10,1,13
BRDA:109,11,0,15
BRDA:109,11,1,2
BRDA:117,12,0,2
BRDA:117,12,1,4
BRDA:133,13,0,108
BRDA:133,13,1,0
BRDA:136,14,0,0
BRDA:136,14,1,108
BRDA:139,15,0,93
BRDA:139,15,1,15
BRDA:140,16,0,91
BRDA:140,16,1,2
BRDA:155,17,0,53
BRDA:155,17,1,55
BRDA:170,18,0,23
BRDA:170,18,1,29
BRDA:170,19,0,29
BRDA:170,19,1,0
end_of_record
TN:
SF:/Users/ananthk/tmp/istanbul/lib/object-utils.js
FN:41,addDerivedInfoForFile
FN:48,(anonymous_2)
FN:65,addDerivedInfo
FN:66,(anonymous_4)
FN:76,removeDerivedInfo
FN:77,(anonymous_6)
FN:82,percent
FN:92,computeSimpleTotals
FN:96,(anonymous_9)
FN:106,computeBranchTotals
FN:110,(anonymous_11)
FN:112,(anonymous_12)
FN:142,blankSummary
FN:175,summarizeFileCoverage
FN:195,mergeFileCoverage
FN:201,(anonymous_16)
FN:204,(anonymous_17)
FN:207,(anonymous_18)
FN:227,mergeSummaryObjects
FN:231,(anonymous_20)
FN:233,(anonymous_21)
FN:239,(anonymous_22)
FN:242,(anonymous_23)
FN:259,toYUICoverage
FN:264,(anonymous_25)
FN:279,(anonymous_26)
FN:286,(anonymous_27)
FNDA:289,addDerivedInfoForFile
FNDA:999,(anonymous_2)
FNDA:109,addDerivedInfo
FNDA:111,(anonymous_4)
FNDA:1,removeDerivedInfo
FNDA:1,(anonymous_6)
FNDA:456,percent
FNDA:141,computeSimpleTotals
FNDA:425,(anonymous_9)
FNDA:47,computeBranchTotals
FNDA:42,(anonymous_11)
FNDA:89,(anonymous_12)
FNDA:115,blankSummary
FNDA:47,summarizeFileCoverage
FNDA:3,mergeFileCoverage
FNDA:11,(anonymous_16)
FNDA:8,(anonymous_17)
FNDA:8,(anonymous_18)
FNDA:67,mergeSummaryObjects
FNDA:114,(anonymous_20)
FNDA:448,(anonymous_21)
FNDA:114,(anonymous_22)
FNDA:268,(anonymous_23)
FNDA:1,toYUICoverage
FNDA:1,(anonymous_25)
FNDA:4,(anonymous_26)
FNDA:2,(anonymous_27)
DA:41,39
DA:42,289
DA:46,289
DA:47,246
DA:48,246
DA:49,999
DA:52,999
DA:53,871
DA:65,39
DA:66,109
DA:67,111
DA:76,39
DA:77,1
DA:78,1
DA:82,39
DA:83,456
DA:84,456
DA:85,429
DA:86,429
DA:88,27
DA:92,39
DA:93,141
DA:96,141
DA:97,425
DA:98,425
DA:99,302
DA:102,141
DA:103,141
DA:106,39
DA:107,47
DA:110,47
DA:111,42
DA:112,89
DA:113,42
DA:114,42
DA:116,47
DA:117,47
DA:142,39
DA:143,115
DA:175,39
DA:176,47
DA:177,47
DA:178,47
DA:179,47
DA:180,47
DA:181,47
DA:182,47
DA:195,39
DA:196,3
DA:199,3
DA:201,3
DA:202,11
DA:204,3
DA:205,8
DA:207,3
DA:208,8
DA:210,8
DA:211,17
DA:215,3
DA:227,39
DA:228,67
DA:232,114
DA:233,112
DA:234,448
DA:235,448
DA:239,67
DA:240,114
DA:242,67
DA:243,268
DA:246,67
DA:259,39
DA:260,1
DA:262,1
DA:264,1
DA:265,1
DA:271,1
DA:279,1
DA:280,4
DA:281,4
DA:282,4
DA:283,3
DA:286,1
DA:287,2
DA:288,2
DA:289,2
DA:290,2
DA:291,1
DA:295,1
DA:298,39
BRDA:46,1,0,246
BRDA:46,1,1,43
BRDA:52,2,0,871
BRDA:52,2,1,128
BRDA:52,3,0,999
BRDA:52,3,1,161
BRDA:84,4,0,429
BRDA:84,4,1,27
BRDA:98,5,0,302
BRDA:98,5,1,123
BRDA:232,6,0,112
BRDA:232,6,1,2
BRDA:282,7,0,3
BRDA:282,7,1,1
BRDA:290,8,0,1
BRDA:290,8,1,1
end_of_record
TN:
SF:/Users/ananthk/tmp/istanbul/lib/report/lcov.js
FN:29,LcovReport
FN:43,(anonymous_2)
FNDA:8,LcovReport
FNDA:7,(anonymous_2)
DA:6,39
DA:29,39
DA:30,8
DA:31,8
DA:32,8
DA:35,8
DA:36,8
DA:37,8
DA:40,39
DA:42,39
DA:44,7
DA:45,7
DA:49,39
BRDA:31,1,0,8
BRDA:31,1,1,1
BRDA:32,2,0,8
BRDA:32,2,1,1
end_of_record
TN:
SF:/Users/ananthk/tmp/istanbul/lib/report/lcovonly.js
FN:29,LcovOnlyReport
FN:37,(anonymous_2)
FN:47,(anonymous_3)
FN:52,(anonymous_4)
FN:58,(anonymous_5)
FN:63,(anonymous_6)
FN:68,(anonymous_7)
FN:76,(anonymous_8)
FN:81,(anonymous_9)
FNDA:12,LcovOnlyReport
FNDA:41,(anonymous_2)
FNDA:51,(anonymous_3)
FNDA:51,(anonymous_4)
FNDA:154,(anonymous_5)
FNDA:32,(anonymous_6)
FNDA:64,(anonymous_7)
FNDA:11,(anonymous_8)
FNDA:41,(anonymous_9)
DA:6,39
DA:29,39
DA:30,12
DA:31,12
DA:33,39
DA:34,39
DA:36,39
DA:38,41
DA:44,41
DA:45,41
DA:47,41
DA:48,51
DA:49,51
DA:52,41
DA:53,51
DA:55,51
DA:58,41
DA:59,154
DA:60,154
DA:63,41
DA:64,32
DA:68,32
DA:69,64
DA:70,64
DA:73,41
DA:77,11
DA:80,11
DA:81,11
DA:82,41
DA:84,11
DA:88,39
BRDA:30,1,0,12
BRDA:30,1,1,1
BRDA:31,2,0,12
BRDA:31,2,1,1
end_of_record
TN:
SF:/Users/ananthk/tmp/istanbul/lib/report/none.js
FN:9,NoneReport
FN:16,(anonymous_2)
FNDA:13,NoneReport
FNDA:2,(anonymous_2)
DA:6,39
DA:9,39
DA:10,13
DA:13,39
DA:15,39
DA:21,39
end_of_record
TN:
SF:/Users/ananthk/tmp/istanbul/lib/command/cover.js
FN:10,CoverCommand
FN:18,(anonymous_2)
FN:22,(anonymous_3)
FN:26,(anonymous_4)
FNDA:25,CoverCommand
FNDA:5,(anonymous_2)
FNDA:2,(anonymous_3)
FNDA:19,(anonymous_4)
DA:6,39
DA:10,39
DA:11,25
DA:14,39
DA:15,39
DA:17,39
DA:19,5
DA:23,2
DA:27,19
DA:32,39
end_of_record
TN:
SF:/Users/ananthk/tmp/istanbul/lib/command/common/run-with-cover.js
FN:21,usage
FN:34,run
FN:72,(anonymous_3)
FN:95,(anonymous_4)
FN:107,(anonymous_5)
FNDA:4,usage
FNDA:21,run
FNDA:19,(anonymous_3)
FNDA:18,(anonymous_4)
FNDA:7,(anonymous_5)
DA:5,39
DA:21,39
DA:22,4
DA:31,4
DA:34,39
DA:36,21
DA:55,21
DA:56,1
DA:59,20
DA:60,20
DA:62,20
DA:63,1
DA:64,1
DA:66,1
DA:69,19
DA:72,19
DA:73,19
DA:74,19
DA:75,1
DA:77,19
DA:80,19
DA:82,19
DA:84,19
DA:85,18
DA:86,18
DA:87,18
DA:88,18
DA:90,18
DA:96,18
DA:98,18
DA:103,18
DA:104,0
DA:106,18
DA:107,18
DA:108,7
DA:111,7
DA:112,1
DA:113,1
DA:115,6
DA:119,6
DA:120,6
DA:121,6
DA:122,6
DA:123,6
DA:124,6
DA:125,6
DA:126,6
DA:128,6
DA:130,18
DA:133,1
DA:137,39
BRDA:11,1,0,39
BRDA:11,1,1,39
BRDA:55,2,0,1
BRDA:55,2,1,20
BRDA:62,3,0,1
BRDA:62,3,1,19
BRDA:74,4,0,1
BRDA:74,4,1,18
BRDA:80,5,0,18
BRDA:80,5,1,1
BRDA:80,6,0,19
BRDA:80,6,1,1
BRDA:84,7,0,18
BRDA:84,7,1,1
BRDA:85,8,0,18
BRDA:85,8,1,18
BRDA:87,9,0,18
BRDA:87,9,1,5
BRDA:91,10,0,18
BRDA:91,10,1,18
BRDA:96,11,0,0
BRDA:96,11,1,18
BRDA:103,12,0,0
BRDA:103,12,1,18
BRDA:111,13,0,1
BRDA:111,13,1,6
BRDA:124,14,0,6
BRDA:124,14,1,0
end_of_record
TN:
SF:/Users/ananthk/tmp/istanbul/lib/collector.js
FN:51,Collector
FN:65,(anonymous_2)
FN:67,(anonymous_3)
FN:81,(anonymous_4)
FN:91,(anonymous_5)
FN:103,(anonymous_6)
FN:106,(anonymous_7)
FN:116,(anonymous_8)
FNDA:18,Collector
FNDA:17,(anonymous_2)
FNDA:62,(anonymous_3)
FNDA:25,(anonymous_4)
FNDA:131,(anonymous_5)
FNDA:2,(anonymous_6)
FNDA:4,(anonymous_7)
FNDA:2,(anonymous_8)
DA:6,39
DA:51,39
DA:52,18
DA:53,18
DA:56,39
DA:66,17
DA:67,17
DA:68,62
DA:69,62
DA:70,1
DA:72,61
DA:82,25
DA:92,131
DA:93,131
DA:94,131
DA:104,2
DA:106,2
DA:107,4
DA:109,2
DA:117,2
DA:121,39
BRDA:52,1,0,18
BRDA:52,1,1,18
BRDA:53,2,0,18
BRDA:53,2,1,18
BRDA:69,3,0,1
BRDA:69,3,1,61
end_of_record
TN:
SF:/Users/ananthk/tmp/istanbul/lib/util/help-formatter.js
FN:12,formatOption
FNDA:64,formatOption
DA:6,39
DA:12,39
DA:13,64
DA:15,64
DA:16,46
DA:18,18
DA:22,39
BRDA:15,1,0,46
BRDA:15,1,1,18
end_of_record
TN:
SF:/Users/ananthk/tmp/istanbul/lib/command/help.js
FN:11,HelpCommand
FN:19,(anonymous_2)
FN:23,(anonymous_3)
FN:29,(anonymous_4)
FN:38,(anonymous_5)
FNDA:6,HelpCommand
FNDA:5,(anonymous_2)
FNDA:4,(anonymous_3)
FNDA:20,(anonymous_4)
FNDA:7,(anonymous_5)
DA:6,39
DA:11,39
DA:12,6
DA:15,39
DA:16,39
DA:18,39
DA:20,5
DA:25,4
DA:26,4
DA:28,4
DA:29,4
DA:30,20
DA:31,20
DA:32,20
DA:34,4
DA:35,4
DA:36,4
DA:39,7
DA:40,7
DA:41,1
DA:43,6
DA:44,6
DA:45,4
DA:47,2
DA:48,2
DA:55,39
BRDA:40,1,0,1
BRDA:40,1,1,6
end_of_record
TN:
SF:/Users/ananthk/tmp/istanbul/index.js
DA:14,39
DA:20,39
DA:34,39
end_of_record
TN:
SF:/Users/ananthk/tmp/istanbul/lib/util/meta.js
DA:6,39
DA:10,39
end_of_record
TN:
SF:/Users/ananthk/tmp/istanbul/lib/command/instrument.js
FN:19,processFiles
FN:20,(anonymous_2)
FN:26,(anonymous_3)
FN:28,(anonymous_4)
FN:30,(anonymous_5)
FN:41,(anonymous_6)
FN:57,(anonymous_7)
FN:68,InstrumentCommand
FN:76,synopsis
FN:80,(anonymous_10)
FN:92,(anonymous_11)
FN:134,(anonymous_12)
FNDA:2,processFiles
FNDA:7,(anonymous_2)
FNDA:7,(anonymous_3)
FNDA:7,(anonymous_4)
FNDA:6,(anonymous_5)
FNDA:7,(anonymous_6)
FNDA:2,(anonymous_7)
FNDA:16,InstrumentCommand
FNDA:5,synopsis
FNDA:2,(anonymous_10)
FNDA:10,(anonymous_11)
FNDA:2,(anonymous_12)
DA:6,39
DA:19,39
DA:20,2
DA:21,7
DA:25,7
DA:26,7
DA:27,7
DA:28,7
DA:29,7
DA:30,6
DA:31,6
DA:41,2
DA:42,7
DA:43,7
DA:44,1
DA:45,1
DA:46,1
DA:47,1
DA:49,7
DA:50,4
DA:52,3
DA:54,7
DA:57,2
DA:58,2
DA:59,2
DA:60,2
DA:61,1
DA:62,1
DA:68,39
DA:69,16
DA:72,39
DA:73,39
DA:75,39
DA:77,5
DA:81,2
DA:89,2
DA:94,10
DA:109,10
DA:110,10
DA:111,1
DA:113,9
DA:114,8
DA:117,9
DA:123,9
DA:124,9
DA:125,8
DA:126,4
DA:127,3
DA:128,2
DA:129,2
DA:135,2
DA:136,2
DA:139,4
DA:140,1
DA:142,3
DA:144,4
DA:145,4
DA:150,39
BRDA:27,1,0,0
BRDA:27,1,1,7
BRDA:29,2,0,1
BRDA:29,2,1,6
BRDA:43,3,0,1
BRDA:43,3,1,6
BRDA:44,4,0,1
BRDA:44,4,1,0
BRDA:49,5,0,4
BRDA:49,5,1,3
BRDA:52,6,0,1
BRDA:52,6,1,2
BRDA:60,7,0,1
BRDA:60,7,1,1
BRDA:110,8,0,1
BRDA:110,8,1,9
BRDA:113,9,0,8
BRDA:113,9,1,1
BRDA:125,10,0,4
BRDA:125,10,1,4
BRDA:126,11,0,1
BRDA:126,11,1,3
BRDA:127,12,0,1
BRDA:127,12,1,2
BRDA:132,13,0,2
BRDA:132,13,1,1
BRDA:135,14,0,0
BRDA:135,14,1,2
BRDA:139,15,0,1
BRDA:139,15,1,3
end_of_record
TN:
SF:/Users/ananthk/tmp/istanbul/lib/command/report.js
FN:17,ReportCommand
FN:25,(anonymous_2)
FN:29,(anonymous_3)
FN:45,(anonymous_4)
FN:80,(anonymous_5)
FN:82,(anonymous_6)
FNDA:10,ReportCommand
FNDA:5,(anonymous_2)
FNDA:2,(anonymous_3)
FNDA:4,(anonymous_4)
FNDA:3,(anonymous_5)
FNDA:2,(anonymous_6)
DA:6,39
DA:17,39
DA:18,10
DA:21,39
DA:22,39
DA:24,39
DA:26,5
DA:30,2
DA:37,2
DA:39,2
DA:40,2
DA:42,2
DA:47,4
DA:60,4
DA:61,3
DA:64,4
DA:65,1
DA:68,4
DA:70,4
DA:71,4
DA:73,1
DA:76,3
DA:77,3
DA:81,3
DA:82,3
DA:83,2
DA:84,2
DA:86,3
DA:87,3
DA:88,3
DA:93,39
BRDA:60,1,0,3
BRDA:60,1,1,1
BRDA:64,2,0,1
BRDA:64,2,1,3
BRDA:68,3,0,4
BRDA:68,3,1,4
BRDA:76,4,0,3
BRDA:76,4,1,3
BRDA:81,5,0,0
BRDA:81,5,1,3
end_of_record
TN:
SF:/Users/ananthk/tmp/istanbul/lib/command/test.js
FN:10,TestCommand
FN:18,(anonymous_2)
FN:22,(anonymous_3)
FN:26,(anonymous_4)
FNDA:8,TestCommand
FNDA:5,(anonymous_2)
FNDA:2,(anonymous_3)
FNDA:2,(anonymous_4)
DA:6,39
DA:10,39
DA:11,8
DA:14,39
DA:15,39
DA:17,39
DA:19,5
DA:23,2
DA:27,2
DA:31,39
end_of_record
TN:
SF:/Users/ananthk/tmp/istanbul/lib/instrumenter.js
FN:7,(anonymous_1)
FN:22,(anonymous_2)
FN:40,generateTrackerVar
FN:59,pushAll
FN:117,(anonymous_5)
FN:118,(anonymous_6)
FN:119,(anonymous_7)
FN:120,(anonymous_8)
FN:121,(anonymous_9)
FN:122,(anonymous_10)
FN:123,(anonymous_11)
FN:124,(anonymous_12)
FN:127,Walker
FN:137,defaultWalker
FN:211,(anonymous_15)
FN:216,(anonymous_16)
FN:238,(anonymous_17)
FN:242,(anonymous_18)
FN:246,(anonymous_19)
FN:302,Instrumenter
FN:352,(anonymous_21)
FN:402,(anonymous_22)
FN:415,(anonymous_23)
FN:417,(anonymous_24)
FN:449,(anonymous_25)
FN:454,(anonymous_26)
FN:455,(anonymous_27)
FN:479,(anonymous_28)
FN:489,(anonymous_29)
FN:494,(anonymous_30)
FN:498,(anonymous_31)
FN:507,(anonymous_32)
FN:513,(anonymous_33)
FN:517,(anonymous_34)
FN:533,(anonymous_35)
FN:539,(anonymous_36)
FN:548,(anonymous_37)
FN:564,(anonymous_38)
FN:580,(anonymous_39)
FN:594,(anonymous_40)
FN:603,(anonymous_41)
FN:618,(anonymous_42)
FN:632,(anonymous_43)
FN:641,(anonymous_44)
FN:654,(anonymous_45)
FN:661,(anonymous_46)
FNDA:2,(anonymous_1)
FNDA:0,(anonymous_2)
FNDA:171,generateTrackerVar
FNDA:17806,pushAll
FNDA:10418,(anonymous_5)
FNDA:5209,(anonymous_6)
FNDA:1447,(anonymous_7)
FNDA:4652,(anonymous_8)
FNDA:5209,(anonymous_9)
FNDA:6656,(anonymous_10)
FNDA:5209,(anonymous_11)
FNDA:557,(anonymous_12)
FNDA:110,Walker
FNDA:49276,defaultWalker
FNDA:168,(anonymous_15)
FNDA:54360,(anonymous_16)
FNDA:1317,(anonymous_17)
FNDA:3339,(anonymous_18)
FNDA:3154,(anonymous_19)
FNDA:110,Instrumenter
FNDA:171,(anonymous_21)
FNDA:107,(anonymous_22)
FNDA:166,(anonymous_23)
FNDA:5201,(anonymous_24)
FNDA:168,(anonymous_25)
FNDA:672,(anonymous_26)
FNDA:1680,(anonymous_27)
FNDA:941,(anonymous_28)
FNDA:424,(anonymous_29)
FNDA:93,(anonymous_30)
FNDA:3154,(anonymous_31)
FNDA:61,(anonymous_32)
FNDA:17,(anonymous_33)
FNDA:3154,(anonymous_34)
FNDA:3154,(anonymous_35)
FNDA:608,(anonymous_36)
FNDA:608,(anonymous_37)
FNDA:709,(anonymous_38)
FNDA:1447,(anonymous_39)
FNDA:285,(anonymous_40)
FNDA:424,(anonymous_41)
FNDA:16,(anonymous_42)
FNDA:107,(anonymous_43)
FNDA:180,(anonymous_44)
FNDA:343,(anonymous_45)
FNDA:523,(anonymous_46)
DA:7,2
DA:9,2
DA:21,2
DA:22,0
DA:25,2
DA:26,1
DA:33,1
DA:34,5
DA:35,5
DA:40,2
DA:41,171
DA:42,171
DA:43,140
DA:44,140
DA:45,140
DA:47,140
DA:52,31
DA:53,31
DA:54,31
DA:56,171
DA:59,2
DA:60,17806
DA:61,14657
DA:63,17806
DA:66,2
DA:110,2
DA:111,80
DA:112,80
DA:116,2
DA:117,10418
DA:118,5209
DA:119,1447
DA:120,4652
DA:121,5209
DA:122,6656
DA:123,5209
DA:124,557
DA:127,2
DA:128,110
DA:129,110
DA:130,110
DA:131,110
DA:132,2
DA:133,2
DA:137,2
DA:139,49276
DA:156,49276
DA:157,49276
DA:158,49276
DA:159,662
DA:160,1826
DA:161,1826
DA:162,1826
DA:165,48614
DA:166,3258
DA:170,49276
DA:171,44820
DA:172,44820
DA:173,44820
DA:174,43436
DA:175,43436
DA:176,5831
DA:177,5831
DA:178,11503
DA:179,11503
DA:180,11503
DA:181,11503
DA:182,3149
DA:183,3149
DA:185,11503
DA:187,5831
DA:189,37605
DA:190,37605
DA:191,0
DA:200,37605
DA:206,49276
DA:207,49276
DA:210,2
DA:212,168
DA:213,168
DA:217,54360
DA:219,54360
DA:220,54360
DA:221,8
DA:222,8
DA:223,8
DA:224,8
DA:225,27
DA:226,8
DA:228,54360
DA:229,54360
DA:230,54360
DA:231,54360
DA:232,8
DA:233,8
DA:235,54360
DA:239,1317
DA:243,3339
DA:247,3154
DA:248,3154
DA:302,2
DA:303,110
DA:313,110
DA:337,110
DA:338,2
DA:342,2
DA:353,171
DA:355,171
DA:356,171
DA:365,171
DA:373,171
DA:374,170
DA:375,6
DA:377,170
DA:378,167
DA:380,170
DA:381,168
DA:382,166
DA:384,168
DA:385,168
DA:387,168
DA:404,107
DA:405,2
DA:406,2
DA:408,107
DA:409,107
DA:411,2
DA:416,166
DA:418,5201
DA:419,238
DA:421,5201
DA:422,222
DA:430,166
DA:431,166
DA:432,3150
DA:434,166
DA:435,166
DA:436,608
DA:438,166
DA:439,166
DA:440,707
DA:441,707
DA:442,707
DA:443,1443
DA:450,168
DA:455,1680
DA:458,168
DA:459,166
DA:461,168
DA:462,1
DA:464,168
DA:465,168
DA:476,168
DA:480,941
DA:481,295
DA:482,646
DA:483,521
DA:485,125
DA:490,424
DA:491,424
DA:495,93
DA:499,3154
DA:500,3154
DA:501,3154
DA:502,3154
DA:503,3154
DA:504,3154
DA:508,61
DA:509,60
DA:514,17
DA:518,3154
DA:521,3154
DA:522,3154
DA:530,3154
DA:534,3154
DA:535,3154
DA:536,3154
DA:540,608
DA:541,608
DA:543,608
DA:544,608
DA:545,608
DA:549,608
DA:552,608
DA:565,709
DA:569,709
DA:570,709
DA:571,709
DA:572,1447
DA:573,1447
DA:575,709
DA:576,709
DA:577,709
DA:581,1447
DA:591,1447
DA:595,285
DA:597,285
DA:598,599
DA:600,285
DA:604,424
DA:614,424
DA:615,424
DA:619,16
DA:623,16
DA:624,1
DA:626,15
DA:627,15
DA:628,42
DA:633,107
DA:637,107
DA:638,107
DA:642,180
DA:648,180
DA:650,17
DA:653,163
DA:654,343
DA:655,163
DA:656,343
DA:657,343
DA:662,523
DA:663,180
DA:664,180
DA:666,343
DA:671,2
DA:672,1
DA:674,1
BRDA:11,1,0,1
BRDA:11,1,1,1
BRDA:12,2,0,1
BRDA:12,2,1,1
BRDA:13,3,0,1
BRDA:13,3,1,1
BRDA:21,4,0,0
BRDA:21,4,1,2
BRDA:22,5,0,0
BRDA:22,5,1,0
BRDA:25,6,0,1
BRDA:25,6,1,1
BRDA:34,7,0,5
BRDA:34,7,1,0
BRDA:35,8,0,0
BRDA:35,8,1,5
BRDA:42,9,0,140
BRDA:42,9,1,31
BRDA:52,10,0,31
BRDA:52,10,1,1
BRDA:56,11,0,63
BRDA:56,11,1,108
BRDA:60,12,0,14657
BRDA:60,12,1,3149
BRDA:111,13,0,80
BRDA:111,13,1,0
BRDA:131,14,0,2
BRDA:131,14,1,108
BRDA:141,15,0,49276
BRDA:141,15,1,17865
BRDA:142,16,0,31577
BRDA:142,16,1,17699
BRDA:156,17,0,0
BRDA:156,17,1,49276
BRDA:158,18,0,662
BRDA:158,18,1,48614
BRDA:161,19,0,1826
BRDA:161,19,1,1826
BRDA:162,20,0,0
BRDA:162,20,1,1826
BRDA:162,21,0,1826
BRDA:162,21,1,0
BRDA:165,22,0,3258
BRDA:165,22,1,45356
BRDA:166,23,0,3258
BRDA:166,23,1,3258
BRDA:173,24,0,43436
BRDA:173,24,1,1384
BRDA:173,25,0,44820
BRDA:173,25,1,43513
BRDA:175,26,0,5831
BRDA:175,26,1,37605
BRDA:180,27,0,11503
BRDA:180,27,1,0
BRDA:181,28,0,3149
BRDA:181,28,1,8354
BRDA:189,29,0,37605
BRDA:189,29,1,0
BRDA:190,30,0,0
BRDA:190,30,1,37605
BRDA:219,31,0,54360
BRDA:219,31,1,49276
BRDA:220,32,0,8
BRDA:220,32,1,54352
BRDA:228,33,0,49108
BRDA:228,33,1,5252
BRDA:230,34,0,49108
BRDA:230,34,1,5252
BRDA:231,35,0,8
BRDA:231,35,1,54352
BRDA:239,36,0,1317
BRDA:239,36,1,0
BRDA:239,37,0,1317
BRDA:239,37,1,1317
BRDA:239,37,2,1317
BRDA:243,38,0,3339
BRDA:243,38,1,0
BRDA:248,39,0,3154
BRDA:248,39,1,3154
BRDA:303,40,0,110
BRDA:303,40,1,1
BRDA:337,41,0,2
BRDA:337,41,1,108
BRDA:337,42,0,110
BRDA:337,42,1,2
BRDA:355,43,0,171
BRDA:355,43,1,2
BRDA:373,44,0,1
BRDA:373,44,1,170
BRDA:374,45,0,6
BRDA:374,45,1,164
BRDA:377,46,0,167
BRDA:377,46,1,3
BRDA:381,47,0,166
BRDA:381,47,1,2
BRDA:385,48,0,168
BRDA:385,48,1,168
BRDA:404,49,0,2
BRDA:404,49,1,105
BRDA:404,50,0,107
BRDA:404,50,1,2
BRDA:418,51,0,238
BRDA:418,51,1,4963
BRDA:421,52,0,222
BRDA:421,52,1,4979
BRDA:432,53,0,3150
BRDA:432,53,1,0
BRDA:436,54,0,608
BRDA:436,54,1,0
BRDA:440,55,0,707
BRDA:440,55,1,0
BRDA:450,56,0,168
BRDA:450,56,1,64
BRDA:458,57,0,166
BRDA:458,57,1,2
BRDA:461,58,0,1
BRDA:461,58,1,167
BRDA:464,59,0,1
BRDA:464,59,1,167
BRDA:480,60,0,295
BRDA:480,60,1,646
BRDA:482,61,0,521
BRDA:482,61,1,125
BRDA:508,62,0,60
BRDA:508,62,1,1
BRDA:534,63,0,5
BRDA:534,63,1,3149
BRDA:535,64,0,3154
BRDA:535,64,1,3149
BRDA:542,65,0,131
BRDA:542,65,1,477
BRDA:623,66,0,1
BRDA:623,66,1,15
BRDA:648,67,0,17
BRDA:648,67,1,163
BRDA:648,68,0,180
BRDA:648,68,1,180
BRDA:662,69,0,180
BRDA:662,69,1,343
BRDA:671,70,0,1
BRDA:671,70,1,1
BRDA:677,71,0,2
BRDA:677,71,1,1
BRDA:677,71,2,1
end_of_record
TN:
SF:/Users/ananthk/tmp/istanbul/lib/util/file-matcher.js
FN:10,filesFor
FN:30,(anonymous_2)
FN:33,(anonymous_3)
FN:39,matcherFor
FN:48,(anonymous_5)
FN:51,(anonymous_6)
FN:52,(anonymous_7)
FNDA:7,filesFor
FNDA:7,(anonymous_2)
FNDA:349,(anonymous_3)
FNDA:4,matcherFor
FNDA:4,(anonymous_5)
FNDA:234,(anonymous_6)
FNDA:10,(anonymous_7)
DA:6,1
DA:10,1
DA:11,7
DA:12,1
DA:13,1
DA:15,7
DA:17,7
DA:23,7
DA:24,7
DA:25,7
DA:27,7
DA:28,7
DA:29,7
DA:30,7
DA:31,7
DA:32,7
DA:33,349
DA:35,7
DA:39,1
DA:41,4
DA:42,1
DA:43,1
DA:45,4
DA:46,4
DA:48,4
DA:49,4
DA:50,4
DA:51,234
DA:52,10
DA:56,1
BRDA:11,1,0,1
BRDA:11,1,1,6
BRDA:11,2,0,7
BRDA:11,2,1,1
BRDA:15,3,0,7
BRDA:15,3,1,1
BRDA:23,4,0,7
BRDA:23,4,1,3
BRDA:24,5,0,2
BRDA:24,5,1,5
BRDA:24,6,0,7
BRDA:24,6,1,2
BRDA:25,7,0,1
BRDA:25,7,1,6
BRDA:25,8,0,7
BRDA:25,8,1,1
BRDA:31,9,0,0
BRDA:31,9,1,7
BRDA:32,10,0,5
BRDA:32,10,1,2
BRDA:41,11,0,1
BRDA:41,11,1,3
BRDA:41,12,0,4
BRDA:41,12,1,1
BRDA:45,13,0,4
BRDA:45,13,1,1
BRDA:50,14,0,0
BRDA:50,14,1,4
end_of_record
